
////////////////////////////////////////////////////////////////////////////////////////
                                       CELLO V2.1                                       
                               and + Eco1C1G1T1.UCF.json                                
////////////////////////////////////////////////////////////////////////////////////////

new_out: /home/lexo/Desktop/Practica/App/temp_outputs/and
verilog: and.v
v_loc: /home/lexo/Desktop/Practica/App/library/verilogs/and.v
new_in: /home/lexo/Desktop/Practica/App/library/verilogs
new_out: /home/lexo/Desktop/Practica/App/temp_outputs/and



////////////////////////////////////////////////////////////////////////////////////////
                                 End of Logic Synthesis                                 
////////////////////////////////////////////////////////////////////////////////////////




////////////////////////////////////////////////////////////////////////////////////////
                            condition checks for valid input                            
////////////////////////////////////////////////////////////////////////////////////////


NETLIST:
isvalid: True

INPUTS (including the communication devices): 
num IN-SENSORS in Eco1C1G1T1.UCF.json in-UCF: 4
num IN-STRUCTURES in Eco1C1G1T1.UCF.json in-UCF: 4
num IN-MODELS in Eco1C1G1T1.UCF.json in-UCF: 4
num IN-PARTS in Eco1C1G1T1.UCF.json in-UCF: 4
num IN-NODES in and netlist: 2
['LacI_sensor', 'TetR_sensor', 'AraC_sensor', 'LuxR_sensor']
Valid input match!

OUTPUTS: 
num OUT-SENSORS in Eco1C1G1T1.UCF.json out-UCF: 3
num OUT-STRUCTURES in Eco1C1G1T1.UCF.json out-UCF: 3
num OUT-MODELS in Eco1C1G1T1.UCF.json out-UCF: 3
num OUT-PARTS in Eco1C1G1T1.UCF.json out-UCF: 3
num OUT-NODES in and netlist: 1
['YFP_reporter', 'YFP_reporter_2', 'YFP_reporter_3']
Valid output match!

GATES: 
num PARTS in Eco1C1G1T1.UCF.json UCF: 84
num STRUCTURES in Eco1C1G1T1.UCF.json UCF: 20
num MODELS in Eco1C1G1T1.UCF.json UCF: 20
num GATES in Eco1C1G1T1.UCF.json UCF: 20
num GATE USES: [12, True]
num GATES in and netlist: 3
['AmeR', 'AmtR', 'BM3R1', 'BetI', 'HlyIIR', 'IcaRA', 'LitR', 'LmrA', 'PhlF', 'PsrA', 'QacR', 'SrpR']
['A1_AmtR', 'B1_BM3R1', 'B2_BM3R1', 'B3_BM3R1', 'E1_BetI', 'F1_AmeR', 'H1_HlyIIR', 'I1_IcaRA', 'L1_LitR', 'N1_LmrA', 'P1_PhlF', 'P2_PhlF', 'P3_PhlF', 'Q1_QacR', 'Q2_QacR', 'R1_PsrA', 'S1_SrpR', 'S2_SrpR', 'S3_SrpR', 'S4_SrpR']
Valid intermediate match!

#47,520 possible permutations for and.v+Eco1C1G1T1.UCF.json...
(#47,520.0 permutations of UCF gate groups confirmed.)

////////////////////////////////////////////////////////////////////////////////////////
                                End of condition checks                                 
////////////////////////////////////////////////////////////////////////////////////////


Condition check passed? True


////////////////////////////////////////////////////////////////////////////////////////
                               Beginning GATE ASSIGNMENT                                
////////////////////////////////////////////////////////////////////////////////////////


Listing available assignments from UCF: 
['LacI_sensor', 'TetR_sensor', 'AraC_sensor', 'LuxR_sensor']
['YFP_reporter', 'YFP_reporter_2', 'YFP_reporter_3']
['QacR', 'AmtR', 'LmrA', 'BM3R1', 'AmeR', 'IcaRA', 'LitR', 'PhlF', 'PsrA', 'BetI', 'SrpR', 'HlyIIR']

Netlist de-construction: 
[a, b]
[81, 82, 83]
[out]

Netlist requirements: 
need 2 inputs
need 1 outputs
need 3 gates

////////////////////////////////////////////////////////////////////////////////////////
                Running SIMULATED ANNEALING gate-assignment algorithm...                
////////////////////////////////////////////////////////////////////////////////////////

__________________________________________________ #1/1,000 | Best Score: 7.223438137878945 | Current Score: 7.223438137878945
__________________________________________________ #4/1,000 | Best Score: 31.900940026146174 | Current Score: 31.900940026146174
__________________________________________________ #21/1,000 | Best Score: 39.53154373566759 | Current Score: 39.53154373566759█
__________________________________________________ #23/1,000 | Best Score: 66.35594478249944 | Current Score: 66.35594478249944█
__________________________________________________ #40/1,000 | Best Score: 106.85187493289456 | Current Score: 106.85187493289456██
__________________________________________________ #45/1,000 | Best Score: 157.71705849575022 | Current Score: 157.71705849575022██
__________________________________________________ #97/1,000 | Best Score: 327.2300285050142 | Current Score: 327.2300285050142█████


DONE!
Completed: 1,000/1,000 iterations (out of 47,520 possible iterations)
Best Score: 327.2300285050142

////////////////////////////////////////////////////////////////////////////////////////
                                 End of GATE ASSIGNMENT                                 
////////////////////////////////////////////////////////////////////////////////////////





∫ *** DEBUG *** ∫ final result for and.v+Eco1C1G1T1.UCF.json: 327.2300285050142



∫ *** DEBUG *** ∫ Inputs: [TetR_sensor, AraC_sensor], Gates: [LitR, SrpR, PhlF], Outputs: [YFP_reporter]


////////////////////////////////////////////////////////////////////////////////////////
                                        RESULTS                                         
                               and + Eco1C1G1T1.UCF.json                                
////////////////////////////////////////////////////////////////////////////////////////

CIRCUIT DESIGN:
 - Best Design: Inputs: [TetR_sensor, AraC_sensor], Gates: [LitR, SrpR, PhlF], Outputs: [YFP_reporter]
 - Best Circuit Score: 327.2300285050142

Inputs ( input response = STATE * (ymax - ymin) + ymin ):
 - ('a', 2) input TetR_sensor 2 with ymax: 4.4 and ymin: 0.0013 with max sensor output of [('high', 4.4), ('low', 0.0013)]
 - ('b', 3) input AraC_sensor 3 with ymax: 2.5 and ymin: 0.0082 with max sensor output of [('high', 2.5), ('low', 0.0082)]

Gates ( response function = ymin + (ymax - ymin) / (1.0 + (x / K)**n);   input composition = x2 + x1 ):
 - 81 gate NOT LitR w/ inputs [2] and output 5, and best_gate = L1_LitR
 - 82 gate NOT SrpR w/ inputs [3] and output 6, and best_gate = S4_SrpR
 - 83 gate NOR PhlF w/ inputs [5, 6] and output 4, and best_gate = P3_PhlF

Outputs ( unit conversion and/or hill response... ):
 - ('out', 4) output YFP_reporter 4 with c * x: c = 0.0076


TRUTH TABLE/GATE SCORING:
+-----------------+-----------------+-------------+-------------+----------+----------+----------+---------------------+----------------------+----------------------+
| TetR_sensor_I/O | AraC_sensor_I/O | TetR_sensor | AraC_sensor | LitR_I/O | SrpR_I/O | PhlF_I/O | LitR                | SrpR                 | PhlF                 |
+-----------------+-----------------+-------------+-------------+----------+----------+----------+---------------------+----------------------+----------------------+
| 0               | 0               | 0.0013      | 0.0082      | 1        | 1        | 0        | 4.291470600416672   | 2.098098688319364    | 0.020005854712549995 |
| 0               | 1               | 0.0013      | 2.5         | 1        | 0        | 0        | 4.291470600416672   | 0.007254967188764109 | 0.02003093554685851  |
| 1               | 0               | 4.4         | 0.0082      | 0        | 1        | 0        | 0.07209172705531736 | 2.098098688319364    | 0.020545959842190636 |
| 1               | 1               | 4.4         | 2.5         | 0        | 0        | 1        | 0.07209172705531736 | 0.007254967188764109 | 6.723255024822919    |
+-----------------+-----------------+-------------+-------------+----------+----------+----------+---------------------+----------------------+----------------------+
+------------------+------------------------+
| YFP_reporter_I/O | YFP_reporter           |
+------------------+------------------------+
| 0                | 0.00015204449581537996 |
| 0                | 0.00015223511015612467 |
| 0                | 0.00015614929480064883 |
| 1                | 0.051096738188654185   |
+------------------+------------------------+


∫ *** DEBUG *** ∫ Truth Table (same as before, simpler format):

['TetR_sensor_I/O', 'AraC_sensor_I/O', 'TetR_sensor', 'AraC_sensor', 'LitR_I/O', 'SrpR_I/O', 'PhlF_I/O', 'LitR', 'SrpR', 'PhlF', 'YFP_reporter_I/O', 'YFP_reporter']
[0, 0, 0.0013, 0.0082, 1, 1, 0, 4.291470600416672, 2.098098688319364, 0.020005854712549995, 0, 0.00015204449581537996]
[0, 1, 0.0013, 2.5, 1, 0, 0, 4.291470600416672, 0.007254967188764109, 0.02003093554685851, 0, 0.00015223511015612467]
[1, 0, 4.4, 0.0082, 0, 1, 0, 0.07209172705531736, 2.098098688319364, 0.020545959842190636, 0, 0.00015614929480064883]
[1, 1, 4.4, 2.5, 0, 0, 1, 0.07209172705531736, 0.007254967188764109, 6.723255024822919, 1, 0.051096738188654185]


EUGENE FILES:
 - Eugene object and structs created...
 - Eugene cassettes created...
 - Eugene helpers created...
 - Eugene script written to /home/lexo/Desktop/Practica/App/temp_outputs/and/and_Eco1C1G1T1.UCF._eugene.eug

SBOL FILES:
 - Circuit orders selected...
   + ['Loc1_NONCE_PAD', 'Loc2_NONCE_PAD', 'pLitR', 'pSrpR', 'RiboJ53', 'P3', 'PhlF', 'ECK120033737', 'pBAD', 'RiboJ10', 'S4', 'SrpR', 'ECK120029600', 'pTet', 'PlmJ', 'L1', 'LitR', 'L3S2P24', 'Loc3_NONCE_PAD', 'pPhlF', 'YFP_cassette']

 - SBOL files being generated...
Component.....................37
Sequence......................33
---
Total: .........................70

SBOL XML and related files generated
 - Response plots generated



Thread count: 1
Completion Time: 5.3 seconds
