
////////////////////////////////////////////////////////////////////////////////////////
                                       CELLO V2.1                                       
                         priorityDetector + Eco1C1G1T1.UCF.json                         
////////////////////////////////////////////////////////////////////////////////////////

new_out: /home/lexo/Desktop/Practica/App/temp_outputs/priorityDetector
verilog: priorityDetector.v
v_loc: /home/lexo/Desktop/Practica/App/library/verilogs/priorityDetector.v
new_in: /home/lexo/Desktop/Practica/App/library/verilogs
new_out: /home/lexo/Desktop/Practica/App/temp_outputs/priorityDetector



////////////////////////////////////////////////////////////////////////////////////////
                                 End of Logic Synthesis                                 
////////////////////////////////////////////////////////////////////////////////////////




////////////////////////////////////////////////////////////////////////////////////////
                            condition checks for valid input                            
////////////////////////////////////////////////////////////////////////////////////////


NETLIST:
isvalid: True

INPUTS (including the communication devices): 
num IN-SENSORS in Eco1C1G1T1.UCF.json in-UCF: 4
num IN-STRUCTURES in Eco1C1G1T1.UCF.json in-UCF: 4
num IN-MODELS in Eco1C1G1T1.UCF.json in-UCF: 4
num IN-PARTS in Eco1C1G1T1.UCF.json in-UCF: 4
num IN-NODES in priorityDetector netlist: 3
['LacI_sensor', 'TetR_sensor', 'AraC_sensor', 'LuxR_sensor']
Valid input match!

OUTPUTS: 
num OUT-SENSORS in Eco1C1G1T1.UCF.json out-UCF: 3
num OUT-STRUCTURES in Eco1C1G1T1.UCF.json out-UCF: 3
num OUT-MODELS in Eco1C1G1T1.UCF.json out-UCF: 3
num OUT-PARTS in Eco1C1G1T1.UCF.json out-UCF: 3
num OUT-NODES in priorityDetector netlist: 2
['YFP_reporter', 'YFP_reporter_2', 'YFP_reporter_3']
Valid output match!

GATES: 
num PARTS in Eco1C1G1T1.UCF.json UCF: 84
num STRUCTURES in Eco1C1G1T1.UCF.json UCF: 20
num MODELS in Eco1C1G1T1.UCF.json UCF: 20
num GATES in Eco1C1G1T1.UCF.json UCF: 20
num GATE USES: [12, True]
num GATES in priorityDetector netlist: 6
['AmeR', 'AmtR', 'BM3R1', 'BetI', 'HlyIIR', 'IcaRA', 'LitR', 'LmrA', 'PhlF', 'PsrA', 'QacR', 'SrpR']
['A1_AmtR', 'B1_BM3R1', 'B2_BM3R1', 'B3_BM3R1', 'E1_BetI', 'F1_AmeR', 'H1_HlyIIR', 'I1_IcaRA', 'L1_LitR', 'N1_LmrA', 'P1_PhlF', 'P2_PhlF', 'P3_PhlF', 'Q1_QacR', 'Q2_QacR', 'R1_PsrA', 'S1_SrpR', 'S2_SrpR', 'S3_SrpR', 'S4_SrpR']
Valid intermediate match!

#95,800,320 possible permutations for priorityDetector.v+Eco1C1G1T1.UCF.json...
(#95,800,320.0 permutations of UCF gate groups confirmed.)

////////////////////////////////////////////////////////////////////////////////////////
                                End of condition checks                                 
////////////////////////////////////////////////////////////////////////////////////////


Condition check passed? True


////////////////////////////////////////////////////////////////////////////////////////
                               Beginning GATE ASSIGNMENT                                
////////////////////////////////////////////////////////////////////////////////////////


Listing available assignments from UCF: 
['LacI_sensor', 'TetR_sensor', 'AraC_sensor', 'LuxR_sensor']
['YFP_reporter', 'YFP_reporter_2', 'YFP_reporter_3']
['QacR', 'AmtR', 'BetI', 'AmeR', 'PsrA', 'PhlF', 'IcaRA', 'SrpR', 'LitR', 'LmrA', 'HlyIIR', 'BM3R1']

Netlist de-construction: 
[A, B, C]
[118, 119, 120, 121, 122, 123]
[outX, outY]

Netlist requirements: 
need 3 inputs
need 2 outputs
need 6 gates

////////////////////////////////////////////////////////////////////////////////////////
                Running SIMULATED ANNEALING gate-assignment algorithm...                
////////////////////////////////////////////////////////////////////////////////////////

__________________________________________________ #1/1,000 | Best Score: 2.6030717086811634 | Current Score: 2.6030717086811634
__________________________________________________ #4/1,000 | Best Score: 9.035008804876128 | Current Score: 9.035008804876128
__________________________________________________ #26/1,000 | Best Score: 9.152273108952974 | Current Score: 9.152273108952974█
__________________________________________________ #45/1,000 | Best Score: 14.092177865931548 | Current Score: 14.092177865931548██
__________________________________________________ #59/1,000 | Best Score: 15.632218174553751 | Current Score: 15.632218174553751███
__________________________________________________ #67/1,000 | Best Score: 21.8751432219477 | Current Score: 21.8751432219477███
__________________________________________________ #89/1,000 | Best Score: 24.880812826031313 | Current Score: 24.880812826031313████
__________________________________________________ #203/1,000 | Best Score: 27.639331752120178 | Current Score: 27.639331752120178██████████
__________________________________________________ #235/1,000 | Best Score: 75.43289055910776 | Current Score: 75.43289055910776███████████
__________________________________________________ #405/1,000 | Best Score: 130.94552210939526 | Current Score: 130.94552210939526████████████████████


DONE!
Completed: 1,000/1,000 iterations (out of 95,800,320 possible iterations)
Best Score: 130.94552210939526

////////////////////////////////////////////////////////////////////////////////////////
                                 End of GATE ASSIGNMENT                                 
////////////////////////////////////////////////////////////////////////////////////////





∫ *** DEBUG *** ∫ final result for priorityDetector.v+Eco1C1G1T1.UCF.json: 130.94552210939526



∫ *** DEBUG *** ∫ Inputs: [AraC_sensor, LacI_sensor, TetR_sensor], Gates: [AmeR, QacR, PhlF, PsrA, BetI, SrpR], Outputs: [YFP_reporter_2, YFP_reporter]


////////////////////////////////////////////////////////////////////////////////////////
                                        RESULTS                                         
                         priorityDetector + Eco1C1G1T1.UCF.json                         
////////////////////////////////////////////////////////////////////////////////////////

CIRCUIT DESIGN:
 - Best Design: Inputs: [AraC_sensor, LacI_sensor, TetR_sensor], Gates: [AmeR, QacR, PhlF, PsrA, BetI, SrpR], Outputs: [YFP_reporter_2, YFP_reporter]
 - Best Circuit Score: 130.94552210939526

Inputs ( input response = STATE * (ymax - ymin) + ymin ):
 - ('A', 4) input AraC_sensor 4 with ymax: 2.5 and ymin: 0.0082 with max sensor output of [('high', 2.5), ('low', 0.0082)]
 - ('B', 5) input LacI_sensor 5 with ymax: 2.8 and ymin: 0.0034 with max sensor output of [('high', 2.8), ('low', 0.0034)]
 - ('C', 6) input TetR_sensor 6 with ymax: 4.4 and ymin: 0.0013 with max sensor output of [('high', 4.4), ('low', 0.0013)]

Gates ( response function = ymin + (ymax - ymin) / (1.0 + (x / K)**n);   input composition = x2 + x1 ):
 - 118 gate NOT AmeR w/ inputs [4] and output 7, and best_gate = F1_AmeR
 - 119 gate NOT QacR w/ inputs [6] and output 8, and best_gate = Q2_QacR
 - 120 gate NOR PhlF w/ inputs [7, 5] and output 2, and best_gate = P3_PhlF
 - 121 gate NOR PsrA w/ inputs [4, 5] and output 9, and best_gate = R1_PsrA
 - 122 gate NOT BetI w/ inputs [9] and output 10, and best_gate = E1_BetI
 - 123 gate NOR SrpR w/ inputs [8, 10] and output 3, and best_gate = S4_SrpR

Outputs ( unit conversion and/or hill response... ):
 - ('outX', 2) output YFP_reporter_2 2 with c * x: c = 0.0076
 - ('outY', 3) output YFP_reporter 3 with c * x: c = 0.0076


TRUTH TABLE/GATE SCORING:
+-----------------+-----------------+-----------------+-------------+-------------+-------------+----------+----------+----------+----------+
| AraC_sensor_I/O | LacI_sensor_I/O | TetR_sensor_I/O | AraC_sensor | LacI_sensor | TetR_sensor | AmeR_I/O | QacR_I/O | PhlF_I/O | PsrA_I/O |
+-----------------+-----------------+-----------------+-------------+-------------+-------------+----------+----------+----------+----------+
| 0               | 0               | 0               | 0.0082      | 0.0034      | 0.0013      | 1        | 1        | 0        | 1        |
| 0               | 0               | 1               | 0.0082      | 0.0034      | 4.4         | 1        | 0        | 0        | 1        |
| 0               | 1               | 0               | 0.0082      | 2.8         | 0.0013      | 1        | 1        | 0        | 0        |
| 0               | 1               | 1               | 0.0082      | 2.8         | 4.4         | 1        | 0        | 0        | 0        |
| 1               | 0               | 0               | 2.5         | 0.0034      | 0.0013      | 0        | 1        | 1        | 0        |
| 1               | 0               | 1               | 2.5         | 0.0034      | 4.4         | 0        | 0        | 1        | 0        |
| 1               | 1               | 0               | 2.5         | 2.8         | 0.0013      | 0        | 1        | 0        | 0        |
| 1               | 1               | 1               | 2.5         | 2.8         | 4.4         | 0        | 0        | 0        | 0        |
+-----------------+-----------------+-----------------+-------------+-------------+-------------+----------+----------+----------+----------+
+----------+----------+--------------------+----------------------+----------------------+---------------------+---------------------+----------------------+--------------------+------------------+
| BetI_I/O | SrpR_I/O | AmeR               | QacR                 | PhlF                 | PsrA                | BetI                | SrpR                 | YFP_reporter_2_I/O | YFP_reporter_I/O |
+----------+----------+--------------------+----------------------+----------------------+---------------------+---------------------+----------------------+--------------------+------------------+
| 0        | 0        | 3.6784417024014524 | 2.7999861127795422   | 0.02005929380690728  | 5.8630750246460375  | 0.07628285240045603 | 0.007172191183354065 | 0                  | 0                |
| 0        | 1        | 3.6784417024014524 | 0.031867354535932084 | 0.02005929380690728  | 5.8630750246460375  | 0.07628285240045603 | 0.9391663191726995   | 0                  | 1                |
| 1        | 0        | 3.6784417024014524 | 2.7999861127795422   | 0.0200055247155198   | 0.24436772728058248 | 2.964125101849354   | 0.007024587452948887 | 0                  | 0                |
| 1        | 0        | 3.6784417024014524 | 0.031867354535932084 | 0.0200055247155198   | 0.24436772728058248 | 2.964125101849354   | 0.007153611365439249 | 0                  | 0                |
| 1        | 0        | 0.2339632557061459 | 2.7999861127795422   | 3.185990247205095    | 0.25446371215178193 | 2.8994264095911304  | 0.007025376966378478 | 1                  | 0                |
| 1        | 0        | 0.2339632557061459 | 0.031867354535932084 | 3.185990247205095    | 0.25446371215178193 | 2.8994264095911304  | 0.00716329360625729  | 1                  | 0                |
| 1        | 0        | 0.2339632557061459 | 2.7999861127795422   | 0.020133670235268773 | 0.21421837917373937 | 3.1512198169839896  | 0.00702248384710542  | 0                  | 0                |
| 1        | 0        | 0.2339632557061459 | 0.031867354535932084 | 0.020133670235268773 | 0.21421837917373937 | 3.1512198169839896  | 0.007129648183199675 | 0                  | 0                |
+----------+----------+--------------------+----------------------+----------------------+---------------------+---------------------+----------------------+--------------------+------------------+
+------------------------+------------------------+
| YFP_reporter_2         | YFP_reporter           |
+------------------------+------------------------+
| 0.00015245063293249533 | 5.45086529934909e-05   |
| 0.00015245063293249533 | 0.0071376640257125165  |
| 0.00015204198783795047 | 5.338686464241154e-05  |
| 0.00015204198783795047 | 5.4367446377338294e-05 |
| 0.02421352587875872    | 5.3392864944476434e-05 |
| 0.02421352587875872    | 5.4441031407555406e-05 |
| 0.00015301589378804268 | 5.337087723800119e-05  |
| 0.00015301589378804268 | 5.4185326192317525e-05 |
+------------------------+------------------------+


∫ *** DEBUG *** ∫ Truth Table (same as before, simpler format):

['AraC_sensor_I/O', 'LacI_sensor_I/O', 'TetR_sensor_I/O', 'AraC_sensor', 'LacI_sensor', 'TetR_sensor', 'AmeR_I/O', 'QacR_I/O', 'PhlF_I/O', 'PsrA_I/O', 'BetI_I/O', 'SrpR_I/O', 'AmeR', 'QacR', 'PhlF', 'PsrA', 'BetI', 'SrpR', 'YFP_reporter_2_I/O', 'YFP_reporter_I/O', 'YFP_reporter_2', 'YFP_reporter']
[0, 0, 0, 0.0082, 0.0034, 0.0013, 1, 1, 0, 1, 0, 0, 3.6784417024014524, 2.7999861127795422, 0.02005929380690728, 5.8630750246460375, 0.07628285240045603, 0.007172191183354065, 0, 0, 0.00015245063293249533, 5.45086529934909e-05]
[0, 0, 1, 0.0082, 0.0034, 4.4, 1, 0, 0, 1, 0, 1, 3.6784417024014524, 0.031867354535932084, 0.02005929380690728, 5.8630750246460375, 0.07628285240045603, 0.9391663191726995, 0, 1, 0.00015245063293249533, 0.0071376640257125165]
[0, 1, 0, 0.0082, 2.8, 0.0013, 1, 1, 0, 0, 1, 0, 3.6784417024014524, 2.7999861127795422, 0.0200055247155198, 0.24436772728058248, 2.964125101849354, 0.007024587452948887, 0, 0, 0.00015204198783795047, 5.338686464241154e-05]
[0, 1, 1, 0.0082, 2.8, 4.4, 1, 0, 0, 0, 1, 0, 3.6784417024014524, 0.031867354535932084, 0.0200055247155198, 0.24436772728058248, 2.964125101849354, 0.007153611365439249, 0, 0, 0.00015204198783795047, 5.4367446377338294e-05]
[1, 0, 0, 2.5, 0.0034, 0.0013, 0, 1, 1, 0, 1, 0, 0.2339632557061459, 2.7999861127795422, 3.185990247205095, 0.25446371215178193, 2.8994264095911304, 0.007025376966378478, 1, 0, 0.02421352587875872, 5.3392864944476434e-05]
[1, 0, 1, 2.5, 0.0034, 4.4, 0, 0, 1, 0, 1, 0, 0.2339632557061459, 0.031867354535932084, 3.185990247205095, 0.25446371215178193, 2.8994264095911304, 0.00716329360625729, 1, 0, 0.02421352587875872, 5.4441031407555406e-05]
[1, 1, 0, 2.5, 2.8, 0.0013, 0, 1, 0, 0, 1, 0, 0.2339632557061459, 2.7999861127795422, 0.020133670235268773, 0.21421837917373937, 3.1512198169839896, 0.00702248384710542, 0, 0, 0.00015301589378804268, 5.337087723800119e-05]
[1, 1, 1, 2.5, 2.8, 4.4, 0, 0, 0, 0, 1, 0, 0.2339632557061459, 0.031867354535932084, 0.020133670235268773, 0.21421837917373937, 3.1512198169839896, 0.007129648183199675, 0, 0, 0.00015301589378804268, 5.4185326192317525e-05]


EUGENE FILES:
 - Eugene object and structs created...
 - Eugene cassettes created...
 - Eugene helpers created...
 - Eugene script written to /home/lexo/Desktop/Practica/App/temp_outputs/priorityDetector/priorityDetector_Eco1C1G1T1.UCF._eugene.eug

SBOL FILES:
 - Circuit orders selected...
   + ['Loc1_NONCE_PAD', 'Loc2_NONCE_PAD', 'pAmeR', 'pTac', 'RiboJ53', 'P3', 'PhlF', 'ECK120033737', 'pQacR', 'pBetI', 'RiboJ10', 'S4', 'SrpR', 'ECK120029600', 'pPhlF', 'YFP_cassette', 'pPsrA', 'RiboJ57', 'E1', 'BetI', 'L3S3P11', 'pBAD', 'RiboJ54', 'F1', 'AmeR', 'L3S3P31', 'pTet', 'RiboJ60', 'Q2', 'QacR', 'ECK120010818', 'pBAD', 'pTac', 'ScmJ', 'R1', 'PsrA', 'ECK120015440', 'Loc3_NONCE_PAD', 'pSrpR', 'YFP_cassette']
   + ['Loc1_NONCE_PAD', 'Loc2_NONCE_PAD', 'pAmeR', 'pTac', 'RiboJ53', 'P3', 'PhlF', 'ECK120033737', 'pQacR', 'pBetI', 'RiboJ10', 'S4', 'SrpR', 'ECK120029600', 'pPsrA', 'RiboJ57', 'E1', 'BetI', 'L3S3P11', 'pPhlF', 'YFP_cassette', 'pBAD', 'RiboJ54', 'F1', 'AmeR', 'L3S3P31', 'pTet', 'RiboJ60', 'Q2', 'QacR', 'ECK120010818', 'pBAD', 'pTac', 'ScmJ', 'R1', 'PsrA', 'ECK120015440', 'Loc3_NONCE_PAD', 'pSrpR', 'YFP_cassette']
   + ['Loc1_NONCE_PAD', 'Loc2_NONCE_PAD', 'pAmeR', 'pTac', 'RiboJ53', 'P3', 'PhlF', 'ECK120033737', 'pQacR', 'pBetI', 'RiboJ10', 'S4', 'SrpR', 'ECK120029600', 'pPsrA', 'RiboJ57', 'E1', 'BetI', 'L3S3P11', 'pBAD', 'RiboJ54', 'F1', 'AmeR', 'L3S3P31', 'pTet', 'RiboJ60', 'Q2', 'QacR', 'ECK120010818', 'pBAD', 'pTac', 'ScmJ', 'R1', 'PsrA', 'ECK120015440', 'pPhlF', 'YFP_cassette', 'Loc3_NONCE_PAD', 'pSrpR', 'YFP_cassette']
   + ['Loc1_NONCE_PAD', 'Loc2_NONCE_PAD', 'pAmeR', 'pTac', 'RiboJ53', 'P3', 'PhlF', 'ECK120033737', 'pQacR', 'pBetI', 'RiboJ10', 'S4', 'SrpR', 'ECK120029600', 'pPsrA', 'RiboJ57', 'E1', 'BetI', 'L3S3P11', 'pBAD', 'RiboJ54', 'F1', 'AmeR', 'L3S3P31', 'pTet', 'RiboJ60', 'Q2', 'QacR', 'ECK120010818', 'pPhlF', 'YFP_cassette', 'pBAD', 'pTac', 'ScmJ', 'R1', 'PsrA', 'ECK120015440', 'Loc3_NONCE_PAD', 'pSrpR', 'YFP_cassette']
   + ['Loc1_NONCE_PAD', 'Loc2_NONCE_PAD', 'pAmeR', 'pTac', 'RiboJ53', 'P3', 'PhlF', 'ECK120033737', 'pPhlF', 'YFP_cassette', 'pQacR', 'pBetI', 'RiboJ10', 'S4', 'SrpR', 'ECK120029600', 'pPsrA', 'RiboJ57', 'E1', 'BetI', 'L3S3P11', 'pBAD', 'RiboJ54', 'F1', 'AmeR', 'L3S3P31', 'pTet', 'RiboJ60', 'Q2', 'QacR', 'ECK120010818', 'pBAD', 'pTac', 'ScmJ', 'R1', 'PsrA', 'ECK120015440', 'Loc3_NONCE_PAD', 'pSrpR', 'YFP_cassette']

 - SBOL files being generated...
Component.....................53
Sequence......................49
---
Total: .........................102

SBOL XML and related files generated
 - Response plots generated



Thread count: 1
Completion Time: 12.1 seconds
Cello object deleted...

