
////////////////////////////////////////////////////////////////////////////////////////
                                       CELLO V2.1                                       
                         priorityDetector + Bth1C1G1T1.UCF.json                         
////////////////////////////////////////////////////////////////////////////////////////

new_out: /home/lexo/Desktop/Practica/App/temp_outputs/priorityDetector
verilog: priorityDetector.v
v_loc: /home/lexo/Desktop/Practica/App/library/verilogs/priorityDetector.v
new_in: /home/lexo/Desktop/Practica/App/library/verilogs
new_out: /home/lexo/Desktop/Practica/App/temp_outputs/priorityDetector



////////////////////////////////////////////////////////////////////////////////////////
                                 End of Logic Synthesis                                 
////////////////////////////////////////////////////////////////////////////////////////




////////////////////////////////////////////////////////////////////////////////////////
                            condition checks for valid input                            
////////////////////////////////////////////////////////////////////////////////////////


NETLIST:
isvalid: True

INPUTS (including the communication devices): 
num IN-SENSORS in Bth1C1G1T1.UCF.json in-UCF: 3
num IN-STRUCTURES in Bth1C1G1T1.UCF.json in-UCF: 3
num IN-MODELS in Bth1C1G1T1.UCF.json in-UCF: 3
num IN-PARTS in Bth1C1G1T1.UCF.json in-UCF: 3
num IN-NODES in priorityDetector netlist: 3
['BA_sensor', 'IPTG_sensor', 'aTc_sensor']
Valid input match!

OUTPUTS: 
num OUT-SENSORS in Bth1C1G1T1.UCF.json out-UCF: 2
num OUT-STRUCTURES in Bth1C1G1T1.UCF.json out-UCF: 2
num OUT-MODELS in Bth1C1G1T1.UCF.json out-UCF: 2
num OUT-PARTS in Bth1C1G1T1.UCF.json out-UCF: 2
num OUT-NODES in priorityDetector netlist: 2
['nanoluc_reporter', 'nanoluc_reporter_2']
Valid output match!

GATES: 
num PARTS in Bth1C1G1T1.UCF.json UCF: 36
num STRUCTURES in Bth1C1G1T1.UCF.json UCF: 7
num MODELS in Bth1C1G1T1.UCF.json UCF: 7
num GATES in Bth1C1G1T1.UCF.json UCF: 7
num GATE USES: [7, True]
num GATES in priorityDetector netlist: 6
['M1', 'M2', 'M3', 'M4', 'M5', 'M6', 'M7']
['Gate1', 'Gate2', 'Gate3', 'Gate4', 'Gate5', 'Gate6', 'Gate7']
Valid intermediate match!

#60,480 possible permutations for priorityDetector.v+Bth1C1G1T1.UCF.json...
(#60,480.0 permutations of UCF gate groups confirmed.)

////////////////////////////////////////////////////////////////////////////////////////
                                End of condition checks                                 
////////////////////////////////////////////////////////////////////////////////////////


Condition check passed? True


////////////////////////////////////////////////////////////////////////////////////////
                               Beginning GATE ASSIGNMENT                                
////////////////////////////////////////////////////////////////////////////////////////


Listing available assignments from UCF: 
['BA_sensor', 'IPTG_sensor', 'aTc_sensor']
['nanoluc_reporter', 'nanoluc_reporter_2']
['M6', 'M2', 'M3', 'M1', 'M4', 'M7', 'M5']

Netlist de-construction: 
[A, B, C]
[118, 119, 120, 121, 122, 123]
[outX, outY]

Netlist requirements: 
need 3 inputs
need 2 outputs
need 6 gates

////////////////////////////////////////////////////////////////////////////////////////
                Running SIMULATED ANNEALING gate-assignment algorithm...                
////////////////////////////////////////////////////////////////////////////////////////

__________________________________________________ #1/1,000 | Best Score: 1.5349036567829575 | Current Score: 1.5349036567829575
__________________________________________________ #4/1,000 | Best Score: 1.6079401547170433 | Current Score: 1.6079401547170433
__________________________________________________ #7/1,000 | Best Score: 1.704382564794578 | Current Score: 1.704382564794578
__________________________________________________ #67/1,000 | Best Score: 1.7971054509485822 | Current Score: 1.7971054509485822███
__________________________________________________ #129/1,000 | Best Score: 1.9160385956141996 | Current Score: 1.9160385956141996██████
__________________________________________________ #135/1,000 | Best Score: 2.3628760704640293 | Current Score: 2.3628760704640293███████
__________________________________________________ #254/1,000 | Best Score: 2.475738338202795 | Current Score: 2.475738338202795████████████


DONE!
Completed: 1,000/1,000 iterations (out of 60,480 possible iterations)
Best Score: 2.475738338202795

////////////////////////////////////////////////////////////////////////////////////////
                                 End of GATE ASSIGNMENT                                 
////////////////////////////////////////////////////////////////////////////////////////





∫ *** DEBUG *** ∫ final result for priorityDetector.v+Bth1C1G1T1.UCF.json: 2.475738338202795



∫ *** DEBUG *** ∫ Inputs: [aTc_sensor, BA_sensor, IPTG_sensor], Gates: [M7, M3, M6, M1, M5, M4], Outputs: [nanoluc_reporter_2, nanoluc_reporter]


////////////////////////////////////////////////////////////////////////////////////////
                                        RESULTS                                         
                         priorityDetector + Bth1C1G1T1.UCF.json                         
////////////////////////////////////////////////////////////////////////////////////////

CIRCUIT DESIGN:
 - Best Design: Inputs: [aTc_sensor, BA_sensor, IPTG_sensor], Gates: [M7, M3, M6, M1, M5, M4], Outputs: [nanoluc_reporter_2, nanoluc_reporter]
 - Best Circuit Score: 2.475738338202795

Inputs ( input response = STATE * (ymax - ymin) + ymin ):
 - ('A', 4) input aTc_sensor 4 with ymax: 6.44789857 and ymin: 0.02857148 with max sensor output of [('high', 6.44789857), ('low', 0.02857148)]
 - ('B', 5) input BA_sensor 5 with ymax: 1.4801473 and ymin: 0.01346367 with max sensor output of [('high', 1.4801473), ('low', 0.01346367)]
 - ('C', 6) input IPTG_sensor 6 with ymax: 4.29668167 and ymin: 0.02731338 with max sensor output of [('high', 4.29668167), ('low', 0.02731338)]

Gates ( response function = ymin + (ymax - ymin) / (1.0 + (x / K)**n);   input composition = x2 + x1 ):
 - 118 gate NOT M7 w/ inputs [4] and output 7, and best_gate = Gate7
 - 119 gate NOT M3 w/ inputs [6] and output 8, and best_gate = Gate3
 - 120 gate NOR M6 w/ inputs [7, 5] and output 2, and best_gate = Gate6
 - 121 gate NOR M1 w/ inputs [4, 5] and output 9, and best_gate = Gate1
 - 122 gate NOT M5 w/ inputs [9] and output 10, and best_gate = Gate5
 - 123 gate NOR M4 w/ inputs [8, 10] and output 3, and best_gate = Gate4

Outputs ( unit conversion and/or hill response... ):
 - ('outX', 2) output nanoluc_reporter_2 2 with c * x: c = 1.0
 - ('outY', 3) output nanoluc_reporter 3 with c * x: c = 1.0


TRUTH TABLE/GATE SCORING:
+----------------+---------------+-----------------+------------+------------+-------------+--------+--------+--------+--------+
| aTc_sensor_I/O | BA_sensor_I/O | IPTG_sensor_I/O | aTc_sensor | BA_sensor  | IPTG_sensor | M7_I/O | M3_I/O | M6_I/O | M1_I/O |
+----------------+---------------+-----------------+------------+------------+-------------+--------+--------+--------+--------+
| 0              | 0             | 0               | 0.02857148 | 0.01346367 | 0.02731338  | 1      | 1      | 0      | 1      |
| 0              | 0             | 1               | 0.02857148 | 0.01346367 | 4.29668167  | 1      | 0      | 0      | 1      |
| 0              | 1             | 0               | 0.02857148 | 1.4801473  | 0.02731338  | 1      | 1      | 0      | 0      |
| 0              | 1             | 1               | 0.02857148 | 1.4801473  | 4.29668167  | 1      | 0      | 0      | 0      |
| 1              | 0             | 0               | 6.44789857 | 0.01346367 | 0.02731338  | 0      | 1      | 1      | 0      |
| 1              | 0             | 1               | 6.44789857 | 0.01346367 | 4.29668167  | 0      | 0      | 1      | 0      |
| 1              | 1             | 0               | 6.44789857 | 1.4801473  | 0.02731338  | 0      | 1      | 0      | 0      |
| 1              | 1             | 1               | 6.44789857 | 1.4801473  | 4.29668167  | 0      | 0      | 0      | 0      |
+----------------+---------------+-----------------+------------+------------+-------------+--------+--------+--------+--------+
+--------+--------+----------------------+----------------------+----------------------+----------------------+---------------------+----------------------+------------------------+----------------------+
| M5_I/O | M4_I/O | M7                   | M3                   | M6                   | M1                   | M5                  | M4                   | nanoluc_reporter_2_I/O | nanoluc_reporter_I/O |
+--------+--------+----------------------+----------------------+----------------------+----------------------+---------------------+----------------------+------------------------+----------------------+
| 0      | 0      | 0.14540466502417387  | 0.32181177796010085  | 0.045869775835116144 | 0.6142972477181198   | 0.03208163538543521 | 0.024582915234035    | 0                      | 0                    |
| 0      | 1      | 0.14540466502417387  | 0.004743427861532605 | 0.045869775835116144 | 0.6142972477181198   | 0.03208163538543521 | 0.10772429230467796  | 0                      | 1                    |
| 1      | 0      | 0.14540466502417387  | 0.32181177796010085  | 0.005039074751092051 | 0.05000108851967749  | 0.23781184706493655 | 0.01591581877167589  | 0                      | 0                    |
| 1      | 0      | 0.14540466502417387  | 0.004743427861532605 | 0.005039074751092051 | 0.05000108851967749  | 0.23781184706493655 | 0.03448487548244034  | 0                      | 0                    |
| 1      | 0      | 0.004996346937624219 | 0.32181177796010085  | 0.11356156259976516  | 0.009337750871033706 | 0.32162549117080313 | 0.013903262128682505 | 1                      | 0                    |
| 1      | 0      | 0.004996346937624219 | 0.004743427861532605 | 0.11356156259976516  | 0.009337750871033706 | 0.32162549117080313 | 0.026483030633215523 | 1                      | 0                    |
| 1      | 0      | 0.004996346937624219 | 0.32181177796010085  | 0.005488081385964524 | 0.007461998646926711 | 0.3255356870132024  | 0.013821715396417474 | 0                      | 0                    |
| 1      | 0      | 0.004996346937624219 | 0.004743427861532605 | 0.005488081385964524 | 0.007461998646926711 | 0.3255356870132024  | 0.026196095043722237 | 0                      | 0                    |
+--------+--------+----------------------+----------------------+----------------------+----------------------+---------------------+----------------------+------------------------+----------------------+
+----------------------+----------------------+
| nanoluc_reporter_2   | nanoluc_reporter     |
+----------------------+----------------------+
| 0.045869775835116144 | 0.024582915234035    |
| 0.045869775835116144 | 0.10772429230467796  |
| 0.005039074751092051 | 0.01591581877167589  |
| 0.005039074751092051 | 0.03448487548244034  |
| 0.11356156259976516  | 0.013903262128682505 |
| 0.11356156259976516  | 0.026483030633215523 |
| 0.005488081385964524 | 0.013821715396417474 |
| 0.005488081385964524 | 0.026196095043722237 |
+----------------------+----------------------+


∫ *** DEBUG *** ∫ Truth Table (same as before, simpler format):

['aTc_sensor_I/O', 'BA_sensor_I/O', 'IPTG_sensor_I/O', 'aTc_sensor', 'BA_sensor', 'IPTG_sensor', 'M7_I/O', 'M3_I/O', 'M6_I/O', 'M1_I/O', 'M5_I/O', 'M4_I/O', 'M7', 'M3', 'M6', 'M1', 'M5', 'M4', 'nanoluc_reporter_2_I/O', 'nanoluc_reporter_I/O', 'nanoluc_reporter_2', 'nanoluc_reporter']
[0, 0, 0, 0.02857148, 0.01346367, 0.02731338, 1, 1, 0, 1, 0, 0, 0.14540466502417387, 0.32181177796010085, 0.045869775835116144, 0.6142972477181198, 0.03208163538543521, 0.024582915234035, 0, 0, 0.045869775835116144, 0.024582915234035]
[0, 0, 1, 0.02857148, 0.01346367, 4.29668167, 1, 0, 0, 1, 0, 1, 0.14540466502417387, 0.004743427861532605, 0.045869775835116144, 0.6142972477181198, 0.03208163538543521, 0.10772429230467796, 0, 1, 0.045869775835116144, 0.10772429230467796]
[0, 1, 0, 0.02857148, 1.4801473, 0.02731338, 1, 1, 0, 0, 1, 0, 0.14540466502417387, 0.32181177796010085, 0.005039074751092051, 0.05000108851967749, 0.23781184706493655, 0.01591581877167589, 0, 0, 0.005039074751092051, 0.01591581877167589]
[0, 1, 1, 0.02857148, 1.4801473, 4.29668167, 1, 0, 0, 0, 1, 0, 0.14540466502417387, 0.004743427861532605, 0.005039074751092051, 0.05000108851967749, 0.23781184706493655, 0.03448487548244034, 0, 0, 0.005039074751092051, 0.03448487548244034]
[1, 0, 0, 6.44789857, 0.01346367, 0.02731338, 0, 1, 1, 0, 1, 0, 0.004996346937624219, 0.32181177796010085, 0.11356156259976516, 0.009337750871033706, 0.32162549117080313, 0.013903262128682505, 1, 0, 0.11356156259976516, 0.013903262128682505]
[1, 0, 1, 6.44789857, 0.01346367, 4.29668167, 0, 0, 1, 0, 1, 0, 0.004996346937624219, 0.004743427861532605, 0.11356156259976516, 0.009337750871033706, 0.32162549117080313, 0.026483030633215523, 1, 0, 0.11356156259976516, 0.026483030633215523]
[1, 1, 0, 6.44789857, 1.4801473, 0.02731338, 0, 1, 0, 0, 1, 0, 0.004996346937624219, 0.32181177796010085, 0.005488081385964524, 0.007461998646926711, 0.3255356870132024, 0.013821715396417474, 0, 0, 0.005488081385964524, 0.013821715396417474]
[1, 1, 1, 6.44789857, 1.4801473, 4.29668167, 0, 0, 0, 0, 1, 0, 0.004996346937624219, 0.004743427861532605, 0.005488081385964524, 0.007461998646926711, 0.3255356870132024, 0.026196095043722237, 0, 0, 0.005488081385964524, 0.026196095043722237]


EUGENE FILES:
 - Eugene object and structs created...
 - Eugene cassettes created...
 - Eugene helpers created...
 - Eugene script written to /home/lexo/Desktop/Practica/App/temp_outputs/priorityDetector/priorityDetector_Bth1C1G1T1.UCF._eugene.eug

SBOL FILES:
 - Circuit orders selected...
   + ['L1_NONCE_PAD', 'PM4', 'nanoluc_cassette', 'PM6', 'nanoluc_cassette', 'P_BA', 'M1', 'L3S3P41', 'PM5', 'M4', 'ECK120033736', 'P_aTc', 'M1', 'L3S3P41', 'P_BA', 'M6', 'L3S3P31', 'P_IPTG', 'M3', 'ECK120034435', 'PM3', 'M4', 'ECK120033736', 'PM1', 'M5', 'ECK125109870', 'PM7', 'M6', 'L3S3P31', 'P_aTc', 'M7', 'pheA_1', 'L2_NONCE_PAD']
   + ['L1_NONCE_PAD', 'PM4', 'nanoluc_cassette', 'PM6', 'nanoluc_cassette', 'P_BA', 'M1', 'L3S3P41', 'P_aTc', 'M1', 'L3S3P41', 'P_IPTG', 'M3', 'ECK120034435', 'PM3', 'M4', 'ECK120033736', 'PM1', 'M5', 'ECK125109870', 'PM7', 'M6', 'L3S3P31', 'P_aTc', 'M7', 'pheA_1', 'PM5', 'M4', 'ECK120033736', 'P_BA', 'M6', 'L3S3P31', 'L2_NONCE_PAD']
   + ['L1_NONCE_PAD', 'PM4', 'nanoluc_cassette', 'PM6', 'nanoluc_cassette', 'P_aTc', 'M1', 'L3S3P41', 'P_IPTG', 'M3', 'ECK120034435', 'P_BA', 'M1', 'L3S3P41', 'PM3', 'M4', 'ECK120033736', 'PM1', 'M5', 'ECK125109870', 'PM7', 'M6', 'L3S3P31', 'P_aTc', 'M7', 'pheA_1', 'PM5', 'M4', 'ECK120033736', 'P_BA', 'M6', 'L3S3P31', 'L2_NONCE_PAD']
   + ['L1_NONCE_PAD', 'PM4', 'nanoluc_cassette', 'PM6', 'nanoluc_cassette', 'P_aTc', 'M1', 'L3S3P41', 'P_IPTG', 'M3', 'ECK120034435', 'PM3', 'M4', 'ECK120033736', 'PM1', 'M5', 'ECK125109870', 'PM7', 'M6', 'L3S3P31', 'P_BA', 'M1', 'L3S3P41', 'PM5', 'M4', 'ECK120033736', 'P_aTc', 'M7', 'pheA_1', 'P_BA', 'M6', 'L3S3P31', 'L2_NONCE_PAD']
   + ['L1_NONCE_PAD', 'PM4', 'nanoluc_cassette', 'PM6', 'nanoluc_cassette', 'P_aTc', 'M1', 'L3S3P41', 'P_BA', 'M1', 'L3S3P41', 'PM5', 'M4', 'ECK120033736', 'P_IPTG', 'M3', 'ECK120034435', 'PM3', 'M4', 'ECK120033736', 'PM1', 'M5', 'ECK125109870', 'PM7', 'M6', 'L3S3P31', 'P_aTc', 'M7', 'pheA_1', 'P_BA', 'M6', 'L3S3P31', 'L2_NONCE_PAD']

 - SBOL files being generated...
Component.....................40
Sequence......................37
---
Total: .........................77

SBOL XML and related files generated
 - Response plots generated



Thread count: 1
Completion Time: 8.4 seconds
