
////////////////////////////////////////////////////////////////////////////////////////
                                       CELLO V2.1                                       
                         priorityDetector + Eco1C2G2T2.UCF.json                         
////////////////////////////////////////////////////////////////////////////////////////

new_out: /home/lexo/Desktop/Practica/App/temp_outputs/priorityDetector
verilog: priorityDetector.v
v_loc: /home/lexo/Desktop/Practica/App/library/verilogs/priorityDetector.v
new_in: /home/lexo/Desktop/Practica/App/library/verilogs
new_out: /home/lexo/Desktop/Practica/App/temp_outputs/priorityDetector



////////////////////////////////////////////////////////////////////////////////////////
                                 End of Logic Synthesis                                 
////////////////////////////////////////////////////////////////////////////////////////




////////////////////////////////////////////////////////////////////////////////////////
                            condition checks for valid input                            
////////////////////////////////////////////////////////////////////////////////////////


NETLIST:
isvalid: True

INPUTS (including the communication devices): 
num IN-SENSORS in Eco1C2G2T2.UCF.json in-UCF: 4
num IN-STRUCTURES in Eco1C2G2T2.UCF.json in-UCF: 4
num IN-MODELS in Eco1C2G2T2.UCF.json in-UCF: 4
num IN-PARTS in Eco1C2G2T2.UCF.json in-UCF: 4
num IN-NODES in priorityDetector netlist: 3
['LacI_sensor', 'TetR_sensor', 'LuxR_sensor', 'CinR_sensor']
Valid input match!

OUTPUTS: 
num OUT-SENSORS in Eco1C2G2T2.UCF.json out-UCF: 2
num OUT-STRUCTURES in Eco1C2G2T2.UCF.json out-UCF: 2
num OUT-MODELS in Eco1C2G2T2.UCF.json out-UCF: 2
num OUT-PARTS in Eco1C2G2T2.UCF.json out-UCF: 2
num OUT-NODES in priorityDetector netlist: 2
['YFP_reporter', 'YFP_reporter_2']
Valid output match!

GATES: 
num PARTS in Eco1C2G2T2.UCF.json UCF: 105
num STRUCTURES in Eco1C2G2T2.UCF.json UCF: 18
num MODELS in Eco1C2G2T2.UCF.json UCF: 18
num GATES in Eco1C2G2T2.UCF.json UCF: 18
num GATE USES: [9, True]
num GATES in priorityDetector netlist: 6
['AmeR', 'AmtR', 'BM3R1', 'BetI', 'HlyIIR', 'LmrA', 'PhlF', 'SrpR', 'VanR']
['A1_AmtR', 'B1_BM3R1', 'B2_BM3R1', 'B3_BM3R1', 'C1_CymR', 'E1_BetI', 'F1_AmeR', 'F2_AmeR', 'H1_HlyIIR', 'N1_LmrA', 'P1_PhlF', 'P2_PhlF', 'P3_PhlF', 'S1_SrpR', 'S2_SrpR', 'S3_SrpR', 'S4_SrpR', 'V1_VanR']
Valid intermediate match!

#2,903,040 possible permutations for priorityDetector.v+Eco1C2G2T2.UCF.json...
(#2,903,040.0 permutations of UCF gate groups confirmed.)

////////////////////////////////////////////////////////////////////////////////////////
                                End of condition checks                                 
////////////////////////////////////////////////////////////////////////////////////////


Condition check passed? True


////////////////////////////////////////////////////////////////////////////////////////
                               Beginning GATE ASSIGNMENT                                
////////////////////////////////////////////////////////////////////////////////////////


Listing available assignments from UCF: 
['LacI_sensor', 'TetR_sensor', 'LuxR_sensor', 'CinR_sensor']
['YFP_reporter', 'YFP_reporter_2']
['VanR', 'BM3R1', 'BetI', 'AmeR', 'PhlF', 'SrpR', 'LmrA', 'HlyIIR', 'AmtR']

Netlist de-construction: 
[A, B, C]
[118, 119, 120, 121, 122, 123]
[outX, outY]

Netlist requirements: 
need 3 inputs
need 2 outputs
need 6 gates

////////////////////////////////////////////////////////////////////////////////////////
                Running SIMULATED ANNEALING gate-assignment algorithm...                
////////////////////////////////////////////////////////////////////////////////////////

__________________________________________________ #1/1,000 | Best Score: 1.0000172522718584 | Current Score: 1.0000172522718584
__________________________________________________ #3/1,000 | Best Score: 1.4406961430626795 | Current Score: 1.4406961430626795
__________________________________________________ #5/1,000 | Best Score: 2.397363959266978 | Current Score: 2.397363959266978
__________________________________________________ #20/1,000 | Best Score: 14.818538222653533 | Current Score: 14.818538222653533█
__________________________________________________ #21/1,000 | Best Score: 15.734337640487867 | Current Score: 15.734337640487867█
__________________________________________________ #147/1,000 | Best Score: 22.01333989612065 | Current Score: 22.01333989612065███████
__________________________________________________ #206/1,000 | Best Score: 25.74223780764934 | Current Score: 25.74223780764934██████████
__________________________________________________ #224/1,000 | Best Score: 63.61439049676105 | Current Score: 63.61439049676105███████████
__________________________________________________ #708/1,000 | Best Score: 79.99090135018363 | Current Score: 79.99090135018363███████████████████████████████████
__________________________________________________ #709/1,000 | Best Score: 218.5858215218828 | Current Score: 218.5858215218828███████████████████████████████████


DONE!
Completed: 1,000/1,000 iterations (out of 2,903,040 possible iterations)
Best Score: 218.5858215218828

////////////////////////////////////////////////////////////////////////////////////////
                                 End of GATE ASSIGNMENT                                 
////////////////////////////////////////////////////////////////////////////////////////





∫ *** DEBUG *** ∫ final result for priorityDetector.v+Eco1C2G2T2.UCF.json: 218.5858215218828



∫ *** DEBUG *** ∫ Inputs: [TetR_sensor, LuxR_sensor, LacI_sensor], Gates: [BetI, AmtR, PhlF, SrpR, VanR, HlyIIR], Outputs: [YFP_reporter, YFP_reporter_2]


////////////////////////////////////////////////////////////////////////////////////////
                                        RESULTS                                         
                         priorityDetector + Eco1C2G2T2.UCF.json                         
////////////////////////////////////////////////////////////////////////////////////////

CIRCUIT DESIGN:
 - Best Design: Inputs: [TetR_sensor, LuxR_sensor, LacI_sensor], Gates: [BetI, AmtR, PhlF, SrpR, VanR, HlyIIR], Outputs: [YFP_reporter, YFP_reporter_2]
 - Best Circuit Score: 218.5858215218828

Inputs ( input response = STATE * (ymax - ymin) + ymin ):
 - ('A', 4) input TetR_sensor 4 with ymax: 1.967 and ymin: 0.04 with max sensor output of [('high', 1.967), ('low', 0.04)]
 - ('B', 5) input LuxR_sensor 5 with ymax: 2.234 and ymin: 0.03 with max sensor output of [('high', 2.234), ('low', 0.03)]
 - ('C', 6) input LacI_sensor 6 with ymax: 1.686 and ymin: 0.008 with max sensor output of [('high', 1.686), ('low', 0.008)]

Gates ( response function = ymin + (ymax - ymin) / (1.0 + (x / K)**n);   input composition = x1 + t1 * x2 ):
 - 118 gate NOT BetI w/ inputs [4] and output 7, and best_gate = E1_BetI
 - 119 gate NOT AmtR w/ inputs [6] and output 8, and best_gate = A1_AmtR
 - 120 gate NOR PhlF w/ inputs [7, 5] and output 2, and best_gate = P2_PhlF
 - 121 gate NOR SrpR w/ inputs [4, 5] and output 9, and best_gate = C1_CymR
 - 122 gate NOT VanR w/ inputs [9] and output 10, and best_gate = V1_VanR
 - 123 gate NOR HlyIIR w/ inputs [8, 10] and output 3, and best_gate = H1_HlyIIR

Outputs ( unit conversion and/or hill response... ):
 - ('outX', 2) output YFP_reporter 2 with c * x: c = 1.0
 - ('outY', 3) output YFP_reporter_2 3 with c * x: c = 1.0


TRUTH TABLE/GATE SCORING:
+-----------------+-----------------+-----------------+-------------+-------------+-------------+----------+----------+----------+----------+
| TetR_sensor_I/O | LuxR_sensor_I/O | LacI_sensor_I/O | TetR_sensor | LuxR_sensor | LacI_sensor | BetI_I/O | AmtR_I/O | PhlF_I/O | SrpR_I/O |
+-----------------+-----------------+-----------------+-------------+-------------+-------------+----------+----------+----------+----------+
| 0               | 0               | 0               | 0.04        | 0.03        | 0.008       | 1        | 1        | 0        | 1        |
| 0               | 0               | 1               | 0.04        | 0.03        | 1.686       | 1        | 0        | 0        | 1        |
| 0               | 1               | 0               | 0.04        | 2.234       | 0.008       | 1        | 1        | 0        | 0        |
| 0               | 1               | 1               | 0.04        | 2.234       | 1.686       | 1        | 0        | 0        | 0        |
| 1               | 0               | 0               | 1.967       | 0.03        | 0.008       | 0        | 1        | 1        | 0        |
| 1               | 0               | 1               | 1.967       | 0.03        | 1.686       | 0        | 0        | 1        | 0        |
| 1               | 1               | 0               | 1.967       | 2.234       | 0.008       | 0        | 1        | 0        | 0        |
| 1               | 1               | 1               | 1.967       | 2.234       | 1.686       | 0        | 0        | 0        | 0        |
+-----------------+-----------------+-----------------+-------------+-------------+-------------+----------+----------+----------+----------+
+----------+------------+---------------------+----------------------+----------------------+----------------------+---------------------+-----------------------+------------------+--------------------+
| VanR_I/O | HlyIIR_I/O | BetI                | AmtR                 | PhlF                 | SrpR                 | VanR                | HlyIIR                | YFP_reporter_I/O | YFP_reporter_2_I/O |
+----------+------------+---------------------+----------------------+----------------------+----------------------+---------------------+-----------------------+------------------+--------------------+
| 0        | 0          | 2.8273741739676357  | 2.98200679562309     | 0.006735029532232259 | 2.628603871462286    | 0.04354743616434867 | 0.004973080571088872  | 0                | 0                  |
| 0        | 1          | 2.8273741739676357  | 0.043576773833294426 | 0.006735029532232259 | 2.628603871462286    | 0.04354743616434867 | 1.8541021429708342    | 0                | 1                  |
| 1        | 0          | 2.8273741739676357  | 2.98200679562309     | 0.00668882818708188  | 0.009900918671005367 | 6.125132555324183   | 0.00455012284060534   | 0                | 0                  |
| 1        | 0          | 2.8273741739676357  | 0.043576773833294426 | 0.00668882818708188  | 0.009900918671005367 | 6.125132555324183   | 0.006925734655850188  | 0                | 0                  |
| 1        | 0          | 0.05076897064670278 | 2.98200679562309     | 7.456647619354679    | 0.00983510412665193  | 6.126096739884476   | 0.0045500939421227364 | 1                | 0                  |
| 1        | 0          | 0.05076897064670278 | 0.043576773833294426 | 7.456647619354679    | 0.00983510412665193  | 6.126096739884476   | 0.006924714693891174  | 1                | 0                  |
| 1        | 0          | 0.05076897064670278 | 2.98200679562309     | 0.03411313491167216  | 0.009791574583488848 | 6.12672761993756    | 0.004550075036609581  | 0                | 0                  |
| 1        | 0          | 0.05076897064670278 | 0.043576773833294426 | 0.03411313491167216  | 0.009791574583488848 | 6.12672761993756    | 0.006924047621146585  | 0                | 0                  |
+----------+------------+---------------------+----------------------+----------------------+----------------------+---------------------+-----------------------+------------------+--------------------+
+----------------------+-----------------------+
| YFP_reporter         | YFP_reporter_2        |
+----------------------+-----------------------+
| 0.006735029532232259 | 0.004973080571088872  |
| 0.006735029532232259 | 1.8541021429708342    |
| 0.00668882818708188  | 0.00455012284060534   |
| 0.00668882818708188  | 0.006925734655850188  |
| 7.456647619354679    | 0.0045500939421227364 |
| 7.456647619354679    | 0.006924714693891174  |
| 0.03411313491167216  | 0.004550075036609581  |
| 0.03411313491167216  | 0.006924047621146585  |
+----------------------+-----------------------+


∫ *** DEBUG *** ∫ Truth Table (same as before, simpler format):

['TetR_sensor_I/O', 'LuxR_sensor_I/O', 'LacI_sensor_I/O', 'TetR_sensor', 'LuxR_sensor', 'LacI_sensor', 'BetI_I/O', 'AmtR_I/O', 'PhlF_I/O', 'SrpR_I/O', 'VanR_I/O', 'HlyIIR_I/O', 'BetI', 'AmtR', 'PhlF', 'SrpR', 'VanR', 'HlyIIR', 'YFP_reporter_I/O', 'YFP_reporter_2_I/O', 'YFP_reporter', 'YFP_reporter_2']
[0, 0, 0, 0.04, 0.03, 0.008, 1, 1, 0, 1, 0, 0, 2.8273741739676357, 2.98200679562309, 0.006735029532232259, 2.628603871462286, 0.04354743616434867, 0.004973080571088872, 0, 0, 0.006735029532232259, 0.004973080571088872]
[0, 0, 1, 0.04, 0.03, 1.686, 1, 0, 0, 1, 0, 1, 2.8273741739676357, 0.043576773833294426, 0.006735029532232259, 2.628603871462286, 0.04354743616434867, 1.8541021429708342, 0, 1, 0.006735029532232259, 1.8541021429708342]
[0, 1, 0, 0.04, 2.234, 0.008, 1, 1, 0, 0, 1, 0, 2.8273741739676357, 2.98200679562309, 0.00668882818708188, 0.009900918671005367, 6.125132555324183, 0.00455012284060534, 0, 0, 0.00668882818708188, 0.00455012284060534]
[0, 1, 1, 0.04, 2.234, 1.686, 1, 0, 0, 0, 1, 0, 2.8273741739676357, 0.043576773833294426, 0.00668882818708188, 0.009900918671005367, 6.125132555324183, 0.006925734655850188, 0, 0, 0.00668882818708188, 0.006925734655850188]
[1, 0, 0, 1.967, 0.03, 0.008, 0, 1, 1, 0, 1, 0, 0.05076897064670278, 2.98200679562309, 7.456647619354679, 0.00983510412665193, 6.126096739884476, 0.0045500939421227364, 1, 0, 7.456647619354679, 0.0045500939421227364]
[1, 0, 1, 1.967, 0.03, 1.686, 0, 0, 1, 0, 1, 0, 0.05076897064670278, 0.043576773833294426, 7.456647619354679, 0.00983510412665193, 6.126096739884476, 0.006924714693891174, 1, 0, 7.456647619354679, 0.006924714693891174]
[1, 1, 0, 1.967, 2.234, 0.008, 0, 1, 0, 0, 1, 0, 0.05076897064670278, 2.98200679562309, 0.03411313491167216, 0.009791574583488848, 6.12672761993756, 0.004550075036609581, 0, 0, 0.03411313491167216, 0.004550075036609581]
[1, 1, 1, 1.967, 2.234, 1.686, 0, 0, 0, 0, 1, 0, 0.05076897064670278, 0.043576773833294426, 0.03411313491167216, 0.009791574583488848, 6.12672761993756, 0.006924047621146585, 0, 0, 0.03411313491167216, 0.006924047621146585]


EUGENE FILES:
 - Eugene object and structs created...
 - Eugene cassettes created...
 - Eugene helpers created...
 - Eugene script written to /home/lexo/Desktop/Practica/App/temp_outputs/priorityDetector/priorityDetector_Eco1C2G2T2.UCF._eugene.eug

SBOL FILES:
 - Circuit orders selected...
   + ['L1_NONCE_PAD', 'L2_NONCE_PAD', 'pCymR', 'AraJ', 'V1', 'VanR', 'ECK120033736', 'pHlyIIR', 'YFP_cassette', 'pBetI', 'pLux2', 'RiboJ53', 'P2', 'PhlF', 'ECK120033737', 'pTac', 'BydvJ', 'A1', 'AmtR', 'L3S2P55', 'pAmtR', 'pVanR', 'RiboJ51', 'H1', 'HlyIIR', 'ECK120010799', 'pTet', 'RiboJ57', 'E1', 'BetI', 'L3S3P11', 'pTet', 'pLux2', 'LtsvJ', 'C1', 'CymR', 'L3S2P42', 'L3_NONCE_PAD', 'pPhlF', 'YFP_cassette']

 - SBOL files being generated...
Component.....................53
Sequence......................49
---
Total: .........................102

Cello object deleted...

SBOL XML and related files generated
 - Response plots generated



Thread count: 1
Completion Time: 13.4 seconds
