
////////////////////////////////////////////////////////////////////////////////////////
                                       CELLO V2.1                                       
                         priorityDetector + Eco2C1G5T1.UCF.json                         
////////////////////////////////////////////////////////////////////////////////////////

new_out: /home/lexo/Desktop/Practica/App/temp_outputs/priorityDetector
verilog: priorityDetector.v
v_loc: /home/lexo/Desktop/Practica/App/library/verilogs/priorityDetector.v
new_in: /home/lexo/Desktop/Practica/App/library/verilogs
new_out: /home/lexo/Desktop/Practica/App/temp_outputs/priorityDetector



////////////////////////////////////////////////////////////////////////////////////////
                                 End of Logic Synthesis                                 
////////////////////////////////////////////////////////////////////////////////////////




////////////////////////////////////////////////////////////////////////////////////////
                            condition checks for valid input                            
////////////////////////////////////////////////////////////////////////////////////////


NETLIST:
isvalid: True

INPUTS (including the communication devices): 
num IN-SENSORS in Eco2C1G5T1.UCF.json in-UCF: 12
num IN-STRUCTURES in Eco2C1G5T1.UCF.json in-UCF: 12
num IN-MODELS in Eco2C1G5T1.UCF.json in-UCF: 12
num IN-PARTS in Eco2C1G5T1.UCF.json in-UCF: 12
num IN-NODES in priorityDetector netlist: 3
['Ara_sensor', 'IPTG_sensor', 'aTc_sensor', 'Cuma_sensor', 'Van_sensor', 'OHC14_sensor', 'Sal_sensor', 'RpaR-AM2_sensor', 'OC6_in', 'OHC12_in', 'pC-HSL_in', 'DAPG_in']
Valid input match!

OUTPUTS: 
num OUT-SENSORS in Eco2C1G5T1.UCF.json out-UCF: 7
num OUT-STRUCTURES in Eco2C1G5T1.UCF.json out-UCF: 7
num OUT-MODELS in Eco2C1G5T1.UCF.json out-UCF: 7
num OUT-PARTS in Eco2C1G5T1.UCF.json out-UCF: 7
num OUT-NODES in priorityDetector netlist: 2
['BFP_reporter', 'RFP_reporter', 'YFP_reporter', 'OC6_out', 'OHC12_out', 'pC-HSL_out', 'DAPG_out']
Valid output match!

GATES: 
num PARTS in Eco2C1G5T1.UCF.json UCF: 80
num STRUCTURES in Eco2C1G5T1.UCF.json UCF: 12
num MODELS in Eco2C1G5T1.UCF.json UCF: 12
num GATES in Eco2C1G5T1.UCF.json UCF: 12
num GATE USES: [12, True]
num GATES in priorityDetector netlist: 6
['933W', 'Lambda', 'P2', 'P22', 'P2hd', 'R1t', 'TP901', 'Wphi']
['R12_P2hd', 'R13_P2', 'R14_P2', 'R15_P2', 'R17_Wphi', 'R1_Lambda', 'R2_Lambda', 'R3_P22', 'R4_TP901', 'R5_R1t', 'R8_933W', 'R9_933W']
Valid intermediate match!

#1,117,670,400 possible permutations for priorityDetector.v+Eco2C1G5T1.UCF.json...
(#1,117,670,400.0 permutations of UCF gate groups confirmed.)

////////////////////////////////////////////////////////////////////////////////////////
                                End of condition checks                                 
////////////////////////////////////////////////////////////////////////////////////////


Condition check passed? True


////////////////////////////////////////////////////////////////////////////////////////
                               Beginning GATE ASSIGNMENT                                
////////////////////////////////////////////////////////////////////////////////////////


Listing available assignments from UCF: 
['Ara_sensor', 'IPTG_sensor', 'aTc_sensor', 'Cuma_sensor', 'Van_sensor', 'OHC14_sensor', 'Sal_sensor', 'RpaR-AM2_sensor', 'OC6_in', 'OHC12_in', 'pC-HSL_in', 'DAPG_in']
['BFP_reporter', 'RFP_reporter', 'YFP_reporter', 'OC6_out', 'OHC12_out', 'pC-HSL_out', 'DAPG_out']
['P22', 'P2', 'P2hd', 'Lambda', 'TP901', 'Wphi', 'R1t', '933W']

Netlist de-construction: 
[A, B, C]
[118, 119, 120, 121, 122, 123]
[outX, outY]

Netlist requirements: 
need 3 inputs
need 2 outputs
need 6 gates

////////////////////////////////////////////////////////////////////////////////////////
                Running SIMULATED ANNEALING gate-assignment algorithm...                
////////////////////////////////////////////////////////////////////////////////////////

Cello object deleted...

__________________________________________________ #1/1,000 | Best Score: 121.82962299116157 | Current Score: 121.82962299116157
__________________________________________________ #76/1,000 | Best Score: 135.91404038562357 | Current Score: 135.91404038562357████
__________________________________________________ #358/1,000 | Best Score: 140.14440148619238 | Current Score: 140.14440148619238██████████████████
__________________________________________________ #814/1,000 | Best Score: 142.56017786964767 | Current Score: 142.56017786964767████████████████████████████████████████


DONE!
Completed: 1,000/1,000 iterations (out of 1,117,670,400 possible iterations)
Best Score: 142.56017786964767

////////////////////////////////////////////////////////////////////////////////////////
                                 End of GATE ASSIGNMENT                                 
////////////////////////////////////////////////////////////////////////////////////////





∫ *** DEBUG *** ∫ final result for priorityDetector.v+Eco2C1G5T1.UCF.json: 142.56017786964767



∫ *** DEBUG *** ∫ Inputs: [Cuma_sensor, Ara_sensor, pC-HSL_in], Gates: [P2, TP901, Wphi, P2hd, 933W, Lambda], Outputs: [DAPG_out, pC-HSL_out]


////////////////////////////////////////////////////////////////////////////////////////
                                        RESULTS                                         
                         priorityDetector + Eco2C1G5T1.UCF.json                         
////////////////////////////////////////////////////////////////////////////////////////

CIRCUIT DESIGN:
 - Best Design: Inputs: [Cuma_sensor, Ara_sensor, pC-HSL_in], Gates: [P2, TP901, Wphi, P2hd, 933W, Lambda], Outputs: [DAPG_out, pC-HSL_out]
 - Best Circuit Score: 142.56017786964767

Inputs ( input response = STATE * (ymax - ymin) + ymin ):
 - ('A', 4) input Cuma_sensor 4 with ymax: 3.14 and ymin: 0.0036 with max sensor output of [('high', 3.14), ('low', 0.0036)]
 - ('B', 5) input Ara_sensor 5 with ymax: 2.13 and ymin: 0.0021 with max sensor output of [('high', 2.13), ('low', 0.0021)]
 - ('C', 6) input pC-HSL_in 6 with ymax: 6 and ymin: 0.02 with max sensor output of [('high', 6.0), ('low', 0.02)]

Gates ( response function = ymin + (ymax - ymin) / (1.0 + (x / K)**n);   input composition = x1 + x2 ):
 - 118 gate NOT P2 w/ inputs [4] and output 7, and best_gate = R13_P2
 - 119 gate NOT TP901 w/ inputs [6] and output 8, and best_gate = R4_TP901
 - 120 gate NOR Wphi w/ inputs [7, 5] and output 2, and best_gate = R17_Wphi
 - 121 gate NOR P2hd w/ inputs [4, 5] and output 9, and best_gate = R12_P2hd
 - 122 gate NOT 933W w/ inputs [9] and output 10, and best_gate = R9_933W
 - 123 gate NOR Lambda w/ inputs [8, 10] and output 3, and best_gate = R2_Lambda

Outputs ( unit conversion and/or hill response... ):
 - ('outX', 2) output DAPG_out 2 with ymin + (ymax - ymin) / (1.0 + (kd / (unit_conversion * x))**n): {'ymax': 0.0646, 'ymin': 0.00038, 'kd': 0.15, 'n': 4, 'unit_conversion': 0.102}
 - ('outY', 3) output pC-HSL_out 3 with ymin + (ymax - ymin) / (1.0 + (kd / (unit_conversion * x))**n): {'ymax': 0.114, 'ymin': 0.00038, 'kd': 0.2, 'n': 2, 'unit_conversion': 0.102}


TRUTH TABLE/GATE SCORING:
+-----------------+----------------+---------------+-------------+------------+-----------+--------+-----------+----------+----------+
| Cuma_sensor_I/O | Ara_sensor_I/O | pC-HSL_in_I/O | Cuma_sensor | Ara_sensor | pC-HSL_in | P2_I/O | TP901_I/O | Wphi_I/O | P2hd_I/O |
+-----------------+----------------+---------------+-------------+------------+-----------+--------+-----------+----------+----------+
| 0               | 0              | 0             | 0.0036      | 0.0021     | 0.02      | 1      | 1         | 0        | 1        |
| 0               | 0              | 1             | 0.0036      | 0.0021     | 6.0       | 1      | 0         | 0        | 1        |
| 0               | 1              | 0             | 0.0036      | 2.13       | 0.02      | 1      | 1         | 0        | 0        |
| 0               | 1              | 1             | 0.0036      | 2.13       | 6.0       | 1      | 0         | 0        | 0        |
| 1               | 0              | 0             | 3.14        | 0.0021     | 0.02      | 0      | 1         | 1        | 0        |
| 1               | 0              | 1             | 3.14        | 0.0021     | 6.0       | 0      | 0         | 1        | 0        |
| 1               | 1              | 0             | 3.14        | 2.13       | 0.02      | 0      | 1         | 0        | 0        |
| 1               | 1              | 1             | 3.14        | 2.13       | 6.0       | 0      | 0         | 0        | 0        |
+-----------------+----------------+---------------+-------------+------------+-----------+--------+-----------+----------+----------+
+----------+------------+----------------------+---------------------+----------------------+----------------------+---------------------+----------------------+--------------+----------------+
| 933W_I/O | Lambda_I/O | P2                   | TP901               | Wphi                 | P2hd                 | 933W                | Lambda               | DAPG_out_I/O | pC-HSL_out_I/O |
+----------+------------+----------------------+---------------------+----------------------+----------------------+---------------------+----------------------+--------------+----------------+
| 0        | 0          | 1.8969815972713655   | 2.22637476658473    | 0.025223952381705262 | 1.476090258950481    | 0.03561691833248606 | 0.06692948189828674  | 0            | 0              |
| 0        | 1          | 1.8969815972713655   | 0.03222564092507957 | 0.025223952381705262 | 1.476090258950481    | 0.03561691833248606 | 4.503229173815482    | 0            | 1              |
| 1        | 0          | 1.8969815972713655   | 2.22637476658473    | 0.019783198718568262 | 0.01683792931274871  | 3.6072387061001665  | 0.04879713263551177  | 0            | 0              |
| 1        | 0          | 1.8969815972713655   | 0.03222564092507957 | 0.019783198718568262 | 0.01683792931274871  | 3.6072387061001665  | 0.053689714380144735 | 0            | 0              |
| 1        | 0          | 0.044090133819438826 | 2.22637476658473    | 2.216362993315933    | 0.015352541648269524 | 3.6324549457396134  | 0.04877098817544491  | 1            | 0              |
| 1        | 0          | 0.044090133819438826 | 0.03222564092507957 | 2.216362993315933    | 0.015352541648269524 | 3.6324549457396134  | 0.05357799727232983  | 1            | 0              |
| 1        | 0          | 0.044090133819438826 | 2.22637476658473    | 0.023553259620353734 | 0.014480814100675416 | 3.646257199001199   | 0.04875682443746715  | 0            | 0              |
| 1        | 0          | 0.044090133819438826 | 0.03222564092507957 | 0.023553259620353734 | 0.014480814100675416 | 3.646257199001199   | 0.05351784600973537  | 0            | 0              |
+----------+------------+----------------------+---------------------+----------------------+----------------------+---------------------+----------------------+--------------+----------------+
+------------------------+------------------------+
| DAPG_out               | pC-HSL_out             |
+------------------------+------------------------+
| 0.0003800055585109553  | 0.000512228279587821   |
| 0.0003800055585109553  | 0.09589203495323212    |
| 0.0003800021032552979  | 0.0004503258274858641  |
| 0.0003800021032552979  | 0.0004651239620650779  |
| 0.05417366001277659    | 0.0004502505361058079  |
| 0.05417366001277659    | 0.00046477034419823815 |
| 0.00038000422581032874 | 0.00045020976387710743 |
| 0.00038000422581032874 | 0.0004645802517156547  |
+------------------------+------------------------+


∫ *** DEBUG *** ∫ Truth Table (same as before, simpler format):

['Cuma_sensor_I/O', 'Ara_sensor_I/O', 'pC-HSL_in_I/O', 'Cuma_sensor', 'Ara_sensor', 'pC-HSL_in', 'P2_I/O', 'TP901_I/O', 'Wphi_I/O', 'P2hd_I/O', '933W_I/O', 'Lambda_I/O', 'P2', 'TP901', 'Wphi', 'P2hd', '933W', 'Lambda', 'DAPG_out_I/O', 'pC-HSL_out_I/O', 'DAPG_out', 'pC-HSL_out']
[0, 0, 0, 0.0036, 0.0021, 0.02, 1, 1, 0, 1, 0, 0, 1.8969815972713655, 2.22637476658473, 0.025223952381705262, 1.476090258950481, 0.03561691833248606, 0.06692948189828674, 0, 0, 0.0003800055585109553, 0.000512228279587821]
[0, 0, 1, 0.0036, 0.0021, 6.0, 1, 0, 0, 1, 0, 1, 1.8969815972713655, 0.03222564092507957, 0.025223952381705262, 1.476090258950481, 0.03561691833248606, 4.503229173815482, 0, 1, 0.0003800055585109553, 0.09589203495323212]
[0, 1, 0, 0.0036, 2.13, 0.02, 1, 1, 0, 0, 1, 0, 1.8969815972713655, 2.22637476658473, 0.019783198718568262, 0.01683792931274871, 3.6072387061001665, 0.04879713263551177, 0, 0, 0.0003800021032552979, 0.0004503258274858641]
[0, 1, 1, 0.0036, 2.13, 6.0, 1, 0, 0, 0, 1, 0, 1.8969815972713655, 0.03222564092507957, 0.019783198718568262, 0.01683792931274871, 3.6072387061001665, 0.053689714380144735, 0, 0, 0.0003800021032552979, 0.0004651239620650779]
[1, 0, 0, 3.14, 0.0021, 0.02, 0, 1, 1, 0, 1, 0, 0.044090133819438826, 2.22637476658473, 2.216362993315933, 0.015352541648269524, 3.6324549457396134, 0.04877098817544491, 1, 0, 0.05417366001277659, 0.0004502505361058079]
[1, 0, 1, 3.14, 0.0021, 6.0, 0, 0, 1, 0, 1, 0, 0.044090133819438826, 0.03222564092507957, 2.216362993315933, 0.015352541648269524, 3.6324549457396134, 0.05357799727232983, 1, 0, 0.05417366001277659, 0.00046477034419823815]
[1, 1, 0, 3.14, 2.13, 0.02, 0, 1, 0, 0, 1, 0, 0.044090133819438826, 2.22637476658473, 0.023553259620353734, 0.014480814100675416, 3.646257199001199, 0.04875682443746715, 0, 0, 0.00038000422581032874, 0.00045020976387710743]
[1, 1, 1, 3.14, 2.13, 6.0, 0, 0, 0, 0, 1, 0, 0.044090133819438826, 0.03222564092507957, 0.023553259620353734, 0.014480814100675416, 3.646257199001199, 0.05351784600973537, 0, 0, 0.00038000422581032874, 0.0004645802517156547]


EUGENE FILES:
 - Eugene object and structs created...
 - Eugene cassettes created...
 - Eugene helpers created...
 - Eugene script written to /home/lexo/Desktop/Practica/App/temp_outputs/priorityDetector/priorityDetector_Eco2C1G5T1.UCF._eugene.eug

SBOL FILES:
 - Circuit orders selected...
   + ['attB2_NONCE_PAD', 'PBad', 'SarJ', 'R17', 'Wphi', 'DT19', 'PCymRC', 'RiboJ64', 'R13', 'P2', 'DT86', 'pRpa', 'RiboJ69', 'R4', 'TP901', 'RpoC', 'attB7_NONCE_PAD', 'pP2', 'SarJ', 'R17', 'Wphi', 'DT19', 'PCymRC', 'RiboJ60', 'R12', 'P2hd', 'DT56', 'pP2hd', 'PlmJ', 'R9', '933W', 'DT36', 'p933W', 'RiboJ54', 'R2', 'Lambda', 'Ret0', 'PBad', 'RiboJ60', 'R12', 'P2hd', 'DT56', 'pTP901', 'RiboJ54', 'R2', 'Lambda', 'Ret0', 'attB5_NONCE_PAD', 'pLambda', 'sRpa_cassette', 'pWphi', 'sPhl_cassette']
   + ['attB2_NONCE_PAD', 'PBad', 'SarJ', 'R17', 'Wphi', 'DT19', 'PCymRC', 'RiboJ64', 'R13', 'P2', 'DT86', 'pRpa', 'RiboJ69', 'R4', 'TP901', 'RpoC', 'attB7_NONCE_PAD', 'pP2', 'SarJ', 'R17', 'Wphi', 'DT19', 'PCymRC', 'RiboJ60', 'R12', 'P2hd', 'DT56', 'pP2hd', 'PlmJ', 'R9', '933W', 'DT36', 'p933W', 'RiboJ54', 'R2', 'Lambda', 'Ret0', 'attB5_NONCE_PAD', 'pTP901', 'RiboJ54', 'R2', 'Lambda', 'Ret0', 'pWphi', 'sPhl_cassette', 'pLambda', 'sRpa_cassette', 'PBad', 'RiboJ60', 'R12', 'P2hd', 'DT56']
   + ['attB2_NONCE_PAD', 'PBad', 'SarJ', 'R17', 'Wphi', 'DT19', 'PCymRC', 'RiboJ64', 'R13', 'P2', 'DT86', 'pRpa', 'RiboJ69', 'R4', 'TP901', 'RpoC', 'attB7_NONCE_PAD', 'pP2', 'SarJ', 'R17', 'Wphi', 'DT19', 'PCymRC', 'RiboJ60', 'R12', 'P2hd', 'DT56', 'pP2hd', 'PlmJ', 'R9', '933W', 'DT36', 'PBad', 'RiboJ60', 'R12', 'P2hd', 'DT56', 'attB5_NONCE_PAD', 'pLambda', 'sRpa_cassette', 'pTP901', 'RiboJ54', 'R2', 'Lambda', 'Ret0', 'pWphi', 'sPhl_cassette', 'p933W', 'RiboJ54', 'R2', 'Lambda', 'Ret0']
   + ['attB2_NONCE_PAD', 'PBad', 'SarJ', 'R17', 'Wphi', 'DT19', 'PCymRC', 'RiboJ64', 'R13', 'P2', 'DT86', 'pRpa', 'RiboJ69', 'R4', 'TP901', 'RpoC', 'attB7_NONCE_PAD', 'pP2', 'SarJ', 'R17', 'Wphi', 'DT19', 'PCymRC', 'RiboJ60', 'R12', 'P2hd', 'DT56', 'pP2hd', 'PlmJ', 'R9', '933W', 'DT36', 'PBad', 'RiboJ60', 'R12', 'P2hd', 'DT56', 'attB5_NONCE_PAD', 'p933W', 'RiboJ54', 'R2', 'Lambda', 'Ret0', 'pWphi', 'sPhl_cassette', 'pLambda', 'sRpa_cassette', 'pTP901', 'RiboJ54', 'R2', 'Lambda', 'Ret0']
   + ['attB2_NONCE_PAD', 'PBad', 'SarJ', 'R17', 'Wphi', 'DT19', 'PCymRC', 'RiboJ64', 'R13', 'P2', 'DT86', 'pRpa', 'RiboJ69', 'R4', 'TP901', 'RpoC', 'attB7_NONCE_PAD', 'pP2', 'SarJ', 'R17', 'Wphi', 'DT19', 'PCymRC', 'RiboJ60', 'R12', 'P2hd', 'DT56', 'pP2hd', 'PlmJ', 'R9', '933W', 'DT36', 'attB5_NONCE_PAD', 'p933W', 'RiboJ54', 'R2', 'Lambda', 'Ret0', 'pLambda', 'sRpa_cassette', 'pWphi', 'sPhl_cassette', 'PBad', 'RiboJ60', 'R12', 'P2hd', 'DT56', 'pTP901', 'RiboJ54', 'R2', 'Lambda', 'Ret0']

 - SBOL files being generated...
Component.....................54
Sequence......................50
---
Total: .........................104

SBOL XML and related files generated
 - Response plots generated



Thread count: 1
Completion Time: 11.9 seconds
Cello object deleted...

