
////////////////////////////////////////////////////////////////////////////////////////
                                       CELLO V2.1                                       
              temp_6fb4938070684d29829c683007dddd98 + Bth1C1G1T1.UCF.json               
////////////////////////////////////////////////////////////////////////////////////////

new_out: /home/lexo/Desktop/Practica/App/temp_outputs/temp_6fb4938070684d29829c683007dddd98
verilog: temp_6fb4938070684d29829c683007dddd98.v
v_loc: /home/lexo/Desktop/Practica/App/library/verilogs/temp_6fb4938070684d29829c683007dddd98.v
new_in: /home/lexo/Desktop/Practica/App/library/verilogs
new_out: /home/lexo/Desktop/Practica/App/temp_outputs/temp_6fb4938070684d29829c683007dddd98



////////////////////////////////////////////////////////////////////////////////////////
                                 End of Logic Synthesis                                 
////////////////////////////////////////////////////////////////////////////////////////




////////////////////////////////////////////////////////////////////////////////////////
                            condition checks for valid input                            
////////////////////////////////////////////////////////////////////////////////////////


NETLIST:
isvalid: True

INPUTS (including the communication devices): 
num IN-SENSORS in Bth1C1G1T1.UCF.json in-UCF: 3
num IN-STRUCTURES in Bth1C1G1T1.UCF.json in-UCF: 3
num IN-MODELS in Bth1C1G1T1.UCF.json in-UCF: 3
num IN-PARTS in Bth1C1G1T1.UCF.json in-UCF: 3
num IN-NODES in temp_6fb4938070684d29829c683007dddd98 netlist: 3
['BA_sensor', 'IPTG_sensor', 'aTc_sensor']
Valid input match!

OUTPUTS: 
num OUT-SENSORS in Bth1C1G1T1.UCF.json out-UCF: 2
num OUT-STRUCTURES in Bth1C1G1T1.UCF.json out-UCF: 2
num OUT-MODELS in Bth1C1G1T1.UCF.json out-UCF: 2
num OUT-PARTS in Bth1C1G1T1.UCF.json out-UCF: 2
num OUT-NODES in temp_6fb4938070684d29829c683007dddd98 netlist: 2
['nanoluc_reporter', 'nanoluc_reporter_2']
Valid output match!

GATES: 
num PARTS in Bth1C1G1T1.UCF.json UCF: 36
num STRUCTURES in Bth1C1G1T1.UCF.json UCF: 7
num MODELS in Bth1C1G1T1.UCF.json UCF: 7
num GATES in Bth1C1G1T1.UCF.json UCF: 7
num GATE USES: [7, True]
num GATES in temp_6fb4938070684d29829c683007dddd98 netlist: 5
['M1', 'M2', 'M3', 'M4', 'M5', 'M6', 'M7']
['Gate1', 'Gate2', 'Gate3', 'Gate4', 'Gate5', 'Gate6', 'Gate7']
Valid intermediate match!

#30,240 possible permutations for temp_6fb4938070684d29829c683007dddd98.v+Bth1C1G1T1.UCF.json...
(#30,240.0 permutations of UCF gate groups confirmed.)

////////////////////////////////////////////////////////////////////////////////////////
                                End of condition checks                                 
////////////////////////////////////////////////////////////////////////////////////////


Condition check passed? True


////////////////////////////////////////////////////////////////////////////////////////
                               Beginning GATE ASSIGNMENT                                
////////////////////////////////////////////////////////////////////////////////////////


Listing available assignments from UCF: 
['BA_sensor', 'IPTG_sensor', 'aTc_sensor']
['nanoluc_reporter', 'nanoluc_reporter_2']
['M2', 'M3', 'M1', 'M7', 'M6', 'M4', 'M5']

Netlist de-construction: 
[tetR, lacI, iPTG]
[91, 92, 93, 94, 95]
[YFP, BFP]

Netlist requirements: 
need 3 inputs
need 2 outputs
need 5 gates

////////////////////////////////////////////////////////////////////////////////////////
                Running SIMULATED ANNEALING gate-assignment algorithm...                
////////////////////////////////////////////////////////////////////////////////////////

__________________________________________________ #1/1,000 | Best Score: 0.9008208898493953 | Current Score: 0.9008208898493953
__________________________________________________ #2/1,000 | Best Score: 1.1485958864656758 | Current Score: 1.1485958864656758
__________________________________________________ #3/1,000 | Best Score: 1.390578199860222 | Current Score: 1.390578199860222
__________________________________________________ #4/1,000 | Best Score: 1.824163806584095 | Current Score: 1.824163806584095
__________________________________________________ #30/1,000 | Best Score: 1.900793065827339 | Current Score: 1.900793065827339█
__________________________________________________ #31/1,000 | Best Score: 1.995207528562387 | Current Score: 1.995207528562387█


DONE!
Completed: 1,000/1,000 iterations (out of 30,240 possible iterations)
Best Score: 1.995207528562387

////////////////////////////////////////////////////////////////////////////////////////
                                 End of GATE ASSIGNMENT                                 
////////////////////////////////////////////////////////////////////////////////////////





∫ *** DEBUG *** ∫ final result for temp_6fb4938070684d29829c683007dddd98.v+Bth1C1G1T1.UCF.json: 1.995207528562387



∫ *** DEBUG *** ∫ Inputs: [aTc_sensor, BA_sensor, IPTG_sensor], Gates: [M7, M4, M3, M5, M2], Outputs: [nanoluc_reporter, nanoluc_reporter_2]


////////////////////////////////////////////////////////////////////////////////////////
                                        RESULTS                                         
              temp_6fb4938070684d29829c683007dddd98 + Bth1C1G1T1.UCF.json               
////////////////////////////////////////////////////////////////////////////////////////

CIRCUIT DESIGN:
 - Best Design: Inputs: [aTc_sensor, BA_sensor, IPTG_sensor], Gates: [M7, M4, M3, M5, M2], Outputs: [nanoluc_reporter, nanoluc_reporter_2]
 - Best Circuit Score: 1.995207528562387

Inputs ( input response = STATE * (ymax - ymin) + ymin ):
 - ('tetR', 2) input aTc_sensor 2 with ymax: 6.44789857 and ymin: 0.02857148 with max sensor output of [('high', 6.44789857), ('low', 0.02857148)]
 - ('lacI', 3) input BA_sensor 3 with ymax: 1.4801473 and ymin: 0.01346367 with max sensor output of [('high', 1.4801473), ('low', 0.01346367)]
 - ('iPTG', 4) input IPTG_sensor 4 with ymax: 4.29668167 and ymin: 0.02731338 with max sensor output of [('high', 4.29668167), ('low', 0.02731338)]

Gates ( response function = ymin + (ymax - ymin) / (1.0 + (x / K)**n);   input composition = x2 + x1 ):
 - 91 gate NOT M7 w/ inputs [2] and output 7, and best_gate = Gate7
 - 92 gate NOT M4 w/ inputs [3] and output 8, and best_gate = Gate4
 - 93 gate NOT M3 w/ inputs [4] and output 9, and best_gate = Gate3
 - 94 gate NOR M5 w/ inputs [7, 8] and output 6, and best_gate = Gate5
 - 95 gate NOR M2 w/ inputs [9, 6] and output 5, and best_gate = Gate2

Outputs ( unit conversion and/or hill response... ):
 - ('YFP', 5) output nanoluc_reporter 5 with c * x: c = 1.0
 - ('BFP', 6) output nanoluc_reporter_2 6 with c * x: c = 1.0


TRUTH TABLE/GATE SCORING:
+----------------+---------------+-----------------+------------+------------+-------------+--------+--------+--------+--------+
| aTc_sensor_I/O | BA_sensor_I/O | IPTG_sensor_I/O | aTc_sensor | BA_sensor  | IPTG_sensor | M7_I/O | M4_I/O | M3_I/O | M5_I/O |
+----------------+---------------+-----------------+------------+------------+-------------+--------+--------+--------+--------+
| 0              | 0             | 0               | 0.02857148 | 0.01346367 | 0.02731338  | 1      | 1      | 1      | 0      |
| 0              | 0             | 1               | 0.02857148 | 0.01346367 | 4.29668167  | 1      | 1      | 0      | 0      |
| 0              | 1             | 0               | 0.02857148 | 1.4801473  | 0.02731338  | 1      | 0      | 1      | 0      |
| 0              | 1             | 1               | 0.02857148 | 1.4801473  | 4.29668167  | 1      | 0      | 0      | 0      |
| 1              | 0             | 0               | 6.44789857 | 0.01346367 | 0.02731338  | 0      | 1      | 1      | 0      |
| 1              | 0             | 1               | 6.44789857 | 0.01346367 | 4.29668167  | 0      | 1      | 0      | 0      |
| 1              | 1             | 0               | 6.44789857 | 1.4801473  | 0.02731338  | 0      | 0      | 1      | 1      |
| 1              | 1             | 1               | 6.44789857 | 1.4801473  | 4.29668167  | 0      | 0      | 0      | 1      |
+----------------+---------------+-----------------+------------+------------+-------------+--------+--------+--------+--------+
+--------+----------------------+-----------------------+----------------------+---------------------+----------------------+----------------------+------------------------+----------------------+---------------------+
| M2_I/O | M7                   | M4                    | M3                   | M5                  | M2                   | nanoluc_reporter_I/O | nanoluc_reporter_2_I/O | nanoluc_reporter     | nanoluc_reporter_2  |
+--------+----------------------+-----------------------+----------------------+---------------------+----------------------+----------------------+------------------------+----------------------+---------------------+
| 0      | 0.14540466502417387  | 0.13364082920095285   | 0.32181177796010085  | 0.07334034088877676 | 0.01584744670198545  | 0                    | 0                      | 0.01584744670198545  | 0.07334034088877676 |
| 1      | 0.14540466502417387  | 0.13364082920095285   | 0.004743427861532605 | 0.07334034088877676 | 0.053765826040361925 | 1                    | 0                      | 0.053765826040361925 | 0.07334034088877676 |
| 0      | 0.14540466502417387  | 0.0062496856833306035 | 0.32181177796010085  | 0.12568944586674458 | 0.014025674645081618 | 0                    | 0                      | 0.014025674645081618 | 0.12568944586674458 |
| 1      | 0.14540466502417387  | 0.0062496856833306035 | 0.004743427861532605 | 0.12568944586674458 | 0.04018770095253776  | 1                    | 0                      | 0.04018770095253776  | 0.12568944586674458 |
| 0      | 0.004996346937624219 | 0.13364082920095285   | 0.32181177796010085  | 0.1346548667941649  | 0.013752776853464568 | 0                    | 0                      | 0.013752776853464568 | 0.1346548667941649  |
| 1      | 0.004996346937624219 | 0.13364082920095285   | 0.004743427861532605 | 0.1346548667941649  | 0.038421999559345374 | 1                    | 0                      | 0.038421999559345374 | 0.1346548667941649  |
| 0      | 0.004996346937624219 | 0.0062496856833306035 | 0.32181177796010085  | 0.31753954232194465 | 0.009803253378365392 | 0                    | 1                      | 0.009803253378365392 | 0.31753954232194465 |
| 0      | 0.004996346937624219 | 0.0062496856833306035 | 0.004743427861532605 | 0.31753954232194465 | 0.01925714443701488  | 0                    | 1                      | 0.01925714443701488  | 0.31753954232194465 |
+--------+----------------------+-----------------------+----------------------+---------------------+----------------------+----------------------+------------------------+----------------------+---------------------+


∫ *** DEBUG *** ∫ Truth Table (same as before, simpler format):

['aTc_sensor_I/O', 'BA_sensor_I/O', 'IPTG_sensor_I/O', 'aTc_sensor', 'BA_sensor', 'IPTG_sensor', 'M7_I/O', 'M4_I/O', 'M3_I/O', 'M5_I/O', 'M2_I/O', 'M7', 'M4', 'M3', 'M5', 'M2', 'nanoluc_reporter_I/O', 'nanoluc_reporter_2_I/O', 'nanoluc_reporter', 'nanoluc_reporter_2']
[0, 0, 0, 0.02857148, 0.01346367, 0.02731338, 1, 1, 1, 0, 0, 0.14540466502417387, 0.13364082920095285, 0.32181177796010085, 0.07334034088877676, 0.01584744670198545, 0, 0, 0.01584744670198545, 0.07334034088877676]
[0, 0, 1, 0.02857148, 0.01346367, 4.29668167, 1, 1, 0, 0, 1, 0.14540466502417387, 0.13364082920095285, 0.004743427861532605, 0.07334034088877676, 0.053765826040361925, 1, 0, 0.053765826040361925, 0.07334034088877676]
[0, 1, 0, 0.02857148, 1.4801473, 0.02731338, 1, 0, 1, 0, 0, 0.14540466502417387, 0.0062496856833306035, 0.32181177796010085, 0.12568944586674458, 0.014025674645081618, 0, 0, 0.014025674645081618, 0.12568944586674458]
[0, 1, 1, 0.02857148, 1.4801473, 4.29668167, 1, 0, 0, 0, 1, 0.14540466502417387, 0.0062496856833306035, 0.004743427861532605, 0.12568944586674458, 0.04018770095253776, 1, 0, 0.04018770095253776, 0.12568944586674458]
[1, 0, 0, 6.44789857, 0.01346367, 0.02731338, 0, 1, 1, 0, 0, 0.004996346937624219, 0.13364082920095285, 0.32181177796010085, 0.1346548667941649, 0.013752776853464568, 0, 0, 0.013752776853464568, 0.1346548667941649]
[1, 0, 1, 6.44789857, 0.01346367, 4.29668167, 0, 1, 0, 0, 1, 0.004996346937624219, 0.13364082920095285, 0.004743427861532605, 0.1346548667941649, 0.038421999559345374, 1, 0, 0.038421999559345374, 0.1346548667941649]
[1, 1, 0, 6.44789857, 1.4801473, 0.02731338, 0, 0, 1, 1, 0, 0.004996346937624219, 0.0062496856833306035, 0.32181177796010085, 0.31753954232194465, 0.009803253378365392, 0, 1, 0.009803253378365392, 0.31753954232194465]
[1, 1, 1, 6.44789857, 1.4801473, 4.29668167, 0, 0, 0, 1, 0, 0.004996346937624219, 0.0062496856833306035, 0.004743427861532605, 0.31753954232194465, 0.01925714443701488, 0, 1, 0.01925714443701488, 0.31753954232194465]


EUGENE FILES:
 - Eugene object and structs created...
 - Eugene cassettes created...
 - Eugene helpers created...
 - Eugene script written to /home/lexo/Desktop/Practica/App/temp_outputs/temp_6fb4938070684d29829c683007dddd98/temp_6fb4938070684d29829c683007dddd98_Bth1C1G1T1.UCF._eugene.eug

SBOL FILES:
 - Circuit orders selected...
   + ['L1_NONCE_PAD', 'PM2', 'nanoluc_cassette', 'PM5', 'nanoluc_cassette', 'PM5', 'M2', 'ECK120029600', 'PM3', 'M2', 'ECK120029600', 'P_IPTG', 'M3', 'ECK120034435', 'P_BA', 'M4', 'ECK120033736', 'PM7', 'M5', 'ECK125109870', 'P_aTc', 'M7', 'pheA_1', 'PM4', 'M5', 'ECK125109870', 'L2_NONCE_PAD']
   + ['L1_NONCE_PAD', 'PM2', 'nanoluc_cassette', 'PM5', 'nanoluc_cassette', 'PM3', 'M2', 'ECK120029600', 'PM5', 'M2', 'ECK120029600', 'PM4', 'M5', 'ECK125109870', 'P_IPTG', 'M3', 'ECK120034435', 'P_BA', 'M4', 'ECK120033736', 'PM7', 'M5', 'ECK125109870', 'P_aTc', 'M7', 'pheA_1', 'L2_NONCE_PAD']
   + ['L1_NONCE_PAD', 'PM2', 'nanoluc_cassette', 'PM5', 'M2', 'ECK120029600', 'PM3', 'M2', 'ECK120029600', 'P_IPTG', 'M3', 'ECK120034435', 'PM5', 'nanoluc_cassette', 'P_BA', 'M4', 'ECK120033736', 'PM7', 'M5', 'ECK125109870', 'PM4', 'M5', 'ECK125109870', 'P_aTc', 'M7', 'pheA_1', 'L2_NONCE_PAD']
   + ['L1_NONCE_PAD', 'PM2', 'nanoluc_cassette', 'PM5', 'M2', 'ECK120029600', 'PM3', 'M2', 'ECK120029600', 'PM4', 'M5', 'ECK125109870', 'P_IPTG', 'M3', 'ECK120034435', 'P_BA', 'M4', 'ECK120033736', 'PM5', 'nanoluc_cassette', 'PM7', 'M5', 'ECK125109870', 'P_aTc', 'M7', 'pheA_1', 'L2_NONCE_PAD']
   + ['L1_NONCE_PAD', 'PM2', 'nanoluc_cassette', 'PM3', 'M2', 'ECK120029600', 'P_IPTG', 'M3', 'ECK120034435', 'PM5', 'nanoluc_cassette', 'P_BA', 'M4', 'ECK120033736', 'PM7', 'M5', 'ECK125109870', 'PM5', 'M2', 'ECK120029600', 'P_aTc', 'M7', 'pheA_1', 'PM4', 'M5', 'ECK125109870', 'L2_NONCE_PAD']

 - SBOL files being generated...
Component.....................37
Sequence......................34
---
Total: .........................71

SBOL XML and related files generated
 - Response plots generated



Thread count: 1
Completion Time: 4.0 seconds
Archivo Verilog temporal eliminado: temp_6fb4938070684d29829c683007dddd98.v
