
////////////////////////////////////////////////////////////////////////////////////////
                                       CELLO V2.1                                       
              temp_ddf46382c37944ae860116fb4413a91b + Eco1C1G1T1.UCF.json               
////////////////////////////////////////////////////////////////////////////////////////

new_out: /home/lexo/Desktop/Practica/App/temp_outputs/temp_ddf46382c37944ae860116fb4413a91b
verilog: temp_ddf46382c37944ae860116fb4413a91b.v
v_loc: /home/lexo/Desktop/Practica/App/library/verilogs/temp_ddf46382c37944ae860116fb4413a91b.v
new_in: /home/lexo/Desktop/Practica/App/library/verilogs
new_out: /home/lexo/Desktop/Practica/App/temp_outputs/temp_ddf46382c37944ae860116fb4413a91b



////////////////////////////////////////////////////////////////////////////////////////
                                 End of Logic Synthesis                                 
////////////////////////////////////////////////////////////////////////////////////////




////////////////////////////////////////////////////////////////////////////////////////
                            condition checks for valid input                            
////////////////////////////////////////////////////////////////////////////////////////


NETLIST:
isvalid: True

INPUTS (including the communication devices): 
num IN-SENSORS in Eco1C1G1T1.UCF.json in-UCF: 4
num IN-STRUCTURES in Eco1C1G1T1.UCF.json in-UCF: 4
num IN-MODELS in Eco1C1G1T1.UCF.json in-UCF: 4
num IN-PARTS in Eco1C1G1T1.UCF.json in-UCF: 4
num IN-NODES in temp_ddf46382c37944ae860116fb4413a91b netlist: 2
['LacI_sensor', 'TetR_sensor', 'AraC_sensor', 'LuxR_sensor']
Valid input match!

OUTPUTS: 
num OUT-SENSORS in Eco1C1G1T1.UCF.json out-UCF: 3
num OUT-STRUCTURES in Eco1C1G1T1.UCF.json out-UCF: 3
num OUT-MODELS in Eco1C1G1T1.UCF.json out-UCF: 3
num OUT-PARTS in Eco1C1G1T1.UCF.json out-UCF: 3
num OUT-NODES in temp_ddf46382c37944ae860116fb4413a91b netlist: 1
['YFP_reporter', 'YFP_reporter_2', 'YFP_reporter_3']
Valid output match!

GATES: 
num PARTS in Eco1C1G1T1.UCF.json UCF: 84
num STRUCTURES in Eco1C1G1T1.UCF.json UCF: 20
num MODELS in Eco1C1G1T1.UCF.json UCF: 20
num GATES in Eco1C1G1T1.UCF.json UCF: 20
num GATE USES: [12, True]
num GATES in temp_ddf46382c37944ae860116fb4413a91b netlist: 4
['AmeR', 'AmtR', 'BM3R1', 'BetI', 'HlyIIR', 'IcaRA', 'LitR', 'LmrA', 'PhlF', 'PsrA', 'QacR', 'SrpR']
['A1_AmtR', 'B1_BM3R1', 'B2_BM3R1', 'B3_BM3R1', 'E1_BetI', 'F1_AmeR', 'H1_HlyIIR', 'I1_IcaRA', 'L1_LitR', 'N1_LmrA', 'P1_PhlF', 'P2_PhlF', 'P3_PhlF', 'Q1_QacR', 'Q2_QacR', 'R1_PsrA', 'S1_SrpR', 'S2_SrpR', 'S3_SrpR', 'S4_SrpR']
Valid intermediate match!

#427,680 possible permutations for temp_ddf46382c37944ae860116fb4413a91b.v+Eco1C1G1T1.UCF.json...
(#427,680.0 permutations of UCF gate groups confirmed.)

////////////////////////////////////////////////////////////////////////////////////////
                                End of condition checks                                 
////////////////////////////////////////////////////////////////////////////////////////


Condition check passed? True


////////////////////////////////////////////////////////////////////////////////////////
                               Beginning GATE ASSIGNMENT                                
////////////////////////////////////////////////////////////////////////////////////////


Listing available assignments from UCF: 
['LacI_sensor', 'TetR_sensor', 'AraC_sensor', 'LuxR_sensor']
['YFP_reporter', 'YFP_reporter_2', 'YFP_reporter_3']
['LitR', 'BM3R1', 'AmeR', 'PhlF', 'AmtR', 'BetI', 'SrpR', 'HlyIIR', 'LmrA', 'QacR', 'IcaRA', 'PsrA']

Netlist de-construction: 
[TetR, LacI]
[83, 84, 85, 86]
[YFP]

Netlist requirements: 
need 2 inputs
need 1 outputs
need 4 gates

////////////////////////////////////////////////////////////////////////////////////////
                Running SIMULATED ANNEALING gate-assignment algorithm...                
////////////////////////////////////////////////////////////////////////////////////////

__________________________________________________ #1/1,000 | Best Score: 1.0076689841447215 | Current Score: 1.0076689841447215
__________________________________________________ #2/1,000 | Best Score: 20.32029050376266 | Current Score: 20.32029050376266
__________________________________________________ #13/1,000 | Best Score: 30.103092289517278 | Current Score: 30.103092289517278
__________________________________________________ #24/1,000 | Best Score: 153.48493303726104 | Current Score: 153.48493303726104█
__________________________________________________ #25/1,000 | Best Score: 154.50585912614181 | Current Score: 154.50585912614181█
__________________________________________________ #104/1,000 | Best Score: 155.45110842332988 | Current Score: 155.45110842332988█████
__________________________________________________ #155/1,000 | Best Score: 309.93012947210474 | Current Score: 309.93012947210474███████


DONE!
Completed: 1,000/1,000 iterations (out of 427,680 possible iterations)
Best Score: 309.93012947210474

////////////////////////////////////////////////////////////////////////////////////////
                                 End of GATE ASSIGNMENT                                 
////////////////////////////////////////////////////////////////////////////////////////





∫ *** DEBUG *** ∫ final result for temp_ddf46382c37944ae860116fb4413a91b.v+Eco1C1G1T1.UCF.json: 309.93012947210474



∫ *** DEBUG *** ∫ Inputs: [LacI_sensor, TetR_sensor], Gates: [AmtR, IcaRA, BetI, PhlF], Outputs: [YFP_reporter]


////////////////////////////////////////////////////////////////////////////////////////
                                        RESULTS                                         
              temp_ddf46382c37944ae860116fb4413a91b + Eco1C1G1T1.UCF.json               
////////////////////////////////////////////////////////////////////////////////////////

CIRCUIT DESIGN:
 - Best Design: Inputs: [LacI_sensor, TetR_sensor], Gates: [AmtR, IcaRA, BetI, PhlF], Outputs: [YFP_reporter]
 - Best Circuit Score: 309.93012947210474

Inputs ( input response = STATE * (ymax - ymin) + ymin ):
 - ('TetR', 2) input LacI_sensor 2 with ymax: 2.8 and ymin: 0.0034 with max sensor output of [('high', 2.8), ('low', 0.0034)]
 - ('LacI', 3) input TetR_sensor 3 with ymax: 4.4 and ymin: 0.0013 with max sensor output of [('high', 4.4), ('low', 0.0013)]

Gates ( response function = ymin + (ymax - ymin) / (1.0 + (x / K)**n);   input composition = x2 + x1 ):
 - 83 gate NOT AmtR w/ inputs [2] and output 5, and best_gate = A1_AmtR
 - 84 gate NOT IcaRA w/ inputs [3] and output 6, and best_gate = I1_IcaRA
 - 85 gate NOR BetI w/ inputs [5, 6] and output 7, and best_gate = E1_BetI
 - 86 gate NOT PhlF w/ inputs [7] and output 4, and best_gate = P3_PhlF

Outputs ( unit conversion and/or hill response... ):
 - ('YFP', 4) output YFP_reporter 4 with c * x: c = 0.0076


TRUTH TABLE/GATE SCORING:
+-----------------+-----------------+-------------+-------------+----------+-----------+----------+----------+---------------------+---------------------+
| LacI_sensor_I/O | TetR_sensor_I/O | LacI_sensor | TetR_sensor | AmtR_I/O | IcaRA_I/O | BetI_I/O | PhlF_I/O | AmtR                | IcaRA               |
+-----------------+-----------------+-------------+-------------+----------+-----------+----------+----------+---------------------+---------------------+
| 0               | 0               | 0.0034      | 0.0013      | 1        | 1         | 0        | 1        | 3.770646560782609   | 2.195159793664809   |
| 0               | 1               | 0.0034      | 4.4         | 1        | 0         | 0        | 1        | 3.770646560782609   | 0.09055200711832256 |
| 1               | 0               | 2.8         | 0.0013      | 0        | 1         | 0        | 1        | 0.07019506813925781 | 2.195159793664809   |
| 1               | 1               | 2.8         | 4.4         | 0        | 0         | 1        | 0        | 0.07019506813925781 | 0.09055200711832256 |
+-----------------+-----------------+-------------+-------------+----------+-----------+----------+----------+---------------------+---------------------+
+---------------------+----------------------+------------------+------------------------+
| BetI                | PhlF                 | YFP_reporter_I/O | YFP_reporter           |
+---------------------+----------------------+------------------+------------------------+
| 0.0760267315254795  | 6.735746626315111    | 1                | 0.05119167435999484    |
| 0.08707122736743617 | 6.687238031719997    | 1                | 0.050823009041071975   |
| 0.13066547202379886 | 6.222945795346422    | 1                | 0.047294388044632804   |
| 3.4434381402960113  | 0.020078544173636137 | 0                | 0.00015259693571963463 |
+---------------------+----------------------+------------------+------------------------+


∫ *** DEBUG *** ∫ Truth Table (same as before, simpler format):

['LacI_sensor_I/O', 'TetR_sensor_I/O', 'LacI_sensor', 'TetR_sensor', 'AmtR_I/O', 'IcaRA_I/O', 'BetI_I/O', 'PhlF_I/O', 'AmtR', 'IcaRA', 'BetI', 'PhlF', 'YFP_reporter_I/O', 'YFP_reporter']
[0, 0, 0.0034, 0.0013, 1, 1, 0, 1, 3.770646560782609, 2.195159793664809, 0.0760267315254795, 6.735746626315111, 1, 0.05119167435999484]
[0, 1, 0.0034, 4.4, 1, 0, 0, 1, 3.770646560782609, 0.09055200711832256, 0.08707122736743617, 6.687238031719997, 1, 0.050823009041071975]
[1, 0, 2.8, 0.0013, 0, 1, 0, 1, 0.07019506813925781, 2.195159793664809, 0.13066547202379886, 6.222945795346422, 1, 0.047294388044632804]
[1, 1, 2.8, 4.4, 0, 0, 1, 0, 0.07019506813925781, 0.09055200711832256, 3.4434381402960113, 0.020078544173636137, 0, 0.00015259693571963463]


EUGENE FILES:
 - Eugene object and structs created...
 - Eugene cassettes created...
 - Eugene helpers created...
 - Eugene script written to /home/lexo/Desktop/Practica/App/temp_outputs/temp_ddf46382c37944ae860116fb4413a91b/temp_ddf46382c37944ae860116fb4413a91b_Eco1C1G1T1.UCF._eugene.eug

SBOL FILES:
 - Circuit orders selected...
   + ['Loc1_NONCE_PAD', 'Loc2_NONCE_PAD', 'pBetI', 'RiboJ53', 'P3', 'PhlF', 'ECK120033737', 'pAmtR', 'pIcaRA', 'RiboJ57', 'E1', 'BetI', 'L3S3P11', 'pTet', 'ElvJ', 'I1', 'IcaRA', 'ECK120016170', 'pTac', 'BydvJ', 'A1', 'AmtR', 'L3S2P55', 'Loc3_NONCE_PAD', 'pPhlF', 'YFP_cassette']

 - SBOL files being generated...
Component.....................42
Sequence......................38
---
Total: .........................80

SBOL XML and related files generated
 - Response plots generated



Thread count: 1
Completion Time: 1.8 seconds
Cello object deleted...

Temporal verilog file deleted: temp_ddf46382c37944ae860116fb4413a91b.v
Temp file created: temp_56489c3e670f468bafb5b9f63f9ed8a5.v
