
////////////////////////////////////////////////////////////////////////////////////////
                                       CELLO V2.1                                       
              temp_aa165328b6b64b32ba69def6f929caaa + Eco1C1G1T1.UCF.json               
////////////////////////////////////////////////////////////////////////////////////////

new_out: /home/lexo/Desktop/Practica/App/temp_outputs/temp_aa165328b6b64b32ba69def6f929caaa
verilog: temp_aa165328b6b64b32ba69def6f929caaa.v
v_loc: /home/lexo/Desktop/Practica/App/library/verilogs/temp_aa165328b6b64b32ba69def6f929caaa.v
new_in: /home/lexo/Desktop/Practica/App/library/verilogs
new_out: /home/lexo/Desktop/Practica/App/temp_outputs/temp_aa165328b6b64b32ba69def6f929caaa



////////////////////////////////////////////////////////////////////////////////////////
                                 End of Logic Synthesis                                 
////////////////////////////////////////////////////////////////////////////////////////




////////////////////////////////////////////////////////////////////////////////////////
                            condition checks for valid input                            
////////////////////////////////////////////////////////////////////////////////////////


NETLIST:
isvalid: True

INPUTS (including the communication devices): 
num IN-SENSORS in Eco1C1G1T1.UCF.json in-UCF: 4
num IN-STRUCTURES in Eco1C1G1T1.UCF.json in-UCF: 4
num IN-MODELS in Eco1C1G1T1.UCF.json in-UCF: 4
num IN-PARTS in Eco1C1G1T1.UCF.json in-UCF: 4
num IN-NODES in temp_aa165328b6b64b32ba69def6f929caaa netlist: 3
['LacI_sensor', 'TetR_sensor', 'AraC_sensor', 'LuxR_sensor']
Valid input match!

OUTPUTS: 
num OUT-SENSORS in Eco1C1G1T1.UCF.json out-UCF: 3
num OUT-STRUCTURES in Eco1C1G1T1.UCF.json out-UCF: 3
num OUT-MODELS in Eco1C1G1T1.UCF.json out-UCF: 3
num OUT-PARTS in Eco1C1G1T1.UCF.json out-UCF: 3
num OUT-NODES in temp_aa165328b6b64b32ba69def6f929caaa netlist: 1
['YFP_reporter', 'YFP_reporter_2', 'YFP_reporter_3']
Valid output match!

GATES: 
num PARTS in Eco1C1G1T1.UCF.json UCF: 84
num STRUCTURES in Eco1C1G1T1.UCF.json UCF: 20
num MODELS in Eco1C1G1T1.UCF.json UCF: 20
num GATES in Eco1C1G1T1.UCF.json UCF: 20
num GATE USES: [12, True]
num GATES in temp_aa165328b6b64b32ba69def6f929caaa netlist: 4
['AmeR', 'AmtR', 'BM3R1', 'BetI', 'HlyIIR', 'IcaRA', 'LitR', 'LmrA', 'PhlF', 'PsrA', 'QacR', 'SrpR']
['A1_AmtR', 'B1_BM3R1', 'B2_BM3R1', 'B3_BM3R1', 'E1_BetI', 'F1_AmeR', 'H1_HlyIIR', 'I1_IcaRA', 'L1_LitR', 'N1_LmrA', 'P1_PhlF', 'P2_PhlF', 'P3_PhlF', 'Q1_QacR', 'Q2_QacR', 'R1_PsrA', 'S1_SrpR', 'S2_SrpR', 'S3_SrpR', 'S4_SrpR']
Valid intermediate match!

#855,360 possible permutations for temp_aa165328b6b64b32ba69def6f929caaa.v+Eco1C1G1T1.UCF.json...
(#855,360.0 permutations of UCF gate groups confirmed.)

////////////////////////////////////////////////////////////////////////////////////////
                                End of condition checks                                 
////////////////////////////////////////////////////////////////////////////////////////


Condition check passed? True


////////////////////////////////////////////////////////////////////////////////////////
                               Beginning GATE ASSIGNMENT                                
////////////////////////////////////////////////////////////////////////////////////////


Listing available assignments from UCF: 
['LacI_sensor', 'TetR_sensor', 'AraC_sensor', 'LuxR_sensor']
['YFP_reporter', 'YFP_reporter_2', 'YFP_reporter_3']
['SrpR', 'IcaRA', 'AmeR', 'BetI', 'AmtR', 'PsrA', 'HlyIIR', 'PhlF', 'LmrA', 'BM3R1', 'QacR', 'LitR']

Netlist de-construction: 
[TetR, LacL, AHL]
[83, 84, 85, 86]
[YFP]

Netlist requirements: 
need 3 inputs
need 1 outputs
need 4 gates

////////////////////////////////////////////////////////////////////////////////////////
                Running SIMULATED ANNEALING gate-assignment algorithm...                
////////////////////////////////////////////////////////////////////////////////////////

__________________________________________________ #1/1,000 | Best Score: 7.9438445597403256 | Current Score: 7.9438445597403256
__________________________________________________ #2/1,000 | Best Score: 14.26566082988713 | Current Score: 14.26566082988713
__________________________________________________ #7/1,000 | Best Score: 175.1964934443886 | Current Score: 175.1964934443886
__________________________________________________ #36/1,000 | Best Score: 263.42360879906687 | Current Score: 263.42360879906687██
__________________________________________________ #180/1,000 | Best Score: 333.10328810088185 | Current Score: 333.10328810088185█████████


DONE!
Completed: 1,000/1,000 iterations (out of 855,360 possible iterations)
Best Score: 333.10328810088185

////////////////////////////////////////////////////////////////////////////////////////
                                 End of GATE ASSIGNMENT                                 
////////////////////////////////////////////////////////////////////////////////////////





∫ *** DEBUG *** ∫ final result for temp_aa165328b6b64b32ba69def6f929caaa.v+Eco1C1G1T1.UCF.json: 333.10328810088185



∫ *** DEBUG *** ∫ Inputs: [TetR_sensor, AraC_sensor, LacI_sensor], Gates: [HlyIIR, SrpR, AmtR, PhlF], Outputs: [YFP_reporter]


////////////////////////////////////////////////////////////////////////////////////////
                                        RESULTS                                         
              temp_aa165328b6b64b32ba69def6f929caaa + Eco1C1G1T1.UCF.json               
////////////////////////////////////////////////////////////////////////////////////////

CIRCUIT DESIGN:
 - Best Design: Inputs: [TetR_sensor, AraC_sensor, LacI_sensor], Gates: [HlyIIR, SrpR, AmtR, PhlF], Outputs: [YFP_reporter]
 - Best Circuit Score: 333.10328810088185

Inputs ( input response = STATE * (ymax - ymin) + ymin ):
 - ('TetR', 2) input TetR_sensor 2 with ymax: 4.4 and ymin: 0.0013 with max sensor output of [('high', 4.4), ('low', 0.0013)]
 - ('LacL', 3) input AraC_sensor 3 with ymax: 2.5 and ymin: 0.0082 with max sensor output of [('high', 2.5), ('low', 0.0082)]
 - ('AHL', 4) input LacI_sensor 4 with ymax: 2.8 and ymin: 0.0034 with max sensor output of [('high', 2.8), ('low', 0.0034)]

Gates ( response function = ymin + (ymax - ymin) / (1.0 + (x / K)**n);   input composition = x2 + x1 ):
 - 83 gate NOR HlyIIR w/ inputs [2, 3] and output 6, and best_gate = H1_HlyIIR
 - 84 gate NOT SrpR w/ inputs [6] and output 7, and best_gate = S4_SrpR
 - 85 gate NOR AmtR w/ inputs [4, 7] and output 8, and best_gate = A1_AmtR
 - 86 gate NOT PhlF w/ inputs [8] and output 5, and best_gate = P3_PhlF

Outputs ( unit conversion and/or hill response... ):
 - ('YFP', 5) output YFP_reporter 5 with c * x: c = 0.0076


TRUTH TABLE/GATE SCORING:
+-----------------+-----------------+-----------------+-------------+-------------+-------------+------------+----------+----------+----------+
| TetR_sensor_I/O | AraC_sensor_I/O | LacI_sensor_I/O | TetR_sensor | AraC_sensor | LacI_sensor | HlyIIR_I/O | SrpR_I/O | AmtR_I/O | PhlF_I/O |
+-----------------+-----------------+-----------------+-------------+-------------+-------------+------------+----------+----------+----------+
| 0               | 0               | 0               | 0.0013      | 0.0082      | 0.0034      | 1          | 0        | 1        | 0        |
| 0               | 0               | 1               | 0.0013      | 0.0082      | 2.8         | 1          | 0        | 0        | 1        |
| 0               | 1               | 0               | 0.0013      | 2.5         | 0.0034      | 0          | 1        | 0        | 1        |
| 0               | 1               | 1               | 0.0013      | 2.5         | 2.8         | 0          | 1        | 0        | 1        |
| 1               | 0               | 0               | 4.4         | 0.0082      | 0.0034      | 0          | 1        | 0        | 1        |
| 1               | 0               | 1               | 4.4         | 0.0082      | 2.8         | 0          | 1        | 0        | 1        |
| 1               | 1               | 0               | 4.4         | 2.5         | 0.0034      | 0          | 1        | 0        | 1        |
| 1               | 1               | 1               | 4.4         | 2.5         | 2.8         | 0          | 1        | 0        | 1        |
+-----------------+-----------------+-----------------+-------------+-------------+-------------+------------+----------+----------+----------+
+---------------------+----------------------+---------------------+----------------------+------------------+-----------------------+
| HlyIIR              | SrpR                 | AmtR                | PhlF                 | YFP_reporter_I/O | YFP_reporter          |
+---------------------+----------------------+---------------------+----------------------+------------------+-----------------------+
| 2.498993651529199   | 0.007255254749765359 | 3.6246282943564756  | 0.020063325109349314 | 0                | 0.0001524812708310548 |
| 2.498993651529199   | 0.007255254749765359 | 0.07015305711075616 | 6.7540363750427845   | 1                | 0.051330676450325165  |
| 0.07298264254696649 | 1.4871835555293682   | 0.08782372890750857 | 6.683159564161241    | 1                | 0.05079201268762543   |
| 0.07298264254696649 | 1.4871835555293682   | 0.06516360628793966 | 6.766222676968726    | 1                | 0.05142329234496232   |
| 0.07068416993863061 | 1.5252822894240108   | 0.08673041918215763 | 6.689050043634332    | 1                | 0.05083678033162092   |
| 0.07068416993863061 | 1.5252822894240108   | 0.0650911248009991  | 6.766379411470028    | 1                | 0.051424483527172216  |
| 0.07021346164317234 | 1.5330489704583723   | 0.08651608399280424 | 6.690178510259813    | 1                | 0.050845356677974574  |
| 0.07021346164317234 | 1.5330489704583723   | 0.06507655169748615 | 6.76641085797559     | 1                | 0.05142472252061448   |
+---------------------+----------------------+---------------------+----------------------+------------------+-----------------------+


∫ *** DEBUG *** ∫ Truth Table (same as before, simpler format):

['TetR_sensor_I/O', 'AraC_sensor_I/O', 'LacI_sensor_I/O', 'TetR_sensor', 'AraC_sensor', 'LacI_sensor', 'HlyIIR_I/O', 'SrpR_I/O', 'AmtR_I/O', 'PhlF_I/O', 'HlyIIR', 'SrpR', 'AmtR', 'PhlF', 'YFP_reporter_I/O', 'YFP_reporter']
[0, 0, 0, 0.0013, 0.0082, 0.0034, 1, 0, 1, 0, 2.498993651529199, 0.007255254749765359, 3.6246282943564756, 0.020063325109349314, 0, 0.0001524812708310548]
[0, 0, 1, 0.0013, 0.0082, 2.8, 1, 0, 0, 1, 2.498993651529199, 0.007255254749765359, 0.07015305711075616, 6.7540363750427845, 1, 0.051330676450325165]
[0, 1, 0, 0.0013, 2.5, 0.0034, 0, 1, 0, 1, 0.07298264254696649, 1.4871835555293682, 0.08782372890750857, 6.683159564161241, 1, 0.05079201268762543]
[0, 1, 1, 0.0013, 2.5, 2.8, 0, 1, 0, 1, 0.07298264254696649, 1.4871835555293682, 0.06516360628793966, 6.766222676968726, 1, 0.05142329234496232]
[1, 0, 0, 4.4, 0.0082, 0.0034, 0, 1, 0, 1, 0.07068416993863061, 1.5252822894240108, 0.08673041918215763, 6.689050043634332, 1, 0.05083678033162092]
[1, 0, 1, 4.4, 0.0082, 2.8, 0, 1, 0, 1, 0.07068416993863061, 1.5252822894240108, 0.0650911248009991, 6.766379411470028, 1, 0.051424483527172216]
[1, 1, 0, 4.4, 2.5, 0.0034, 0, 1, 0, 1, 0.07021346164317234, 1.5330489704583723, 0.08651608399280424, 6.690178510259813, 1, 0.050845356677974574]
[1, 1, 1, 4.4, 2.5, 2.8, 0, 1, 0, 1, 0.07021346164317234, 1.5330489704583723, 0.06507655169748615, 6.76641085797559, 1, 0.05142472252061448]


EUGENE FILES:
 - Eugene object and structs created...
 - Eugene cassettes created...
 - Eugene helpers created...
 - Eugene script written to /home/lexo/Desktop/Practica/App/temp_outputs/temp_aa165328b6b64b32ba69def6f929caaa/temp_aa165328b6b64b32ba69def6f929caaa_Eco1C1G1T1.UCF._eugene.eug

SBOL FILES:
 - Circuit orders selected...
   + ['Loc1_NONCE_PAD', 'Loc2_NONCE_PAD', 'pAmtR', 'RiboJ53', 'P3', 'PhlF', 'ECK120033737', 'pHlyIIR', 'RiboJ10', 'S4', 'SrpR', 'ECK120029600', 'pTet', 'pBAD', 'RiboJ51', 'H1', 'HlyIIR', 'ECK120033736', 'pTac', 'pSrpR', 'BydvJ', 'A1', 'AmtR', 'L3S2P55', 'Loc3_NONCE_PAD', 'pPhlF', 'YFP_cassette']

 - SBOL files being generated...
Component.....................43
Sequence......................39
---
Total: .........................82

SBOL XML and related files generated
 - Response plots generated



Thread count: 1
Completion Time: 7.6 seconds
Cello object deleted...

Archivo Verilog temporal eliminado: temp_aa165328b6b64b32ba69def6f929caaa.v
