
////////////////////////////////////////////////////////////////////////////////////////
                                       CELLO V2.1                                       
              temp_7ad9dc8622c94e6ca06a7574f1da6bd3 + Eco1C1G1T1.UCF.json               
////////////////////////////////////////////////////////////////////////////////////////

new_out: /home/lexo/Desktop/Practica/App/temp_outputs/temp_7ad9dc8622c94e6ca06a7574f1da6bd3
verilog: temp_7ad9dc8622c94e6ca06a7574f1da6bd3.v
v_loc: /home/lexo/Desktop/Practica/App/library/verilogs/temp_7ad9dc8622c94e6ca06a7574f1da6bd3.v
new_in: /home/lexo/Desktop/Practica/App/library/verilogs
new_out: /home/lexo/Desktop/Practica/App/temp_outputs/temp_7ad9dc8622c94e6ca06a7574f1da6bd3



////////////////////////////////////////////////////////////////////////////////////////
                                 End of Logic Synthesis                                 
////////////////////////////////////////////////////////////////////////////////////////




////////////////////////////////////////////////////////////////////////////////////////
                            condition checks for valid input                            
////////////////////////////////////////////////////////////////////////////////////////


NETLIST:
isvalid: True

INPUTS (including the communication devices): 
num IN-SENSORS in Eco1C1G1T1.UCF.json in-UCF: 4
num IN-STRUCTURES in Eco1C1G1T1.UCF.json in-UCF: 4
num IN-MODELS in Eco1C1G1T1.UCF.json in-UCF: 4
num IN-PARTS in Eco1C1G1T1.UCF.json in-UCF: 4
num IN-NODES in temp_7ad9dc8622c94e6ca06a7574f1da6bd3 netlist: 2
['LacI_sensor', 'TetR_sensor', 'AraC_sensor', 'LuxR_sensor']
Valid input match!

OUTPUTS: 
num OUT-SENSORS in Eco1C1G1T1.UCF.json out-UCF: 3
num OUT-STRUCTURES in Eco1C1G1T1.UCF.json out-UCF: 3
num OUT-MODELS in Eco1C1G1T1.UCF.json out-UCF: 3
num OUT-PARTS in Eco1C1G1T1.UCF.json out-UCF: 3
num OUT-NODES in temp_7ad9dc8622c94e6ca06a7574f1da6bd3 netlist: 1
['YFP_reporter', 'YFP_reporter_2', 'YFP_reporter_3']
Valid output match!

GATES: 
num PARTS in Eco1C1G1T1.UCF.json UCF: 84
num STRUCTURES in Eco1C1G1T1.UCF.json UCF: 20
num MODELS in Eco1C1G1T1.UCF.json UCF: 20
num GATES in Eco1C1G1T1.UCF.json UCF: 20
num GATE USES: [12, True]
num GATES in temp_7ad9dc8622c94e6ca06a7574f1da6bd3 netlist: 3
['AmeR', 'AmtR', 'BM3R1', 'BetI', 'HlyIIR', 'IcaRA', 'LitR', 'LmrA', 'PhlF', 'PsrA', 'QacR', 'SrpR']
['A1_AmtR', 'B1_BM3R1', 'B2_BM3R1', 'B3_BM3R1', 'E1_BetI', 'F1_AmeR', 'H1_HlyIIR', 'I1_IcaRA', 'L1_LitR', 'N1_LmrA', 'P1_PhlF', 'P2_PhlF', 'P3_PhlF', 'Q1_QacR', 'Q2_QacR', 'R1_PsrA', 'S1_SrpR', 'S2_SrpR', 'S3_SrpR', 'S4_SrpR']
Valid intermediate match!

#47,520 possible permutations for temp_7ad9dc8622c94e6ca06a7574f1da6bd3.v+Eco1C1G1T1.UCF.json...
(#47,520.0 permutations of UCF gate groups confirmed.)

////////////////////////////////////////////////////////////////////////////////////////
                                End of condition checks                                 
////////////////////////////////////////////////////////////////////////////////////////


Condition check passed? True


////////////////////////////////////////////////////////////////////////////////////////
                               Beginning GATE ASSIGNMENT                                
////////////////////////////////////////////////////////////////////////////////////////


Listing available assignments from UCF: 
['LacI_sensor', 'TetR_sensor', 'AraC_sensor', 'LuxR_sensor']
['YFP_reporter', 'YFP_reporter_2', 'YFP_reporter_3']
['SrpR', 'AmtR', 'HlyIIR', 'BM3R1', 'PhlF', 'LmrA', 'PsrA', 'BetI', 'AmeR', 'QacR', 'LitR', 'IcaRA']

Netlist de-construction: 
[A, B]
[81, 82, 83]
[Y]

Netlist requirements: 
need 2 inputs
need 1 outputs
need 3 gates

////////////////////////////////////////////////////////////////////////////////////////
                Running SIMULATED ANNEALING gate-assignment algorithm...                
////////////////////////////////////////////////////////////////////////////////////////

__________________________________________________ #1/1,000 | Best Score: 5.907403433918801 | Current Score: 5.907403433918801
__________________________________________________ #2/1,000 | Best Score: 11.332971907540374 | Current Score: 11.332971907540374
__________________________________________________ #3/1,000 | Best Score: 27.961773429140493 | Current Score: 27.961773429140493
__________________________________________________ #26/1,000 | Best Score: 77.68231410243318 | Current Score: 77.68231410243318█
__________________________________________________ #48/1,000 | Best Score: 89.65505079860353 | Current Score: 89.65505079860353██
__________________________________________________ #106/1,000 | Best Score: 113.61957146720272 | Current Score: 113.61957146720272█████
__________________________________________________ #107/1,000 | Best Score: 116.54239169069407 | Current Score: 116.54239169069407█████
__________________________________________________ #120/1,000 | Best Score: 126.50212919247981 | Current Score: 126.50212919247981██████
__________________________________________________ #144/1,000 | Best Score: 251.83298930723006 | Current Score: 251.83298930723006███████
__________________________________________________ #260/1,000 | Best Score: 294.1185697811838 | Current Score: 294.1185697811838█████████████
__________________________________________________ #312/1,000 | Best Score: 328.3203549971656 | Current Score: 328.3203549971656███████████████
__________________________________________________ #630/1,000 | Best Score: 330.05007500852474 | Current Score: 330.05007500852474███████████████████████████████


DONE!
Completed: 1,000/1,000 iterations (out of 47,520 possible iterations)
Best Score: 330.05007500852474

////////////////////////////////////////////////////////////////////////////////////////
                                 End of GATE ASSIGNMENT                                 
////////////////////////////////////////////////////////////////////////////////////////





∫ *** DEBUG *** ∫ final result for temp_7ad9dc8622c94e6ca06a7574f1da6bd3.v+Eco1C1G1T1.UCF.json: 330.05007500852474



∫ *** DEBUG *** ∫ Inputs: [AraC_sensor, LacI_sensor], Gates: [QacR, SrpR, PhlF], Outputs: [YFP_reporter_2]


////////////////////////////////////////////////////////////////////////////////////////
                                        RESULTS                                         
              temp_7ad9dc8622c94e6ca06a7574f1da6bd3 + Eco1C1G1T1.UCF.json               
////////////////////////////////////////////////////////////////////////////////////////

CIRCUIT DESIGN:
 - Best Design: Inputs: [AraC_sensor, LacI_sensor], Gates: [QacR, SrpR, PhlF], Outputs: [YFP_reporter_2]
 - Best Circuit Score: 330.05007500852474

Inputs ( input response = STATE * (ymax - ymin) + ymin ):
 - ('A', 2) input AraC_sensor 2 with ymax: 2.5 and ymin: 0.0082 with max sensor output of [('high', 2.5), ('low', 0.0082)]
 - ('B', 3) input LacI_sensor 3 with ymax: 2.8 and ymin: 0.0034 with max sensor output of [('high', 2.8), ('low', 0.0034)]

Gates ( response function = ymin + (ymax - ymin) / (1.0 + (x / K)**n);   input composition = x2 + x1 ):
 - 81 gate NOT QacR w/ inputs [2] and output 5, and best_gate = Q2_QacR
 - 82 gate NOT SrpR w/ inputs [3] and output 6, and best_gate = S4_SrpR
 - 83 gate NOR PhlF w/ inputs [5, 6] and output 4, and best_gate = P3_PhlF

Outputs ( unit conversion and/or hill response... ):
 - ('Y', 4) output YFP_reporter_2 4 with c * x: c = 0.0076


TRUTH TABLE/GATE SCORING:
+-----------------+-----------------+-------------+-------------+----------+----------+----------+----------------------+----------------------+----------------------+
| AraC_sensor_I/O | LacI_sensor_I/O | AraC_sensor | LacI_sensor | QacR_I/O | SrpR_I/O | PhlF_I/O | QacR                 | SrpR                 | PhlF                 |
+-----------------+-----------------+-------------+-------------+----------+----------+----------+----------------------+----------------------+----------------------+
| 0               | 0               | 0.0082      | 0.0034      | 1        | 1        | 0        | 2.798846212649772    | 2.0998382379547302   | 0.020017871117344384 |
| 0               | 1               | 0.0082      | 2.8         | 1        | 0        | 0        | 2.798846212649772    | 0.007185647120465754 | 0.020185560617235566 |
| 1               | 0               | 2.5         | 0.0034      | 0        | 1        | 0        | 0.037237919908157474 | 2.0998382379547302   | 0.020582378458638684 |
| 1               | 1               | 2.5         | 2.8         | 0        | 0        | 1        | 0.037237919908157474 | 0.007185647120465754 | 6.793215554127541    |
+-----------------+-----------------+-------------+-------------+----------+----------+----------+----------------------+----------------------+----------------------+
+--------------------+------------------------+
| YFP_reporter_2_I/O | YFP_reporter_2         |
+--------------------+------------------------+
| 0                  | 0.0001521358204918173  |
| 0                  | 0.00015341026069099032 |
| 0                  | 0.000156426076285654   |
| 1                  | 0.05162843821136931    |
+--------------------+------------------------+


∫ *** DEBUG *** ∫ Truth Table (same as before, simpler format):

['AraC_sensor_I/O', 'LacI_sensor_I/O', 'AraC_sensor', 'LacI_sensor', 'QacR_I/O', 'SrpR_I/O', 'PhlF_I/O', 'QacR', 'SrpR', 'PhlF', 'YFP_reporter_2_I/O', 'YFP_reporter_2']
[0, 0, 0.0082, 0.0034, 1, 1, 0, 2.798846212649772, 2.0998382379547302, 0.020017871117344384, 0, 0.0001521358204918173]
[0, 1, 0.0082, 2.8, 1, 0, 0, 2.798846212649772, 0.007185647120465754, 0.020185560617235566, 0, 0.00015341026069099032]
[1, 0, 2.5, 0.0034, 0, 1, 0, 0.037237919908157474, 2.0998382379547302, 0.020582378458638684, 0, 0.000156426076285654]
[1, 1, 2.5, 2.8, 0, 0, 1, 0.037237919908157474, 0.007185647120465754, 6.793215554127541, 1, 0.05162843821136931]


EUGENE FILES:
 - Eugene object and structs created...
 - Eugene cassettes created...
 - Eugene helpers created...
 - Eugene script written to /home/lexo/Desktop/Practica/App/temp_outputs/temp_7ad9dc8622c94e6ca06a7574f1da6bd3/temp_7ad9dc8622c94e6ca06a7574f1da6bd3_Eco1C1G1T1.UCF._eugene.eug

SBOL FILES:
 - Circuit orders selected...
   + ['Loc1_NONCE_PAD', 'Loc2_NONCE_PAD', 'pQacR', 'pSrpR', 'RiboJ53', 'P3', 'PhlF', 'ECK120033737', 'pTac', 'RiboJ10', 'S4', 'SrpR', 'ECK120029600', 'pBAD', 'RiboJ60', 'Q2', 'QacR', 'ECK120010818', 'pPhlF', 'YFP_cassette', 'Loc3_NONCE_PAD']
   + ['Loc1_NONCE_PAD', 'Loc2_NONCE_PAD', 'pQacR', 'pSrpR', 'RiboJ53', 'P3', 'PhlF', 'ECK120033737', 'pTac', 'RiboJ10', 'S4', 'SrpR', 'ECK120029600', 'pBAD', 'RiboJ60', 'Q2', 'QacR', 'ECK120010818', 'Loc3_NONCE_PAD', 'pPhlF', 'YFP_cassette']
   + ['Loc1_NONCE_PAD', 'Loc2_NONCE_PAD', 'pQacR', 'pSrpR', 'RiboJ53', 'P3', 'PhlF', 'ECK120033737', 'pTac', 'RiboJ10', 'S4', 'SrpR', 'ECK120029600', 'pPhlF', 'YFP_cassette', 'pBAD', 'RiboJ60', 'Q2', 'QacR', 'ECK120010818', 'Loc3_NONCE_PAD']
   + ['Loc1_NONCE_PAD', 'Loc2_NONCE_PAD', 'pQacR', 'pSrpR', 'RiboJ53', 'P3', 'PhlF', 'ECK120033737', 'pPhlF', 'YFP_cassette', 'pTac', 'RiboJ10', 'S4', 'SrpR', 'ECK120029600', 'pBAD', 'RiboJ60', 'Q2', 'QacR', 'ECK120010818', 'Loc3_NONCE_PAD']
   + ['Loc1_NONCE_PAD', 'Loc2_NONCE_PAD', 'pPhlF', 'YFP_cassette', 'pQacR', 'pSrpR', 'RiboJ53', 'P3', 'PhlF', 'ECK120033737', 'pTac', 'RiboJ10', 'S4', 'SrpR', 'ECK120029600', 'pBAD', 'RiboJ60', 'Q2', 'QacR', 'ECK120010818', 'Loc3_NONCE_PAD']

 - SBOL files being generated...
Component.....................37
Sequence......................33
---
Total: .........................70

SBOL XML and related files generated
 - Response plots generated



Thread count: 1
Completion Time: 5.6 seconds
Cello object deleted...

Archivo Verilog temporal eliminado: temp_7ad9dc8622c94e6ca06a7574f1da6bd3.v
