
////////////////////////////////////////////////////////////////////////////////////////
                                       CELLO V2.1                                       
              temp_981ab3ec82274dbc923915e45c56308e + Eco1C1G1T1.UCF.json               
////////////////////////////////////////////////////////////////////////////////////////

new_out: /home/lexo/Desktop/Practica/App/temp_outputs/temp_981ab3ec82274dbc923915e45c56308e
verilog: temp_981ab3ec82274dbc923915e45c56308e.v
v_loc: /home/lexo/Desktop/Practica/App/library/verilogs/temp_981ab3ec82274dbc923915e45c56308e.v
new_in: /home/lexo/Desktop/Practica/App/library/verilogs
new_out: /home/lexo/Desktop/Practica/App/temp_outputs/temp_981ab3ec82274dbc923915e45c56308e



////////////////////////////////////////////////////////////////////////////////////////
                                 End of Logic Synthesis                                 
////////////////////////////////////////////////////////////////////////////////////////




////////////////////////////////////////////////////////////////////////////////////////
                            condition checks for valid input                            
////////////////////////////////////////////////////////////////////////////////////////


NETLIST:
isvalid: True

INPUTS (including the communication devices): 
num IN-SENSORS in Eco1C1G1T1.UCF.json in-UCF: 4
num IN-STRUCTURES in Eco1C1G1T1.UCF.json in-UCF: 4
num IN-MODELS in Eco1C1G1T1.UCF.json in-UCF: 4
num IN-PARTS in Eco1C1G1T1.UCF.json in-UCF: 4
num IN-NODES in temp_981ab3ec82274dbc923915e45c56308e netlist: 3
['LacI_sensor', 'TetR_sensor', 'AraC_sensor', 'LuxR_sensor']
Valid input match!

OUTPUTS: 
num OUT-SENSORS in Eco1C1G1T1.UCF.json out-UCF: 3
num OUT-STRUCTURES in Eco1C1G1T1.UCF.json out-UCF: 3
num OUT-MODELS in Eco1C1G1T1.UCF.json out-UCF: 3
num OUT-PARTS in Eco1C1G1T1.UCF.json out-UCF: 3
num OUT-NODES in temp_981ab3ec82274dbc923915e45c56308e netlist: 1
['YFP_reporter', 'YFP_reporter_2', 'YFP_reporter_3']
Valid output match!

GATES: 
num PARTS in Eco1C1G1T1.UCF.json UCF: 84
num STRUCTURES in Eco1C1G1T1.UCF.json UCF: 20
num MODELS in Eco1C1G1T1.UCF.json UCF: 20
num GATES in Eco1C1G1T1.UCF.json UCF: 20
num GATE USES: [12, True]
num GATES in temp_981ab3ec82274dbc923915e45c56308e netlist: 6
['AmeR', 'AmtR', 'BM3R1', 'BetI', 'HlyIIR', 'IcaRA', 'LitR', 'LmrA', 'PhlF', 'PsrA', 'QacR', 'SrpR']
['A1_AmtR', 'B1_BM3R1', 'B2_BM3R1', 'B3_BM3R1', 'E1_BetI', 'F1_AmeR', 'H1_HlyIIR', 'I1_IcaRA', 'L1_LitR', 'N1_LmrA', 'P1_PhlF', 'P2_PhlF', 'P3_PhlF', 'Q1_QacR', 'Q2_QacR', 'R1_PsrA', 'S1_SrpR', 'S2_SrpR', 'S3_SrpR', 'S4_SrpR']
Valid intermediate match!

#47,900,160 possible permutations for temp_981ab3ec82274dbc923915e45c56308e.v+Eco1C1G1T1.UCF.json...
(#47,900,160.0 permutations of UCF gate groups confirmed.)

////////////////////////////////////////////////////////////////////////////////////////
                                End of condition checks                                 
////////////////////////////////////////////////////////////////////////////////////////


Condition check passed? True


////////////////////////////////////////////////////////////////////////////////////////
                               Beginning GATE ASSIGNMENT                                
////////////////////////////////////////////////////////////////////////////////////////


Listing available assignments from UCF: 
['LacI_sensor', 'TetR_sensor', 'AraC_sensor', 'LuxR_sensor']
['YFP_reporter', 'YFP_reporter_2', 'YFP_reporter_3']
['LitR', 'QacR', 'HlyIIR', 'PhlF', 'LmrA', 'BM3R1', 'IcaRA', 'BetI', 'PsrA', 'AmtR', 'AmeR', 'SrpR']

Netlist de-construction: 
[A, B, C]
[83, 84, 85, 86, 87, 88]
[Y]

Netlist requirements: 
need 3 inputs
need 1 outputs
need 6 gates

////////////////////////////////////////////////////////////////////////////////////////
                Running SIMULATED ANNEALING gate-assignment algorithm...                
////////////////////////////////////////////////////////////////////////////////////////

__________________________________________________ #1/1,000 | Best Score: 1.1273097223084105 | Current Score: 1.1273097223084105
__________________________________________________ #2/1,000 | Best Score: 5.370305073952464 | Current Score: 5.370305073952464
__________________________________________________ #3/1,000 | Best Score: 6.979641164488841 | Current Score: 6.979641164488841
__________________________________________________ #15/1,000 | Best Score: 37.003830563115706 | Current Score: 37.003830563115706
__________________________________________________ #29/1,000 | Best Score: 164.7960629276468 | Current Score: 164.7960629276468█
__________________________________________________ #344/1,000 | Best Score: 200.8000975211778 | Current Score: 200.8000975211778█████████████████
__________________________________________________ #368/1,000 | Best Score: 224.5096410580174 | Current Score: 224.5096410580174██████████████████
__________________________________________________ #615/1,000 | Best Score: 255.8530525398673 | Current Score: 255.8530525398673██████████████████████████████


DONE!
Completed: 1,000/1,000 iterations (out of 47,900,160 possible iterations)
Best Score: 255.8530525398673

////////////////////////////////////////////////////////////////////////////////////////
                                 End of GATE ASSIGNMENT                                 
////////////////////////////////////////////////////////////////////////////////////////





∫ *** DEBUG *** ∫ final result for temp_981ab3ec82274dbc923915e45c56308e.v+Eco1C1G1T1.UCF.json: 255.8530525398673



∫ *** DEBUG *** ∫ Inputs: [LacI_sensor, TetR_sensor, AraC_sensor], Gates: [AmtR, BetI, QacR, IcaRA, SrpR, PhlF], Outputs: [YFP_reporter_3]


////////////////////////////////////////////////////////////////////////////////////////
                                        RESULTS                                         
              temp_981ab3ec82274dbc923915e45c56308e + Eco1C1G1T1.UCF.json               
////////////////////////////////////////////////////////////////////////////////////////

CIRCUIT DESIGN:
 - Best Design: Inputs: [LacI_sensor, TetR_sensor, AraC_sensor], Gates: [AmtR, BetI, QacR, IcaRA, SrpR, PhlF], Outputs: [YFP_reporter_3]
 - Best Circuit Score: 255.8530525398673

Inputs ( input response = STATE * (ymax - ymin) + ymin ):
 - ('A', 2) input LacI_sensor 2 with ymax: 2.8 and ymin: 0.0034 with max sensor output of [('high', 2.8), ('low', 0.0034)]
 - ('B', 3) input TetR_sensor 3 with ymax: 4.4 and ymin: 0.0013 with max sensor output of [('high', 4.4), ('low', 0.0013)]
 - ('C', 4) input AraC_sensor 4 with ymax: 2.5 and ymin: 0.0082 with max sensor output of [('high', 2.5), ('low', 0.0082)]

Gates ( response function = ymin + (ymax - ymin) / (1.0 + (x / K)**n);   input composition = x2 + x1 ):
 - 83 gate NOT AmtR w/ inputs [2] and output 6, and best_gate = A1_AmtR
 - 84 gate NOT BetI w/ inputs [3] and output 7, and best_gate = E1_BetI
 - 85 gate NOT QacR w/ inputs [4] and output 8, and best_gate = Q2_QacR
 - 86 gate NOR IcaRA w/ inputs [6, 7] and output 9, and best_gate = I1_IcaRA
 - 87 gate NOT SrpR w/ inputs [9] and output 10, and best_gate = S4_SrpR
 - 88 gate NOR PhlF w/ inputs [8, 10] and output 5, and best_gate = P3_PhlF

Outputs ( unit conversion and/or hill response... ):
 - ('Y', 5) output YFP_reporter_3 5 with c * x: c = 0.0076


TRUTH TABLE/GATE SCORING:
+-----------------+-----------------+-----------------+-------------+-------------+-------------+----------+----------+----------+-----------+
| LacI_sensor_I/O | TetR_sensor_I/O | AraC_sensor_I/O | LacI_sensor | TetR_sensor | AraC_sensor | AmtR_I/O | BetI_I/O | QacR_I/O | IcaRA_I/O |
+-----------------+-----------------+-----------------+-------------+-------------+-------------+----------+----------+----------+-----------+
| 0               | 0               | 0               | 0.0034      | 0.0013      | 0.0082      | 1        | 1        | 1        | 0         |
| 0               | 0               | 1               | 0.0034      | 0.0013      | 2.5         | 1        | 1        | 0        | 0         |
| 0               | 1               | 0               | 0.0034      | 4.4         | 0.0082      | 1        | 0        | 1        | 0         |
| 0               | 1               | 1               | 0.0034      | 4.4         | 2.5         | 1        | 0        | 0        | 0         |
| 1               | 0               | 0               | 2.8         | 0.0013      | 0.0082      | 0        | 1        | 1        | 0         |
| 1               | 0               | 1               | 2.8         | 0.0013      | 2.5         | 0        | 1        | 0        | 0         |
| 1               | 1               | 0               | 2.8         | 4.4         | 0.0082      | 0        | 0        | 1        | 1         |
| 1               | 1               | 1               | 2.8         | 4.4         | 2.5         | 0        | 0        | 0        | 1         |
+-----------------+-----------------+-----------------+-------------+-------------+-------------+----------+----------+----------+-----------+
+----------+----------+---------------------+---------------------+----------------------+---------------------+----------------------+----------------------+--------------------+------------------------+
| SrpR_I/O | PhlF_I/O | AmtR                | BetI                | QacR                 | IcaRA               | SrpR                 | PhlF                 | YFP_reporter_3_I/O | YFP_reporter_3         |
+----------+----------+---------------------+---------------------+----------------------+---------------------+----------------------+----------------------+--------------------+------------------------+
| 1        | 0        | 3.770646560782609   | 3.7999962460266588  | 2.798846212649772    | 0.08494919931922296 | 1.2884129368088137   | 0.02003823569795885  | 0                  | 0.00015229059130448725 |
| 1        | 0        | 3.770646560782609   | 3.7999962460266588  | 0.037237919908157474 | 0.08494919931922296 | 1.2884129368088137   | 0.02432520808228015  | 0                  | 0.00018487158142532913 |
| 1        | 0        | 3.770646560782609   | 0.08249242339233957 | 2.798846212649772    | 0.09269366778557857 | 1.1642410156584417   | 0.0200435253794015   | 0                  | 0.00015233079288345139 |
| 1        | 0        | 3.770646560782609   | 0.08249242339233957 | 0.037237919908157474 | 0.09269366778557857 | 1.1642410156584417   | 0.026535215480667458 | 0                  | 0.00020166763765307267 |
| 1        | 0        | 0.07019506813925781 | 3.7999962460266588  | 2.798846212649772    | 0.09261590154891579 | 1.1654567695979499   | 0.0200434693449902   | 0                  | 0.00015233036702192552 |
| 1        | 0        | 0.07019506813925781 | 3.7999962460266588  | 0.037237919908157474 | 0.09261590154891579 | 1.1654567695979499   | 0.026507540967576487 | 0                  | 0.0002014573113535813  |
| 0        | 0        | 0.07019506813925781 | 0.08249242339233957 | 2.798846212649772    | 0.8348442580212618  | 0.012484466842500196 | 0.020184096146642655 | 0                  | 0.00015339913071448419 |
| 0        | 1        | 0.07019506813925781 | 0.08249242339233957 | 0.037237919908157474 | 0.8348442580212618  | 0.012484466842500196 | 6.789115880531911    | 1                  | 0.05159728069204252    |
+----------+----------+---------------------+---------------------+----------------------+---------------------+----------------------+----------------------+--------------------+------------------------+


∫ *** DEBUG *** ∫ Truth Table (same as before, simpler format):

['LacI_sensor_I/O', 'TetR_sensor_I/O', 'AraC_sensor_I/O', 'LacI_sensor', 'TetR_sensor', 'AraC_sensor', 'AmtR_I/O', 'BetI_I/O', 'QacR_I/O', 'IcaRA_I/O', 'SrpR_I/O', 'PhlF_I/O', 'AmtR', 'BetI', 'QacR', 'IcaRA', 'SrpR', 'PhlF', 'YFP_reporter_3_I/O', 'YFP_reporter_3']
[0, 0, 0, 0.0034, 0.0013, 0.0082, 1, 1, 1, 0, 1, 0, 3.770646560782609, 3.7999962460266588, 2.798846212649772, 0.08494919931922296, 1.2884129368088137, 0.02003823569795885, 0, 0.00015229059130448725]
[0, 0, 1, 0.0034, 0.0013, 2.5, 1, 1, 0, 0, 1, 0, 3.770646560782609, 3.7999962460266588, 0.037237919908157474, 0.08494919931922296, 1.2884129368088137, 0.02432520808228015, 0, 0.00018487158142532913]
[0, 1, 0, 0.0034, 4.4, 0.0082, 1, 0, 1, 0, 1, 0, 3.770646560782609, 0.08249242339233957, 2.798846212649772, 0.09269366778557857, 1.1642410156584417, 0.0200435253794015, 0, 0.00015233079288345139]
[0, 1, 1, 0.0034, 4.4, 2.5, 1, 0, 0, 0, 1, 0, 3.770646560782609, 0.08249242339233957, 0.037237919908157474, 0.09269366778557857, 1.1642410156584417, 0.026535215480667458, 0, 0.00020166763765307267]
[1, 0, 0, 2.8, 0.0013, 0.0082, 0, 1, 1, 0, 1, 0, 0.07019506813925781, 3.7999962460266588, 2.798846212649772, 0.09261590154891579, 1.1654567695979499, 0.0200434693449902, 0, 0.00015233036702192552]
[1, 0, 1, 2.8, 0.0013, 2.5, 0, 1, 0, 0, 1, 0, 0.07019506813925781, 3.7999962460266588, 0.037237919908157474, 0.09261590154891579, 1.1654567695979499, 0.026507540967576487, 0, 0.0002014573113535813]
[1, 1, 0, 2.8, 4.4, 0.0082, 0, 0, 1, 1, 0, 0, 0.07019506813925781, 0.08249242339233957, 2.798846212649772, 0.8348442580212618, 0.012484466842500196, 0.020184096146642655, 0, 0.00015339913071448419]
[1, 1, 1, 2.8, 4.4, 2.5, 0, 0, 0, 1, 0, 1, 0.07019506813925781, 0.08249242339233957, 0.037237919908157474, 0.8348442580212618, 0.012484466842500196, 6.789115880531911, 1, 0.05159728069204252]


EUGENE FILES:
 - Eugene object and structs created...
 - Eugene cassettes created...
 - Eugene helpers created...
 - Eugene script written to /home/lexo/Desktop/Practica/App/temp_outputs/temp_981ab3ec82274dbc923915e45c56308e/temp_981ab3ec82274dbc923915e45c56308e_Eco1C1G1T1.UCF._eugene.eug

SBOL FILES:
 - Circuit orders selected...
   + ['Loc1_NONCE_PAD', 'Loc2_NONCE_PAD', 'pQacR', 'pSrpR', 'RiboJ53', 'P3', 'PhlF', 'ECK120033737', 'pIcaRA', 'RiboJ10', 'S4', 'SrpR', 'ECK120029600', 'pTet', 'RiboJ57', 'E1', 'BetI', 'L3S3P11', 'pAmtR', 'pBetI', 'ElvJ', 'I1', 'IcaRA', 'ECK120016170', 'pPhlF', 'YFP_cassette', 'pBAD', 'RiboJ60', 'Q2', 'QacR', 'ECK120010818', 'pTac', 'BydvJ', 'A1', 'AmtR', 'L3S2P55', 'Loc3_NONCE_PAD']
   + ['Loc1_NONCE_PAD', 'Loc2_NONCE_PAD', 'pQacR', 'pSrpR', 'RiboJ53', 'P3', 'PhlF', 'ECK120033737', 'pIcaRA', 'RiboJ10', 'S4', 'SrpR', 'ECK120029600', 'pTet', 'RiboJ57', 'E1', 'BetI', 'L3S3P11', 'pAmtR', 'pBetI', 'ElvJ', 'I1', 'IcaRA', 'ECK120016170', 'pBAD', 'RiboJ60', 'Q2', 'QacR', 'ECK120010818', 'pPhlF', 'YFP_cassette', 'pTac', 'BydvJ', 'A1', 'AmtR', 'L3S2P55', 'Loc3_NONCE_PAD']
   + ['Loc1_NONCE_PAD', 'Loc2_NONCE_PAD', 'pQacR', 'pSrpR', 'RiboJ53', 'P3', 'PhlF', 'ECK120033737', 'pIcaRA', 'RiboJ10', 'S4', 'SrpR', 'ECK120029600', 'pTet', 'RiboJ57', 'E1', 'BetI', 'L3S3P11', 'pAmtR', 'pBetI', 'ElvJ', 'I1', 'IcaRA', 'ECK120016170', 'pBAD', 'RiboJ60', 'Q2', 'QacR', 'ECK120010818', 'pTac', 'BydvJ', 'A1', 'AmtR', 'L3S2P55', 'pPhlF', 'YFP_cassette', 'Loc3_NONCE_PAD']
   + ['Loc1_NONCE_PAD', 'Loc2_NONCE_PAD', 'pQacR', 'pSrpR', 'RiboJ53', 'P3', 'PhlF', 'ECK120033737', 'pIcaRA', 'RiboJ10', 'S4', 'SrpR', 'ECK120029600', 'pTet', 'RiboJ57', 'E1', 'BetI', 'L3S3P11', 'pPhlF', 'YFP_cassette', 'pAmtR', 'pBetI', 'ElvJ', 'I1', 'IcaRA', 'ECK120016170', 'pBAD', 'RiboJ60', 'Q2', 'QacR', 'ECK120010818', 'pTac', 'BydvJ', 'A1', 'AmtR', 'L3S2P55', 'Loc3_NONCE_PAD']
   + ['Loc1_NONCE_PAD', 'Loc2_NONCE_PAD', 'pQacR', 'pSrpR', 'RiboJ53', 'P3', 'PhlF', 'ECK120033737', 'pPhlF', 'YFP_cassette', 'pIcaRA', 'RiboJ10', 'S4', 'SrpR', 'ECK120029600', 'pTet', 'RiboJ57', 'E1', 'BetI', 'L3S3P11', 'pAmtR', 'pBetI', 'ElvJ', 'I1', 'IcaRA', 'ECK120016170', 'pBAD', 'RiboJ60', 'Q2', 'QacR', 'ECK120010818', 'pTac', 'BydvJ', 'A1', 'AmtR', 'L3S2P55', 'Loc3_NONCE_PAD']

 - SBOL files being generated...
Component.....................53
Sequence......................49
---
Total: .........................102

SBOL XML and related files generated
 - Response plots generated



Thread count: 1
Completion Time: 10.9 seconds
Cello object deleted...

Archivo Verilog temporal eliminado: temp_981ab3ec82274dbc923915e45c56308e.v
Archivo Verilog temporal creado: temp_a12dc464ca214982919869ddb2f25eae.v
