
////////////////////////////////////////////////////////////////////////////////////////
                                       CELLO V2.1                                       
              temp_35f660e2da0d40f0a20c913c3c4328e5 + Eco2C1G5T1.UCF.json               
////////////////////////////////////////////////////////////////////////////////////////

new_out: /home/lexo/Desktop/Practica/App/temp_outputs/temp_35f660e2da0d40f0a20c913c3c4328e5
verilog: temp_35f660e2da0d40f0a20c913c3c4328e5.v
v_loc: /home/lexo/Desktop/Practica/App/library/verilogs/temp_35f660e2da0d40f0a20c913c3c4328e5.v
new_in: /home/lexo/Desktop/Practica/App/library/verilogs
new_out: /home/lexo/Desktop/Practica/App/temp_outputs/temp_35f660e2da0d40f0a20c913c3c4328e5



////////////////////////////////////////////////////////////////////////////////////////
                                 End of Logic Synthesis                                 
////////////////////////////////////////////////////////////////////////////////////////




////////////////////////////////////////////////////////////////////////////////////////
                            condition checks for valid input                            
////////////////////////////////////////////////////////////////////////////////////////


NETLIST:
isvalid: True

INPUTS (including the communication devices): 
num IN-SENSORS in Eco2C1G5T1.UCF.json in-UCF: 12
num IN-STRUCTURES in Eco2C1G5T1.UCF.json in-UCF: 12
num IN-MODELS in Eco2C1G5T1.UCF.json in-UCF: 12
num IN-PARTS in Eco2C1G5T1.UCF.json in-UCF: 12
num IN-NODES in temp_35f660e2da0d40f0a20c913c3c4328e5 netlist: 4
['Ara_sensor', 'IPTG_sensor', 'aTc_sensor', 'Cuma_sensor', 'Van_sensor', 'OHC14_sensor', 'Sal_sensor', 'RpaR-AM2_sensor', 'OC6_in', 'OHC12_in', 'pC-HSL_in', 'DAPG_in']
Valid input match!

OUTPUTS: 
num OUT-SENSORS in Eco2C1G5T1.UCF.json out-UCF: 7
num OUT-STRUCTURES in Eco2C1G5T1.UCF.json out-UCF: 7
num OUT-MODELS in Eco2C1G5T1.UCF.json out-UCF: 7
num OUT-PARTS in Eco2C1G5T1.UCF.json out-UCF: 7
num OUT-NODES in temp_35f660e2da0d40f0a20c913c3c4328e5 netlist: 1
['BFP_reporter', 'RFP_reporter', 'YFP_reporter', 'OC6_out', 'OHC12_out', 'pC-HSL_out', 'DAPG_out']
Valid output match!

GATES: 
num PARTS in Eco2C1G5T1.UCF.json UCF: 80
num STRUCTURES in Eco2C1G5T1.UCF.json UCF: 12
num MODELS in Eco2C1G5T1.UCF.json UCF: 12
num GATES in Eco2C1G5T1.UCF.json UCF: 12
num GATE USES: [12, True]
num GATES in temp_35f660e2da0d40f0a20c913c3c4328e5 netlist: 7
['933W', 'Lambda', 'P2', 'P22', 'P2hd', 'R1t', 'TP901', 'Wphi']
['R12_P2hd', 'R13_P2', 'R14_P2', 'R15_P2', 'R17_Wphi', 'R1_Lambda', 'R2_Lambda', 'R3_P22', 'R4_TP901', 'R5_R1t', 'R8_933W', 'R9_933W']
Valid intermediate match!

#3,353,011,200 possible permutations for temp_35f660e2da0d40f0a20c913c3c4328e5.v+Eco2C1G5T1.UCF.json...
(#3,353,011,200.0 permutations of UCF gate groups confirmed.)

////////////////////////////////////////////////////////////////////////////////////////
                                End of condition checks                                 
////////////////////////////////////////////////////////////////////////////////////////


Condition check passed? True


////////////////////////////////////////////////////////////////////////////////////////
                               Beginning GATE ASSIGNMENT                                
////////////////////////////////////////////////////////////////////////////////////////


Listing available assignments from UCF: 
['Ara_sensor', 'IPTG_sensor', 'aTc_sensor', 'Cuma_sensor', 'Van_sensor', 'OHC14_sensor', 'Sal_sensor', 'RpaR-AM2_sensor', 'OC6_in', 'OHC12_in', 'pC-HSL_in', 'DAPG_in']
['BFP_reporter', 'RFP_reporter', 'YFP_reporter', 'OC6_out', 'OHC12_out', 'pC-HSL_out', 'DAPG_out']
['P2', '933W', 'R1t', 'TP901', 'Lambda', 'P2hd', 'Wphi', 'P22']

Netlist de-construction: 
[in[0], in[1], in[2], in[3]]
[100, 101, 102, 103, 104, 105, 99]
[out]

Netlist requirements: 
need 4 inputs
need 1 outputs
need 7 gates

////////////////////////////////////////////////////////////////////////////////////////
                Running SIMULATED ANNEALING gate-assignment algorithm...                
////////////////////////////////////////////////////////////////////////////////////////

__________________________________________________ #1/1,000 | Best Score: 1.294293829450052 | Current Score: 1.294293829450052
__________________________________________________ #2/1,000 | Best Score: 11.179493364050744 | Current Score: 11.179493364050744
__________________________________________________ #3/1,000 | Best Score: 45.03532194962295 | Current Score: 45.03532194962295
__________________________________________________ #7/1,000 | Best Score: 46.89795954495961 | Current Score: 46.89795954495961
__________________________________________________ #19/1,000 | Best Score: 57.910874518915065 | Current Score: 57.910874518915065█
__________________________________________________ #75/1,000 | Best Score: 296.57058272108503 | Current Score: 296.57058272108503███


DONE!
Completed: 1,000/1,000 iterations (out of 3,353,011,200 possible iterations)
Best Score: 296.57058272108503

////////////////////////////////////////////////////////////////////////////////////////
                                 End of GATE ASSIGNMENT                                 
////////////////////////////////////////////////////////////////////////////////////////





∫ *** DEBUG *** ∫ final result for temp_35f660e2da0d40f0a20c913c3c4328e5.v+Eco2C1G5T1.UCF.json: 296.57058272108503



∫ *** DEBUG *** ∫ Inputs: [pC-HSL_in, OC6_in, aTc_sensor, IPTG_sensor], Gates: [TP901, P22, Wphi, P2, P2hd, Lambda, 933W], Outputs: [OHC12_out]


////////////////////////////////////////////////////////////////////////////////////////
                                        RESULTS                                         
              temp_35f660e2da0d40f0a20c913c3c4328e5 + Eco2C1G5T1.UCF.json               
////////////////////////////////////////////////////////////////////////////////////////

CIRCUIT DESIGN:
 - Best Design: Inputs: [pC-HSL_in, OC6_in, aTc_sensor, IPTG_sensor], Gates: [TP901, P22, Wphi, P2, P2hd, Lambda, 933W], Outputs: [OHC12_out]
 - Best Circuit Score: 296.57058272108503

Inputs ( input response = STATE * (ymax - ymin) + ymin ):
 - ('in[0]', 2) input pC-HSL_in 2 with ymax: 6 and ymin: 0.02 with max sensor output of [('high', 6.0), ('low', 0.02)]
 - ('in[1]', 3) input OC6_in 3 with ymax: 7.5 and ymin: 0.06 with max sensor output of [('high', 7.5), ('low', 0.06)]
 - ('in[2]', 4) input aTc_sensor 4 with ymax: 6.13 and ymin: 0.016 with max sensor output of [('high', 6.13), ('low', 0.016)]
 - ('in[3]', 5) input IPTG_sensor 5 with ymax: 4.09 and ymin: 0.0302 with max sensor output of [('high', 4.09), ('low', 0.0302)]

Gates ( response function = ymin + (ymax - ymin) / (1.0 + (x / K)**n);   input composition = x1 + x2 ):
 - 100 gate NOT TP901 w/ inputs [4] and output 7, and best_gate = R4_TP901
 - 101 gate NOR P22 w/ inputs [8, 7] and output 9, and best_gate = R3_P22
 - 102 gate NOT Wphi w/ inputs [9] and output 10, and best_gate = R17_Wphi
 - 103 gate NOR P2 w/ inputs [2, 5] and output 11, and best_gate = R13_P2
 - 104 gate NOT P2hd w/ inputs [11] and output 12, and best_gate = R12_P2hd
 - 105 gate NOR Lambda w/ inputs [10, 12] and output 6, and best_gate = R2_Lambda
 - 99 gate NOT 933W w/ inputs [3] and output 8, and best_gate = R9_933W

Outputs ( unit conversion and/or hill response... ):
 - ('out', 6) output OHC12_out 6 with ymin + (ymax - ymin) / (1.0 + (kd / (unit_conversion * x))**n): {'ymax': 0.0646, 'ymin': 0.00019, 'kd': 0.3, 'n': 3.9, 'unit_conversion': 0.102}


TRUTH TABLE/GATE SCORING:
+---------------+------------+----------------+-----------------+-----------+--------+------------+-------------+-----------+---------+
| pC-HSL_in_I/O | OC6_in_I/O | aTc_sensor_I/O | IPTG_sensor_I/O | pC-HSL_in | OC6_in | aTc_sensor | IPTG_sensor | TP901_I/O | P22_I/O |
+---------------+------------+----------------+-----------------+-----------+--------+------------+-------------+-----------+---------+
| 0             | 0          | 0              | 0               | 0.02      | 0.06   | 0.016      | 0.0302      | 1         | 0       |
| 0             | 0          | 0              | 1               | 0.02      | 0.06   | 0.016      | 4.09        | 1         | 0       |
| 0             | 0          | 1              | 0               | 0.02      | 0.06   | 6.13       | 0.0302      | 0         | 0       |
| 0             | 0          | 1              | 1               | 0.02      | 0.06   | 6.13       | 4.09        | 0         | 0       |
| 0             | 1          | 0              | 0               | 0.02      | 7.5    | 0.016      | 0.0302      | 1         | 0       |
| 0             | 1          | 0              | 1               | 0.02      | 7.5    | 0.016      | 4.09        | 1         | 0       |
| 0             | 1          | 1              | 0               | 0.02      | 7.5    | 6.13       | 0.0302      | 0         | 1       |
| 0             | 1          | 1              | 1               | 0.02      | 7.5    | 6.13       | 4.09        | 0         | 1       |
| 1             | 0          | 0              | 0               | 6.0       | 0.06   | 0.016      | 0.0302      | 1         | 0       |
| 1             | 0          | 0              | 1               | 6.0       | 0.06   | 0.016      | 4.09        | 1         | 0       |
| 1             | 0          | 1              | 0               | 6.0       | 0.06   | 6.13       | 0.0302      | 0         | 0       |
| 1             | 0          | 1              | 1               | 6.0       | 0.06   | 6.13       | 4.09        | 0         | 0       |
| 1             | 1          | 0              | 0               | 6.0       | 7.5    | 0.016      | 0.0302      | 1         | 0       |
| 1             | 1          | 0              | 1               | 6.0       | 7.5    | 0.016      | 4.09        | 1         | 0       |
| 1             | 1          | 1              | 0               | 6.0       | 7.5    | 6.13       | 0.0302      | 0         | 1       |
| 1             | 1          | 1              | 1               | 6.0       | 7.5    | 6.13       | 4.09        | 0         | 1       |
+---------------+------------+----------------+-----------------+-----------+--------+------------+-------------+-----------+---------+
+----------+--------+----------+------------+----------+---------------------+---------------------+---------------------+----------------------+----------------------+
| Wphi_I/O | P2_I/O | P2hd_I/O | Lambda_I/O | 933W_I/O | TP901               | P22                 | Wphi                | P2                   | P2hd                 |
+----------+--------+----------+------------+----------+---------------------+---------------------+---------------------+----------------------+----------------------+
| 1        | 1      | 0        | 0          | 1        | 2.4517977858781594  | 0.12226635881053234 | 1.1119346222825583  | 1.8924347647362252   | 0.017560256805487215 |
| 1        | 0      | 1        | 0          | 1        | 2.4517977858781594  | 0.12226635881053234 | 1.1119346222825583  | 0.037628005838204956 | 1.1676361662732997   |
| 1        | 1      | 0        | 0          | 1        | 0.03218995248571586 | 0.15766134843125543 | 0.8016638847668308  | 1.8924347647362252   | 0.017560256805487215 |
| 1        | 0      | 1        | 0          | 1        | 0.03218995248571586 | 0.15766134843125543 | 0.8016638847668308  | 0.037628005838204956 | 1.1676361662732997   |
| 1        | 1      | 0        | 0          | 0        | 2.4517977858781594  | 0.1559334335404052  | 0.8140668914597291  | 1.8924347647362252   | 0.017560256805487215 |
| 1        | 0      | 1        | 0          | 0        | 2.4517977858781594  | 0.1559334335404052  | 0.8140668914597291  | 0.037628005838204956 | 1.1676361662732997   |
| 0        | 1      | 0        | 1          | 0        | 0.03218995248571586 | 2.1664178869388406  | 0.02359134266640621 | 1.8924347647362252   | 0.017560256805487215 |
| 0        | 0      | 1        | 0          | 0        | 0.03218995248571586 | 2.1664178869388406  | 0.02359134266640621 | 0.037628005838204956 | 1.1676361662732997   |
| 1        | 0      | 1        | 0          | 1        | 2.4517977858781594  | 0.12226635881053234 | 1.1119346222825583  | 0.03365644554721274  | 1.2166417738879005   |
| 1        | 0      | 1        | 0          | 1        | 2.4517977858781594  | 0.12226635881053234 | 1.1119346222825583  | 0.03197977544338545  | 1.2370732070138235   |
| 1        | 0      | 1        | 0          | 1        | 0.03218995248571586 | 0.15766134843125543 | 0.8016638847668308  | 0.03365644554721274  | 1.2166417738879005   |
| 1        | 0      | 1        | 0          | 1        | 0.03218995248571586 | 0.15766134843125543 | 0.8016638847668308  | 0.03197977544338545  | 1.2370732070138235   |
| 1        | 0      | 1        | 0          | 0        | 2.4517977858781594  | 0.1559334335404052  | 0.8140668914597291  | 0.03365644554721274  | 1.2166417738879005   |
| 1        | 0      | 1        | 0          | 0        | 2.4517977858781594  | 0.1559334335404052  | 0.8140668914597291  | 0.03197977544338545  | 1.2370732070138235   |
| 0        | 0      | 1        | 0          | 0        | 0.03218995248571586 | 2.1664178869388406  | 0.02359134266640621 | 0.03365644554721274  | 1.2166417738879005   |
| 0        | 0      | 1        | 0          | 0        | 0.03218995248571586 | 2.1664178869388406  | 0.02359134266640621 | 0.03197977544338545  | 1.2370732070138235   |
+----------+--------+----------+------------+----------+---------------------+---------------------+---------------------+----------------------+----------------------+
+---------------------+----------------------+---------------+------------------------+
| Lambda              | 933W                 | OHC12_out_I/O | OHC12_out              |
+---------------------+----------------------+---------------+------------------------+
| 0.1346010796394068  | 2.3942994414005754   | 0             | 0.00019038459869087561 |
| 0.06659293528250693 | 2.3942994414005754   | 0             | 0.00019002472240550996 |
| 0.21671032968870893 | 2.3942994414005754   | 0             | 0.00019246396736703584 |
| 0.07396341348813815 | 2.3942994414005754   | 0             | 0.00019003722947520465 |
| 0.21159628838107325 | 0.027088513372559773 | 0             | 0.0001922448499454764  |
| 0.07359918887201611 | 0.027088513372559773 | 0             | 0.0001900365195686134  |
| 4.94134095555501    | 0.027088513372559773 | 1             | 0.05707915095485371    |
| 0.12540358910838795 | 0.027088513372559773 | 0             | 0.00019029182868406924 |
| 0.06569560691053795 | 2.3942994414005754   | 0             | 0.00019002344836690263 |
| 0.06533837603520475 | 2.3942994414005754   | 0             | 0.0001900229550070944  |
| 0.07256406206992091 | 2.3942994414005754   | 0             | 0.00019003455692007703 |
| 0.07201089381742787 | 2.3942994414005754   | 0             | 0.00019003354083231588 |
| 0.07222622175951439 | 0.027088513372559773 | 0             | 0.00019003393367882896 |
| 0.07168330787914445 | 0.027088513372559773 | 0             | 0.00019003294968002288 |
| 0.11906663245824617 | 0.027088513372559773 | 0             | 0.0001902383969769921  |
| 0.11664240119197813 | 0.027088513372559773 | 0             | 0.0001902200187802285  |
+---------------------+----------------------+---------------+------------------------+


∫ *** DEBUG *** ∫ Truth Table (same as before, simpler format):

['pC-HSL_in_I/O', 'OC6_in_I/O', 'aTc_sensor_I/O', 'IPTG_sensor_I/O', 'pC-HSL_in', 'OC6_in', 'aTc_sensor', 'IPTG_sensor', 'TP901_I/O', 'P22_I/O', 'Wphi_I/O', 'P2_I/O', 'P2hd_I/O', 'Lambda_I/O', '933W_I/O', 'TP901', 'P22', 'Wphi', 'P2', 'P2hd', 'Lambda', '933W', 'OHC12_out_I/O', 'OHC12_out']
[0, 0, 0, 0, 0.02, 0.06, 0.016, 0.0302, 1, 0, 1, 1, 0, 0, 1, 2.4517977858781594, 0.12226635881053234, 1.1119346222825583, 1.8924347647362252, 0.017560256805487215, 0.1346010796394068, 2.3942994414005754, 0, 0.00019038459869087561]
[0, 0, 0, 1, 0.02, 0.06, 0.016, 4.09, 1, 0, 1, 0, 1, 0, 1, 2.4517977858781594, 0.12226635881053234, 1.1119346222825583, 0.037628005838204956, 1.1676361662732997, 0.06659293528250693, 2.3942994414005754, 0, 0.00019002472240550996]
[0, 0, 1, 0, 0.02, 0.06, 6.13, 0.0302, 0, 0, 1, 1, 0, 0, 1, 0.03218995248571586, 0.15766134843125543, 0.8016638847668308, 1.8924347647362252, 0.017560256805487215, 0.21671032968870893, 2.3942994414005754, 0, 0.00019246396736703584]
[0, 0, 1, 1, 0.02, 0.06, 6.13, 4.09, 0, 0, 1, 0, 1, 0, 1, 0.03218995248571586, 0.15766134843125543, 0.8016638847668308, 0.037628005838204956, 1.1676361662732997, 0.07396341348813815, 2.3942994414005754, 0, 0.00019003722947520465]
[0, 1, 0, 0, 0.02, 7.5, 0.016, 0.0302, 1, 0, 1, 1, 0, 0, 0, 2.4517977858781594, 0.1559334335404052, 0.8140668914597291, 1.8924347647362252, 0.017560256805487215, 0.21159628838107325, 0.027088513372559773, 0, 0.0001922448499454764]
[0, 1, 0, 1, 0.02, 7.5, 0.016, 4.09, 1, 0, 1, 0, 1, 0, 0, 2.4517977858781594, 0.1559334335404052, 0.8140668914597291, 0.037628005838204956, 1.1676361662732997, 0.07359918887201611, 0.027088513372559773, 0, 0.0001900365195686134]
[0, 1, 1, 0, 0.02, 7.5, 6.13, 0.0302, 0, 1, 0, 1, 0, 1, 0, 0.03218995248571586, 2.1664178869388406, 0.02359134266640621, 1.8924347647362252, 0.017560256805487215, 4.94134095555501, 0.027088513372559773, 1, 0.05707915095485371]
[0, 1, 1, 1, 0.02, 7.5, 6.13, 4.09, 0, 1, 0, 0, 1, 0, 0, 0.03218995248571586, 2.1664178869388406, 0.02359134266640621, 0.037628005838204956, 1.1676361662732997, 0.12540358910838795, 0.027088513372559773, 0, 0.00019029182868406924]
[1, 0, 0, 0, 6.0, 0.06, 0.016, 0.0302, 1, 0, 1, 0, 1, 0, 1, 2.4517977858781594, 0.12226635881053234, 1.1119346222825583, 0.03365644554721274, 1.2166417738879005, 0.06569560691053795, 2.3942994414005754, 0, 0.00019002344836690263]
[1, 0, 0, 1, 6.0, 0.06, 0.016, 4.09, 1, 0, 1, 0, 1, 0, 1, 2.4517977858781594, 0.12226635881053234, 1.1119346222825583, 0.03197977544338545, 1.2370732070138235, 0.06533837603520475, 2.3942994414005754, 0, 0.0001900229550070944]
[1, 0, 1, 0, 6.0, 0.06, 6.13, 0.0302, 0, 0, 1, 0, 1, 0, 1, 0.03218995248571586, 0.15766134843125543, 0.8016638847668308, 0.03365644554721274, 1.2166417738879005, 0.07256406206992091, 2.3942994414005754, 0, 0.00019003455692007703]
[1, 0, 1, 1, 6.0, 0.06, 6.13, 4.09, 0, 0, 1, 0, 1, 0, 1, 0.03218995248571586, 0.15766134843125543, 0.8016638847668308, 0.03197977544338545, 1.2370732070138235, 0.07201089381742787, 2.3942994414005754, 0, 0.00019003354083231588]
[1, 1, 0, 0, 6.0, 7.5, 0.016, 0.0302, 1, 0, 1, 0, 1, 0, 0, 2.4517977858781594, 0.1559334335404052, 0.8140668914597291, 0.03365644554721274, 1.2166417738879005, 0.07222622175951439, 0.027088513372559773, 0, 0.00019003393367882896]
[1, 1, 0, 1, 6.0, 7.5, 0.016, 4.09, 1, 0, 1, 0, 1, 0, 0, 2.4517977858781594, 0.1559334335404052, 0.8140668914597291, 0.03197977544338545, 1.2370732070138235, 0.07168330787914445, 0.027088513372559773, 0, 0.00019003294968002288]
[1, 1, 1, 0, 6.0, 7.5, 6.13, 0.0302, 0, 1, 0, 0, 1, 0, 0, 0.03218995248571586, 2.1664178869388406, 0.02359134266640621, 0.03365644554721274, 1.2166417738879005, 0.11906663245824617, 0.027088513372559773, 0, 0.0001902383969769921]
[1, 1, 1, 1, 6.0, 7.5, 6.13, 4.09, 0, 1, 0, 0, 1, 0, 0, 0.03218995248571586, 2.1664178869388406, 0.02359134266640621, 0.03197977544338545, 1.2370732070138235, 0.11664240119197813, 0.027088513372559773, 0, 0.0001902200187802285]


EUGENE FILES:
 - Eugene object and structs created...
 - Eugene cassettes created...
 - Eugene helpers created...
 - Eugene script written to /home/lexo/Desktop/Practica/App/temp_outputs/temp_35f660e2da0d40f0a20c913c3c4328e5/temp_35f660e2da0d40f0a20c913c3c4328e5_Eco2C1G5T1.UCF._eugene.eug

SBOL FILES:
 - Circuit orders selected...
   + ['attB2_NONCE_PAD', 'pP22', 'SarJ', 'R17', 'Wphi', 'DT19', 'pP2hd', 'RiboJ54', 'R2', 'Lambda', 'Ret0', 'PTac', 'RiboJ64', 'R13', 'P2', 'DT86', 'PTet', 'RiboJ69', 'R4', 'TP901', 'RpoC', 'pWphi', 'RiboJ54', 'R2', 'Lambda', 'Ret0', 'pRpa', 'RiboJ64', 'R13', 'P2', 'DT86', 'p933W', 'RiboJ71', 'R3', 'P22', 'IlvGEDA', 'pTP901', 'RiboJ71', 'R3', 'P22', 'IlvGEDA', 'pLuxB', 'PlmJ', 'R9', '933W', 'DT36', 'pP2', 'RiboJ60', 'R12', 'P2hd', 'DT56', 'attB7_NONCE_PAD', 'attB5_NONCE_PAD', 'pLambda', 'sCin_cassette']
   + ['attB2_NONCE_PAD', 'pP22', 'SarJ', 'R17', 'Wphi', 'DT19', 'pP2hd', 'RiboJ54', 'R2', 'Lambda', 'Ret0', 'PTac', 'RiboJ64', 'R13', 'P2', 'DT86', 'PTet', 'RiboJ69', 'R4', 'TP901', 'RpoC', 'pWphi', 'RiboJ54', 'R2', 'Lambda', 'Ret0', 'pRpa', 'RiboJ64', 'R13', 'P2', 'DT86', 'p933W', 'RiboJ71', 'R3', 'P22', 'IlvGEDA', 'attB7_NONCE_PAD', 'pTP901', 'RiboJ71', 'R3', 'P22', 'IlvGEDA', 'attB5_NONCE_PAD', 'pP2', 'RiboJ60', 'R12', 'P2hd', 'DT56', 'pLambda', 'sCin_cassette', 'pLuxB', 'PlmJ', 'R9', '933W', 'DT36']
   + ['attB2_NONCE_PAD', 'pP22', 'SarJ', 'R17', 'Wphi', 'DT19', 'pP2hd', 'RiboJ54', 'R2', 'Lambda', 'Ret0', 'PTac', 'RiboJ64', 'R13', 'P2', 'DT86', 'PTet', 'RiboJ69', 'R4', 'TP901', 'RpoC', 'pWphi', 'RiboJ54', 'R2', 'Lambda', 'Ret0', 'pRpa', 'RiboJ64', 'R13', 'P2', 'DT86', 'p933W', 'RiboJ71', 'R3', 'P22', 'IlvGEDA', 'attB7_NONCE_PAD', 'attB5_NONCE_PAD', 'pP2', 'RiboJ60', 'R12', 'P2hd', 'DT56', 'pLuxB', 'PlmJ', 'R9', '933W', 'DT36', 'pLambda', 'sCin_cassette', 'pTP901', 'RiboJ71', 'R3', 'P22', 'IlvGEDA']
   + ['attB2_NONCE_PAD', 'pP22', 'SarJ', 'R17', 'Wphi', 'DT19', 'pP2hd', 'RiboJ54', 'R2', 'Lambda', 'Ret0', 'PTac', 'RiboJ64', 'R13', 'P2', 'DT86', 'PTet', 'RiboJ69', 'R4', 'TP901', 'RpoC', 'pWphi', 'RiboJ54', 'R2', 'Lambda', 'Ret0', 'pRpa', 'RiboJ64', 'R13', 'P2', 'DT86', 'p933W', 'RiboJ71', 'R3', 'P22', 'IlvGEDA', 'attB7_NONCE_PAD', 'pLuxB', 'PlmJ', 'R9', '933W', 'DT36', 'attB5_NONCE_PAD', 'pLambda', 'sCin_cassette', 'pP2', 'RiboJ60', 'R12', 'P2hd', 'DT56', 'pTP901', 'RiboJ71', 'R3', 'P22', 'IlvGEDA']
   + ['attB2_NONCE_PAD', 'pP22', 'SarJ', 'R17', 'Wphi', 'DT19', 'pP2hd', 'RiboJ54', 'R2', 'Lambda', 'Ret0', 'PTac', 'RiboJ64', 'R13', 'P2', 'DT86', 'PTet', 'RiboJ69', 'R4', 'TP901', 'RpoC', 'pWphi', 'RiboJ54', 'R2', 'Lambda', 'Ret0', 'pRpa', 'RiboJ64', 'R13', 'P2', 'DT86', 'p933W', 'RiboJ71', 'R3', 'P22', 'IlvGEDA', 'pLuxB', 'PlmJ', 'R9', '933W', 'DT36', 'pP2', 'RiboJ60', 'R12', 'P2hd', 'DT56', 'attB7_NONCE_PAD', 'pTP901', 'RiboJ71', 'R3', 'P22', 'IlvGEDA', 'attB5_NONCE_PAD', 'pLambda', 'sCin_cassette']

 - SBOL files being generated...
Component.....................59
Sequence......................55
---
Total: .........................114

SBOL XML and related files generated
 - Response plots generated



Thread count: 1
Completion Time: 16.6 seconds
Cello object deleted...

Archivo Verilog temporal eliminado: temp_35f660e2da0d40f0a20c913c3c4328e5.v
