
////////////////////////////////////////////////////////////////////////////////////////
                                       CELLO V2.1                                       
              temp_49afb57d0f24456992af6fe5b6848041 + Eco2C1G3T1.UCF.json               
////////////////////////////////////////////////////////////////////////////////////////

new_out: /home/lexo/Desktop/Practica/App/temp_outputs/temp_49afb57d0f24456992af6fe5b6848041
verilog: temp_49afb57d0f24456992af6fe5b6848041.v
v_loc: /home/lexo/Desktop/Practica/App/library/verilogs/temp_49afb57d0f24456992af6fe5b6848041.v
new_in: /home/lexo/Desktop/Practica/App/library/verilogs
new_out: /home/lexo/Desktop/Practica/App/temp_outputs/temp_49afb57d0f24456992af6fe5b6848041



////////////////////////////////////////////////////////////////////////////////////////
                                 End of Logic Synthesis                                 
////////////////////////////////////////////////////////////////////////////////////////




////////////////////////////////////////////////////////////////////////////////////////
                            condition checks for valid input                            
////////////////////////////////////////////////////////////////////////////////////////


NETLIST:
isvalid: True

INPUTS (including the communication devices): 
num IN-SENSORS in Eco2C1G3T1.UCF.json in-UCF: 7
num IN-STRUCTURES in Eco2C1G3T1.UCF.json in-UCF: 7
num IN-MODELS in Eco2C1G3T1.UCF.json in-UCF: 7
num IN-PARTS in Eco2C1G3T1.UCF.json in-UCF: 7
num IN-NODES in temp_49afb57d0f24456992af6fe5b6848041 netlist: 3
['Ara_sensor', 'IPTG_sensor', 'aTc_sensor', 'Cuma_sensor', 'Van_sensor', 'OHC14_sensor', 'Nar_sensor']
Valid input match!

OUTPUTS: 
num OUT-SENSORS in Eco2C1G3T1.UCF.json out-UCF: 2
num OUT-STRUCTURES in Eco2C1G3T1.UCF.json out-UCF: 2
num OUT-MODELS in Eco2C1G3T1.UCF.json out-UCF: 2
num OUT-PARTS in Eco2C1G3T1.UCF.json out-UCF: 2
num OUT-NODES in temp_49afb57d0f24456992af6fe5b6848041 netlist: 1
['YFP_reporter', 'YFP_reporter_2']
Valid output match!

GATES: 
num PARTS in Eco2C1G3T1.UCF.json UCF: 63
num STRUCTURES in Eco2C1G3T1.UCF.json UCF: 6
num MODELS in Eco2C1G3T1.UCF.json UCF: 6
num GATES in Eco2C1G3T1.UCF.json UCF: 6
num GATE USES: [7, True]
num GATES in temp_49afb57d0f24456992af6fe5b6848041 netlist: 6
['AmeRs', 'AmtR', 'BM3R1', 'BetI', 'PhlF', 'QacR']
['A1_AmtR', 'B3_BM3R1', 'E1_BetI', 'F2_AmeRs', 'P1_PhlF', 'Q1_QacR']
Valid intermediate match!

#302,400 possible permutations for temp_49afb57d0f24456992af6fe5b6848041.v+Eco2C1G3T1.UCF.json...
(#302,400.0 permutations of UCF gate groups confirmed.)

////////////////////////////////////////////////////////////////////////////////////////
                                End of condition checks                                 
////////////////////////////////////////////////////////////////////////////////////////


Condition check passed? True


////////////////////////////////////////////////////////////////////////////////////////
                               Beginning GATE ASSIGNMENT                                
////////////////////////////////////////////////////////////////////////////////////////


Listing available assignments from UCF: 
['Ara_sensor', 'IPTG_sensor', 'aTc_sensor', 'Cuma_sensor', 'Van_sensor', 'OHC14_sensor', 'Nar_sensor']
['YFP_reporter', 'YFP_reporter_2']
['AmeRs', 'BM3R1', 'BetI', 'PhlF', 'AmtR', 'QacR']

Netlist de-construction: 
[A, B, C]
[83, 84, 85, 86, 87, 88]
[Y]

Netlist requirements: 
need 3 inputs
need 1 outputs
need 6 gates

////////////////////////////////////////////////////////////////////////////////////////
                Running SIMULATED ANNEALING gate-assignment algorithm...                
////////////////////////////////////////////////////////////////////////////////////////

__________________________________________________ #1/1,000 | Best Score: 1.0000763852750385 | Current Score: 1.0000763852750385
__________________________________________________ #2/1,000 | Best Score: 1.002211998918861 | Current Score: 1.002211998918861
__________________________________________________ #3/1,000 | Best Score: 2.4547586957135445 | Current Score: 2.4547586957135445
__________________________________________________ #4/1,000 | Best Score: 14.501967891989878 | Current Score: 14.501967891989878
__________________________________________________ #13/1,000 | Best Score: 25.345842067311274 | Current Score: 25.345842067311274
__________________________________________________ #15/1,000 | Best Score: 29.982065656200092 | Current Score: 29.982065656200092
__________________________________________________ #67/1,000 | Best Score: 36.565113315798534 | Current Score: 36.565113315798534███
__________________________________________________ #178/1,000 | Best Score: 37.585131084047944 | Current Score: 37.585131084047944█████████
__________________________________________________ #391/1,000 | Best Score: 48.23261935096679 | Current Score: 48.23261935096679███████████████████
__________________________________________________ #467/1,000 | Best Score: 69.92491173477656 | Current Score: 69.92491173477656███████████████████████
__________________________________________________ #826/1,000 | Best Score: 80.67844973663365 | Current Score: 80.67844973663365█████████████████████████████████████████


DONE!
Completed: 1,000/1,000 iterations (out of 302,400 possible iterations)
Best Score: 80.67844973663365

////////////////////////////////////////////////////////////////////////////////////////
                                 End of GATE ASSIGNMENT                                 
////////////////////////////////////////////////////////////////////////////////////////





∫ *** DEBUG *** ∫ final result for temp_49afb57d0f24456992af6fe5b6848041.v+Eco2C1G3T1.UCF.json: 80.67844973663365



∫ *** DEBUG *** ∫ Inputs: [OHC14_sensor, aTc_sensor, IPTG_sensor], Gates: [AmeRs, AmtR, PhlF, BetI, QacR, BM3R1], Outputs: [YFP_reporter]


////////////////////////////////////////////////////////////////////////////////////////
                                        RESULTS                                         
              temp_49afb57d0f24456992af6fe5b6848041 + Eco2C1G3T1.UCF.json               
////////////////////////////////////////////////////////////////////////////////////////

CIRCUIT DESIGN:
 - Best Design: Inputs: [OHC14_sensor, aTc_sensor, IPTG_sensor], Gates: [AmeRs, AmtR, PhlF, BetI, QacR, BM3R1], Outputs: [YFP_reporter]
 - Best Circuit Score: 80.67844973663365

Inputs ( input response = STATE * (ymax - ymin) + ymin ):
 - ('A', 2) input OHC14_sensor 2 with ymax: 4.38 and ymin: 0.01 with max sensor output of [('high', 4.38), ('low', 0.01)]
 - ('B', 3) input aTc_sensor 3 with ymax: 5.41 and ymin: 0.02 with max sensor output of [('high', 5.41), ('low', 0.02)]
 - ('C', 4) input IPTG_sensor 4 with ymax: 4.2 and ymin: 0.02 with max sensor output of [('high', 4.2), ('low', 0.02)]

Gates ( response function = ymin + (ymax - ymin) / (1.0 + (x / K)**n);   input composition = x1 + x2 ):
 - 83 gate NOT AmeRs w/ inputs [2] and output 6, and best_gate = F2_AmeRs
 - 84 gate NOT AmtR w/ inputs [3] and output 7, and best_gate = A1_AmtR
 - 85 gate NOT PhlF w/ inputs [4] and output 8, and best_gate = P1_PhlF
 - 86 gate NOR BetI w/ inputs [6, 7] and output 9, and best_gate = E1_BetI
 - 87 gate NOT QacR w/ inputs [9] and output 10, and best_gate = Q1_QacR
 - 88 gate NOR BM3R1 w/ inputs [8, 10] and output 5, and best_gate = B3_BM3R1

Outputs ( unit conversion and/or hill response... ):
 - ('Y', 5) output YFP_reporter 5 with c * x: c = 0.019


TRUTH TABLE/GATE SCORING:
+------------------+----------------+-----------------+--------------+------------+-------------+-----------+----------+----------+----------+
| OHC14_sensor_I/O | aTc_sensor_I/O | IPTG_sensor_I/O | OHC14_sensor | aTc_sensor | IPTG_sensor | AmeRs_I/O | AmtR_I/O | PhlF_I/O | BetI_I/O |
+------------------+----------------+-----------------+--------------+------------+-------------+-----------+----------+----------+----------+
| 0                | 0              | 0               | 0.01         | 0.02       | 0.02        | 1         | 1        | 1        | 0        |
| 0                | 0              | 1               | 0.01         | 0.02       | 4.2         | 1         | 1        | 0        | 0        |
| 0                | 1              | 0               | 0.01         | 5.41       | 0.02        | 1         | 0        | 1        | 0        |
| 0                | 1              | 1               | 0.01         | 5.41       | 4.2         | 1         | 0        | 0        | 0        |
| 1                | 0              | 0               | 4.38         | 0.02       | 0.02        | 0         | 1        | 1        | 0        |
| 1                | 0              | 1               | 4.38         | 0.02       | 4.2         | 0         | 1        | 0        | 0        |
| 1                | 1              | 0               | 4.38         | 5.41       | 0.02        | 0         | 0        | 1        | 1        |
| 1                | 1              | 1               | 4.38         | 5.41       | 4.2         | 0         | 0        | 0        | 1        |
+------------------+----------------+-----------------+--------------+------------+-------------+-----------+----------+----------+----------+
+----------+-----------+---------------------+----------------------+---------------------+---------------------+---------------------+-----------------------+------------------+------------------------+
| QacR_I/O | BM3R1_I/O | AmeRs               | AmtR                 | PhlF                | BetI                | QacR                | BM3R1                 | YFP_reporter_I/O | YFP_reporter           |
+----------+-----------+---------------------+----------------------+---------------------+---------------------+---------------------+-----------------------+------------------+------------------------+
| 1        | 0         | 3.6508320532471275  | 2.011368455280252    | 5.0829798457578805  | 0.2598435354391438  | 4.503367809105575   | 0.006445431479582548  | 0                | 0.0001224631981120684  |
| 1        | 0         | 3.6508320532471275  | 2.011368455280252    | 0.00987484646048785 | 0.2598435354391438  | 4.503367809105575   | 0.007219143336692157  | 0                | 0.00013716372339715098 |
| 1        | 0         | 3.6508320532471275  | 0.029838336826684977 | 5.0829798457578805  | 0.28653229219519055 | 4.4955233057849675  | 0.006445687963243232  | 0                | 0.0001224680713016214  |
| 1        | 0         | 3.6508320532471275  | 0.029838336826684977 | 0.00987484646048785 | 0.28653229219519055 | 4.4955233057849675  | 0.007223341769184882  | 0                | 0.00013724349361451276 |
| 1        | 0         | 0.03940024717941682 | 2.011368455280252    | 5.0829798457578805  | 0.5204345720157502  | 4.234568119002114   | 0.006454684267884645  | 0                | 0.00012263900108980825 |
| 1        | 0         | 0.03940024717941682 | 2.011368455280252    | 0.00987484646048785 | 0.5204345720157502  | 4.234568119002114   | 0.0073799732923234595 | 0                | 0.00014021949255414574 |
| 0        | 0         | 0.03940024717941682 | 0.029838336826684977 | 5.0829798457578805  | 2.249013167038202   | 0.15323146987223496 | 0.00692455173432317   | 0                | 0.00013156648295214023 |
| 0        | 1         | 0.03940024717941682 | 0.029838336826684977 | 0.00987484646048785 | 2.249013167038202   | 0.15323146987223496 | 0.595404804322417     | 1                | 0.011312691282125923   |
+----------+-----------+---------------------+----------------------+---------------------+---------------------+---------------------+-----------------------+------------------+------------------------+


∫ *** DEBUG *** ∫ Truth Table (same as before, simpler format):

['OHC14_sensor_I/O', 'aTc_sensor_I/O', 'IPTG_sensor_I/O', 'OHC14_sensor', 'aTc_sensor', 'IPTG_sensor', 'AmeRs_I/O', 'AmtR_I/O', 'PhlF_I/O', 'BetI_I/O', 'QacR_I/O', 'BM3R1_I/O', 'AmeRs', 'AmtR', 'PhlF', 'BetI', 'QacR', 'BM3R1', 'YFP_reporter_I/O', 'YFP_reporter']
[0, 0, 0, 0.01, 0.02, 0.02, 1, 1, 1, 0, 1, 0, 3.6508320532471275, 2.011368455280252, 5.0829798457578805, 0.2598435354391438, 4.503367809105575, 0.006445431479582548, 0, 0.0001224631981120684]
[0, 0, 1, 0.01, 0.02, 4.2, 1, 1, 0, 0, 1, 0, 3.6508320532471275, 2.011368455280252, 0.00987484646048785, 0.2598435354391438, 4.503367809105575, 0.007219143336692157, 0, 0.00013716372339715098]
[0, 1, 0, 0.01, 5.41, 0.02, 1, 0, 1, 0, 1, 0, 3.6508320532471275, 0.029838336826684977, 5.0829798457578805, 0.28653229219519055, 4.4955233057849675, 0.006445687963243232, 0, 0.0001224680713016214]
[0, 1, 1, 0.01, 5.41, 4.2, 1, 0, 0, 0, 1, 0, 3.6508320532471275, 0.029838336826684977, 0.00987484646048785, 0.28653229219519055, 4.4955233057849675, 0.007223341769184882, 0, 0.00013724349361451276]
[1, 0, 0, 4.38, 0.02, 0.02, 0, 1, 1, 0, 1, 0, 0.03940024717941682, 2.011368455280252, 5.0829798457578805, 0.5204345720157502, 4.234568119002114, 0.006454684267884645, 0, 0.00012263900108980825]
[1, 0, 1, 4.38, 0.02, 4.2, 0, 1, 0, 0, 1, 0, 0.03940024717941682, 2.011368455280252, 0.00987484646048785, 0.5204345720157502, 4.234568119002114, 0.0073799732923234595, 0, 0.00014021949255414574]
[1, 1, 0, 4.38, 5.41, 0.02, 0, 0, 1, 1, 0, 0, 0.03940024717941682, 0.029838336826684977, 5.0829798457578805, 2.249013167038202, 0.15323146987223496, 0.00692455173432317, 0, 0.00013156648295214023]
[1, 1, 1, 4.38, 5.41, 4.2, 0, 0, 0, 1, 0, 1, 0.03940024717941682, 0.029838336826684977, 0.00987484646048785, 2.249013167038202, 0.15323146987223496, 0.595404804322417, 1, 0.011312691282125923]


EUGENE FILES:
 - Eugene object and structs created...
 - Eugene cassettes created...
 - Eugene helpers created...
 - Eugene script written to /home/lexo/Desktop/Practica/App/temp_outputs/temp_49afb57d0f24456992af6fe5b6848041/temp_49afb57d0f24456992af6fe5b6848041_Eco2C1G3T1.UCF._eugene.eug

SBOL FILES:
 - Circuit orders selected...
   + ['L1_NONCE_PAD', 'L2_NONCE_PAD', 'PCin', 'RiboJ54', 'F2', 'AmeRs', 'DT60', 'PTet', 'BydvJ', 'A1', 'AmtR', 'DT65', 'pPhlF', 'SarJ', 'B3', 'BM3R1', 'DT83', 'PTac', 'RiboJ53', 'P1', 'PhlF', 'DT5', 'pAmeR', 'RiboJ57', 'E1', 'BetI', 'DT86', 'pBetI', 'RiboJ60', 'Q1', 'QacR', 'R1', 'L3_NONCE_PAD', 'pQacR', 'SarJ', 'B3', 'BM3R1', 'DT83', 'pBM3R1', 'YFP_reporter_cassette', 'pAmtR', 'RiboJ57', 'E1', 'BetI', 'DT86']
   + ['L1_NONCE_PAD', 'L2_NONCE_PAD', 'PCin', 'RiboJ54', 'F2', 'AmeRs', 'DT60', 'PTet', 'BydvJ', 'A1', 'AmtR', 'DT65', 'pPhlF', 'SarJ', 'B3', 'BM3R1', 'DT83', 'pBetI', 'RiboJ60', 'Q1', 'QacR', 'R1', 'pAmeR', 'RiboJ57', 'E1', 'BetI', 'DT86', 'PTac', 'RiboJ53', 'P1', 'PhlF', 'DT5', 'L3_NONCE_PAD', 'pBM3R1', 'YFP_reporter_cassette', 'pAmtR', 'RiboJ57', 'E1', 'BetI', 'DT86', 'pQacR', 'SarJ', 'B3', 'BM3R1', 'DT83']
   + ['L1_NONCE_PAD', 'L2_NONCE_PAD', 'PCin', 'RiboJ54', 'F2', 'AmeRs', 'DT60', 'PTet', 'BydvJ', 'A1', 'AmtR', 'DT65', 'PTac', 'RiboJ53', 'P1', 'PhlF', 'DT5', 'pPhlF', 'SarJ', 'B3', 'BM3R1', 'DT83', 'pAmeR', 'RiboJ57', 'E1', 'BetI', 'DT86', 'pBetI', 'RiboJ60', 'Q1', 'QacR', 'R1', 'L3_NONCE_PAD', 'pQacR', 'SarJ', 'B3', 'BM3R1', 'DT83', 'pAmtR', 'RiboJ57', 'E1', 'BetI', 'DT86', 'pBM3R1', 'YFP_reporter_cassette']
   + ['L1_NONCE_PAD', 'L2_NONCE_PAD', 'PCin', 'RiboJ54', 'F2', 'AmeRs', 'DT60', 'PTet', 'BydvJ', 'A1', 'AmtR', 'DT65', 'PTac', 'RiboJ53', 'P1', 'PhlF', 'DT5', 'pBetI', 'RiboJ60', 'Q1', 'QacR', 'R1', 'pPhlF', 'SarJ', 'B3', 'BM3R1', 'DT83', 'pAmeR', 'RiboJ57', 'E1', 'BetI', 'DT86', 'L3_NONCE_PAD', 'pAmtR', 'RiboJ57', 'E1', 'BetI', 'DT86', 'pQacR', 'SarJ', 'B3', 'BM3R1', 'DT83', 'pBM3R1', 'YFP_reporter_cassette']
   + ['L1_NONCE_PAD', 'L2_NONCE_PAD', 'PCin', 'RiboJ54', 'F2', 'AmeRs', 'DT60', 'PTet', 'BydvJ', 'A1', 'AmtR', 'DT65', 'pAmeR', 'RiboJ57', 'E1', 'BetI', 'DT86', 'pPhlF', 'SarJ', 'B3', 'BM3R1', 'DT83', 'PTac', 'RiboJ53', 'P1', 'PhlF', 'DT5', 'pBetI', 'RiboJ60', 'Q1', 'QacR', 'R1', 'L3_NONCE_PAD', 'pAmtR', 'RiboJ57', 'E1', 'BetI', 'DT86', 'pQacR', 'SarJ', 'B3', 'BM3R1', 'DT83', 'pBM3R1', 'YFP_reporter_cassette']

 - SBOL files being generated...
Component.....................53
Sequence......................49
---
Total: .........................102

SBOL XML and related files generated
 - Response plots generated



Thread count: 1
Completion Time: 8.7 seconds
Archivo Verilog temporal eliminado: temp_49afb57d0f24456992af6fe5b6848041.v
Archivo Verilog temporal creado: temp_92583ab559534d32bbdb969c19ee8030.v
