
////////////////////////////////////////////////////////////////////////////////////////
                                       CELLO V2.1                                       
              temp_ab4b66d55d7c4f46b18a6af5c3a57bfb + Eco2C1G5T1.UCF.json               
////////////////////////////////////////////////////////////////////////////////////////

new_out: /home/lexo/Desktop/Practica/App/temp_outputs/temp_ab4b66d55d7c4f46b18a6af5c3a57bfb
verilog: temp_ab4b66d55d7c4f46b18a6af5c3a57bfb.v
v_loc: /home/lexo/Desktop/Practica/App/library/verilogs/temp_ab4b66d55d7c4f46b18a6af5c3a57bfb.v
new_in: /home/lexo/Desktop/Practica/App/library/verilogs
new_out: /home/lexo/Desktop/Practica/App/temp_outputs/temp_ab4b66d55d7c4f46b18a6af5c3a57bfb



////////////////////////////////////////////////////////////////////////////////////////
                                 End of Logic Synthesis                                 
////////////////////////////////////////////////////////////////////////////////////////




////////////////////////////////////////////////////////////////////////////////////////
                            condition checks for valid input                            
////////////////////////////////////////////////////////////////////////////////////////


NETLIST:
isvalid: True

INPUTS (including the communication devices): 
num IN-SENSORS in Eco2C1G5T1.UCF.json in-UCF: 12
num IN-STRUCTURES in Eco2C1G5T1.UCF.json in-UCF: 12
num IN-MODELS in Eco2C1G5T1.UCF.json in-UCF: 12
num IN-PARTS in Eco2C1G5T1.UCF.json in-UCF: 12
num IN-NODES in temp_ab4b66d55d7c4f46b18a6af5c3a57bfb netlist: 3
['Ara_sensor', 'IPTG_sensor', 'aTc_sensor', 'Cuma_sensor', 'Van_sensor', 'OHC14_sensor', 'Sal_sensor', 'RpaR-AM2_sensor', 'OC6_in', 'OHC12_in', 'pC-HSL_in', 'DAPG_in']
Valid input match!

OUTPUTS: 
num OUT-SENSORS in Eco2C1G5T1.UCF.json out-UCF: 7
num OUT-STRUCTURES in Eco2C1G5T1.UCF.json out-UCF: 7
num OUT-MODELS in Eco2C1G5T1.UCF.json out-UCF: 7
num OUT-PARTS in Eco2C1G5T1.UCF.json out-UCF: 7
num OUT-NODES in temp_ab4b66d55d7c4f46b18a6af5c3a57bfb netlist: 2
['BFP_reporter', 'RFP_reporter', 'YFP_reporter', 'OC6_out', 'OHC12_out', 'pC-HSL_out', 'DAPG_out']
Valid output match!

GATES: 
num PARTS in Eco2C1G5T1.UCF.json UCF: 80
num STRUCTURES in Eco2C1G5T1.UCF.json UCF: 12
num MODELS in Eco2C1G5T1.UCF.json UCF: 12
num GATES in Eco2C1G5T1.UCF.json UCF: 12
num GATE USES: [12, True]
num GATES in temp_ab4b66d55d7c4f46b18a6af5c3a57bfb netlist: 7
['933W', 'Lambda', 'P2', 'P22', 'P2hd', 'R1t', 'TP901', 'Wphi']
['R12_P2hd', 'R13_P2', 'R14_P2', 'R15_P2', 'R17_Wphi', 'R1_Lambda', 'R2_Lambda', 'R3_P22', 'R4_TP901', 'R5_R1t', 'R8_933W', 'R9_933W']
Valid intermediate match!

#2,235,340,800 possible permutations for temp_ab4b66d55d7c4f46b18a6af5c3a57bfb.v+Eco2C1G5T1.UCF.json...
(#2,235,340,800.0 permutations of UCF gate groups confirmed.)

////////////////////////////////////////////////////////////////////////////////////////
                                End of condition checks                                 
////////////////////////////////////////////////////////////////////////////////////////


Condition check passed? True


////////////////////////////////////////////////////////////////////////////////////////
                               Beginning GATE ASSIGNMENT                                
////////////////////////////////////////////////////////////////////////////////////////


Listing available assignments from UCF: 
['Ara_sensor', 'IPTG_sensor', 'aTc_sensor', 'Cuma_sensor', 'Van_sensor', 'OHC14_sensor', 'Sal_sensor', 'RpaR-AM2_sensor', 'OC6_in', 'OHC12_in', 'pC-HSL_in', 'DAPG_in']
['BFP_reporter', 'RFP_reporter', 'YFP_reporter', 'OC6_out', 'OHC12_out', 'pC-HSL_out', 'DAPG_out']
['TP901', 'P22', 'R1t', 'P2', 'Lambda', '933W', 'Wphi', 'P2hd']

Netlist de-construction: 
[tetr, lac_i, other_chem]
[89, 90, 91, 92, 93, 94, 95]
[YFP, BFP]

Netlist requirements: 
need 3 inputs
need 2 outputs
need 7 gates

////////////////////////////////////////////////////////////////////////////////////////
                Running SIMULATED ANNEALING gate-assignment algorithm...                
////////////////////////////////////////////////////////////////////////////////////////

__________________________________________________ #1/1,000 | Best Score: 4.772799773851202 | Current Score: 4.772799773851202
__________________________________________________ #3/1,000 | Best Score: 51.33698973042696 | Current Score: 51.33698973042696
__________________________________________________ #26/1,000 | Best Score: 100.62871715985973 | Current Score: 100.62871715985973█
__________________________________________________ #165/1,000 | Best Score: 123.01146576496978 | Current Score: 123.01146576496978████████
__________________________________________________ #226/1,000 | Best Score: 123.33161435034874 | Current Score: 123.33161435034874███████████
__________________________________________________ #227/1,000 | Best Score: 123.64935905149365 | Current Score: 123.64935905149365███████████
__________________________________________________ #311/1,000 | Best Score: 124.13070710059071 | Current Score: 124.13070710059071███████████████
__________________________________________________ #647/1,000 | Best Score: 142.1118026574569 | Current Score: 142.1118026574569████████████████████████████████


DONE!
Completed: 1,000/1,000 iterations (out of 2,235,340,800 possible iterations)
Best Score: 142.1118026574569

////////////////////////////////////////////////////////////////////////////////////////
                                 End of GATE ASSIGNMENT                                 
////////////////////////////////////////////////////////////////////////////////////////





∫ *** DEBUG *** ∫ final result for temp_ab4b66d55d7c4f46b18a6af5c3a57bfb.v+Eco2C1G5T1.UCF.json: 142.1118026574569



∫ *** DEBUG *** ∫ Inputs: [IPTG_sensor, OHC12_in, Sal_sensor], Gates: [P2hd, R1t, P22, P2, 933W, Wphi, Lambda], Outputs: [DAPG_out, pC-HSL_out]


////////////////////////////////////////////////////////////////////////////////////////
                                        RESULTS                                         
              temp_ab4b66d55d7c4f46b18a6af5c3a57bfb + Eco2C1G5T1.UCF.json               
////////////////////////////////////////////////////////////////////////////////////////

CIRCUIT DESIGN:
 - Best Design: Inputs: [IPTG_sensor, OHC12_in, Sal_sensor], Gates: [P2hd, R1t, P22, P2, 933W, Wphi, Lambda], Outputs: [DAPG_out, pC-HSL_out]
 - Best Circuit Score: 142.1118026574569

Inputs ( input response = STATE * (ymax - ymin) + ymin ):
 - ('tetr', 2) input IPTG_sensor 2 with ymax: 4.09 and ymin: 0.0302 with max sensor output of [('high', 4.09), ('low', 0.0302)]
 - ('lac_i', 3) input OHC12_in 3 with ymax: 3.4 and ymin: 0.01 with max sensor output of [('high', 3.4), ('low', 0.01)]
 - ('other_chem', 4) input Sal_sensor 4 with ymax: 3.17 and ymin: 0.0138 with max sensor output of [('high', 3.17), ('low', 0.0138)]

Gates ( response function = ymin + (ymax - ymin) / (1.0 + (x / K)**n);   input composition = x1 + x2 ):
 - 89 gate NOT P2hd w/ inputs [4] and output 7, and best_gate = R12_P2hd
 - 90 gate NOT R1t w/ inputs [2] and output 8, and best_gate = R5_R1t
 - 91 gate NOT P22 w/ inputs [3] and output 9, and best_gate = R3_P22
 - 92 gate NOR P2 w/ inputs [8, 9] and output 10, and best_gate = R13_P2
 - 93 gate NOT 933W w/ inputs [10] and output 11, and best_gate = R9_933W
 - 94 gate NOR Wphi w/ inputs [4, 11] and output 5, and best_gate = R17_Wphi
 - 95 gate NOR Lambda w/ inputs [7, 11] and output 6, and best_gate = R2_Lambda

Outputs ( unit conversion and/or hill response... ):
 - ('YFP', 5) output DAPG_out 5 with ymin + (ymax - ymin) / (1.0 + (kd / (unit_conversion * x))**n): {'ymax': 0.0646, 'ymin': 0.00038, 'kd': 0.15, 'n': 4, 'unit_conversion': 0.102}
 - ('BFP', 6) output pC-HSL_out 6 with ymin + (ymax - ymin) / (1.0 + (kd / (unit_conversion * x))**n): {'ymax': 0.114, 'ymin': 0.00038, 'kd': 0.2, 'n': 2, 'unit_conversion': 0.102}


TRUTH TABLE/GATE SCORING:
+-----------------+--------------+----------------+-------------+----------+------------+----------+---------+---------+--------+
| IPTG_sensor_I/O | OHC12_in_I/O | Sal_sensor_I/O | IPTG_sensor | OHC12_in | Sal_sensor | P2hd_I/O | R1t_I/O | P22_I/O | P2_I/O |
+-----------------+--------------+----------------+-------------+----------+------------+----------+---------+---------+--------+
| 0               | 0            | 0              | 0.0302      | 0.01     | 0.0138     | 1        | 1       | 1       | 0      |
| 0               | 0            | 1              | 0.0302      | 0.01     | 3.17       | 0        | 1       | 1       | 0      |
| 0               | 1            | 0              | 0.0302      | 3.4      | 0.0138     | 1        | 1       | 0       | 0      |
| 0               | 1            | 1              | 0.0302      | 3.4      | 3.17       | 0        | 1       | 0       | 0      |
| 1               | 0            | 0              | 4.09        | 0.01     | 0.0138     | 1        | 0       | 1       | 0      |
| 1               | 0            | 1              | 4.09        | 0.01     | 3.17       | 0        | 0       | 1       | 0      |
| 1               | 1            | 0              | 4.09        | 3.4      | 0.0138     | 1        | 0       | 0       | 1      |
| 1               | 1            | 1              | 4.09        | 3.4      | 3.17       | 0        | 0       | 0       | 1      |
+-----------------+--------------+----------------+-------------+----------+------------+----------+---------+---------+--------+
+----------+----------+------------+----------------------+----------------------+---------------------+----------------------+---------------------+----------------------+----------------------+
| 933W_I/O | Wphi_I/O | Lambda_I/O | P2hd                 | R1t                  | P22                 | P2                   | 933W                | Wphi                 | Lambda               |
+----------+----------+------------+----------------------+----------------------+---------------------+----------------------+---------------------+----------------------+----------------------+
| 1        | 0        | 0          | 1.4274414350054252   | 2.648292582041814    | 2.4211454342644267  | 0.03497307024572266  | 3.1633595953517246  | 0.02071555854557513  | 0.05069001830207152  |
| 1        | 0        | 0          | 0.015329543753333631 | 2.648292582041814    | 2.4211454342644267  | 0.03497307024572266  | 3.1633595953517246  | 0.018878700674113732 | 0.05623832837725584  |
| 1        | 0        | 0          | 1.4274414350054252   | 2.648292582041814    | 0.13587491312311367 | 0.04882545983108437  | 2.7367875086281366  | 0.02154664997534195  | 0.05177593107252774  |
| 1        | 0        | 0          | 0.015329543753333631 | 2.648292582041814    | 0.13587491312311367 | 0.04882545983108437  | 2.7367875086281366  | 0.01896975157048718  | 0.059869094381889844 |
| 1        | 0        | 0          | 1.4274414350054252   | 0.060115613260171785 | 2.4211454342644267  | 0.054988598225544805 | 2.5456211660456716  | 0.022062729215405044 | 0.05238353199508486  |
| 1        | 0        | 0          | 0.015329543753333631 | 0.060115613260171785 | 2.4211454342644267  | 0.054988598225544805 | 2.5456211660456716  | 0.019017419974667157 | 0.062133735824238034 |
| 0        | 1        | 0          | 1.4274414350054252   | 0.060115613260171785 | 0.13587491312311367 | 1.740645555828069    | 0.03307671852214768 | 2.205629108488502    | 0.09809227304727663  |
| 0        | 0        | 1          | 0.015329543753333631 | 0.060115613260171785 | 0.13587491312311367 | 1.740645555828069    | 0.03307671852214768 | 0.020675597415977513 | 4.838094886908512    |
+----------+----------+------------+----------------------+----------------------+---------------------+----------------------+---------------------+----------------------+----------------------+
+--------------+----------------+------------------------+------------------------+
| DAPG_out_I/O | pC-HSL_out_I/O | DAPG_out               | pC-HSL_out             |
+--------------+----------------+------------------------+------------------------+
| 0            | 0              | 0.00038000252867214756 | 0.0004558839417382595  |
| 0            | 0              | 0.0003800017441922121  | 0.00047339052705595126 |
| 0            | 0              | 0.00038000295954507285 | 0.0004591677423769273  |
| 0            | 0              | 0.0003800017780849806  | 0.00048582683795395033 |
| 0            | 0              | 0.00038000325344050335 | 0.0004610354105886531  |
| 0            | 0              | 0.0003800017960248015  | 0.0004939762058414614  |
| 1            | 0              | 0.05400294736212839    | 0.0006636476435921068  |
| 0            | 1              | 0.0003800025092169005  | 0.09797054908502219    |
+--------------+----------------+------------------------+------------------------+


∫ *** DEBUG *** ∫ Truth Table (same as before, simpler format):

['IPTG_sensor_I/O', 'OHC12_in_I/O', 'Sal_sensor_I/O', 'IPTG_sensor', 'OHC12_in', 'Sal_sensor', 'P2hd_I/O', 'R1t_I/O', 'P22_I/O', 'P2_I/O', '933W_I/O', 'Wphi_I/O', 'Lambda_I/O', 'P2hd', 'R1t', 'P22', 'P2', '933W', 'Wphi', 'Lambda', 'DAPG_out_I/O', 'pC-HSL_out_I/O', 'DAPG_out', 'pC-HSL_out']
[0, 0, 0, 0.0302, 0.01, 0.0138, 1, 1, 1, 0, 1, 0, 0, 1.4274414350054252, 2.648292582041814, 2.4211454342644267, 0.03497307024572266, 3.1633595953517246, 0.02071555854557513, 0.05069001830207152, 0, 0, 0.00038000252867214756, 0.0004558839417382595]
[0, 0, 1, 0.0302, 0.01, 3.17, 0, 1, 1, 0, 1, 0, 0, 0.015329543753333631, 2.648292582041814, 2.4211454342644267, 0.03497307024572266, 3.1633595953517246, 0.018878700674113732, 0.05623832837725584, 0, 0, 0.0003800017441922121, 0.00047339052705595126]
[0, 1, 0, 0.0302, 3.4, 0.0138, 1, 1, 0, 0, 1, 0, 0, 1.4274414350054252, 2.648292582041814, 0.13587491312311367, 0.04882545983108437, 2.7367875086281366, 0.02154664997534195, 0.05177593107252774, 0, 0, 0.00038000295954507285, 0.0004591677423769273]
[0, 1, 1, 0.0302, 3.4, 3.17, 0, 1, 0, 0, 1, 0, 0, 0.015329543753333631, 2.648292582041814, 0.13587491312311367, 0.04882545983108437, 2.7367875086281366, 0.01896975157048718, 0.059869094381889844, 0, 0, 0.0003800017780849806, 0.00048582683795395033]
[1, 0, 0, 4.09, 0.01, 0.0138, 1, 0, 1, 0, 1, 0, 0, 1.4274414350054252, 0.060115613260171785, 2.4211454342644267, 0.054988598225544805, 2.5456211660456716, 0.022062729215405044, 0.05238353199508486, 0, 0, 0.00038000325344050335, 0.0004610354105886531]
[1, 0, 1, 4.09, 0.01, 3.17, 0, 0, 1, 0, 1, 0, 0, 0.015329543753333631, 0.060115613260171785, 2.4211454342644267, 0.054988598225544805, 2.5456211660456716, 0.019017419974667157, 0.062133735824238034, 0, 0, 0.0003800017960248015, 0.0004939762058414614]
[1, 1, 0, 4.09, 3.4, 0.0138, 1, 0, 0, 1, 0, 1, 0, 1.4274414350054252, 0.060115613260171785, 0.13587491312311367, 1.740645555828069, 0.03307671852214768, 2.205629108488502, 0.09809227304727663, 1, 0, 0.05400294736212839, 0.0006636476435921068]
[1, 1, 1, 4.09, 3.4, 3.17, 0, 0, 0, 1, 0, 0, 1, 0.015329543753333631, 0.060115613260171785, 0.13587491312311367, 1.740645555828069, 0.03307671852214768, 0.020675597415977513, 4.838094886908512, 0, 1, 0.0003800025092169005, 0.09797054908502219]


EUGENE FILES:
 - Eugene object and structs created...
 - Eugene cassettes created...
 - Eugene helpers created...
 - Eugene script written to /home/lexo/Desktop/Practica/App/temp_outputs/temp_ab4b66d55d7c4f46b18a6af5c3a57bfb/temp_ab4b66d55d7c4f46b18a6af5c3a57bfb_Eco2C1G5T1.UCF._eugene.eug

SBOL FILES:
 - Circuit orders selected...
   + ['attB2_NONCE_PAD', 'pCin', 'RiboJ71', 'R3', 'P22', 'IlvGEDA', 'p933W', 'SarJ', 'R17', 'Wphi', 'DT19', 'PSalTTC', 'SarJ', 'R17', 'Wphi', 'DT19', 'PTac', 'BydvJ', 'R5', 'R1t', 'ECK120029600', 'p933W', 'RiboJ54', 'R2', 'Lambda', 'Ret0', 'PSalTTC', 'RiboJ60', 'R12', 'P2hd', 'DT56', 'pP2', 'PlmJ', 'R9', '933W', 'DT36', 'attB7_NONCE_PAD', 'attB5_NONCE_PAD', 'pLambda', 'sRpa_cassette', 'pWphi', 'sPhl_cassette', 'pR1t', 'RiboJ64', 'R13', 'P2', 'DT86', 'pP2hd', 'RiboJ54', 'R2', 'Lambda', 'Ret0', 'pP22', 'RiboJ64', 'R13', 'P2', 'DT86']
   + ['attB2_NONCE_PAD', 'pCin', 'RiboJ71', 'R3', 'P22', 'IlvGEDA', 'p933W', 'SarJ', 'R17', 'Wphi', 'DT19', 'PSalTTC', 'SarJ', 'R17', 'Wphi', 'DT19', 'PTac', 'BydvJ', 'R5', 'R1t', 'ECK120029600', 'p933W', 'RiboJ54', 'R2', 'Lambda', 'Ret0', 'PSalTTC', 'RiboJ60', 'R12', 'P2hd', 'DT56', 'pP2', 'PlmJ', 'R9', '933W', 'DT36', 'attB7_NONCE_PAD', 'attB5_NONCE_PAD', 'pLambda', 'sRpa_cassette', 'pP2hd', 'RiboJ54', 'R2', 'Lambda', 'Ret0', 'pP22', 'RiboJ64', 'R13', 'P2', 'DT86', 'pR1t', 'RiboJ64', 'R13', 'P2', 'DT86', 'pWphi', 'sPhl_cassette']
   + ['attB2_NONCE_PAD', 'pCin', 'RiboJ71', 'R3', 'P22', 'IlvGEDA', 'p933W', 'SarJ', 'R17', 'Wphi', 'DT19', 'PSalTTC', 'SarJ', 'R17', 'Wphi', 'DT19', 'PTac', 'BydvJ', 'R5', 'R1t', 'ECK120029600', 'p933W', 'RiboJ54', 'R2', 'Lambda', 'Ret0', 'PSalTTC', 'RiboJ60', 'R12', 'P2hd', 'DT56', 'pP2', 'PlmJ', 'R9', '933W', 'DT36', 'attB7_NONCE_PAD', 'attB5_NONCE_PAD', 'pWphi', 'sPhl_cassette', 'pLambda', 'sRpa_cassette', 'pP22', 'RiboJ64', 'R13', 'P2', 'DT86', 'pP2hd', 'RiboJ54', 'R2', 'Lambda', 'Ret0', 'pR1t', 'RiboJ64', 'R13', 'P2', 'DT86']
   + ['attB2_NONCE_PAD', 'pCin', 'RiboJ71', 'R3', 'P22', 'IlvGEDA', 'p933W', 'SarJ', 'R17', 'Wphi', 'DT19', 'PSalTTC', 'SarJ', 'R17', 'Wphi', 'DT19', 'PTac', 'BydvJ', 'R5', 'R1t', 'ECK120029600', 'p933W', 'RiboJ54', 'R2', 'Lambda', 'Ret0', 'PSalTTC', 'RiboJ60', 'R12', 'P2hd', 'DT56', 'pP2', 'PlmJ', 'R9', '933W', 'DT36', 'attB7_NONCE_PAD', 'attB5_NONCE_PAD', 'pR1t', 'RiboJ64', 'R13', 'P2', 'DT86', 'pP2hd', 'RiboJ54', 'R2', 'Lambda', 'Ret0', 'pWphi', 'sPhl_cassette', 'pP22', 'RiboJ64', 'R13', 'P2', 'DT86', 'pLambda', 'sRpa_cassette']
   + ['attB2_NONCE_PAD', 'pCin', 'RiboJ71', 'R3', 'P22', 'IlvGEDA', 'p933W', 'SarJ', 'R17', 'Wphi', 'DT19', 'PSalTTC', 'SarJ', 'R17', 'Wphi', 'DT19', 'PTac', 'BydvJ', 'R5', 'R1t', 'ECK120029600', 'p933W', 'RiboJ54', 'R2', 'Lambda', 'Ret0', 'PSalTTC', 'RiboJ60', 'R12', 'P2hd', 'DT56', 'pP2', 'PlmJ', 'R9', '933W', 'DT36', 'attB7_NONCE_PAD', 'attB5_NONCE_PAD', 'pP22', 'RiboJ64', 'R13', 'P2', 'DT86', 'pR1t', 'RiboJ64', 'R13', 'P2', 'DT86', 'pP2hd', 'RiboJ54', 'R2', 'Lambda', 'Ret0', 'pWphi', 'sPhl_cassette', 'pLambda', 'sRpa_cassette']

 - SBOL files being generated...
Component.....................59
Sequence......................55
---
Total: .........................114

SBOL XML and related files generated
 - Response plots generated



Thread count: 1
Completion Time: 14.7 seconds
Cello object deleted...

Archivo Verilog temporal eliminado: temp_ab4b66d55d7c4f46b18a6af5c3a57bfb.v
Archivo Verilog temporal creado: temp_5862d0f73161417a9ccc92d7d587582d.v
