
////////////////////////////////////////////////////////////////////////////////////////
                                       CELLO V2.1                                       
              temp_e024c773cfc94607a2e023da519792bb + Eco1C1G1T1.UCF.json               
////////////////////////////////////////////////////////////////////////////////////////

new_out: /home/lexo/Desktop/Practica/App/temp_outputs/temp_e024c773cfc94607a2e023da519792bb
verilog: temp_e024c773cfc94607a2e023da519792bb.v
v_loc: /home/lexo/Desktop/Practica/App/library/verilogs/temp_e024c773cfc94607a2e023da519792bb.v
new_in: /home/lexo/Desktop/Practica/App/library/verilogs
new_out: /home/lexo/Desktop/Practica/App/temp_outputs/temp_e024c773cfc94607a2e023da519792bb



////////////////////////////////////////////////////////////////////////////////////////
                                 End of Logic Synthesis                                 
////////////////////////////////////////////////////////////////////////////////////////

Cello object deleted...




////////////////////////////////////////////////////////////////////////////////////////
                            condition checks for valid input                            
////////////////////////////////////////////////////////////////////////////////////////


NETLIST:
isvalid: True

INPUTS (including the communication devices): 
num IN-SENSORS in Eco1C1G1T1.UCF.json in-UCF: 4
num IN-STRUCTURES in Eco1C1G1T1.UCF.json in-UCF: 4
num IN-MODELS in Eco1C1G1T1.UCF.json in-UCF: 4
num IN-PARTS in Eco1C1G1T1.UCF.json in-UCF: 4
num IN-NODES in temp_e024c773cfc94607a2e023da519792bb netlist: 2
['LacI_sensor', 'TetR_sensor', 'AraC_sensor', 'LuxR_sensor']
Valid input match!

OUTPUTS: 
num OUT-SENSORS in Eco1C1G1T1.UCF.json out-UCF: 3
num OUT-STRUCTURES in Eco1C1G1T1.UCF.json out-UCF: 3
num OUT-MODELS in Eco1C1G1T1.UCF.json out-UCF: 3
num OUT-PARTS in Eco1C1G1T1.UCF.json out-UCF: 3
num OUT-NODES in temp_e024c773cfc94607a2e023da519792bb netlist: 1
['YFP_reporter', 'YFP_reporter_2', 'YFP_reporter_3']
Valid output match!

GATES: 
num PARTS in Eco1C1G1T1.UCF.json UCF: 84
num STRUCTURES in Eco1C1G1T1.UCF.json UCF: 20
num MODELS in Eco1C1G1T1.UCF.json UCF: 20
num GATES in Eco1C1G1T1.UCF.json UCF: 20
num GATE USES: [12, True]
num GATES in temp_e024c773cfc94607a2e023da519792bb netlist: 3
['AmeR', 'AmtR', 'BM3R1', 'BetI', 'HlyIIR', 'IcaRA', 'LitR', 'LmrA', 'PhlF', 'PsrA', 'QacR', 'SrpR']
['A1_AmtR', 'B1_BM3R1', 'B2_BM3R1', 'B3_BM3R1', 'E1_BetI', 'F1_AmeR', 'H1_HlyIIR', 'I1_IcaRA', 'L1_LitR', 'N1_LmrA', 'P1_PhlF', 'P2_PhlF', 'P3_PhlF', 'Q1_QacR', 'Q2_QacR', 'R1_PsrA', 'S1_SrpR', 'S2_SrpR', 'S3_SrpR', 'S4_SrpR']
Valid intermediate match!

#47,520 possible permutations for temp_e024c773cfc94607a2e023da519792bb.v+Eco1C1G1T1.UCF.json...
(#47,520.0 permutations of UCF gate groups confirmed.)

////////////////////////////////////////////////////////////////////////////////////////
                                End of condition checks                                 
////////////////////////////////////////////////////////////////////////////////////////


Condition check passed? True


////////////////////////////////////////////////////////////////////////////////////////
                               Beginning GATE ASSIGNMENT                                
////////////////////////////////////////////////////////////////////////////////////////


Listing available assignments from UCF: 
['LacI_sensor', 'TetR_sensor', 'AraC_sensor', 'LuxR_sensor']
['YFP_reporter', 'YFP_reporter_2', 'YFP_reporter_3']
['IcaRA', 'LitR', 'BM3R1', 'LmrA', 'BetI', 'SrpR', 'HlyIIR', 'PsrA', 'PhlF', 'AmtR', 'QacR', 'AmeR']

Netlist de-construction: 
[A, B]
[81, 82, 83]
[Y]

Netlist requirements: 
need 2 inputs
need 1 outputs
need 3 gates

////////////////////////////////////////////////////////////////////////////////////////
                Running SIMULATED ANNEALING gate-assignment algorithm...                
////////////////////////////////////////////////////////////////////////////////////////

__________________________________________________ #1/1,000 | Best Score: 8.07665175998961 | Current Score: 8.07665175998961
__________________________________________________ #3/1,000 | Best Score: 18.46568906615642 | Current Score: 18.46568906615642
__________________________________________________ #17/1,000 | Best Score: 77.09503905010712 | Current Score: 77.09503905010712█
__________________________________________________ #25/1,000 | Best Score: 178.20238131296307 | Current Score: 178.20238131296307█
__________________________________________________ #50/1,000 | Best Score: 303.12568206338955 | Current Score: 303.12568206338955██
__________________________________________________ #415/1,000 | Best Score: 307.4007196286117 | Current Score: 307.4007196286117████████████████████
__________________________________________________ #570/1,000 | Best Score: 322.41372564762844 | Current Score: 322.41372564762844████████████████████████████


DONE!
Completed: 1,000/1,000 iterations (out of 47,520 possible iterations)
Best Score: 322.41372564762844

////////////////////////////////////////////////////////////////////////////////////////
                                 End of GATE ASSIGNMENT                                 
////////////////////////////////////////////////////////////////////////////////////////





∫ *** DEBUG *** ∫ final result for temp_e024c773cfc94607a2e023da519792bb.v+Eco1C1G1T1.UCF.json: 322.41372564762844



∫ *** DEBUG *** ∫ Inputs: [AraC_sensor, TetR_sensor], Gates: [SrpR, IcaRA, PhlF], Outputs: [YFP_reporter_2]


////////////////////////////////////////////////////////////////////////////////////////
                                        RESULTS                                         
              temp_e024c773cfc94607a2e023da519792bb + Eco1C1G1T1.UCF.json               
////////////////////////////////////////////////////////////////////////////////////////

CIRCUIT DESIGN:
 - Best Design: Inputs: [AraC_sensor, TetR_sensor], Gates: [SrpR, IcaRA, PhlF], Outputs: [YFP_reporter_2]
 - Best Circuit Score: 322.41372564762844

Inputs ( input response = STATE * (ymax - ymin) + ymin ):
 - ('A', 2) input AraC_sensor 2 with ymax: 2.5 and ymin: 0.0082 with max sensor output of [('high', 2.5), ('low', 0.0082)]
 - ('B', 3) input TetR_sensor 3 with ymax: 4.4 and ymin: 0.0013 with max sensor output of [('high', 4.4), ('low', 0.0013)]

Gates ( response function = ymin + (ymax - ymin) / (1.0 + (x / K)**n);   input composition = x2 + x1 ):
 - 81 gate NOT SrpR w/ inputs [2] and output 5, and best_gate = S4_SrpR
 - 82 gate NOT IcaRA w/ inputs [3] and output 6, and best_gate = I1_IcaRA
 - 83 gate NOR PhlF w/ inputs [5, 6] and output 4, and best_gate = P3_PhlF

Outputs ( unit conversion and/or hill response... ):
 - ('Y', 4) output YFP_reporter_2 4 with c * x: c = 0.0076


TRUTH TABLE/GATE SCORING:
+-----------------+-----------------+-------------+-------------+----------+-----------+----------+----------------------+---------------------+----------------------+
| AraC_sensor_I/O | TetR_sensor_I/O | AraC_sensor | TetR_sensor | SrpR_I/O | IcaRA_I/O | PhlF_I/O | SrpR                 | IcaRA               | PhlF                 |
+-----------------+-----------------+-------------+-------------+----------+-----------+----------+----------------------+---------------------+----------------------+
| 0               | 0               | 0.0082      | 0.0013      | 1        | 1         | 0        | 2.098098688319364    | 2.195159793664809   | 0.020031101337005475 |
| 0               | 1               | 0.0082      | 4.4         | 1        | 0         | 0        | 2.098098688319364    | 0.09055200711832256 | 0.020526880038936088 |
| 1               | 0               | 2.5         | 0.0013      | 0        | 1         | 0        | 0.007254967188764109 | 2.195159793664809   | 0.020513189158807222 |
| 1               | 1               | 2.5         | 4.4         | 0        | 0         | 1        | 0.007254967188764109 | 0.09055200711832256 | 6.618147869275321    |
+-----------------+-----------------+-------------+-------------+----------+-----------+----------+----------------------+---------------------+----------------------+
+--------------------+------------------------+
| YFP_reporter_2_I/O | YFP_reporter_2         |
+--------------------+------------------------+
| 0                  | 0.0001522363701612416  |
| 0                  | 0.00015600428829591427 |
| 0                  | 0.00015590023760693488 |
| 1                  | 0.05029792380649244    |
+--------------------+------------------------+


∫ *** DEBUG *** ∫ Truth Table (same as before, simpler format):

['AraC_sensor_I/O', 'TetR_sensor_I/O', 'AraC_sensor', 'TetR_sensor', 'SrpR_I/O', 'IcaRA_I/O', 'PhlF_I/O', 'SrpR', 'IcaRA', 'PhlF', 'YFP_reporter_2_I/O', 'YFP_reporter_2']
[0, 0, 0.0082, 0.0013, 1, 1, 0, 2.098098688319364, 2.195159793664809, 0.020031101337005475, 0, 0.0001522363701612416]
[0, 1, 0.0082, 4.4, 1, 0, 0, 2.098098688319364, 0.09055200711832256, 0.020526880038936088, 0, 0.00015600428829591427]
[1, 0, 2.5, 0.0013, 0, 1, 0, 0.007254967188764109, 2.195159793664809, 0.020513189158807222, 0, 0.00015590023760693488]
[1, 1, 2.5, 4.4, 0, 0, 1, 0.007254967188764109, 0.09055200711832256, 6.618147869275321, 1, 0.05029792380649244]


EUGENE FILES:
 - Eugene object and structs created...
 - Eugene cassettes created...
 - Eugene helpers created...
 - Eugene script written to /home/lexo/Desktop/Practica/App/temp_outputs/temp_e024c773cfc94607a2e023da519792bb/temp_e024c773cfc94607a2e023da519792bb_Eco1C1G1T1.UCF._eugene.eug

SBOL FILES:
 - Circuit orders selected...
   + ['Loc1_NONCE_PAD', 'Loc2_NONCE_PAD', 'pSrpR', 'pIcaRA', 'RiboJ53', 'P3', 'PhlF', 'ECK120033737', 'pBAD', 'RiboJ10', 'S4', 'SrpR', 'ECK120029600', 'pPhlF', 'YFP_cassette', 'pTet', 'ElvJ', 'I1', 'IcaRA', 'ECK120016170', 'Loc3_NONCE_PAD']
   + ['Loc1_NONCE_PAD', 'Loc2_NONCE_PAD', 'pSrpR', 'pIcaRA', 'RiboJ53', 'P3', 'PhlF', 'ECK120033737', 'pBAD', 'RiboJ10', 'S4', 'SrpR', 'ECK120029600', 'pTet', 'ElvJ', 'I1', 'IcaRA', 'ECK120016170', 'Loc3_NONCE_PAD', 'pPhlF', 'YFP_cassette']
   + ['Loc1_NONCE_PAD', 'Loc2_NONCE_PAD', 'pSrpR', 'pIcaRA', 'RiboJ53', 'P3', 'PhlF', 'ECK120033737', 'pBAD', 'RiboJ10', 'S4', 'SrpR', 'ECK120029600', 'pTet', 'ElvJ', 'I1', 'IcaRA', 'ECK120016170', 'pPhlF', 'YFP_cassette', 'Loc3_NONCE_PAD']
   + ['Loc1_NONCE_PAD', 'Loc2_NONCE_PAD', 'pSrpR', 'pIcaRA', 'RiboJ53', 'P3', 'PhlF', 'ECK120033737', 'pPhlF', 'YFP_cassette', 'pBAD', 'RiboJ10', 'S4', 'SrpR', 'ECK120029600', 'pTet', 'ElvJ', 'I1', 'IcaRA', 'ECK120016170', 'Loc3_NONCE_PAD']
   + ['Loc1_NONCE_PAD', 'Loc2_NONCE_PAD', 'pPhlF', 'YFP_cassette', 'pSrpR', 'pIcaRA', 'RiboJ53', 'P3', 'PhlF', 'ECK120033737', 'pBAD', 'RiboJ10', 'S4', 'SrpR', 'ECK120029600', 'pTet', 'ElvJ', 'I1', 'IcaRA', 'ECK120016170', 'Loc3_NONCE_PAD']

 - SBOL files being generated...
Component.....................37
Sequence......................33
---
Total: .........................70

SBOL XML and related files generated
 - Response plots generated



Thread count: 1
Completion Time: 6.8 seconds
Cello object deleted...

Archivo Verilog temporal eliminado: temp_e024c773cfc94607a2e023da519792bb.v
Archivo Verilog temporal creado: temp_0f13c7bf27f148459bb4b0cbf995c17c.v
