
////////////////////////////////////////////////////////////////////////////////////////
                                       CELLO V2.1                                       
              temp_56489c3e670f468bafb5b9f63f9ed8a5 + Bth1C1G1T1.UCF.json               
////////////////////////////////////////////////////////////////////////////////////////

new_out: /home/lexo/Desktop/Practica/App/temp_outputs/temp_56489c3e670f468bafb5b9f63f9ed8a5
verilog: temp_56489c3e670f468bafb5b9f63f9ed8a5.v
v_loc: /home/lexo/Desktop/Practica/App/library/verilogs/temp_56489c3e670f468bafb5b9f63f9ed8a5.v
new_in: /home/lexo/Desktop/Practica/App/library/verilogs
new_out: /home/lexo/Desktop/Practica/App/temp_outputs/temp_56489c3e670f468bafb5b9f63f9ed8a5



////////////////////////////////////////////////////////////////////////////////////////
                                 End of Logic Synthesis                                 
////////////////////////////////////////////////////////////////////////////////////////




////////////////////////////////////////////////////////////////////////////////////////
                            condition checks for valid input                            
////////////////////////////////////////////////////////////////////////////////////////


NETLIST:
isvalid: True

INPUTS (including the communication devices): 
num IN-SENSORS in Bth1C1G1T1.UCF.json in-UCF: 3
num IN-STRUCTURES in Bth1C1G1T1.UCF.json in-UCF: 3
num IN-MODELS in Bth1C1G1T1.UCF.json in-UCF: 3
num IN-PARTS in Bth1C1G1T1.UCF.json in-UCF: 3
num IN-NODES in temp_56489c3e670f468bafb5b9f63f9ed8a5 netlist: 3
['BA_sensor', 'IPTG_sensor', 'aTc_sensor']
Valid input match!

OUTPUTS: 
num OUT-SENSORS in Bth1C1G1T1.UCF.json out-UCF: 2
num OUT-STRUCTURES in Bth1C1G1T1.UCF.json out-UCF: 2
num OUT-MODELS in Bth1C1G1T1.UCF.json out-UCF: 2
num OUT-PARTS in Bth1C1G1T1.UCF.json out-UCF: 2
num OUT-NODES in temp_56489c3e670f468bafb5b9f63f9ed8a5 netlist: 1
['nanoluc_reporter', 'nanoluc_reporter_2']
Valid output match!

GATES: 
num PARTS in Bth1C1G1T1.UCF.json UCF: 36
num STRUCTURES in Bth1C1G1T1.UCF.json UCF: 7
num MODELS in Bth1C1G1T1.UCF.json UCF: 7
num GATES in Bth1C1G1T1.UCF.json UCF: 7
num GATE USES: [7, True]
num GATES in temp_56489c3e670f468bafb5b9f63f9ed8a5 netlist: 5
['M1', 'M2', 'M3', 'M4', 'M5', 'M6', 'M7']
['Gate1', 'Gate2', 'Gate3', 'Gate4', 'Gate5', 'Gate6', 'Gate7']
Valid intermediate match!

#30,240 possible permutations for temp_56489c3e670f468bafb5b9f63f9ed8a5.v+Bth1C1G1T1.UCF.json...
(#30,240.0 permutations of UCF gate groups confirmed.)

////////////////////////////////////////////////////////////////////////////////////////
                                End of condition checks                                 
////////////////////////////////////////////////////////////////////////////////////////


Condition check passed? True


////////////////////////////////////////////////////////////////////////////////////////
                               Beginning GATE ASSIGNMENT                                
////////////////////////////////////////////////////////////////////////////////////////


Listing available assignments from UCF: 
['BA_sensor', 'IPTG_sensor', 'aTc_sensor']
['nanoluc_reporter', 'nanoluc_reporter_2']
['M6', 'M2', 'M5', 'M3', 'M1', 'M4', 'M7']

Netlist de-construction: 
[YFP, TetR, LacI]
[85, 86, 87, 88, 89]
[out]

Netlist requirements: 
need 3 inputs
need 1 outputs
need 5 gates

////////////////////////////////////////////////////////////////////////////////////////
                Running SIMULATED ANNEALING gate-assignment algorithm...                
////////////////////////////////////////////////////////////////////////////////////////

__________________________________________________ #1/1,000 | Best Score: 1.124909089481162 | Current Score: 1.124909089481162
__________________________________________________ #4/1,000 | Best Score: 1.7067867506998957 | Current Score: 1.7067867506998957
__________________________________________________ #272/1,000 | Best Score: 2.107695283910165 | Current Score: 2.107695283910165█████████████


DONE!
Completed: 1,000/1,000 iterations (out of 30,240 possible iterations)
Best Score: 2.107695283910165

////////////////////////////////////////////////////////////////////////////////////////
                                 End of GATE ASSIGNMENT                                 
////////////////////////////////////////////////////////////////////////////////////////





∫ *** DEBUG *** ∫ final result for temp_56489c3e670f468bafb5b9f63f9ed8a5.v+Bth1C1G1T1.UCF.json: 2.107695283910165



∫ *** DEBUG *** ∫ Inputs: [BA_sensor, IPTG_sensor, aTc_sensor], Gates: [M1, M7, M3, M5, M6], Outputs: [nanoluc_reporter]


////////////////////////////////////////////////////////////////////////////////////////
                                        RESULTS                                         
              temp_56489c3e670f468bafb5b9f63f9ed8a5 + Bth1C1G1T1.UCF.json               
////////////////////////////////////////////////////////////////////////////////////////

CIRCUIT DESIGN:
 - Best Design: Inputs: [BA_sensor, IPTG_sensor, aTc_sensor], Gates: [M1, M7, M3, M5, M6], Outputs: [nanoluc_reporter]
 - Best Circuit Score: 2.107695283910165

Inputs ( input response = STATE * (ymax - ymin) + ymin ):
 - ('YFP', 2) input BA_sensor 2 with ymax: 1.4801473 and ymin: 0.01346367 with max sensor output of [('high', 1.4801473), ('low', 0.01346367)]
 - ('TetR', 3) input IPTG_sensor 3 with ymax: 4.29668167 and ymin: 0.02731338 with max sensor output of [('high', 4.29668167), ('low', 0.02731338)]
 - ('LacI', 4) input aTc_sensor 4 with ymax: 6.44789857 and ymin: 0.02857148 with max sensor output of [('high', 6.44789857), ('low', 0.02857148)]

Gates ( response function = ymin + (ymax - ymin) / (1.0 + (x / K)**n);   input composition = x2 + x1 ):
 - 85 gate NOT M1 w/ inputs [3] and output 6, and best_gate = Gate1
 - 86 gate NOT M7 w/ inputs [4] and output 7, and best_gate = Gate7
 - 87 gate NOR M3 w/ inputs [2, 6] and output 8, and best_gate = Gate3
 - 88 gate NOT M5 w/ inputs [8] and output 9, and best_gate = Gate5
 - 89 gate NOR M6 w/ inputs [7, 9] and output 5, and best_gate = Gate6

Outputs ( unit conversion and/or hill response... ):
 - ('out', 5) output nanoluc_reporter 5 with c * x: c = 1.0


TRUTH TABLE/GATE SCORING:
+---------------+-----------------+----------------+------------+-------------+------------+--------+--------+--------+--------+
| BA_sensor_I/O | IPTG_sensor_I/O | aTc_sensor_I/O | BA_sensor  | IPTG_sensor | aTc_sensor | M1_I/O | M7_I/O | M3_I/O | M5_I/O |
+---------------+-----------------+----------------+------------+-------------+------------+--------+--------+--------+--------+
| 0             | 0               | 0              | 0.01346367 | 0.02731338  | 0.02857148 | 1      | 1      | 0      | 1      |
| 0             | 0               | 1              | 0.01346367 | 0.02731338  | 6.44789857 | 1      | 0      | 0      | 1      |
| 0             | 1               | 0              | 0.01346367 | 4.29668167  | 0.02857148 | 0      | 1      | 1      | 0      |
| 0             | 1               | 1              | 0.01346367 | 4.29668167  | 6.44789857 | 0      | 0      | 1      | 0      |
| 1             | 0               | 0              | 1.4801473  | 0.02731338  | 0.02857148 | 1      | 1      | 0      | 1      |
| 1             | 0               | 1              | 1.4801473  | 0.02731338  | 6.44789857 | 1      | 0      | 0      | 1      |
| 1             | 1               | 0              | 1.4801473  | 4.29668167  | 0.02857148 | 0      | 1      | 0      | 1      |
| 1             | 1               | 1              | 1.4801473  | 4.29668167  | 6.44789857 | 0      | 0      | 0      | 1      |
+---------------+-----------------+----------------+------------+-------------+------------+--------+--------+--------+--------+
+--------+---------------------+----------------------+----------------------+---------------------+----------------------+----------------------+----------------------+
| M6_I/O | M1                  | M7                   | M3                   | M5                  | M6                   | nanoluc_reporter_I/O | nanoluc_reporter     |
+--------+---------------------+----------------------+----------------------+---------------------+----------------------+----------------------+----------------------+
| 0      | 0.6491414876820948  | 0.14540466502417387  | 0.040118685374151156 | 0.2561396298580867  | 0.02017540620979079  | 0                    | 0.02017540620979079  |
| 0      | 0.6491414876820948  | 0.004996346937624219 | 0.040118685374151156 | 0.2561396298580867  | 0.030250914480462684 | 0                    | 0.030250914480462684 |
| 0      | 0.01482580928049549 | 0.14540466502417387  | 0.32013071426791756  | 0.06403393423840574 | 0.0366889249356729   | 0                    | 0.0366889249356729   |
| 1      | 0.01482580928049549 | 0.004996346937624219 | 0.32013071426791756  | 0.06403393423840574 | 0.07732907405865182  | 1                    | 0.07732907405865182  |
| 0      | 0.6491414876820948  | 0.14540466502417387  | 0.010252231240157825 | 0.3196784326811003  | 0.01746018249891451  | 0                    | 0.01746018249891451  |
| 0      | 0.6491414876820948  | 0.004996346937624219 | 0.010252231240157825 | 0.3196784326811003  | 0.024742665876639907 | 0                    | 0.024742665876639907 |
| 0      | 0.01482580928049549 | 0.14540466502417387  | 0.015491197821551485 | 0.3082361445500473  | 0.017896334120738693 | 0                    | 0.017896334120738693 |
| 0      | 0.01482580928049549 | 0.004996346937624219 | 0.015491197821551485 | 0.3082361445500473  | 0.02559171372681967  | 0                    | 0.02559171372681967  |
+--------+---------------------+----------------------+----------------------+---------------------+----------------------+----------------------+----------------------+


∫ *** DEBUG *** ∫ Truth Table (same as before, simpler format):

['BA_sensor_I/O', 'IPTG_sensor_I/O', 'aTc_sensor_I/O', 'BA_sensor', 'IPTG_sensor', 'aTc_sensor', 'M1_I/O', 'M7_I/O', 'M3_I/O', 'M5_I/O', 'M6_I/O', 'M1', 'M7', 'M3', 'M5', 'M6', 'nanoluc_reporter_I/O', 'nanoluc_reporter']
[0, 0, 0, 0.01346367, 0.02731338, 0.02857148, 1, 1, 0, 1, 0, 0.6491414876820948, 0.14540466502417387, 0.040118685374151156, 0.2561396298580867, 0.02017540620979079, 0, 0.02017540620979079]
[0, 0, 1, 0.01346367, 0.02731338, 6.44789857, 1, 0, 0, 1, 0, 0.6491414876820948, 0.004996346937624219, 0.040118685374151156, 0.2561396298580867, 0.030250914480462684, 0, 0.030250914480462684]
[0, 1, 0, 0.01346367, 4.29668167, 0.02857148, 0, 1, 1, 0, 0, 0.01482580928049549, 0.14540466502417387, 0.32013071426791756, 0.06403393423840574, 0.0366889249356729, 0, 0.0366889249356729]
[0, 1, 1, 0.01346367, 4.29668167, 6.44789857, 0, 0, 1, 0, 1, 0.01482580928049549, 0.004996346937624219, 0.32013071426791756, 0.06403393423840574, 0.07732907405865182, 1, 0.07732907405865182]
[1, 0, 0, 1.4801473, 0.02731338, 0.02857148, 1, 1, 0, 1, 0, 0.6491414876820948, 0.14540466502417387, 0.010252231240157825, 0.3196784326811003, 0.01746018249891451, 0, 0.01746018249891451]
[1, 0, 1, 1.4801473, 0.02731338, 6.44789857, 1, 0, 0, 1, 0, 0.6491414876820948, 0.004996346937624219, 0.010252231240157825, 0.3196784326811003, 0.024742665876639907, 0, 0.024742665876639907]
[1, 1, 0, 1.4801473, 4.29668167, 0.02857148, 0, 1, 0, 1, 0, 0.01482580928049549, 0.14540466502417387, 0.015491197821551485, 0.3082361445500473, 0.017896334120738693, 0, 0.017896334120738693]
[1, 1, 1, 1.4801473, 4.29668167, 6.44789857, 0, 0, 0, 1, 0, 0.01482580928049549, 0.004996346937624219, 0.015491197821551485, 0.3082361445500473, 0.02559171372681967, 0, 0.02559171372681967]


EUGENE FILES:
 - Eugene object and structs created...
 - Eugene cassettes created...
 - Eugene helpers created...
 - Eugene script written to /home/lexo/Desktop/Practica/App/temp_outputs/temp_56489c3e670f468bafb5b9f63f9ed8a5/temp_56489c3e670f468bafb5b9f63f9ed8a5_Bth1C1G1T1.UCF._eugene.eug

SBOL FILES:
 - Circuit orders selected...
   + ['L1_NONCE_PAD', 'PM6', 'nanoluc_cassette', 'PM1', 'M3', 'ECK120034435', 'PM5', 'M6', 'L3S3P31', 'P_IPTG', 'M1', 'L3S3P41', 'P_BA', 'M3', 'ECK120034435', 'PM3', 'M5', 'ECK125109870', 'PM7', 'M6', 'L3S3P31', 'P_aTc', 'M7', 'pheA_1', 'L2_NONCE_PAD']
   + ['L1_NONCE_PAD', 'PM6', 'nanoluc_cassette', 'P_IPTG', 'M1', 'L3S3P41', 'P_BA', 'M3', 'ECK120034435', 'PM1', 'M3', 'ECK120034435', 'PM3', 'M5', 'ECK125109870', 'PM7', 'M6', 'L3S3P31', 'P_aTc', 'M7', 'pheA_1', 'PM5', 'M6', 'L3S3P31', 'L2_NONCE_PAD']
   + ['L1_NONCE_PAD', 'P_IPTG', 'M1', 'L3S3P41', 'PM1', 'M3', 'ECK120034435', 'PM6', 'nanoluc_cassette', 'P_BA', 'M3', 'ECK120034435', 'PM3', 'M5', 'ECK125109870', 'PM5', 'M6', 'L3S3P31', 'PM7', 'M6', 'L3S3P31', 'P_aTc', 'M7', 'pheA_1', 'L2_NONCE_PAD']
   + ['L1_NONCE_PAD', 'P_IPTG', 'M1', 'L3S3P41', 'PM1', 'M3', 'ECK120034435', 'P_BA', 'M3', 'ECK120034435', 'PM5', 'M6', 'L3S3P31', 'PM3', 'M5', 'ECK125109870', 'PM7', 'M6', 'L3S3P31', 'P_aTc', 'M7', 'pheA_1', 'PM6', 'nanoluc_cassette', 'L2_NONCE_PAD']
   + ['L1_NONCE_PAD', 'P_IPTG', 'M1', 'L3S3P41', 'P_BA', 'M3', 'ECK120034435', 'PM1', 'M3', 'ECK120034435', 'PM5', 'M6', 'L3S3P31', 'PM6', 'nanoluc_cassette', 'PM3', 'M5', 'ECK125109870', 'PM7', 'M6', 'L3S3P31', 'P_aTc', 'M7', 'pheA_1', 'L2_NONCE_PAD']

 - SBOL files being generated...
Component.....................37
Sequence......................34
---
Total: .........................71

SBOL XML and related files generated
 - Response plots generated



Thread count: 1
Completion Time: 2.6 seconds
Temporal verilog file deleted: temp_56489c3e670f468bafb5b9f63f9ed8a5.v
Temp file created: temp_864e8c11cf874e84a33f6bcceba05e30.v
