
////////////////////////////////////////////////////////////////////////////////////////
                                       CELLO V2.1                                       
              temp_1369ed6b225a4db1834b14583520dc84 + Eco1C1G1T1.UCF.json               
////////////////////////////////////////////////////////////////////////////////////////

new_out: /home/lexo/Desktop/Practica/App/temp_outputs/temp_1369ed6b225a4db1834b14583520dc84
verilog: temp_1369ed6b225a4db1834b14583520dc84.v
v_loc: /home/lexo/Desktop/Practica/App/library/verilogs/temp_1369ed6b225a4db1834b14583520dc84.v
new_in: /home/lexo/Desktop/Practica/App/library/verilogs
new_out: /home/lexo/Desktop/Practica/App/temp_outputs/temp_1369ed6b225a4db1834b14583520dc84



////////////////////////////////////////////////////////////////////////////////////////
                                 End of Logic Synthesis                                 
////////////////////////////////////////////////////////////////////////////////////////




////////////////////////////////////////////////////////////////////////////////////////
                            condition checks for valid input                            
////////////////////////////////////////////////////////////////////////////////////////


NETLIST:
isvalid: True

INPUTS (including the communication devices): 
num IN-SENSORS in Eco1C1G1T1.UCF.json in-UCF: 4
num IN-STRUCTURES in Eco1C1G1T1.UCF.json in-UCF: 4
num IN-MODELS in Eco1C1G1T1.UCF.json in-UCF: 4
num IN-PARTS in Eco1C1G1T1.UCF.json in-UCF: 4
num IN-NODES in temp_1369ed6b225a4db1834b14583520dc84 netlist: 2
['LacI_sensor', 'TetR_sensor', 'AraC_sensor', 'LuxR_sensor']
Valid input match!

OUTPUTS: 
num OUT-SENSORS in Eco1C1G1T1.UCF.json out-UCF: 3
num OUT-STRUCTURES in Eco1C1G1T1.UCF.json out-UCF: 3
num OUT-MODELS in Eco1C1G1T1.UCF.json out-UCF: 3
num OUT-PARTS in Eco1C1G1T1.UCF.json out-UCF: 3
num OUT-NODES in temp_1369ed6b225a4db1834b14583520dc84 netlist: 1
['YFP_reporter', 'YFP_reporter_2', 'YFP_reporter_3']
Valid output match!

GATES: 
num PARTS in Eco1C1G1T1.UCF.json UCF: 84
num STRUCTURES in Eco1C1G1T1.UCF.json UCF: 20
num MODELS in Eco1C1G1T1.UCF.json UCF: 20
num GATES in Eco1C1G1T1.UCF.json UCF: 20
num GATE USES: [12, True]
num GATES in temp_1369ed6b225a4db1834b14583520dc84 netlist: 3
['AmeR', 'AmtR', 'BM3R1', 'BetI', 'HlyIIR', 'IcaRA', 'LitR', 'LmrA', 'PhlF', 'PsrA', 'QacR', 'SrpR']
['A1_AmtR', 'B1_BM3R1', 'B2_BM3R1', 'B3_BM3R1', 'E1_BetI', 'F1_AmeR', 'H1_HlyIIR', 'I1_IcaRA', 'L1_LitR', 'N1_LmrA', 'P1_PhlF', 'P2_PhlF', 'P3_PhlF', 'Q1_QacR', 'Q2_QacR', 'R1_PsrA', 'S1_SrpR', 'S2_SrpR', 'S3_SrpR', 'S4_SrpR']
Valid intermediate match!

#47,520 possible permutations for temp_1369ed6b225a4db1834b14583520dc84.v+Eco1C1G1T1.UCF.json...
(#47,520.0 permutations of UCF gate groups confirmed.)

////////////////////////////////////////////////////////////////////////////////////////
                                End of condition checks                                 
////////////////////////////////////////////////////////////////////////////////////////


Condition check passed? True


////////////////////////////////////////////////////////////////////////////////////////
                               Beginning GATE ASSIGNMENT                                
////////////////////////////////////////////////////////////////////////////////////////


Listing available assignments from UCF: 
['LacI_sensor', 'TetR_sensor', 'AraC_sensor', 'LuxR_sensor']
['YFP_reporter', 'YFP_reporter_2', 'YFP_reporter_3']
['IcaRA', 'LitR', 'BM3R1', 'LmrA', 'BetI', 'SrpR', 'HlyIIR', 'PsrA', 'PhlF', 'AmtR', 'QacR', 'AmeR']

Netlist de-construction: 
[A, B]
[81, 82, 83]
[Y]

Netlist requirements: 
need 2 inputs
need 1 outputs
need 3 gates

////////////////////////////////////////////////////////////////////////////////////////
                Running SIMULATED ANNEALING gate-assignment algorithm...                
////////////////////////////////////////////////////////////////////////////////////////

__________________________________________________ #1/1,000 | Best Score: 28.31054358147042 | Current Score: 28.31054358147042
__________________________________________________ #7/1,000 | Best Score: 323.6575854458588 | Current Score: 323.6575854458588
__________________________________________________ #227/1,000 | Best Score: 327.623720676984 | Current Score: 327.623720676984███████████


DONE!
Completed: 1,000/1,000 iterations (out of 47,520 possible iterations)
Best Score: 327.623720676984

////////////////////////////////////////////////////////////////////////////////////////
                                 End of GATE ASSIGNMENT                                 
////////////////////////////////////////////////////////////////////////////////////////





∫ *** DEBUG *** ∫ final result for temp_1369ed6b225a4db1834b14583520dc84.v+Eco1C1G1T1.UCF.json: 327.623720676984



∫ *** DEBUG *** ∫ Inputs: [TetR_sensor, LacI_sensor], Gates: [SrpR, AmtR, PhlF], Outputs: [YFP_reporter]


////////////////////////////////////////////////////////////////////////////////////////
                                        RESULTS                                         
              temp_1369ed6b225a4db1834b14583520dc84 + Eco1C1G1T1.UCF.json               
////////////////////////////////////////////////////////////////////////////////////////

CIRCUIT DESIGN:
 - Best Design: Inputs: [TetR_sensor, LacI_sensor], Gates: [SrpR, AmtR, PhlF], Outputs: [YFP_reporter]
 - Best Circuit Score: 327.623720676984

Inputs ( input response = STATE * (ymax - ymin) + ymin ):
 - ('A', 2) input TetR_sensor 2 with ymax: 4.4 and ymin: 0.0013 with max sensor output of [('high', 4.4), ('low', 0.0013)]
 - ('B', 3) input LacI_sensor 3 with ymax: 2.8 and ymin: 0.0034 with max sensor output of [('high', 2.8), ('low', 0.0034)]

Gates ( response function = ymin + (ymax - ymin) / (1.0 + (x / K)**n);   input composition = x2 + x1 ):
 - 81 gate NOT SrpR w/ inputs [2] and output 5, and best_gate = S4_SrpR
 - 82 gate NOT AmtR w/ inputs [3] and output 6, and best_gate = A1_AmtR
 - 83 gate NOR PhlF w/ inputs [5, 6] and output 4, and best_gate = P3_PhlF

Outputs ( unit conversion and/or hill response... ):
 - ('Y', 4) output YFP_reporter 4 with c * x: c = 0.0076


TRUTH TABLE/GATE SCORING:
+-----------------+-----------------+-------------+-------------+----------+----------+----------+----------------------+---------------------+----------------------+
| TetR_sensor_I/O | LacI_sensor_I/O | TetR_sensor | LacI_sensor | SrpR_I/O | AmtR_I/O | PhlF_I/O | SrpR                 | AmtR                | PhlF                 |
+-----------------+-----------------+-------------+-------------+----------+----------+----------+----------------------+---------------------+----------------------+
| 0               | 0               | 0.0013      | 0.0034      | 1        | 1        | 0        | 2.099989040055861    | 3.770646560782609   | 0.020008356194680058 |
| 0               | 1               | 0.0013      | 2.8         | 1        | 0        | 0        | 2.099989040055861    | 0.07019506813925781 | 0.020545966505893944 |
| 1               | 0               | 4.4         | 0.0034      | 0        | 1        | 0        | 0.007052371000060497 | 3.770646560782609   | 0.020053226554451797 |
| 1               | 1               | 4.4         | 2.8         | 0        | 0        | 1        | 0.007052371000060497 | 0.07019506813925781 | 6.731345991565667    |
+-----------------+-----------------+-------------+-------------+----------+----------+----------+----------------------+---------------------+----------------------+
+------------------+------------------------+
| YFP_reporter_I/O | YFP_reporter           |
+------------------+------------------------+
| 0                | 0.00015206350707956844 |
| 0                | 0.00015614934544479398 |
| 0                | 0.00015240452181383365 |
| 1                | 0.05115822953589907    |
+------------------+------------------------+


∫ *** DEBUG *** ∫ Truth Table (same as before, simpler format):

['TetR_sensor_I/O', 'LacI_sensor_I/O', 'TetR_sensor', 'LacI_sensor', 'SrpR_I/O', 'AmtR_I/O', 'PhlF_I/O', 'SrpR', 'AmtR', 'PhlF', 'YFP_reporter_I/O', 'YFP_reporter']
[0, 0, 0.0013, 0.0034, 1, 1, 0, 2.099989040055861, 3.770646560782609, 0.020008356194680058, 0, 0.00015206350707956844]
[0, 1, 0.0013, 2.8, 1, 0, 0, 2.099989040055861, 0.07019506813925781, 0.020545966505893944, 0, 0.00015614934544479398]
[1, 0, 4.4, 0.0034, 0, 1, 0, 0.007052371000060497, 3.770646560782609, 0.020053226554451797, 0, 0.00015240452181383365]
[1, 1, 4.4, 2.8, 0, 0, 1, 0.007052371000060497, 0.07019506813925781, 6.731345991565667, 1, 0.05115822953589907]


EUGENE FILES:
 - Eugene object and structs created...
 - Eugene cassettes created...
 - Eugene helpers created...
 - Eugene script written to /home/lexo/Desktop/Practica/App/temp_outputs/temp_1369ed6b225a4db1834b14583520dc84/temp_1369ed6b225a4db1834b14583520dc84_Eco1C1G1T1.UCF._eugene.eug

SBOL FILES:
 - Circuit orders selected...
   + ['Loc1_NONCE_PAD', 'Loc2_NONCE_PAD', 'pSrpR', 'pAmtR', 'RiboJ53', 'P3', 'PhlF', 'ECK120033737', 'pTet', 'RiboJ10', 'S4', 'SrpR', 'ECK120029600', 'pTac', 'BydvJ', 'A1', 'AmtR', 'L3S2P55', 'Loc3_NONCE_PAD', 'pPhlF', 'YFP_cassette']

 - SBOL files being generated...
Component.....................37
Sequence......................33
---
Total: .........................70

SBOL XML and related files generated
 - Response plots generated



Thread count: 1
Completion Time: 5.8 seconds
Archivo Verilog temporal eliminado: temp_1369ed6b225a4db1834b14583520dc84.v
Archivo Verilog temporal creado: temp_d90dab65a33f4dd391435b929610b55c.v
