
////////////////////////////////////////////////////////////////////////////////////////
                                       CELLO V2.1                                       
              temp_a42a3469e91a42929dde06e4812615f9 + Eco2C1G5T1.UCF.json               
////////////////////////////////////////////////////////////////////////////////////////

new_out: /home/lexo/Desktop/Practica/App/temp_outputs/temp_a42a3469e91a42929dde06e4812615f9
verilog: temp_a42a3469e91a42929dde06e4812615f9.v
v_loc: /home/lexo/Desktop/Practica/App/library/verilogs/temp_a42a3469e91a42929dde06e4812615f9.v
new_in: /home/lexo/Desktop/Practica/App/library/verilogs
new_out: /home/lexo/Desktop/Practica/App/temp_outputs/temp_a42a3469e91a42929dde06e4812615f9



////////////////////////////////////////////////////////////////////////////////////////
                                 End of Logic Synthesis                                 
////////////////////////////////////////////////////////////////////////////////////////




////////////////////////////////////////////////////////////////////////////////////////
                            condition checks for valid input                            
////////////////////////////////////////////////////////////////////////////////////////


NETLIST:
isvalid: True

INPUTS (including the communication devices): 
num IN-SENSORS in Eco2C1G5T1.UCF.json in-UCF: 12
num IN-STRUCTURES in Eco2C1G5T1.UCF.json in-UCF: 12
num IN-MODELS in Eco2C1G5T1.UCF.json in-UCF: 12
num IN-PARTS in Eco2C1G5T1.UCF.json in-UCF: 12
num IN-NODES in temp_a42a3469e91a42929dde06e4812615f9 netlist: 3
['Ara_sensor', 'IPTG_sensor', 'aTc_sensor', 'Cuma_sensor', 'Van_sensor', 'OHC14_sensor', 'Sal_sensor', 'RpaR-AM2_sensor', 'OC6_in', 'OHC12_in', 'pC-HSL_in', 'DAPG_in']
Valid input match!

OUTPUTS: 
num OUT-SENSORS in Eco2C1G5T1.UCF.json out-UCF: 7
num OUT-STRUCTURES in Eco2C1G5T1.UCF.json out-UCF: 7
num OUT-MODELS in Eco2C1G5T1.UCF.json out-UCF: 7
num OUT-PARTS in Eco2C1G5T1.UCF.json out-UCF: 7
num OUT-NODES in temp_a42a3469e91a42929dde06e4812615f9 netlist: 2
['BFP_reporter', 'RFP_reporter', 'YFP_reporter', 'OC6_out', 'OHC12_out', 'pC-HSL_out', 'DAPG_out']
Valid output match!

GATES: 
num PARTS in Eco2C1G5T1.UCF.json UCF: 80
num STRUCTURES in Eco2C1G5T1.UCF.json UCF: 12
num MODELS in Eco2C1G5T1.UCF.json UCF: 12
num GATES in Eco2C1G5T1.UCF.json UCF: 12
num GATE USES: [12, True]
num GATES in temp_a42a3469e91a42929dde06e4812615f9 netlist: 7
['933W', 'Lambda', 'P2', 'P22', 'P2hd', 'R1t', 'TP901', 'Wphi']
['R12_P2hd', 'R13_P2', 'R14_P2', 'R15_P2', 'R17_Wphi', 'R1_Lambda', 'R2_Lambda', 'R3_P22', 'R4_TP901', 'R5_R1t', 'R8_933W', 'R9_933W']
Valid intermediate match!

#2,235,340,800 possible permutations for temp_a42a3469e91a42929dde06e4812615f9.v+Eco2C1G5T1.UCF.json...
(#2,235,340,800.0 permutations of UCF gate groups confirmed.)

////////////////////////////////////////////////////////////////////////////////////////
                                End of condition checks                                 
////////////////////////////////////////////////////////////////////////////////////////


Condition check passed? True


////////////////////////////////////////////////////////////////////////////////////////
                               Beginning GATE ASSIGNMENT                                
////////////////////////////////////////////////////////////////////////////////////////


Listing available assignments from UCF: 
['Ara_sensor', 'IPTG_sensor', 'aTc_sensor', 'Cuma_sensor', 'Van_sensor', 'OHC14_sensor', 'Sal_sensor', 'RpaR-AM2_sensor', 'OC6_in', 'OHC12_in', 'pC-HSL_in', 'DAPG_in']
['BFP_reporter', 'RFP_reporter', 'YFP_reporter', 'OC6_out', 'OHC12_out', 'pC-HSL_out', 'DAPG_out']
['TP901', 'P22', 'R1t', 'P2', 'Lambda', '933W', 'Wphi', 'P2hd']

Netlist de-construction: 
[tetR, lacI, cro]
[88, 89, 90, 91, 92, 93, 94]
[YFP, BFP]

Netlist requirements: 
need 3 inputs
need 2 outputs
need 7 gates

////////////////////////////////////////////////////////////////////////////////////////
                Running SIMULATED ANNEALING gate-assignment algorithm...                
////////////////////////////////////////////////////////////////////////////////////////

__________________________________________________ #1/1,000 | Best Score: 12.014730895422185 | Current Score: 12.014730895422185
__________________________________________________ #4/1,000 | Best Score: 54.4864594954588 | Current Score: 54.4864594954588
__________________________________________________ #26/1,000 | Best Score: 57.171816416522205 | Current Score: 57.171816416522205█
__________________________________________________ #44/1,000 | Best Score: 64.23993770564174 | Current Score: 64.23993770564174██
__________________________________________________ #63/1,000 | Best Score: 73.16370241647148 | Current Score: 73.16370241647148███
__________________________________________________ #85/1,000 | Best Score: 92.25884056228641 | Current Score: 92.25884056228641████
__________________________________________________ #120/1,000 | Best Score: 97.25687823845371 | Current Score: 97.25687823845371██████
__________________________________________________ #122/1,000 | Best Score: 108.82719275828416 | Current Score: 108.82719275828416██████
__________________________________________________ #166/1,000 | Best Score: 141.40199083971294 | Current Score: 141.40199083971294████████
__________________________________________________ #167/1,000 | Best Score: 145.80930668985147 | Current Score: 145.80930668985147████████


DONE!
Completed: 1,000/1,000 iterations (out of 2,235,340,800 possible iterations)
Best Score: 145.80930668985147

////////////////////////////////////////////////////////////////////////////////////////
                                 End of GATE ASSIGNMENT                                 
////////////////////////////////////////////////////////////////////////////////////////





∫ *** DEBUG *** ∫ final result for temp_a42a3469e91a42929dde06e4812615f9.v+Eco2C1G5T1.UCF.json: 145.80930668985147



∫ *** DEBUG *** ∫ Inputs: [Sal_sensor, Cuma_sensor, DAPG_in], Gates: [P2, P2hd, 933W, TP901, Wphi, P22, Lambda], Outputs: [pC-HSL_out, OHC12_out]


////////////////////////////////////////////////////////////////////////////////////////
                                        RESULTS                                         
              temp_a42a3469e91a42929dde06e4812615f9 + Eco2C1G5T1.UCF.json               
////////////////////////////////////////////////////////////////////////////////////////

CIRCUIT DESIGN:
 - Best Design: Inputs: [Sal_sensor, Cuma_sensor, DAPG_in], Gates: [P2, P2hd, 933W, TP901, Wphi, P22, Lambda], Outputs: [pC-HSL_out, OHC12_out]
 - Best Circuit Score: 145.80930668985147

Inputs ( input response = STATE * (ymax - ymin) + ymin ):
 - ('tetR', 2) input Sal_sensor 2 with ymax: 3.17 and ymin: 0.0138 with max sensor output of [('high', 3.17), ('low', 0.0138)]
 - ('lacI', 3) input Cuma_sensor 3 with ymax: 3.14 and ymin: 0.0036 with max sensor output of [('high', 3.14), ('low', 0.0036)]
 - ('cro', 4) input DAPG_in 4 with ymax: 3.4 and ymin: 0.02 with max sensor output of [('high', 3.4), ('low', 0.02)]

Gates ( response function = ymin + (ymax - ymin) / (1.0 + (x / K)**n);   input composition = x1 + x2 ):
 - 88 gate NOT P2 w/ inputs [2] and output 7, and best_gate = R13_P2
 - 89 gate NOT P2hd w/ inputs [3] and output 8, and best_gate = R12_P2hd
 - 90 gate NOR 933W w/ inputs [7, 8] and output 9, and best_gate = R9_933W
 - 91 gate NOT TP901 w/ inputs [9] and output 10, and best_gate = R4_TP901
 - 92 gate NOR Wphi w/ inputs [4, 10] and output 5, and best_gate = R17_Wphi
 - 93 gate NOR P22 w/ inputs [4, 9] and output 11, and best_gate = R3_P22
 - 94 gate NOT Lambda w/ inputs [11] and output 6, and best_gate = R2_Lambda

Outputs ( unit conversion and/or hill response... ):
 - ('YFP', 5) output pC-HSL_out 5 with ymin + (ymax - ymin) / (1.0 + (kd / (unit_conversion * x))**n): {'ymax': 0.114, 'ymin': 0.00038, 'kd': 0.2, 'n': 2, 'unit_conversion': 0.102}
 - ('BFP', 6) output OHC12_out 6 with ymin + (ymax - ymin) / (1.0 + (kd / (unit_conversion * x))**n): {'ymax': 0.0646, 'ymin': 0.00019, 'kd': 0.3, 'n': 3.9, 'unit_conversion': 0.102}


TRUTH TABLE/GATE SCORING:
+----------------+-----------------+-------------+------------+-------------+---------+--------+----------+----------+-----------+
| Sal_sensor_I/O | Cuma_sensor_I/O | DAPG_in_I/O | Sal_sensor | Cuma_sensor | DAPG_in | P2_I/O | P2hd_I/O | 933W_I/O | TP901_I/O |
+----------------+-----------------+-------------+------------+-------------+---------+--------+----------+----------+-----------+
| 0              | 0               | 0           | 0.0138     | 0.0036      | 0.02    | 1      | 1        | 0        | 1         |
| 0              | 0               | 1           | 0.0138     | 0.0036      | 3.4     | 1      | 1        | 0        | 1         |
| 0              | 1               | 0           | 0.0138     | 3.14        | 0.02    | 1      | 0        | 0        | 1         |
| 0              | 1               | 1           | 0.0138     | 3.14        | 3.4     | 1      | 0        | 0        | 1         |
| 1              | 0               | 0           | 3.17       | 0.0036      | 0.02    | 0      | 1        | 0        | 1         |
| 1              | 0               | 1           | 3.17       | 0.0036      | 3.4     | 0      | 1        | 0        | 1         |
| 1              | 1               | 0           | 3.17       | 3.14        | 0.02    | 0      | 0        | 1        | 0         |
| 1              | 1               | 1           | 3.17       | 3.14        | 3.4     | 0      | 0        | 1        | 0         |
+----------------+-----------------+-------------+------------+-------------+---------+--------+----------+----------+-----------+
+----------+---------+------------+----------------------+----------------------+----------------------+---------------------+----------------------+---------------------+---------------------+
| Wphi_I/O | P22_I/O | Lambda_I/O | P2                   | P2hd                 | 933W                 | TP901               | Wphi                 | P22                 | Lambda              |
+----------+---------+------------+----------------------+----------------------+----------------------+---------------------+----------------------+---------------------+---------------------+
| 0        | 1       | 0          | 1.896838543985977    | 1.4830416911150401   | 0.02838551723547261  | 1.8185531780974646  | 0.025696947162104834 | 2.233955482659562   | 0.06748316921562189 |
| 0        | 0       | 1          | 1.896838543985977    | 1.4830416911150401   | 0.02838551723547261  | 1.8185531780974646  | 0.0191671867279367   | 0.13546492037727875 | 3.1243244704801056  |
| 0        | 1       | 0          | 1.896838543985977    | 0.015354296328800037 | 0.031969727163944944 | 1.6719161128668425  | 0.027062921664947157 | 2.2120961667703076  | 0.06792991862566401 |
| 0        | 0       | 1          | 1.896838543985977    | 0.015354296328800037 | 0.031969727163944944 | 1.6719161128668425  | 0.019220114028890234 | 0.13541375535161013 | 3.1253083461378814  |
| 0        | 1       | 0          | 0.043775566570429914 | 1.4830416911150401   | 0.035024126229327164 | 1.5590204527214524  | 0.028386620250695715 | 2.1931676546479997  | 0.0683278776513362  |
| 0        | 0       | 1          | 0.043775566570429914 | 1.4830416911150401   | 0.035024126229327164 | 1.5590204527214524  | 0.019264145547941664 | 0.13537025911619052 | 3.1261449307435694  |
| 1        | 0       | 1          | 0.043775566570429914 | 0.015354296328800037 | 2.420218238863875    | 0.03555256837914966 | 2.066006715805886    | 0.15719970258844512 | 2.728188557305165   |
| 0        | 0       | 1          | 0.043775566570429914 | 0.015354296328800037 | 2.420218238863875    | 0.03555256837914966 | 0.020357078368470026 | 0.1176370726018726  | 3.4793052821247175  |
+----------+---------+------------+----------------------+----------------------+----------------------+---------------------+----------------------+---------------------+---------------------+
+----------------+---------------+------------------------+------------------------+
| pC-HSL_out_I/O | OHC12_out_I/O | pC-HSL_out             | OHC12_out              |
+----------------+---------------+------------------------+------------------------+
| 0              | 0             | 0.00039951118358764825 | 0.0001900260365378143  |
| 0              | 1             | 0.0003908560138157745  | 0.03617118426368645    |
| 0              | 0             | 0.000401640225093567   | 0.00019002671524512695 |
| 0              | 1             | 0.00039091604532138884 | 0.03619068405321728    |
| 0              | 0             | 0.00040380847065883343 | 0.00019002733083013976 |
| 0              | 1             | 0.00039096611309684604 | 0.03620725758104643    |
| 1              | 1             | 0.06015693113495153    | 0.027707753360465714   |
| 0              | 1             | 0.00039224557619448844 | 0.04258475705362892    |
+----------------+---------------+------------------------+------------------------+


∫ *** DEBUG *** ∫ Truth Table (same as before, simpler format):

['Sal_sensor_I/O', 'Cuma_sensor_I/O', 'DAPG_in_I/O', 'Sal_sensor', 'Cuma_sensor', 'DAPG_in', 'P2_I/O', 'P2hd_I/O', '933W_I/O', 'TP901_I/O', 'Wphi_I/O', 'P22_I/O', 'Lambda_I/O', 'P2', 'P2hd', '933W', 'TP901', 'Wphi', 'P22', 'Lambda', 'pC-HSL_out_I/O', 'OHC12_out_I/O', 'pC-HSL_out', 'OHC12_out']
[0, 0, 0, 0.0138, 0.0036, 0.02, 1, 1, 0, 1, 0, 1, 0, 1.896838543985977, 1.4830416911150401, 0.02838551723547261, 1.8185531780974646, 0.025696947162104834, 2.233955482659562, 0.06748316921562189, 0, 0, 0.00039951118358764825, 0.0001900260365378143]
[0, 0, 1, 0.0138, 0.0036, 3.4, 1, 1, 0, 1, 0, 0, 1, 1.896838543985977, 1.4830416911150401, 0.02838551723547261, 1.8185531780974646, 0.0191671867279367, 0.13546492037727875, 3.1243244704801056, 0, 1, 0.0003908560138157745, 0.03617118426368645]
[0, 1, 0, 0.0138, 3.14, 0.02, 1, 0, 0, 1, 0, 1, 0, 1.896838543985977, 0.015354296328800037, 0.031969727163944944, 1.6719161128668425, 0.027062921664947157, 2.2120961667703076, 0.06792991862566401, 0, 0, 0.000401640225093567, 0.00019002671524512695]
[0, 1, 1, 0.0138, 3.14, 3.4, 1, 0, 0, 1, 0, 0, 1, 1.896838543985977, 0.015354296328800037, 0.031969727163944944, 1.6719161128668425, 0.019220114028890234, 0.13541375535161013, 3.1253083461378814, 0, 1, 0.00039091604532138884, 0.03619068405321728]
[1, 0, 0, 3.17, 0.0036, 0.02, 0, 1, 0, 1, 0, 1, 0, 0.043775566570429914, 1.4830416911150401, 0.035024126229327164, 1.5590204527214524, 0.028386620250695715, 2.1931676546479997, 0.0683278776513362, 0, 0, 0.00040380847065883343, 0.00019002733083013976]
[1, 0, 1, 3.17, 0.0036, 3.4, 0, 1, 0, 1, 0, 0, 1, 0.043775566570429914, 1.4830416911150401, 0.035024126229327164, 1.5590204527214524, 0.019264145547941664, 0.13537025911619052, 3.1261449307435694, 0, 1, 0.00039096611309684604, 0.03620725758104643]
[1, 1, 0, 3.17, 3.14, 0.02, 0, 0, 1, 0, 1, 0, 1, 0.043775566570429914, 0.015354296328800037, 2.420218238863875, 0.03555256837914966, 2.066006715805886, 0.15719970258844512, 2.728188557305165, 1, 1, 0.06015693113495153, 0.027707753360465714]
[1, 1, 1, 3.17, 3.14, 3.4, 0, 0, 1, 0, 0, 0, 1, 0.043775566570429914, 0.015354296328800037, 2.420218238863875, 0.03555256837914966, 0.020357078368470026, 0.1176370726018726, 3.4793052821247175, 0, 1, 0.00039224557619448844, 0.04258475705362892]


EUGENE FILES:
 - Eugene object and structs created...
 - Eugene cassettes created...
 - Eugene helpers created...
 - Eugene script written to /home/lexo/Desktop/Practica/App/temp_outputs/temp_a42a3469e91a42929dde06e4812615f9/temp_a42a3469e91a42929dde06e4812615f9_Eco2C1G5T1.UCF._eugene.eug

SBOL FILES:
 - Circuit orders selected...
   + ['attB2_NONCE_PAD', 'pTP901', 'SarJ', 'R17', 'Wphi', 'DT19', 'p933W', 'RiboJ69', 'R4', 'TP901', 'RpoC', 'pPhlF', 'RiboJ71', 'R3', 'P22', 'IlvGEDA', 'p933W', 'RiboJ71', 'R3', 'P22', 'IlvGEDA', 'pP22', 'RiboJ54', 'R2', 'Lambda', 'Ret0', 'pPhlF', 'SarJ', 'R17', 'Wphi', 'DT19', 'pP2', 'PlmJ', 'R9', '933W', 'DT36', 'PSalTTC', 'RiboJ64', 'R13', 'P2', 'DT86', 'attB7_NONCE_PAD', 'pP2hd', 'PlmJ', 'R9', '933W', 'DT36', 'attB5_NONCE_PAD', 'PCymRC', 'RiboJ60', 'R12', 'P2hd', 'DT56', 'pLambda', 'sCin_cassette', 'pWphi', 'sRpa_cassette']
   + ['attB2_NONCE_PAD', 'pTP901', 'SarJ', 'R17', 'Wphi', 'DT19', 'p933W', 'RiboJ69', 'R4', 'TP901', 'RpoC', 'pPhlF', 'RiboJ71', 'R3', 'P22', 'IlvGEDA', 'p933W', 'RiboJ71', 'R3', 'P22', 'IlvGEDA', 'pP22', 'RiboJ54', 'R2', 'Lambda', 'Ret0', 'pPhlF', 'SarJ', 'R17', 'Wphi', 'DT19', 'pP2', 'PlmJ', 'R9', '933W', 'DT36', 'PSalTTC', 'RiboJ64', 'R13', 'P2', 'DT86', 'attB7_NONCE_PAD', 'attB5_NONCE_PAD', 'pWphi', 'sRpa_cassette', 'PCymRC', 'RiboJ60', 'R12', 'P2hd', 'DT56', 'pLambda', 'sCin_cassette', 'pP2hd', 'PlmJ', 'R9', '933W', 'DT36']
   + ['attB2_NONCE_PAD', 'pTP901', 'SarJ', 'R17', 'Wphi', 'DT19', 'p933W', 'RiboJ69', 'R4', 'TP901', 'RpoC', 'pPhlF', 'RiboJ71', 'R3', 'P22', 'IlvGEDA', 'p933W', 'RiboJ71', 'R3', 'P22', 'IlvGEDA', 'pP22', 'RiboJ54', 'R2', 'Lambda', 'Ret0', 'pPhlF', 'SarJ', 'R17', 'Wphi', 'DT19', 'pP2', 'PlmJ', 'R9', '933W', 'DT36', 'PSalTTC', 'RiboJ64', 'R13', 'P2', 'DT86', 'pP2hd', 'PlmJ', 'R9', '933W', 'DT36', 'attB7_NONCE_PAD', 'PCymRC', 'RiboJ60', 'R12', 'P2hd', 'DT56', 'attB5_NONCE_PAD', 'pWphi', 'sRpa_cassette', 'pLambda', 'sCin_cassette']
   + ['attB2_NONCE_PAD', 'pTP901', 'SarJ', 'R17', 'Wphi', 'DT19', 'p933W', 'RiboJ69', 'R4', 'TP901', 'RpoC', 'pPhlF', 'RiboJ71', 'R3', 'P22', 'IlvGEDA', 'p933W', 'RiboJ71', 'R3', 'P22', 'IlvGEDA', 'pP22', 'RiboJ54', 'R2', 'Lambda', 'Ret0', 'pPhlF', 'SarJ', 'R17', 'Wphi', 'DT19', 'pP2', 'PlmJ', 'R9', '933W', 'DT36', 'pP2hd', 'PlmJ', 'R9', '933W', 'DT36', 'PSalTTC', 'RiboJ64', 'R13', 'P2', 'DT86', 'attB7_NONCE_PAD', 'PCymRC', 'RiboJ60', 'R12', 'P2hd', 'DT56', 'attB5_NONCE_PAD', 'pLambda', 'sCin_cassette', 'pWphi', 'sRpa_cassette']
   + ['attB2_NONCE_PAD', 'pTP901', 'SarJ', 'R17', 'Wphi', 'DT19', 'p933W', 'RiboJ69', 'R4', 'TP901', 'RpoC', 'pPhlF', 'RiboJ71', 'R3', 'P22', 'IlvGEDA', 'p933W', 'RiboJ71', 'R3', 'P22', 'IlvGEDA', 'pP22', 'RiboJ54', 'R2', 'Lambda', 'Ret0', 'pPhlF', 'SarJ', 'R17', 'Wphi', 'DT19', 'pP2', 'PlmJ', 'R9', '933W', 'DT36', 'pP2hd', 'PlmJ', 'R9', '933W', 'DT36', 'attB7_NONCE_PAD', 'PSalTTC', 'RiboJ64', 'R13', 'P2', 'DT86', 'attB5_NONCE_PAD', 'PCymRC', 'RiboJ60', 'R12', 'P2hd', 'DT56', 'pWphi', 'sRpa_cassette', 'pLambda', 'sCin_cassette']

 - SBOL files being generated...
Component.....................59
Sequence......................55
---
Total: .........................114

SBOL XML and related files generated
 - Response plots generated



Thread count: 1
Completion Time: 27.7 seconds
Archivo Verilog temporal eliminado: temp_a42a3469e91a42929dde06e4812615f9.v
