
////////////////////////////////////////////////////////////////////////////////////////
                                       CELLO V2.1                                       
              temp_68a3235443764f74a07bef5a5fd29de4 + Eco1C1G1T1.UCF.json               
////////////////////////////////////////////////////////////////////////////////////////

new_out: /home/lexo/Desktop/Practica/App/temp_outputs/temp_68a3235443764f74a07bef5a5fd29de4
verilog: temp_68a3235443764f74a07bef5a5fd29de4.v
v_loc: /home/lexo/Desktop/Practica/App/library/verilogs/temp_68a3235443764f74a07bef5a5fd29de4.v
new_in: /home/lexo/Desktop/Practica/App/library/verilogs
new_out: /home/lexo/Desktop/Practica/App/temp_outputs/temp_68a3235443764f74a07bef5a5fd29de4



////////////////////////////////////////////////////////////////////////////////////////
                                 End of Logic Synthesis                                 
////////////////////////////////////////////////////////////////////////////////////////




////////////////////////////////////////////////////////////////////////////////////////
                            condition checks for valid input                            
////////////////////////////////////////////////////////////////////////////////////////


NETLIST:
isvalid: True

INPUTS (including the communication devices): 
num IN-SENSORS in Eco1C1G1T1.UCF.json in-UCF: 4
num IN-STRUCTURES in Eco1C1G1T1.UCF.json in-UCF: 4
num IN-MODELS in Eco1C1G1T1.UCF.json in-UCF: 4
num IN-PARTS in Eco1C1G1T1.UCF.json in-UCF: 4
num IN-NODES in temp_68a3235443764f74a07bef5a5fd29de4 netlist: 2
['LacI_sensor', 'TetR_sensor', 'AraC_sensor', 'LuxR_sensor']
Valid input match!

OUTPUTS: 
num OUT-SENSORS in Eco1C1G1T1.UCF.json out-UCF: 3
num OUT-STRUCTURES in Eco1C1G1T1.UCF.json out-UCF: 3
num OUT-MODELS in Eco1C1G1T1.UCF.json out-UCF: 3
num OUT-PARTS in Eco1C1G1T1.UCF.json out-UCF: 3
num OUT-NODES in temp_68a3235443764f74a07bef5a5fd29de4 netlist: 1
['YFP_reporter', 'YFP_reporter_2', 'YFP_reporter_3']
Valid output match!

GATES: 
num PARTS in Eco1C1G1T1.UCF.json UCF: 84
num STRUCTURES in Eco1C1G1T1.UCF.json UCF: 20
num MODELS in Eco1C1G1T1.UCF.json UCF: 20
num GATES in Eco1C1G1T1.UCF.json UCF: 20
num GATE USES: [12, True]
num GATES in temp_68a3235443764f74a07bef5a5fd29de4 netlist: 3
['AmeR', 'AmtR', 'BM3R1', 'BetI', 'HlyIIR', 'IcaRA', 'LitR', 'LmrA', 'PhlF', 'PsrA', 'QacR', 'SrpR']
['A1_AmtR', 'B1_BM3R1', 'B2_BM3R1', 'B3_BM3R1', 'E1_BetI', 'F1_AmeR', 'H1_HlyIIR', 'I1_IcaRA', 'L1_LitR', 'N1_LmrA', 'P1_PhlF', 'P2_PhlF', 'P3_PhlF', 'Q1_QacR', 'Q2_QacR', 'R1_PsrA', 'S1_SrpR', 'S2_SrpR', 'S3_SrpR', 'S4_SrpR']
Valid intermediate match!

#47,520 possible permutations for temp_68a3235443764f74a07bef5a5fd29de4.v+Eco1C1G1T1.UCF.json...
(#47,520.0 permutations of UCF gate groups confirmed.)

////////////////////////////////////////////////////////////////////////////////////////
                                End of condition checks                                 
////////////////////////////////////////////////////////////////////////////////////////


Condition check passed? True


////////////////////////////////////////////////////////////////////////////////////////
                               Beginning GATE ASSIGNMENT                                
////////////////////////////////////////////////////////////////////////////////////////


Listing available assignments from UCF: 
['LacI_sensor', 'TetR_sensor', 'AraC_sensor', 'LuxR_sensor']
['YFP_reporter', 'YFP_reporter_2', 'YFP_reporter_3']
['LitR', 'BM3R1', 'AmeR', 'PhlF', 'AmtR', 'BetI', 'SrpR', 'HlyIIR', 'LmrA', 'QacR', 'IcaRA', 'PsrA']

Netlist de-construction: 
[TetR, LacI]
[81, 82, 83]
[YFP]

Netlist requirements: 
need 2 inputs
need 1 outputs
need 3 gates

////////////////////////////////////////////////////////////////////////////////////////
                Running SIMULATED ANNEALING gate-assignment algorithm...                
////////////////////////////////////////////////////////////////////////////////////////

__________________________________________________ #1/1,000 | Best Score: 4.4161742245475475 | Current Score: 4.4161742245475475
__________________________________________________ #2/1,000 | Best Score: 21.00319011107565 | Current Score: 21.00319011107565
__________________________________________________ #12/1,000 | Best Score: 44.72053469024377 | Current Score: 44.72053469024377
__________________________________________________ #55/1,000 | Best Score: 56.537582352035656 | Current Score: 56.537582352035656███
__________________________________________________ #76/1,000 | Best Score: 302.69911284884495 | Current Score: 302.69911284884495████
__________________________________________________ #113/1,000 | Best Score: 326.4289390829671 | Current Score: 326.4289390829671█████
__________________________________________________ #419/1,000 | Best Score: 327.0717888917121 | Current Score: 327.0717888917121█████████████████████


DONE!
Completed: 1,000/1,000 iterations (out of 47,520 possible iterations)
Best Score: 327.0717888917121

////////////////////////////////////////////////////////////////////////////////////////
                                 End of GATE ASSIGNMENT                                 
////////////////////////////////////////////////////////////////////////////////////////





∫ *** DEBUG *** ∫ final result for temp_68a3235443764f74a07bef5a5fd29de4.v+Eco1C1G1T1.UCF.json: 327.0717888917121



∫ *** DEBUG *** ∫ Inputs: [LacI_sensor, TetR_sensor], Gates: [QacR, AmtR, PhlF], Outputs: [YFP_reporter_2]


////////////////////////////////////////////////////////////////////////////////////////
                                        RESULTS                                         
              temp_68a3235443764f74a07bef5a5fd29de4 + Eco1C1G1T1.UCF.json               
////////////////////////////////////////////////////////////////////////////////////////

CIRCUIT DESIGN:
 - Best Design: Inputs: [LacI_sensor, TetR_sensor], Gates: [QacR, AmtR, PhlF], Outputs: [YFP_reporter_2]
 - Best Circuit Score: 327.0717888917121

Inputs ( input response = STATE * (ymax - ymin) + ymin ):
 - ('TetR', 2) input LacI_sensor 2 with ymax: 2.8 and ymin: 0.0034 with max sensor output of [('high', 2.8), ('low', 0.0034)]
 - ('LacI', 3) input TetR_sensor 3 with ymax: 4.4 and ymin: 0.0013 with max sensor output of [('high', 4.4), ('low', 0.0013)]

Gates ( response function = ymin + (ymax - ymin) / (1.0 + (x / K)**n);   input composition = x2 + x1 ):
 - 81 gate NOT QacR w/ inputs [2] and output 5, and best_gate = Q2_QacR
 - 82 gate NOT AmtR w/ inputs [3] and output 6, and best_gate = A1_AmtR
 - 83 gate NOR PhlF w/ inputs [5, 6] and output 4, and best_gate = P3_PhlF

Outputs ( unit conversion and/or hill response... ):
 - ('YFP', 4) output YFP_reporter_2 4 with c * x: c = 0.0076


TRUTH TABLE/GATE SCORING:
+-----------------+-----------------+-------------+-------------+----------+----------+----------+--------------------+---------------------+----------------------+
| LacI_sensor_I/O | TetR_sensor_I/O | LacI_sensor | TetR_sensor | QacR_I/O | AmtR_I/O | PhlF_I/O | QacR               | AmtR                | PhlF                 |
+-----------------+-----------------+-------------+-------------+----------+----------+----------+--------------------+---------------------+----------------------+
| 0               | 0               | 0.0034      | 0.0013      | 1        | 1        | 0        | 2.799860465697698  | 3.79365711363422    | 0.020005130907309127 |
| 0               | 1               | 0.0034      | 4.4         | 1        | 0        | 0        | 2.799860465697698  | 0.06495368712292435 | 0.02017008679797424  |
| 1               | 0               | 2.8         | 0.0013      | 0        | 1        | 0        | 0.0355177350188727 | 3.79365711363422    | 0.02005028535887585  |
| 1               | 1               | 2.8         | 4.4         | 0        | 0        | 1        | 0.0355177350188727 | 0.06495368712292435 | 6.59706637111454     |
+-----------------+-----------------+-------------+-------------+----------+----------+----------+--------------------+---------------------+----------------------+
+--------------------+------------------------+
| YFP_reporter_2_I/O | YFP_reporter_2         |
+--------------------+------------------------+
| 0                  | 0.00015203899489554936 |
| 0                  | 0.00015329265966460421 |
| 0                  | 0.00015238216872745646 |
| 1                  | 0.050137704420470504   |
+--------------------+------------------------+


∫ *** DEBUG *** ∫ Truth Table (same as before, simpler format):

['LacI_sensor_I/O', 'TetR_sensor_I/O', 'LacI_sensor', 'TetR_sensor', 'QacR_I/O', 'AmtR_I/O', 'PhlF_I/O', 'QacR', 'AmtR', 'PhlF', 'YFP_reporter_2_I/O', 'YFP_reporter_2']
[0, 0, 0.0034, 0.0013, 1, 1, 0, 2.799860465697698, 3.79365711363422, 0.020005130907309127, 0, 0.00015203899489554936]
[0, 1, 0.0034, 4.4, 1, 0, 0, 2.799860465697698, 0.06495368712292435, 0.02017008679797424, 0, 0.00015329265966460421]
[1, 0, 2.8, 0.0013, 0, 1, 0, 0.0355177350188727, 3.79365711363422, 0.02005028535887585, 0, 0.00015238216872745646]
[1, 1, 2.8, 4.4, 0, 0, 1, 0.0355177350188727, 0.06495368712292435, 6.59706637111454, 1, 0.050137704420470504]


EUGENE FILES:
 - Eugene object and structs created...
 - Eugene cassettes created...
 - Eugene helpers created...
 - Eugene script written to /home/lexo/Desktop/Practica/App/temp_outputs/temp_68a3235443764f74a07bef5a5fd29de4/temp_68a3235443764f74a07bef5a5fd29de4_Eco1C1G1T1.UCF._eugene.eug

SBOL FILES:
 - Circuit orders selected...
   + ['Loc1_NONCE_PAD', 'Loc2_NONCE_PAD', 'pQacR', 'pAmtR', 'RiboJ53', 'P3', 'PhlF', 'ECK120033737', 'pPhlF', 'YFP_cassette', 'pTac', 'RiboJ60', 'Q2', 'QacR', 'ECK120010818', 'pTet', 'BydvJ', 'A1', 'AmtR', 'L3S2P55', 'Loc3_NONCE_PAD']
   + ['Loc1_NONCE_PAD', 'Loc2_NONCE_PAD', 'pQacR', 'pAmtR', 'RiboJ53', 'P3', 'PhlF', 'ECK120033737', 'pTac', 'RiboJ60', 'Q2', 'QacR', 'ECK120010818', 'pPhlF', 'YFP_cassette', 'pTet', 'BydvJ', 'A1', 'AmtR', 'L3S2P55', 'Loc3_NONCE_PAD']
   + ['Loc1_NONCE_PAD', 'Loc2_NONCE_PAD', 'pQacR', 'pAmtR', 'RiboJ53', 'P3', 'PhlF', 'ECK120033737', 'pTac', 'RiboJ60', 'Q2', 'QacR', 'ECK120010818', 'pTet', 'BydvJ', 'A1', 'AmtR', 'L3S2P55', 'pPhlF', 'YFP_cassette', 'Loc3_NONCE_PAD']
   + ['Loc1_NONCE_PAD', 'Loc2_NONCE_PAD', 'pQacR', 'pAmtR', 'RiboJ53', 'P3', 'PhlF', 'ECK120033737', 'pTac', 'RiboJ60', 'Q2', 'QacR', 'ECK120010818', 'pTet', 'BydvJ', 'A1', 'AmtR', 'L3S2P55', 'Loc3_NONCE_PAD', 'pPhlF', 'YFP_cassette']
   + ['Loc1_NONCE_PAD', 'Loc2_NONCE_PAD', 'pPhlF', 'YFP_cassette', 'pQacR', 'pAmtR', 'RiboJ53', 'P3', 'PhlF', 'ECK120033737', 'pTac', 'RiboJ60', 'Q2', 'QacR', 'ECK120010818', 'pTet', 'BydvJ', 'A1', 'AmtR', 'L3S2P55', 'Loc3_NONCE_PAD']

 - SBOL files being generated...
Component.....................37
Sequence......................33
---
Total: .........................70

SBOL XML and related files generated
 - Response plots generated



Thread count: 1
Completion Time: 2.9 seconds
Cello object deleted...

Temporal verilog file deleted: temp_68a3235443764f74a07bef5a5fd29de4.v
Temp file created: temp_d2733390707649d397e648f808bff74d.v
Temporal verilog file deleted: temp_d2733390707649d397e648f808bff74d.v
Temp file created: temp_9d97ae465d8d4b5cbd2159b52dd11ada.v
Temporal verilog file deleted: temp_9d97ae465d8d4b5cbd2159b52dd11ada.v
Temp file created: temp_f113ce1d81704f48947b4849a12bff08.v
