
////////////////////////////////////////////////////////////////////////////////////////
                                       CELLO V2.1                                       
              temp_dde0d1275fb24073b3c1c09ae0cf9e7a + Eco1C1G1T1.UCF.json               
////////////////////////////////////////////////////////////////////////////////////////

new_out: /home/lexo/Desktop/Practica/App/temp_outputs/temp_dde0d1275fb24073b3c1c09ae0cf9e7a
verilog: temp_dde0d1275fb24073b3c1c09ae0cf9e7a.v
v_loc: /home/lexo/Desktop/Practica/App/library/verilogs/temp_dde0d1275fb24073b3c1c09ae0cf9e7a.v
new_in: /home/lexo/Desktop/Practica/App/library/verilogs
new_out: /home/lexo/Desktop/Practica/App/temp_outputs/temp_dde0d1275fb24073b3c1c09ae0cf9e7a



////////////////////////////////////////////////////////////////////////////////////////
                                 End of Logic Synthesis                                 
////////////////////////////////////////////////////////////////////////////////////////




////////////////////////////////////////////////////////////////////////////////////////
                            condition checks for valid input                            
////////////////////////////////////////////////////////////////////////////////////////


NETLIST:
isvalid: True

INPUTS (including the communication devices): 
num IN-SENSORS in Eco1C1G1T1.UCF.json in-UCF: 4
num IN-STRUCTURES in Eco1C1G1T1.UCF.json in-UCF: 4
num IN-MODELS in Eco1C1G1T1.UCF.json in-UCF: 4
num IN-PARTS in Eco1C1G1T1.UCF.json in-UCF: 4
num IN-NODES in temp_dde0d1275fb24073b3c1c09ae0cf9e7a netlist: 3
['LacI_sensor', 'TetR_sensor', 'AraC_sensor', 'LuxR_sensor']
Valid input match!

OUTPUTS: 
num OUT-SENSORS in Eco1C1G1T1.UCF.json out-UCF: 3
num OUT-STRUCTURES in Eco1C1G1T1.UCF.json out-UCF: 3
num OUT-MODELS in Eco1C1G1T1.UCF.json out-UCF: 3
num OUT-PARTS in Eco1C1G1T1.UCF.json out-UCF: 3
num OUT-NODES in temp_dde0d1275fb24073b3c1c09ae0cf9e7a netlist: 1
['YFP_reporter', 'YFP_reporter_2', 'YFP_reporter_3']
Valid output match!

GATES: 
num PARTS in Eco1C1G1T1.UCF.json UCF: 84
num STRUCTURES in Eco1C1G1T1.UCF.json UCF: 20
num MODELS in Eco1C1G1T1.UCF.json UCF: 20
num GATES in Eco1C1G1T1.UCF.json UCF: 20
num GATE USES: [12, True]
num GATES in temp_dde0d1275fb24073b3c1c09ae0cf9e7a netlist: 6
['AmeR', 'AmtR', 'BM3R1', 'BetI', 'HlyIIR', 'IcaRA', 'LitR', 'LmrA', 'PhlF', 'PsrA', 'QacR', 'SrpR']
['A1_AmtR', 'B1_BM3R1', 'B2_BM3R1', 'B3_BM3R1', 'E1_BetI', 'F1_AmeR', 'H1_HlyIIR', 'I1_IcaRA', 'L1_LitR', 'N1_LmrA', 'P1_PhlF', 'P2_PhlF', 'P3_PhlF', 'Q1_QacR', 'Q2_QacR', 'R1_PsrA', 'S1_SrpR', 'S2_SrpR', 'S3_SrpR', 'S4_SrpR']
Valid intermediate match!

#47,900,160 possible permutations for temp_dde0d1275fb24073b3c1c09ae0cf9e7a.v+Eco1C1G1T1.UCF.json...
(#47,900,160.0 permutations of UCF gate groups confirmed.)

////////////////////////////////////////////////////////////////////////////////////////
                                End of condition checks                                 
////////////////////////////////////////////////////////////////////////////////////////


Condition check passed? True


////////////////////////////////////////////////////////////////////////////////////////
                               Beginning GATE ASSIGNMENT                                
////////////////////////////////////////////////////////////////////////////////////////


Listing available assignments from UCF: 
['LacI_sensor', 'TetR_sensor', 'AraC_sensor', 'LuxR_sensor']
['YFP_reporter', 'YFP_reporter_2', 'YFP_reporter_3']
['BetI', 'HlyIIR', 'BM3R1', 'QacR', 'PsrA', 'IcaRA', 'AmeR', 'PhlF', 'LitR', 'AmtR', 'LmrA', 'SrpR']

Netlist de-construction: 
[A, B, C]
[83, 84, 85, 86, 87, 88]
[Y]

Netlist requirements: 
need 3 inputs
need 1 outputs
need 6 gates

////////////////////////////////////////////////////////////////////////////////////////
                Running SIMULATED ANNEALING gate-assignment algorithm...                
////////////////////////////////////////////////////////////////////////////////////////

__________________________________________________ #1/1,000 | Best Score: 1.0249353780359298 | Current Score: 1.0249353780359298
__________________________________________________ #2/1,000 | Best Score: 1.8332418117298126 | Current Score: 1.8332418117298126
__________________________________________________ #3/1,000 | Best Score: 3.4870241994225295 | Current Score: 3.4870241994225295
__________________________________________________ #14/1,000 | Best Score: 5.988378417170388 | Current Score: 5.988378417170388
__________________________________________________ #15/1,000 | Best Score: 6.758029234165356 | Current Score: 6.758029234165356
__________________________________________________ #28/1,000 | Best Score: 61.696115648036596 | Current Score: 61.696115648036596█
__________________________________________________ #64/1,000 | Best Score: 81.13824510712256 | Current Score: 81.13824510712256███
__________________________________________________ #224/1,000 | Best Score: 99.27110944248892 | Current Score: 99.27110944248892███████████
__________________________________________________ #225/1,000 | Best Score: 146.73502835269736 | Current Score: 146.73502835269736███████████
__________________________________________________ #787/1,000 | Best Score: 159.31395720168751 | Current Score: 159.31395720168751███████████████████████████████████████


DONE!
Completed: 1,000/1,000 iterations (out of 47,900,160 possible iterations)
Best Score: 159.31395720168751

////////////////////////////////////////////////////////////////////////////////////////
                                 End of GATE ASSIGNMENT                                 
////////////////////////////////////////////////////////////////////////////////////////





∫ *** DEBUG *** ∫ final result for temp_dde0d1275fb24073b3c1c09ae0cf9e7a.v+Eco1C1G1T1.UCF.json: 159.31395720168751



∫ *** DEBUG *** ∫ Inputs: [LacI_sensor, AraC_sensor, TetR_sensor], Gates: [BetI, LitR, AmeR, BM3R1, SrpR, PhlF], Outputs: [YFP_reporter_3]


////////////////////////////////////////////////////////////////////////////////////////
                                        RESULTS                                         
              temp_dde0d1275fb24073b3c1c09ae0cf9e7a + Eco1C1G1T1.UCF.json               
////////////////////////////////////////////////////////////////////////////////////////

CIRCUIT DESIGN:
 - Best Design: Inputs: [LacI_sensor, AraC_sensor, TetR_sensor], Gates: [BetI, LitR, AmeR, BM3R1, SrpR, PhlF], Outputs: [YFP_reporter_3]
 - Best Circuit Score: 159.31395720168751

Inputs ( input response = STATE * (ymax - ymin) + ymin ):
 - ('A', 2) input LacI_sensor 2 with ymax: 2.8 and ymin: 0.0034 with max sensor output of [('high', 2.8), ('low', 0.0034)]
 - ('B', 3) input AraC_sensor 3 with ymax: 2.5 and ymin: 0.0082 with max sensor output of [('high', 2.5), ('low', 0.0082)]
 - ('C', 4) input TetR_sensor 4 with ymax: 4.4 and ymin: 0.0013 with max sensor output of [('high', 4.4), ('low', 0.0013)]

Gates ( response function = ymin + (ymax - ymin) / (1.0 + (x / K)**n);   input composition = x2 + x1 ):
 - 83 gate NOT BetI w/ inputs [2] and output 6, and best_gate = E1_BetI
 - 84 gate NOT LitR w/ inputs [3] and output 7, and best_gate = L1_LitR
 - 85 gate NOT AmeR w/ inputs [4] and output 8, and best_gate = F1_AmeR
 - 86 gate NOR BM3R1 w/ inputs [6, 7] and output 9, and best_gate = B3_BM3R1
 - 87 gate NOT SrpR w/ inputs [9] and output 10, and best_gate = S4_SrpR
 - 88 gate NOR PhlF w/ inputs [8, 10] and output 5, and best_gate = P3_PhlF

Outputs ( unit conversion and/or hill response... ):
 - ('Y', 5) output YFP_reporter_3 5 with c * x: c = 0.0076


TRUTH TABLE/GATE SCORING:
+-----------------+-----------------+-----------------+-------------+-------------+-------------+----------+----------+----------+-----------+
| LacI_sensor_I/O | AraC_sensor_I/O | TetR_sensor_I/O | LacI_sensor | AraC_sensor | TetR_sensor | BetI_I/O | LitR_I/O | AmeR_I/O | BM3R1_I/O |
+-----------------+-----------------+-----------------+-------------+-------------+-------------+----------+----------+----------+-----------+
| 0               | 0               | 0               | 0.0034      | 0.0082      | 0.0013      | 1        | 1        | 1        | 0         |
| 0               | 0               | 1               | 0.0034      | 0.0082      | 4.4         | 1        | 1        | 0        | 0         |
| 0               | 1               | 0               | 0.0034      | 2.5         | 0.0013      | 1        | 0        | 1        | 0         |
| 0               | 1               | 1               | 0.0034      | 2.5         | 4.4         | 1        | 0        | 0        | 0         |
| 1               | 0               | 0               | 2.8         | 0.0082      | 0.0013      | 0        | 1        | 1        | 0         |
| 1               | 0               | 1               | 2.8         | 0.0082      | 4.4         | 0        | 1        | 0        | 0         |
| 1               | 1               | 0               | 2.8         | 2.5         | 0.0013      | 0        | 0        | 1        | 1         |
| 1               | 1               | 1               | 2.8         | 2.5         | 4.4         | 0        | 0        | 0        | 1         |
+-----------------+-----------------+-----------------+-------------+-------------+-------------+----------+----------+----------+-----------+
+----------+----------+--------------------+---------------------+---------------------+----------------------+----------------------+----------------------+--------------------+------------------------+
| SrpR_I/O | PhlF_I/O | BetI               | LitR                | AmeR                | BM3R1                | SrpR                 | PhlF                 | YFP_reporter_3_I/O | YFP_reporter_3         |
+----------+----------+--------------------+---------------------+---------------------+----------------------+----------------------+----------------------+--------------------+------------------------+
| 1        | 0        | 3.799962279921776  | 4.112960208935696   | 3.7904778846959064  | 0.010007148041172009 | 2.0966814451867886   | 0.020008258130839136 | 0                  | 0.00015206276179437743 |
| 1        | 0        | 3.799962279921776  | 4.112960208935696   | 0.21547169091557913 | 0.010007148041172009 | 2.0966814451867886   | 0.02041839848862115  | 0                  | 0.00015517982851352076 |
| 1        | 0        | 3.799962279921776  | 0.07546424272895783 | 3.7904778846959064  | 0.010080947911363162 | 2.096612575601345    | 0.020008258536595564 | 0                  | 0.00015206276487812629 |
| 1        | 0        | 3.799962279921776  | 0.07546424272895783 | 0.21547169091557913 | 0.010080947911363162 | 2.096612575601345    | 0.020418450831439245 | 0                  | 0.00015518022631893827 |
| 1        | 0        | 0.1067209663427921 | 4.112960208935696   | 3.7904778846959064  | 0.01006061113019551  | 2.0966316442621213   | 0.02000825842424696  | 0                  | 0.0001520627640242769  |
| 1        | 0        | 0.1067209663427921 | 4.112960208935696   | 0.21547169091557913 | 0.01006061113019551  | 2.0966316442621213   | 0.020418436337910257 | 0                  | 0.00015518011616811795 |
| 0        | 0        | 0.1067209663427921 | 0.07546424272895783 | 3.7904778846959064  | 0.6184294412641688   | 0.019662555083392038 | 0.020051348904646726 | 0                  | 0.0001523902516753151  |
| 0        | 1        | 0.1067209663427921 | 0.07546424272895783 | 0.21547169091557913 | 0.6184294412641688   | 0.019662555083392038 | 3.2529442018846733   | 1                  | 0.024722375934323516   |
+----------+----------+--------------------+---------------------+---------------------+----------------------+----------------------+----------------------+--------------------+------------------------+


∫ *** DEBUG *** ∫ Truth Table (same as before, simpler format):

['LacI_sensor_I/O', 'AraC_sensor_I/O', 'TetR_sensor_I/O', 'LacI_sensor', 'AraC_sensor', 'TetR_sensor', 'BetI_I/O', 'LitR_I/O', 'AmeR_I/O', 'BM3R1_I/O', 'SrpR_I/O', 'PhlF_I/O', 'BetI', 'LitR', 'AmeR', 'BM3R1', 'SrpR', 'PhlF', 'YFP_reporter_3_I/O', 'YFP_reporter_3']
[0, 0, 0, 0.0034, 0.0082, 0.0013, 1, 1, 1, 0, 1, 0, 3.799962279921776, 4.112960208935696, 3.7904778846959064, 0.010007148041172009, 2.0966814451867886, 0.020008258130839136, 0, 0.00015206276179437743]
[0, 0, 1, 0.0034, 0.0082, 4.4, 1, 1, 0, 0, 1, 0, 3.799962279921776, 4.112960208935696, 0.21547169091557913, 0.010007148041172009, 2.0966814451867886, 0.02041839848862115, 0, 0.00015517982851352076]
[0, 1, 0, 0.0034, 2.5, 0.0013, 1, 0, 1, 0, 1, 0, 3.799962279921776, 0.07546424272895783, 3.7904778846959064, 0.010080947911363162, 2.096612575601345, 0.020008258536595564, 0, 0.00015206276487812629]
[0, 1, 1, 0.0034, 2.5, 4.4, 1, 0, 0, 0, 1, 0, 3.799962279921776, 0.07546424272895783, 0.21547169091557913, 0.010080947911363162, 2.096612575601345, 0.020418450831439245, 0, 0.00015518022631893827]
[1, 0, 0, 2.8, 0.0082, 0.0013, 0, 1, 1, 0, 1, 0, 0.1067209663427921, 4.112960208935696, 3.7904778846959064, 0.01006061113019551, 2.0966316442621213, 0.02000825842424696, 0, 0.0001520627640242769]
[1, 0, 1, 2.8, 0.0082, 4.4, 0, 1, 0, 0, 1, 0, 0.1067209663427921, 4.112960208935696, 0.21547169091557913, 0.01006061113019551, 2.0966316442621213, 0.020418436337910257, 0, 0.00015518011616811795]
[1, 1, 0, 2.8, 2.5, 0.0013, 0, 0, 1, 1, 0, 0, 0.1067209663427921, 0.07546424272895783, 3.7904778846959064, 0.6184294412641688, 0.019662555083392038, 0.020051348904646726, 0, 0.0001523902516753151]
[1, 1, 1, 2.8, 2.5, 4.4, 0, 0, 0, 1, 0, 1, 0.1067209663427921, 0.07546424272895783, 0.21547169091557913, 0.6184294412641688, 0.019662555083392038, 3.2529442018846733, 1, 0.024722375934323516]


EUGENE FILES:
 - Eugene object and structs created...
 - Eugene cassettes created...
 - Eugene helpers created...
 - Eugene script written to /home/lexo/Desktop/Practica/App/temp_outputs/temp_dde0d1275fb24073b3c1c09ae0cf9e7a/temp_dde0d1275fb24073b3c1c09ae0cf9e7a_Eco1C1G1T1.UCF._eugene.eug

SBOL FILES:
 - Circuit orders selected...
   + ['Loc1_NONCE_PAD', 'Loc2_NONCE_PAD', 'pAmeR', 'pSrpR', 'RiboJ53', 'P3', 'PhlF', 'ECK120033737', 'pBM3R1', 'RiboJ10', 'S4', 'SrpR', 'ECK120029600', 'pBetI', 'pLitR', 'SarJ', 'B3', 'BM3R1', 'L3S2P11', 'pPhlF', 'YFP_cassette', 'pTac', 'RiboJ57', 'E1', 'BetI', 'L3S3P11', 'pTet', 'RiboJ54', 'F1', 'AmeR', 'L3S3P31', 'pBAD', 'PlmJ', 'L1', 'LitR', 'L3S2P24', 'Loc3_NONCE_PAD']
   + ['Loc1_NONCE_PAD', 'Loc2_NONCE_PAD', 'pAmeR', 'pSrpR', 'RiboJ53', 'P3', 'PhlF', 'ECK120033737', 'pBM3R1', 'RiboJ10', 'S4', 'SrpR', 'ECK120029600', 'pBetI', 'pLitR', 'SarJ', 'B3', 'BM3R1', 'L3S2P11', 'pTac', 'RiboJ57', 'E1', 'BetI', 'L3S3P11', 'pPhlF', 'YFP_cassette', 'pTet', 'RiboJ54', 'F1', 'AmeR', 'L3S3P31', 'pBAD', 'PlmJ', 'L1', 'LitR', 'L3S2P24', 'Loc3_NONCE_PAD']
   + ['Loc1_NONCE_PAD', 'Loc2_NONCE_PAD', 'pAmeR', 'pSrpR', 'RiboJ53', 'P3', 'PhlF', 'ECK120033737', 'pBM3R1', 'RiboJ10', 'S4', 'SrpR', 'ECK120029600', 'pBetI', 'pLitR', 'SarJ', 'B3', 'BM3R1', 'L3S2P11', 'pTac', 'RiboJ57', 'E1', 'BetI', 'L3S3P11', 'pTet', 'RiboJ54', 'F1', 'AmeR', 'L3S3P31', 'pBAD', 'PlmJ', 'L1', 'LitR', 'L3S2P24', 'pPhlF', 'YFP_cassette', 'Loc3_NONCE_PAD']
   + ['Loc1_NONCE_PAD', 'Loc2_NONCE_PAD', 'pAmeR', 'pSrpR', 'RiboJ53', 'P3', 'PhlF', 'ECK120033737', 'pBM3R1', 'RiboJ10', 'S4', 'SrpR', 'ECK120029600', 'pBetI', 'pLitR', 'SarJ', 'B3', 'BM3R1', 'L3S2P11', 'pTac', 'RiboJ57', 'E1', 'BetI', 'L3S3P11', 'pTet', 'RiboJ54', 'F1', 'AmeR', 'L3S3P31', 'pPhlF', 'YFP_cassette', 'pBAD', 'PlmJ', 'L1', 'LitR', 'L3S2P24', 'Loc3_NONCE_PAD']
   + ['Loc1_NONCE_PAD', 'Loc2_NONCE_PAD', 'pAmeR', 'pSrpR', 'RiboJ53', 'P3', 'PhlF', 'ECK120033737', 'pPhlF', 'YFP_cassette', 'pBM3R1', 'RiboJ10', 'S4', 'SrpR', 'ECK120029600', 'pBetI', 'pLitR', 'SarJ', 'B3', 'BM3R1', 'L3S2P11', 'pTac', 'RiboJ57', 'E1', 'BetI', 'L3S3P11', 'pTet', 'RiboJ54', 'F1', 'AmeR', 'L3S3P31', 'pBAD', 'PlmJ', 'L1', 'LitR', 'L3S2P24', 'Loc3_NONCE_PAD']

 - SBOL files being generated...
Component.....................53
Sequence......................49
---
Total: .........................102

SBOL XML and related files generated
 - Response plots generated



Thread count: 1
Completion Time: 8.8 seconds
Archivo Verilog temporal eliminado: temp_dde0d1275fb24073b3c1c09ae0cf9e7a.v
Archivo Verilog temporal creado: temp_ee9f0375d4d34b7dbe09e0be703814de.v
