
////////////////////////////////////////////////////////////////////////////////////////
                                       CELLO V2.1                                       
              temp_efca7eb8784b4d258a6b41e3242d49d4 + Bth1C1G1T1.UCF.json               
////////////////////////////////////////////////////////////////////////////////////////

new_out: /home/lexo/Desktop/Practica/App/temp_outputs/temp_efca7eb8784b4d258a6b41e3242d49d4
verilog: temp_efca7eb8784b4d258a6b41e3242d49d4.v
v_loc: /home/lexo/Desktop/Practica/App/library/verilogs/temp_efca7eb8784b4d258a6b41e3242d49d4.v
new_in: /home/lexo/Desktop/Practica/App/library/verilogs
new_out: /home/lexo/Desktop/Practica/App/temp_outputs/temp_efca7eb8784b4d258a6b41e3242d49d4



////////////////////////////////////////////////////////////////////////////////////////
                                 End of Logic Synthesis                                 
////////////////////////////////////////////////////////////////////////////////////////




////////////////////////////////////////////////////////////////////////////////////////
                            condition checks for valid input                            
////////////////////////////////////////////////////////////////////////////////////////


NETLIST:
isvalid: True

INPUTS (including the communication devices): 
num IN-SENSORS in Bth1C1G1T1.UCF.json in-UCF: 3
num IN-STRUCTURES in Bth1C1G1T1.UCF.json in-UCF: 3
num IN-MODELS in Bth1C1G1T1.UCF.json in-UCF: 3
num IN-PARTS in Bth1C1G1T1.UCF.json in-UCF: 3
num IN-NODES in temp_efca7eb8784b4d258a6b41e3242d49d4 netlist: 3
['BA_sensor', 'IPTG_sensor', 'aTc_sensor']
Valid input match!

OUTPUTS: 
num OUT-SENSORS in Bth1C1G1T1.UCF.json out-UCF: 2
num OUT-STRUCTURES in Bth1C1G1T1.UCF.json out-UCF: 2
num OUT-MODELS in Bth1C1G1T1.UCF.json out-UCF: 2
num OUT-PARTS in Bth1C1G1T1.UCF.json out-UCF: 2
num OUT-NODES in temp_efca7eb8784b4d258a6b41e3242d49d4 netlist: 2
['nanoluc_reporter', 'nanoluc_reporter_2']
Valid output match!

GATES: 
num PARTS in Bth1C1G1T1.UCF.json UCF: 36
num STRUCTURES in Bth1C1G1T1.UCF.json UCF: 7
num MODELS in Bth1C1G1T1.UCF.json UCF: 7
num GATES in Bth1C1G1T1.UCF.json UCF: 7
num GATE USES: [7, True]
num GATES in temp_efca7eb8784b4d258a6b41e3242d49d4 netlist: 7
['M1', 'M2', 'M3', 'M4', 'M5', 'M6', 'M7']
['Gate1', 'Gate2', 'Gate3', 'Gate4', 'Gate5', 'Gate6', 'Gate7']
Valid intermediate match!

#60,480 possible permutations for temp_efca7eb8784b4d258a6b41e3242d49d4.v+Bth1C1G1T1.UCF.json...
(#60,480.0 permutations of UCF gate groups confirmed.)

////////////////////////////////////////////////////////////////////////////////////////
                                End of condition checks                                 
////////////////////////////////////////////////////////////////////////////////////////


Condition check passed? True


////////////////////////////////////////////////////////////////////////////////////////
                               Beginning GATE ASSIGNMENT                                
////////////////////////////////////////////////////////////////////////////////////////


Listing available assignments from UCF: 
['BA_sensor', 'IPTG_sensor', 'aTc_sensor']
['nanoluc_reporter', 'nanoluc_reporter_2']
['M7', 'M5', 'M6', 'M4', 'M3', 'M1', 'M2']

Netlist de-construction: 
[tetr, lac, sensor2]
[89, 90, 91, 92, 93, 94, 95]
[YFP, BFP]

Netlist requirements: 
need 3 inputs
need 2 outputs
need 7 gates

////////////////////////////////////////////////////////////////////////////////////////
                Running SIMULATED ANNEALING gate-assignment algorithm...                
////////////////////////////////////////////////////////////////////////////////////////

__________________________________________________ #1/1,000 | Best Score: 1.280271619663257 | Current Score: 1.280271619663257
__________________________________________________ #18/1,000 | Best Score: 1.3226037220774773 | Current Score: 1.3226037220774773█
__________________________________________________ #48/1,000 | Best Score: 1.4801588866982045 | Current Score: 1.4801588866982045██
__________________________________________________ #381/1,000 | Best Score: 1.6188515734119941 | Current Score: 1.6188515734119941███████████████████


DONE!
Completed: 1,000/1,000 iterations (out of 60,480 possible iterations)
Best Score: 1.6188515734119941

////////////////////////////////////////////////////////////////////////////////////////
                                 End of GATE ASSIGNMENT                                 
////////////////////////////////////////////////////////////////////////////////////////





∫ *** DEBUG *** ∫ final result for temp_efca7eb8784b4d258a6b41e3242d49d4.v+Bth1C1G1T1.UCF.json: 1.6188515734119941



∫ *** DEBUG *** ∫ Inputs: [IPTG_sensor, aTc_sensor, BA_sensor], Gates: [M3, M4, M7, M5, M1, M2, M6], Outputs: [nanoluc_reporter_2, nanoluc_reporter]


////////////////////////////////////////////////////////////////////////////////////////
                                        RESULTS                                         
              temp_efca7eb8784b4d258a6b41e3242d49d4 + Bth1C1G1T1.UCF.json               
////////////////////////////////////////////////////////////////////////////////////////

CIRCUIT DESIGN:
 - Best Design: Inputs: [IPTG_sensor, aTc_sensor, BA_sensor], Gates: [M3, M4, M7, M5, M1, M2, M6], Outputs: [nanoluc_reporter_2, nanoluc_reporter]
 - Best Circuit Score: 1.6188515734119941

Inputs ( input response = STATE * (ymax - ymin) + ymin ):
 - ('tetr', 2) input IPTG_sensor 2 with ymax: 4.29668167 and ymin: 0.02731338 with max sensor output of [('high', 4.29668167), ('low', 0.02731338)]
 - ('lac', 3) input aTc_sensor 3 with ymax: 6.44789857 and ymin: 0.02857148 with max sensor output of [('high', 6.44789857), ('low', 0.02857148)]
 - ('sensor2', 4) input BA_sensor 4 with ymax: 1.4801473 and ymin: 0.01346367 with max sensor output of [('high', 1.4801473), ('low', 0.01346367)]

Gates ( response function = ymin + (ymax - ymin) / (1.0 + (x / K)**n);   input composition = x2 + x1 ):
 - 89 gate NOT M3 w/ inputs [4] and output 7, and best_gate = Gate3
 - 90 gate NOT M4 w/ inputs [2] and output 8, and best_gate = Gate4
 - 91 gate NOT M7 w/ inputs [3] and output 9, and best_gate = Gate7
 - 92 gate NOR M5 w/ inputs [8, 9] and output 10, and best_gate = Gate5
 - 93 gate NOT M1 w/ inputs [10] and output 11, and best_gate = Gate1
 - 94 gate NOR M2 w/ inputs [4, 11] and output 5, and best_gate = Gate2
 - 95 gate NOR M6 w/ inputs [7, 11] and output 6, and best_gate = Gate6

Outputs ( unit conversion and/or hill response... ):
 - ('YFP', 5) output nanoluc_reporter_2 5 with c * x: c = 1.0
 - ('BFP', 6) output nanoluc_reporter 6 with c * x: c = 1.0


TRUTH TABLE/GATE SCORING:
+-----------------+----------------+---------------+-------------+------------+------------+--------+--------+--------+--------+
| IPTG_sensor_I/O | aTc_sensor_I/O | BA_sensor_I/O | IPTG_sensor | aTc_sensor | BA_sensor  | M3_I/O | M4_I/O | M7_I/O | M5_I/O |
+-----------------+----------------+---------------+-------------+------------+------------+--------+--------+--------+--------+
| 0               | 0              | 0             | 0.02731338  | 0.02857148 | 0.01346367 | 1      | 1      | 1      | 0      |
| 0               | 0              | 1             | 0.02731338  | 0.02857148 | 1.4801473  | 0      | 1      | 1      | 0      |
| 0               | 1              | 0             | 0.02731338  | 6.44789857 | 0.01346367 | 1      | 1      | 0      | 0      |
| 0               | 1              | 1             | 0.02731338  | 6.44789857 | 1.4801473  | 0      | 1      | 0      | 0      |
| 1               | 0              | 0             | 4.29668167  | 0.02857148 | 0.01346367 | 1      | 0      | 1      | 0      |
| 1               | 0              | 1             | 4.29668167  | 0.02857148 | 1.4801473  | 0      | 0      | 1      | 0      |
| 1               | 1              | 0             | 4.29668167  | 6.44789857 | 0.01346367 | 1      | 0      | 0      | 1      |
| 1               | 1              | 1             | 4.29668167  | 6.44789857 | 1.4801473  | 0      | 0      | 0      | 1      |
+-----------------+----------------+---------------+-------------+------------+------------+--------+--------+--------+--------+
+--------+--------+--------+--------------------+-----------------------+----------------------+---------------------+---------------------+-----------------------+----------------------+
| M1_I/O | M2_I/O | M6_I/O | M3                 | M4                    | M7                   | M5                  | M1                  | M2                    | M6                   |
+--------+--------+--------+--------------------+-----------------------+----------------------+---------------------+---------------------+-----------------------+----------------------+
| 1      | 0      | 0      | 0.3450647782000437 | 0.1173542699185957    | 0.14540466502417387  | 0.07771752954610577 | 0.5343528855415195  | 0.01145939536524325   | 0.009194464093537247 |
| 1      | 0      | 0      | 0.0156740427183752 | 0.1173542699185957    | 0.14540466502417387  | 0.07771752954610577 | 0.5343528855415195  | 0.0032579161184829847 | 0.0147673894905327   |
| 1      | 0      | 0      | 0.3450647782000437 | 0.1173542699185957    | 0.004996346937624219 | 0.14748018717298195 | 0.4112500368137506  | 0.01476763693871409   | 0.01070641867725124  |
| 1      | 0      | 0      | 0.0156740427183752 | 0.1173542699185957    | 0.004996346937624219 | 0.14748018717298195 | 0.4112500368137506  | 0.00343884730514046   | 0.019000231129534147 |
| 1      | 0      | 0      | 0.3450647782000437 | 0.0025888632783078163 | 0.14540466502417387  | 0.12810680687370504 | 0.4410598228847768  | 0.013811065786865726  | 0.01029603480632436  |
| 1      | 0      | 0      | 0.0156740427183752 | 0.0025888632783078163 | 0.14540466502417387  | 0.12810680687370504 | 0.4410598228847768  | 0.003392704908775959  | 0.01777639595495119  |
| 0      | 1      | 0      | 0.3450647782000437 | 0.0025888632783078163 | 0.004996346937624219 | 0.32528297950649787 | 0.24067001777797375 | 0.0239074389884856    | 0.01386191955361327  |
| 0      | 0      | 1      | 0.0156740427183752 | 0.0025888632783078163 | 0.004996346937624219 | 0.32528297950649787 | 0.24067001777797375 | 0.003736661353883213  | 0.030758554059237903 |
+--------+--------+--------+--------------------+-----------------------+----------------------+---------------------+---------------------+-----------------------+----------------------+
+------------------------+----------------------+-----------------------+----------------------+
| nanoluc_reporter_2_I/O | nanoluc_reporter_I/O | nanoluc_reporter_2    | nanoluc_reporter     |
+------------------------+----------------------+-----------------------+----------------------+
| 0                      | 0                    | 0.01145939536524325   | 0.009194464093537247 |
| 0                      | 0                    | 0.0032579161184829847 | 0.0147673894905327   |
| 0                      | 0                    | 0.01476763693871409   | 0.01070641867725124  |
| 0                      | 0                    | 0.00343884730514046   | 0.019000231129534147 |
| 0                      | 0                    | 0.013811065786865726  | 0.01029603480632436  |
| 0                      | 0                    | 0.003392704908775959  | 0.01777639595495119  |
| 1                      | 0                    | 0.0239074389884856    | 0.01386191955361327  |
| 0                      | 1                    | 0.003736661353883213  | 0.030758554059237903 |
+------------------------+----------------------+-----------------------+----------------------+


∫ *** DEBUG *** ∫ Truth Table (same as before, simpler format):

['IPTG_sensor_I/O', 'aTc_sensor_I/O', 'BA_sensor_I/O', 'IPTG_sensor', 'aTc_sensor', 'BA_sensor', 'M3_I/O', 'M4_I/O', 'M7_I/O', 'M5_I/O', 'M1_I/O', 'M2_I/O', 'M6_I/O', 'M3', 'M4', 'M7', 'M5', 'M1', 'M2', 'M6', 'nanoluc_reporter_2_I/O', 'nanoluc_reporter_I/O', 'nanoluc_reporter_2', 'nanoluc_reporter']
[0, 0, 0, 0.02731338, 0.02857148, 0.01346367, 1, 1, 1, 0, 1, 0, 0, 0.3450647782000437, 0.1173542699185957, 0.14540466502417387, 0.07771752954610577, 0.5343528855415195, 0.01145939536524325, 0.009194464093537247, 0, 0, 0.01145939536524325, 0.009194464093537247]
[0, 0, 1, 0.02731338, 0.02857148, 1.4801473, 0, 1, 1, 0, 1, 0, 0, 0.0156740427183752, 0.1173542699185957, 0.14540466502417387, 0.07771752954610577, 0.5343528855415195, 0.0032579161184829847, 0.0147673894905327, 0, 0, 0.0032579161184829847, 0.0147673894905327]
[0, 1, 0, 0.02731338, 6.44789857, 0.01346367, 1, 1, 0, 0, 1, 0, 0, 0.3450647782000437, 0.1173542699185957, 0.004996346937624219, 0.14748018717298195, 0.4112500368137506, 0.01476763693871409, 0.01070641867725124, 0, 0, 0.01476763693871409, 0.01070641867725124]
[0, 1, 1, 0.02731338, 6.44789857, 1.4801473, 0, 1, 0, 0, 1, 0, 0, 0.0156740427183752, 0.1173542699185957, 0.004996346937624219, 0.14748018717298195, 0.4112500368137506, 0.00343884730514046, 0.019000231129534147, 0, 0, 0.00343884730514046, 0.019000231129534147]
[1, 0, 0, 4.29668167, 0.02857148, 0.01346367, 1, 0, 1, 0, 1, 0, 0, 0.3450647782000437, 0.0025888632783078163, 0.14540466502417387, 0.12810680687370504, 0.4410598228847768, 0.013811065786865726, 0.01029603480632436, 0, 0, 0.013811065786865726, 0.01029603480632436]
[1, 0, 1, 4.29668167, 0.02857148, 1.4801473, 0, 0, 1, 0, 1, 0, 0, 0.0156740427183752, 0.0025888632783078163, 0.14540466502417387, 0.12810680687370504, 0.4410598228847768, 0.003392704908775959, 0.01777639595495119, 0, 0, 0.003392704908775959, 0.01777639595495119]
[1, 1, 0, 4.29668167, 6.44789857, 0.01346367, 1, 0, 0, 1, 0, 1, 0, 0.3450647782000437, 0.0025888632783078163, 0.004996346937624219, 0.32528297950649787, 0.24067001777797375, 0.0239074389884856, 0.01386191955361327, 1, 0, 0.0239074389884856, 0.01386191955361327]
[1, 1, 1, 4.29668167, 6.44789857, 1.4801473, 0, 0, 0, 1, 0, 0, 1, 0.0156740427183752, 0.0025888632783078163, 0.004996346937624219, 0.32528297950649787, 0.24067001777797375, 0.003736661353883213, 0.030758554059237903, 0, 1, 0.003736661353883213, 0.030758554059237903]


EUGENE FILES:
 - Eugene object and structs created...
 - Eugene cassettes created...
 - Eugene helpers created...
 - Eugene script written to /home/lexo/Desktop/Practica/App/temp_outputs/temp_efca7eb8784b4d258a6b41e3242d49d4/temp_efca7eb8784b4d258a6b41e3242d49d4_Bth1C1G1T1.UCF._eugene.eug

SBOL FILES:
 - Circuit orders selected...
   + ['L1_NONCE_PAD', 'PM6', 'nanoluc_cassette', 'PM2', 'nanoluc_cassette', 'PM1', 'M2', 'ECK120029600', 'PM7', 'M5', 'ECK125109870', 'PM5', 'M1', 'L3S3P41', 'PM1', 'M6', 'L3S3P31', 'P_BA', 'M2', 'ECK120029600', 'P_BA', 'M3', 'ECK120034435', 'P_IPTG', 'M4', 'ECK120033736', 'PM4', 'M5', 'ECK125109870', 'PM3', 'M6', 'L3S3P31', 'P_aTc', 'M7', 'pheA_1', 'L2_NONCE_PAD']
   + ['L1_NONCE_PAD', 'PM6', 'nanoluc_cassette', 'PM2', 'nanoluc_cassette', 'PM1', 'M2', 'ECK120029600', 'PM5', 'M1', 'L3S3P41', 'P_BA', 'M2', 'ECK120029600', 'P_BA', 'M3', 'ECK120034435', 'P_IPTG', 'M4', 'ECK120033736', 'PM7', 'M5', 'ECK125109870', 'PM4', 'M5', 'ECK125109870', 'PM3', 'M6', 'L3S3P31', 'PM1', 'M6', 'L3S3P31', 'P_aTc', 'M7', 'pheA_1', 'L2_NONCE_PAD']
   + ['L1_NONCE_PAD', 'PM6', 'nanoluc_cassette', 'PM2', 'nanoluc_cassette', 'PM5', 'M1', 'L3S3P41', 'PM1', 'M2', 'ECK120029600', 'P_BA', 'M2', 'ECK120029600', 'PM7', 'M5', 'ECK125109870', 'P_BA', 'M3', 'ECK120034435', 'P_IPTG', 'M4', 'ECK120033736', 'PM4', 'M5', 'ECK125109870', 'PM3', 'M6', 'L3S3P31', 'P_aTc', 'M7', 'pheA_1', 'PM1', 'M6', 'L3S3P31', 'L2_NONCE_PAD']
   + ['L1_NONCE_PAD', 'PM6', 'nanoluc_cassette', 'PM2', 'nanoluc_cassette', 'PM5', 'M1', 'L3S3P41', 'PM1', 'M2', 'ECK120029600', 'PM7', 'M5', 'ECK125109870', 'P_BA', 'M2', 'ECK120029600', 'P_BA', 'M3', 'ECK120034435', 'P_IPTG', 'M4', 'ECK120033736', 'PM4', 'M5', 'ECK125109870', 'PM3', 'M6', 'L3S3P31', 'P_aTc', 'M7', 'pheA_1', 'PM1', 'M6', 'L3S3P31', 'L2_NONCE_PAD']
   + ['L1_NONCE_PAD', 'PM6', 'nanoluc_cassette', 'PM2', 'nanoluc_cassette', 'PM5', 'M1', 'L3S3P41', 'P_BA', 'M2', 'ECK120029600', 'PM1', 'M2', 'ECK120029600', 'P_BA', 'M3', 'ECK120034435', 'PM7', 'M5', 'ECK125109870', 'PM1', 'M6', 'L3S3P31', 'P_IPTG', 'M4', 'ECK120033736', 'PM4', 'M5', 'ECK125109870', 'PM3', 'M6', 'L3S3P31', 'P_aTc', 'M7', 'pheA_1', 'L2_NONCE_PAD']

 - SBOL files being generated...
Component.....................43
Sequence......................40
---
Total: .........................83

SBOL XML and related files generated
 - Response plots generated



Thread count: 1
Completion Time: 5.3 seconds
Cello object deleted...

Archivo Verilog temporal eliminado: temp_efca7eb8784b4d258a6b41e3242d49d4.v
Archivo Verilog temporal creado: temp_a16bce12a4854e9fa517a58391bb2271.v
