
////////////////////////////////////////////////////////////////////////////////////////
                                       CELLO V2.1                                       
              temp_1c3f4d65248e4316bc87d3abc99a0ed7 + Eco1C1G1T1.UCF.json               
////////////////////////////////////////////////////////////////////////////////////////

new_out: /home/lexo/Desktop/Practica/App/temp_outputs/temp_1c3f4d65248e4316bc87d3abc99a0ed7
verilog: temp_1c3f4d65248e4316bc87d3abc99a0ed7.v
v_loc: /home/lexo/Desktop/Practica/App/library/verilogs/temp_1c3f4d65248e4316bc87d3abc99a0ed7.v
new_in: /home/lexo/Desktop/Practica/App/library/verilogs
new_out: /home/lexo/Desktop/Practica/App/temp_outputs/temp_1c3f4d65248e4316bc87d3abc99a0ed7



////////////////////////////////////////////////////////////////////////////////////////
                                 End of Logic Synthesis                                 
////////////////////////////////////////////////////////////////////////////////////////




////////////////////////////////////////////////////////////////////////////////////////
                            condition checks for valid input                            
////////////////////////////////////////////////////////////////////////////////////////


NETLIST:
isvalid: True

INPUTS (including the communication devices): 
num IN-SENSORS in Eco1C1G1T1.UCF.json in-UCF: 4
num IN-STRUCTURES in Eco1C1G1T1.UCF.json in-UCF: 4
num IN-MODELS in Eco1C1G1T1.UCF.json in-UCF: 4
num IN-PARTS in Eco1C1G1T1.UCF.json in-UCF: 4
num IN-NODES in temp_1c3f4d65248e4316bc87d3abc99a0ed7 netlist: 3
['LacI_sensor', 'TetR_sensor', 'AraC_sensor', 'LuxR_sensor']
Valid input match!

OUTPUTS: 
num OUT-SENSORS in Eco1C1G1T1.UCF.json out-UCF: 3
num OUT-STRUCTURES in Eco1C1G1T1.UCF.json out-UCF: 3
num OUT-MODELS in Eco1C1G1T1.UCF.json out-UCF: 3
num OUT-PARTS in Eco1C1G1T1.UCF.json out-UCF: 3
num OUT-NODES in temp_1c3f4d65248e4316bc87d3abc99a0ed7 netlist: 1
['YFP_reporter', 'YFP_reporter_2', 'YFP_reporter_3']
Valid output match!

GATES: 
num PARTS in Eco1C1G1T1.UCF.json UCF: 84
num STRUCTURES in Eco1C1G1T1.UCF.json UCF: 20
num MODELS in Eco1C1G1T1.UCF.json UCF: 20
num GATES in Eco1C1G1T1.UCF.json UCF: 20
num GATE USES: [12, True]
num GATES in temp_1c3f4d65248e4316bc87d3abc99a0ed7 netlist: 6
['AmeR', 'AmtR', 'BM3R1', 'BetI', 'HlyIIR', 'IcaRA', 'LitR', 'LmrA', 'PhlF', 'PsrA', 'QacR', 'SrpR']
['A1_AmtR', 'B1_BM3R1', 'B2_BM3R1', 'B3_BM3R1', 'E1_BetI', 'F1_AmeR', 'H1_HlyIIR', 'I1_IcaRA', 'L1_LitR', 'N1_LmrA', 'P1_PhlF', 'P2_PhlF', 'P3_PhlF', 'Q1_QacR', 'Q2_QacR', 'R1_PsrA', 'S1_SrpR', 'S2_SrpR', 'S3_SrpR', 'S4_SrpR']
Valid intermediate match!

#47,900,160 possible permutations for temp_1c3f4d65248e4316bc87d3abc99a0ed7.v+Eco1C1G1T1.UCF.json...
(#47,900,160.0 permutations of UCF gate groups confirmed.)

////////////////////////////////////////////////////////////////////////////////////////
                                End of condition checks                                 
////////////////////////////////////////////////////////////////////////////////////////


Condition check passed? True


////////////////////////////////////////////////////////////////////////////////////////
                               Beginning GATE ASSIGNMENT                                
////////////////////////////////////////////////////////////////////////////////////////


Listing available assignments from UCF: 
['LacI_sensor', 'TetR_sensor', 'AraC_sensor', 'LuxR_sensor']
['YFP_reporter', 'YFP_reporter_2', 'YFP_reporter_3']
['QacR', 'LmrA', 'IcaRA', 'LitR', 'HlyIIR', 'AmeR', 'AmtR', 'BM3R1', 'PsrA', 'PhlF', 'SrpR', 'BetI']

Netlist de-construction: 
[A, B, C]
[83, 84, 85, 86, 87, 88]
[Y]

Netlist requirements: 
need 3 inputs
need 1 outputs
need 6 gates

////////////////////////////////////////////////////////////////////////////////////////
                Running SIMULATED ANNEALING gate-assignment algorithm...                
////////////////////////////////////////////////////////////////////////////////////////

__________________________________________________ #1/1,000 | Best Score: 12.664091370224481 | Current Score: 12.664091370224481
__________________________________________________ #7/1,000 | Best Score: 304.23594042378136 | Current Score: 304.23594042378136


DONE!
Completed: 1,000/1,000 iterations (out of 47,900,160 possible iterations)
Best Score: 304.23594042378136

////////////////////////////////////////////////////////////////////////////////////////
                                 End of GATE ASSIGNMENT                                 
////////////////////////////////////////////////////////////////////////////////////////





∫ *** DEBUG *** ∫ final result for temp_1c3f4d65248e4316bc87d3abc99a0ed7.v+Eco1C1G1T1.UCF.json: 304.23594042378136



∫ *** DEBUG *** ∫ Inputs: [LacI_sensor, AraC_sensor, LuxR_sensor], Gates: [AmtR, LmrA, SrpR, BetI, QacR, PhlF], Outputs: [YFP_reporter_2]


////////////////////////////////////////////////////////////////////////////////////////
                                        RESULTS                                         
              temp_1c3f4d65248e4316bc87d3abc99a0ed7 + Eco1C1G1T1.UCF.json               
////////////////////////////////////////////////////////////////////////////////////////

CIRCUIT DESIGN:
 - Best Design: Inputs: [LacI_sensor, AraC_sensor, LuxR_sensor], Gates: [AmtR, LmrA, SrpR, BetI, QacR, PhlF], Outputs: [YFP_reporter_2]
 - Best Circuit Score: 304.23594042378136

Inputs ( input response = STATE * (ymax - ymin) + ymin ):
 - ('A', 2) input LacI_sensor 2 with ymax: 2.8 and ymin: 0.0034 with max sensor output of [('high', 2.8), ('low', 0.0034)]
 - ('B', 3) input AraC_sensor 3 with ymax: 2.5 and ymin: 0.0082 with max sensor output of [('high', 2.5), ('low', 0.0082)]
 - ('C', 4) input LuxR_sensor 4 with ymax: 0.31 and ymin: 0.025 with max sensor output of [('high', 0.31), ('low', 0.025)]

Gates ( response function = ymin + (ymax - ymin) / (1.0 + (x / K)**n);   input composition = x2 + x1 ):
 - 83 gate NOT AmtR w/ inputs [2] and output 6, and best_gate = A1_AmtR
 - 84 gate NOT LmrA w/ inputs [3] and output 7, and best_gate = N1_LmrA
 - 85 gate NOT SrpR w/ inputs [4] and output 8, and best_gate = S4_SrpR
 - 86 gate NOR BetI w/ inputs [6, 7] and output 9, and best_gate = E1_BetI
 - 87 gate NOT QacR w/ inputs [9] and output 10, and best_gate = Q2_QacR
 - 88 gate NOR PhlF w/ inputs [8, 10] and output 5, and best_gate = P3_PhlF

Outputs ( unit conversion and/or hill response... ):
 - ('Y', 5) output YFP_reporter_2 5 with c * x: c = 0.0076


TRUTH TABLE/GATE SCORING:
+-----------------+-----------------+-----------------+-------------+-------------+-------------+----------+----------+----------+----------+
| LacI_sensor_I/O | AraC_sensor_I/O | LuxR_sensor_I/O | LacI_sensor | AraC_sensor | LuxR_sensor | AmtR_I/O | LmrA_I/O | SrpR_I/O | BetI_I/O |
+-----------------+-----------------+-----------------+-------------+-------------+-------------+----------+----------+----------+----------+
| 0               | 0               | 0               | 0.0034      | 0.0082      | 0.025       | 1        | 1        | 1        | 0        |
| 0               | 0               | 1               | 0.0034      | 0.0082      | 0.31        | 1        | 1        | 0        | 0        |
| 0               | 1               | 0               | 0.0034      | 2.5         | 0.025       | 1        | 0        | 1        | 0        |
| 0               | 1               | 1               | 0.0034      | 2.5         | 0.31        | 1        | 0        | 0        | 0        |
| 1               | 0               | 0               | 2.8         | 0.0082      | 0.025       | 0        | 1        | 1        | 0        |
| 1               | 0               | 1               | 2.8         | 0.0082      | 0.31        | 0        | 1        | 0        | 0        |
| 1               | 1               | 0               | 2.8         | 2.5         | 0.025       | 0        | 0        | 1        | 1        |
| 1               | 1               | 1               | 2.8         | 2.5         | 0.31        | 0        | 0        | 0        | 1        |
+-----------------+-----------------+-----------------+-------------+-------------+-------------+----------+----------+----------+----------+
+----------+----------+---------------------+---------------------+--------------------+---------------------+---------------------+----------------------+--------------------+------------------------+
| QacR_I/O | PhlF_I/O | AmtR                | LmrA                | SrpR               | BetI                | QacR                | PhlF                 | YFP_reporter_2_I/O | YFP_reporter_2         |
+----------+----------+---------------------+---------------------+--------------------+---------------------+---------------------+----------------------+--------------------+------------------------+
| 1        | 0        | 3.770646560782609   | 2.196956974881483   | 2.0577196744803983 | 0.07602238350414811 | 2.577633104690903   | 0.020022539144815662 | 0                  | 0.00015217129750059904 |
| 1        | 0        | 3.770646560782609   | 2.196956974881483   | 0.0915377959289493 | 0.07602238350414811 | 2.577633104690903   | 0.02022892390143596  | 0                  | 0.00015373982165091328 |
| 1        | 0        | 3.770646560782609   | 0.20793781793029467 | 2.0577196744803983 | 0.08589231526937184 | 2.5098698132391926  | 0.02002397725142388  | 0                  | 0.0001521822271108215  |
| 1        | 0        | 3.770646560782609   | 0.20793781793029467 | 0.0915377959289493 | 0.08589231526937184 | 2.5098698132391926  | 0.020255032167835762 | 0                  | 0.00015393824447555178 |
| 1        | 0        | 0.07019506813925781 | 2.196956974881483   | 2.0577196744803983 | 0.13055199317390034 | 2.129182591137663   | 0.02003455688069492  | 0                  | 0.00015226263229328139 |
| 1        | 0        | 0.07019506813925781 | 2.196956974881483   | 0.0915377959289493 | 0.13055199317390034 | 2.129182591137663   | 0.02049565621985055  | 0                  | 0.00015576698727086418 |
| 0        | 0        | 0.07019506813925781 | 0.20793781793029467 | 2.0577196744803983 | 2.7457042185453178  | 0.03578268436808145 | 0.020635005400209523 | 0                  | 0.00015682604104159237 |
| 0        | 1        | 0.07019506813925781 | 0.20793781793029467 | 0.0915377959289493 | 2.7457042185453178  | 0.03578268436808145 | 6.277910273582551    | 1                  | 0.047712118079227386   |
+----------+----------+---------------------+---------------------+--------------------+---------------------+---------------------+----------------------+--------------------+------------------------+


∫ *** DEBUG *** ∫ Truth Table (same as before, simpler format):

['LacI_sensor_I/O', 'AraC_sensor_I/O', 'LuxR_sensor_I/O', 'LacI_sensor', 'AraC_sensor', 'LuxR_sensor', 'AmtR_I/O', 'LmrA_I/O', 'SrpR_I/O', 'BetI_I/O', 'QacR_I/O', 'PhlF_I/O', 'AmtR', 'LmrA', 'SrpR', 'BetI', 'QacR', 'PhlF', 'YFP_reporter_2_I/O', 'YFP_reporter_2']
[0, 0, 0, 0.0034, 0.0082, 0.025, 1, 1, 1, 0, 1, 0, 3.770646560782609, 2.196956974881483, 2.0577196744803983, 0.07602238350414811, 2.577633104690903, 0.020022539144815662, 0, 0.00015217129750059904]
[0, 0, 1, 0.0034, 0.0082, 0.31, 1, 1, 0, 0, 1, 0, 3.770646560782609, 2.196956974881483, 0.0915377959289493, 0.07602238350414811, 2.577633104690903, 0.02022892390143596, 0, 0.00015373982165091328]
[0, 1, 0, 0.0034, 2.5, 0.025, 1, 0, 1, 0, 1, 0, 3.770646560782609, 0.20793781793029467, 2.0577196744803983, 0.08589231526937184, 2.5098698132391926, 0.02002397725142388, 0, 0.0001521822271108215]
[0, 1, 1, 0.0034, 2.5, 0.31, 1, 0, 0, 0, 1, 0, 3.770646560782609, 0.20793781793029467, 0.0915377959289493, 0.08589231526937184, 2.5098698132391926, 0.020255032167835762, 0, 0.00015393824447555178]
[1, 0, 0, 2.8, 0.0082, 0.025, 0, 1, 1, 0, 1, 0, 0.07019506813925781, 2.196956974881483, 2.0577196744803983, 0.13055199317390034, 2.129182591137663, 0.02003455688069492, 0, 0.00015226263229328139]
[1, 0, 1, 2.8, 0.0082, 0.31, 0, 1, 0, 0, 1, 0, 0.07019506813925781, 2.196956974881483, 0.0915377959289493, 0.13055199317390034, 2.129182591137663, 0.02049565621985055, 0, 0.00015576698727086418]
[1, 1, 0, 2.8, 2.5, 0.025, 0, 0, 1, 1, 0, 0, 0.07019506813925781, 0.20793781793029467, 2.0577196744803983, 2.7457042185453178, 0.03578268436808145, 0.020635005400209523, 0, 0.00015682604104159237]
[1, 1, 1, 2.8, 2.5, 0.31, 0, 0, 0, 1, 0, 1, 0.07019506813925781, 0.20793781793029467, 0.0915377959289493, 2.7457042185453178, 0.03578268436808145, 6.277910273582551, 1, 0.047712118079227386]


EUGENE FILES:
 - Eugene object and structs created...
 - Eugene cassettes created...
 - Eugene helpers created...
 - Eugene script written to /home/lexo/Desktop/Practica/App/temp_outputs/temp_1c3f4d65248e4316bc87d3abc99a0ed7/temp_1c3f4d65248e4316bc87d3abc99a0ed7_Eco1C1G1T1.UCF._eugene.eug

SBOL FILES:
 - Circuit orders selected...
   + ['Loc1_NONCE_PAD', 'Loc2_NONCE_PAD', 'pPhlF', 'YFP_cassette', 'pSrpR', 'pQacR', 'RiboJ53', 'P3', 'PhlF', 'ECK120033737', 'pLuxStar', 'RiboJ10', 'S4', 'SrpR', 'ECK120029600', 'pAmtR', 'pLmrA', 'RiboJ57', 'E1', 'BetI', 'L3S3P11', 'pBetI', 'RiboJ60', 'Q2', 'QacR', 'ECK120010818', 'pBAD', 'RiboJ64', 'N1', 'LmrA', 'ECK120010876', 'pTac', 'BydvJ', 'A1', 'AmtR', 'L3S2P55', 'Loc3_NONCE_PAD']
   + ['Loc1_NONCE_PAD', 'Loc2_NONCE_PAD', 'pSrpR', 'pQacR', 'RiboJ53', 'P3', 'PhlF', 'ECK120033737', 'pLuxStar', 'RiboJ10', 'S4', 'SrpR', 'ECK120029600', 'pAmtR', 'pLmrA', 'RiboJ57', 'E1', 'BetI', 'L3S3P11', 'pBetI', 'RiboJ60', 'Q2', 'QacR', 'ECK120010818', 'pBAD', 'RiboJ64', 'N1', 'LmrA', 'ECK120010876', 'pTac', 'BydvJ', 'A1', 'AmtR', 'L3S2P55', 'pPhlF', 'YFP_cassette', 'Loc3_NONCE_PAD']
   + ['Loc1_NONCE_PAD', 'Loc2_NONCE_PAD', 'pSrpR', 'pQacR', 'RiboJ53', 'P3', 'PhlF', 'ECK120033737', 'pLuxStar', 'RiboJ10', 'S4', 'SrpR', 'ECK120029600', 'pAmtR', 'pLmrA', 'RiboJ57', 'E1', 'BetI', 'L3S3P11', 'pBetI', 'RiboJ60', 'Q2', 'QacR', 'ECK120010818', 'pBAD', 'RiboJ64', 'N1', 'LmrA', 'ECK120010876', 'pPhlF', 'YFP_cassette', 'pTac', 'BydvJ', 'A1', 'AmtR', 'L3S2P55', 'Loc3_NONCE_PAD']
   + ['Loc1_NONCE_PAD', 'Loc2_NONCE_PAD', 'pSrpR', 'pQacR', 'RiboJ53', 'P3', 'PhlF', 'ECK120033737', 'pLuxStar', 'RiboJ10', 'S4', 'SrpR', 'ECK120029600', 'pAmtR', 'pLmrA', 'RiboJ57', 'E1', 'BetI', 'L3S3P11', 'pBetI', 'RiboJ60', 'Q2', 'QacR', 'ECK120010818', 'pPhlF', 'YFP_cassette', 'pBAD', 'RiboJ64', 'N1', 'LmrA', 'ECK120010876', 'pTac', 'BydvJ', 'A1', 'AmtR', 'L3S2P55', 'Loc3_NONCE_PAD']
   + ['Loc1_NONCE_PAD', 'Loc2_NONCE_PAD', 'pSrpR', 'pQacR', 'RiboJ53', 'P3', 'PhlF', 'ECK120033737', 'pLuxStar', 'RiboJ10', 'S4', 'SrpR', 'ECK120029600', 'pPhlF', 'YFP_cassette', 'pAmtR', 'pLmrA', 'RiboJ57', 'E1', 'BetI', 'L3S3P11', 'pBetI', 'RiboJ60', 'Q2', 'QacR', 'ECK120010818', 'pBAD', 'RiboJ64', 'N1', 'LmrA', 'ECK120010876', 'pTac', 'BydvJ', 'A1', 'AmtR', 'L3S2P55', 'Loc3_NONCE_PAD']

 - SBOL files being generated...
Component.....................53
Sequence......................49
---
Total: .........................102

SBOL XML and related files generated
 - Response plots generated



Thread count: 1
Completion Time: 4.2 seconds
Cello object deleted...

Archivo Verilog temporal eliminado: temp_1c3f4d65248e4316bc87d3abc99a0ed7.v
