
////////////////////////////////////////////////////////////////////////////////////////
                                       CELLO V2.1                                       
              temp_126db3fdd31f4f14b47b769cc7eb861c + Eco1C1G1T1.UCF.json               
////////////////////////////////////////////////////////////////////////////////////////

new_out: /home/lexo/Desktop/Practica/App/temp_outputs/temp_126db3fdd31f4f14b47b769cc7eb861c
verilog: temp_126db3fdd31f4f14b47b769cc7eb861c.v
v_loc: /home/lexo/Desktop/Practica/App/library/verilogs/temp_126db3fdd31f4f14b47b769cc7eb861c.v
new_in: /home/lexo/Desktop/Practica/App/library/verilogs
new_out: /home/lexo/Desktop/Practica/App/temp_outputs/temp_126db3fdd31f4f14b47b769cc7eb861c



////////////////////////////////////////////////////////////////////////////////////////
                                 End of Logic Synthesis                                 
////////////////////////////////////////////////////////////////////////////////////////




////////////////////////////////////////////////////////////////////////////////////////
                            condition checks for valid input                            
////////////////////////////////////////////////////////////////////////////////////////


NETLIST:
isvalid: True

INPUTS (including the communication devices): 
num IN-SENSORS in Eco1C1G1T1.UCF.json in-UCF: 4
num IN-STRUCTURES in Eco1C1G1T1.UCF.json in-UCF: 4
num IN-MODELS in Eco1C1G1T1.UCF.json in-UCF: 4
num IN-PARTS in Eco1C1G1T1.UCF.json in-UCF: 4
num IN-NODES in temp_126db3fdd31f4f14b47b769cc7eb861c netlist: 2
['LacI_sensor', 'TetR_sensor', 'AraC_sensor', 'LuxR_sensor']
Valid input match!

OUTPUTS: 
num OUT-SENSORS in Eco1C1G1T1.UCF.json out-UCF: 3
num OUT-STRUCTURES in Eco1C1G1T1.UCF.json out-UCF: 3
num OUT-MODELS in Eco1C1G1T1.UCF.json out-UCF: 3
num OUT-PARTS in Eco1C1G1T1.UCF.json out-UCF: 3
num OUT-NODES in temp_126db3fdd31f4f14b47b769cc7eb861c netlist: 1
['YFP_reporter', 'YFP_reporter_2', 'YFP_reporter_3']
Valid output match!

GATES: 
num PARTS in Eco1C1G1T1.UCF.json UCF: 84
num STRUCTURES in Eco1C1G1T1.UCF.json UCF: 20
num MODELS in Eco1C1G1T1.UCF.json UCF: 20
num GATES in Eco1C1G1T1.UCF.json UCF: 20
num GATE USES: [12, True]
num GATES in temp_126db3fdd31f4f14b47b769cc7eb861c netlist: 3
['AmeR', 'AmtR', 'BM3R1', 'BetI', 'HlyIIR', 'IcaRA', 'LitR', 'LmrA', 'PhlF', 'PsrA', 'QacR', 'SrpR']
['A1_AmtR', 'B1_BM3R1', 'B2_BM3R1', 'B3_BM3R1', 'E1_BetI', 'F1_AmeR', 'H1_HlyIIR', 'I1_IcaRA', 'L1_LitR', 'N1_LmrA', 'P1_PhlF', 'P2_PhlF', 'P3_PhlF', 'Q1_QacR', 'Q2_QacR', 'R1_PsrA', 'S1_SrpR', 'S2_SrpR', 'S3_SrpR', 'S4_SrpR']
Valid intermediate match!

#47,520 possible permutations for temp_126db3fdd31f4f14b47b769cc7eb861c.v+Eco1C1G1T1.UCF.json...
(#47,520.0 permutations of UCF gate groups confirmed.)

////////////////////////////////////////////////////////////////////////////////////////
                                End of condition checks                                 
////////////////////////////////////////////////////////////////////////////////////////


Condition check passed? True


////////////////////////////////////////////////////////////////////////////////////////
                               Beginning GATE ASSIGNMENT                                
////////////////////////////////////////////////////////////////////////////////////////


Listing available assignments from UCF: 
['LacI_sensor', 'TetR_sensor', 'AraC_sensor', 'LuxR_sensor']
['YFP_reporter', 'YFP_reporter_2', 'YFP_reporter_3']
['AmtR', 'PhlF', 'SrpR', 'HlyIIR', 'BM3R1', 'IcaRA', 'LitR', 'QacR', 'PsrA', 'BetI', 'AmeR', 'LmrA']

Netlist de-construction: 
[A, B]
[81, 82, 83]
[C]

Netlist requirements: 
need 2 inputs
need 1 outputs
need 3 gates

////////////////////////////////////////////////////////////////////////////////////////
                Running SIMULATED ANNEALING gate-assignment algorithm...                
////////////////////////////////////////////////////////////////////////////////////////

__________________________________________________ #1/1,000 | Best Score: 21.00319011107565 | Current Score: 21.00319011107565
__________________________________________________ #5/1,000 | Best Score: 69.640055448934 | Current Score: 69.640055448934
__________________________________________________ #18/1,000 | Best Score: 325.5484022805835 | Current Score: 325.5484022805835█
__________________________________________________ #370/1,000 | Best Score: 326.65877594743466 | Current Score: 326.65877594743466██████████████████


DONE!
Completed: 1,000/1,000 iterations (out of 47,520 possible iterations)
Best Score: 326.65877594743466

////////////////////////////////////////////////////////////////////////////////////////
                                 End of GATE ASSIGNMENT                                 
////////////////////////////////////////////////////////////////////////////////////////





∫ *** DEBUG *** ∫ final result for temp_126db3fdd31f4f14b47b769cc7eb861c.v+Eco1C1G1T1.UCF.json: 326.65877594743466



∫ *** DEBUG *** ∫ Inputs: [AraC_sensor, TetR_sensor], Gates: [LitR, SrpR, PhlF], Outputs: [YFP_reporter]


////////////////////////////////////////////////////////////////////////////////////////
                                        RESULTS                                         
              temp_126db3fdd31f4f14b47b769cc7eb861c + Eco1C1G1T1.UCF.json               
////////////////////////////////////////////////////////////////////////////////////////

CIRCUIT DESIGN:
 - Best Design: Inputs: [AraC_sensor, TetR_sensor], Gates: [LitR, SrpR, PhlF], Outputs: [YFP_reporter]
 - Best Circuit Score: 326.65877594743466

Inputs ( input response = STATE * (ymax - ymin) + ymin ):
 - ('A', 2) input AraC_sensor 2 with ymax: 2.5 and ymin: 0.0082 with max sensor output of [('high', 2.5), ('low', 0.0082)]
 - ('B', 3) input TetR_sensor 3 with ymax: 4.4 and ymin: 0.0013 with max sensor output of [('high', 4.4), ('low', 0.0013)]

Gates ( response function = ymin + (ymax - ymin) / (1.0 + (x / K)**n);   input composition = x2 + x1 ):
 - 81 gate NOT LitR w/ inputs [2] and output 5, and best_gate = L1_LitR
 - 82 gate NOT SrpR w/ inputs [3] and output 6, and best_gate = S4_SrpR
 - 83 gate NOR PhlF w/ inputs [5, 6] and output 4, and best_gate = P3_PhlF

Outputs ( unit conversion and/or hill response... ):
 - ('C', 4) output YFP_reporter 4 with c * x: c = 0.0076


TRUTH TABLE/GATE SCORING:
+-----------------+-----------------+-------------+-------------+----------+----------+----------+---------------------+----------------------+---------------------+
| AraC_sensor_I/O | TetR_sensor_I/O | AraC_sensor | TetR_sensor | LitR_I/O | SrpR_I/O | PhlF_I/O | LitR                | SrpR                 | PhlF                |
+-----------------+-----------------+-------------+-------------+----------+----------+----------+---------------------+----------------------+---------------------+
| 0               | 0               | 0.0082      | 0.0013      | 1        | 1        | 0        | 4.112960208935696   | 2.099989040055861    | 0.0200065862073284  |
| 0               | 1               | 0.0082      | 4.4         | 1        | 0        | 0        | 4.112960208935696   | 0.007052371000060497 | 0.02003697518536299 |
| 1               | 0               | 2.5         | 0.0013      | 0        | 1        | 0        | 0.07546424272895783 | 2.099989040055861    | 0.02054043440390744 |
| 1               | 1               | 2.5         | 4.4         | 0        | 0        | 1        | 0.07546424272895783 | 0.007052371000060497 | 6.709713159808979   |
+-----------------+-----------------+-------------+-------------+----------+----------+----------+---------------------+----------------------+---------------------+
+------------------+------------------------+
| YFP_reporter_I/O | YFP_reporter           |
+------------------+------------------------+
| 0                | 0.00015205005517569584 |
| 0                | 0.00015228101140875872 |
| 0                | 0.00015610730146969654 |
| 1                | 0.05099382001454824    |
+------------------+------------------------+


∫ *** DEBUG *** ∫ Truth Table (same as before, simpler format):

['AraC_sensor_I/O', 'TetR_sensor_I/O', 'AraC_sensor', 'TetR_sensor', 'LitR_I/O', 'SrpR_I/O', 'PhlF_I/O', 'LitR', 'SrpR', 'PhlF', 'YFP_reporter_I/O', 'YFP_reporter']
[0, 0, 0.0082, 0.0013, 1, 1, 0, 4.112960208935696, 2.099989040055861, 0.0200065862073284, 0, 0.00015205005517569584]
[0, 1, 0.0082, 4.4, 1, 0, 0, 4.112960208935696, 0.007052371000060497, 0.02003697518536299, 0, 0.00015228101140875872]
[1, 0, 2.5, 0.0013, 0, 1, 0, 0.07546424272895783, 2.099989040055861, 0.02054043440390744, 0, 0.00015610730146969654]
[1, 1, 2.5, 4.4, 0, 0, 1, 0.07546424272895783, 0.007052371000060497, 6.709713159808979, 1, 0.05099382001454824]


EUGENE FILES:
 - Eugene object and structs created...
 - Eugene cassettes created...
 - Eugene helpers created...
 - Eugene script written to /home/lexo/Desktop/Practica/App/temp_outputs/temp_126db3fdd31f4f14b47b769cc7eb861c/temp_126db3fdd31f4f14b47b769cc7eb861c_Eco1C1G1T1.UCF._eugene.eug

SBOL FILES:
 - Circuit orders selected...
   + ['Loc1_NONCE_PAD', 'Loc2_NONCE_PAD', 'pLitR', 'pSrpR', 'RiboJ53', 'P3', 'PhlF', 'ECK120033737', 'pTet', 'RiboJ10', 'S4', 'SrpR', 'ECK120029600', 'pBAD', 'PlmJ', 'L1', 'LitR', 'L3S2P24', 'Loc3_NONCE_PAD', 'pPhlF', 'YFP_cassette']

 - SBOL files being generated...
Component.....................37
Sequence......................33
---
Total: .........................70

SBOL XML and related files generated
 - Response plots generated



Thread count: 1
Completion Time: 5.3 seconds
Archivo Verilog temporal eliminado: temp_126db3fdd31f4f14b47b769cc7eb861c.v
Archivo Verilog temporal creado: temp_3c29b0deeda6428cbd3dd7aaec23b038.v
