
////////////////////////////////////////////////////////////////////////////////////////
                                       CELLO V2.1                                       
              temp_6eb5d0fdc3b74ff595e0312dff6b2d0d + Eco1C1G1T1.UCF.json               
////////////////////////////////////////////////////////////////////////////////////////

new_out: /home/lexo/Desktop/Practica/App/temp_outputs/temp_6eb5d0fdc3b74ff595e0312dff6b2d0d
verilog: temp_6eb5d0fdc3b74ff595e0312dff6b2d0d.v
v_loc: /home/lexo/Desktop/Practica/App/library/verilogs/temp_6eb5d0fdc3b74ff595e0312dff6b2d0d.v
new_in: /home/lexo/Desktop/Practica/App/library/verilogs
new_out: /home/lexo/Desktop/Practica/App/temp_outputs/temp_6eb5d0fdc3b74ff595e0312dff6b2d0d



////////////////////////////////////////////////////////////////////////////////////////
                                 End of Logic Synthesis                                 
////////////////////////////////////////////////////////////////////////////////////////




////////////////////////////////////////////////////////////////////////////////////////
                            condition checks for valid input                            
////////////////////////////////////////////////////////////////////////////////////////


NETLIST:
isvalid: True

INPUTS (including the communication devices): 
num IN-SENSORS in Eco1C1G1T1.UCF.json in-UCF: 4
num IN-STRUCTURES in Eco1C1G1T1.UCF.json in-UCF: 4
num IN-MODELS in Eco1C1G1T1.UCF.json in-UCF: 4
num IN-PARTS in Eco1C1G1T1.UCF.json in-UCF: 4
num IN-NODES in temp_6eb5d0fdc3b74ff595e0312dff6b2d0d netlist: 2
['LacI_sensor', 'TetR_sensor', 'AraC_sensor', 'LuxR_sensor']
Valid input match!

OUTPUTS: 
num OUT-SENSORS in Eco1C1G1T1.UCF.json out-UCF: 3
num OUT-STRUCTURES in Eco1C1G1T1.UCF.json out-UCF: 3
num OUT-MODELS in Eco1C1G1T1.UCF.json out-UCF: 3
num OUT-PARTS in Eco1C1G1T1.UCF.json out-UCF: 3
num OUT-NODES in temp_6eb5d0fdc3b74ff595e0312dff6b2d0d netlist: 1
['YFP_reporter', 'YFP_reporter_2', 'YFP_reporter_3']
Valid output match!

GATES: 
num PARTS in Eco1C1G1T1.UCF.json UCF: 84
num STRUCTURES in Eco1C1G1T1.UCF.json UCF: 20
num MODELS in Eco1C1G1T1.UCF.json UCF: 20
num GATES in Eco1C1G1T1.UCF.json UCF: 20
num GATE USES: [12, True]
num GATES in temp_6eb5d0fdc3b74ff595e0312dff6b2d0d netlist: 3
['AmeR', 'AmtR', 'BM3R1', 'BetI', 'HlyIIR', 'IcaRA', 'LitR', 'LmrA', 'PhlF', 'PsrA', 'QacR', 'SrpR']
['A1_AmtR', 'B1_BM3R1', 'B2_BM3R1', 'B3_BM3R1', 'E1_BetI', 'F1_AmeR', 'H1_HlyIIR', 'I1_IcaRA', 'L1_LitR', 'N1_LmrA', 'P1_PhlF', 'P2_PhlF', 'P3_PhlF', 'Q1_QacR', 'Q2_QacR', 'R1_PsrA', 'S1_SrpR', 'S2_SrpR', 'S3_SrpR', 'S4_SrpR']
Valid intermediate match!

#47,520 possible permutations for temp_6eb5d0fdc3b74ff595e0312dff6b2d0d.v+Eco1C1G1T1.UCF.json...
(#47,520.0 permutations of UCF gate groups confirmed.)

////////////////////////////////////////////////////////////////////////////////////////
                                End of condition checks                                 
////////////////////////////////////////////////////////////////////////////////////////


Condition check passed? True


////////////////////////////////////////////////////////////////////////////////////////
                               Beginning GATE ASSIGNMENT                                
////////////////////////////////////////////////////////////////////////////////////////


Listing available assignments from UCF: 
['LacI_sensor', 'TetR_sensor', 'AraC_sensor', 'LuxR_sensor']
['YFP_reporter', 'YFP_reporter_2', 'YFP_reporter_3']
['LmrA', 'QacR', 'BM3R1', 'AmtR', 'BetI', 'AmeR', 'PhlF', 'SrpR', 'LitR', 'IcaRA', 'HlyIIR', 'PsrA']

Netlist de-construction: 
[a, b]
[81, 82, 83]
[y]

Netlist requirements: 
need 2 inputs
need 1 outputs
need 3 gates

////////////////////////////////////////////////////////////////////////////////////////
                Running SIMULATED ANNEALING gate-assignment algorithm...                
////////////////////////////////////////////////////////////////////////////////////////

__________________________________________________ #1/1,000 | Best Score: 21.779807213245057 | Current Score: 21.779807213245057
__________________________________________________ #2/1,000 | Best Score: 48.87693267528313 | Current Score: 48.87693267528313
__________________________________________________ #12/1,000 | Best Score: 76.1340463533387 | Current Score: 76.1340463533387
__________________________________________________ #23/1,000 | Best Score: 327.25069697792907 | Current Score: 327.25069697792907█
__________________________________________________ #75/1,000 | Best Score: 327.47338715200357 | Current Score: 327.47338715200357███


DONE!
Completed: 1,000/1,000 iterations (out of 47,520 possible iterations)
Best Score: 327.47338715200357

////////////////////////////////////////////////////////////////////////////////////////
                                 End of GATE ASSIGNMENT                                 
////////////////////////////////////////////////////////////////////////////////////////





∫ *** DEBUG *** ∫ final result for temp_6eb5d0fdc3b74ff595e0312dff6b2d0d.v+Eco1C1G1T1.UCF.json: 327.47338715200357



∫ *** DEBUG *** ∫ Inputs: [AraC_sensor, TetR_sensor], Gates: [SrpR, HlyIIR, PhlF], Outputs: [YFP_reporter_2]


////////////////////////////////////////////////////////////////////////////////////////
                                        RESULTS                                         
              temp_6eb5d0fdc3b74ff595e0312dff6b2d0d + Eco1C1G1T1.UCF.json               
////////////////////////////////////////////////////////////////////////////////////////

CIRCUIT DESIGN:
 - Best Design: Inputs: [AraC_sensor, TetR_sensor], Gates: [SrpR, HlyIIR, PhlF], Outputs: [YFP_reporter_2]
 - Best Circuit Score: 327.47338715200357

Inputs ( input response = STATE * (ymax - ymin) + ymin ):
 - ('a', 2) input AraC_sensor 2 with ymax: 2.5 and ymin: 0.0082 with max sensor output of [('high', 2.5), ('low', 0.0082)]
 - ('b', 3) input TetR_sensor 3 with ymax: 4.4 and ymin: 0.0013 with max sensor output of [('high', 4.4), ('low', 0.0013)]

Gates ( response function = ymin + (ymax - ymin) / (1.0 + (x / K)**n);   input composition = x2 + x1 ):
 - 81 gate NOT SrpR w/ inputs [2] and output 5, and best_gate = S4_SrpR
 - 82 gate NOT HlyIIR w/ inputs [3] and output 6, and best_gate = H1_HlyIIR
 - 83 gate NOR PhlF w/ inputs [5, 6] and output 4, and best_gate = P3_PhlF

Outputs ( unit conversion and/or hill response... ):
 - ('y', 4) output YFP_reporter_2 4 with c * x: c = 0.0076


TRUTH TABLE/GATE SCORING:
+-----------------+-----------------+-------------+-------------+----------+------------+----------+----------------------+--------------------+----------------------+
| AraC_sensor_I/O | TetR_sensor_I/O | AraC_sensor | TetR_sensor | SrpR_I/O | HlyIIR_I/O | PhlF_I/O | SrpR                 | HlyIIR             | PhlF                 |
+-----------------+-----------------+-------------+-------------+----------+------------+----------+----------------------+--------------------+----------------------+
| 0               | 0               | 0.0082      | 0.0013      | 1        | 1          | 0        | 2.098098688319364    | 2.499994283915957  | 0.02002331624277015  |
| 0               | 1               | 0.0082      | 4.4         | 1        | 0          | 0        | 2.098098688319364    | 0.0706874890580435 | 0.020547445944807244 |
| 1               | 0               | 2.5         | 0.0013      | 0        | 1          | 0        | 0.007254967188764109 | 2.499994283915957  | 0.020297740552392866 |
| 1               | 1               | 2.5         | 4.4         | 0        | 0          | 1        | 0.007254967188764109 | 0.0706874890580435 | 6.728741720868729    |
+-----------------+-----------------+-------------+-------------+----------+------------+----------+----------------------+--------------------+----------------------+
+--------------------+------------------------+
| YFP_reporter_2_I/O | YFP_reporter_2         |
+--------------------+------------------------+
| 0                  | 0.00015217720344505315 |
| 0                  | 0.00015616058918053506 |
| 0                  | 0.00015426282819818577 |
| 1                  | 0.051138437078602335   |
+--------------------+------------------------+


∫ *** DEBUG *** ∫ Truth Table (same as before, simpler format):

['AraC_sensor_I/O', 'TetR_sensor_I/O', 'AraC_sensor', 'TetR_sensor', 'SrpR_I/O', 'HlyIIR_I/O', 'PhlF_I/O', 'SrpR', 'HlyIIR', 'PhlF', 'YFP_reporter_2_I/O', 'YFP_reporter_2']
[0, 0, 0.0082, 0.0013, 1, 1, 0, 2.098098688319364, 2.499994283915957, 0.02002331624277015, 0, 0.00015217720344505315]
[0, 1, 0.0082, 4.4, 1, 0, 0, 2.098098688319364, 0.0706874890580435, 0.020547445944807244, 0, 0.00015616058918053506]
[1, 0, 2.5, 0.0013, 0, 1, 0, 0.007254967188764109, 2.499994283915957, 0.020297740552392866, 0, 0.00015426282819818577]
[1, 1, 2.5, 4.4, 0, 0, 1, 0.007254967188764109, 0.0706874890580435, 6.728741720868729, 1, 0.051138437078602335]


EUGENE FILES:
 - Eugene object and structs created...
 - Eugene cassettes created...
 - Eugene helpers created...
 - Eugene script written to /home/lexo/Desktop/Practica/App/temp_outputs/temp_6eb5d0fdc3b74ff595e0312dff6b2d0d/temp_6eb5d0fdc3b74ff595e0312dff6b2d0d_Eco1C1G1T1.UCF._eugene.eug

SBOL FILES:
 - Circuit orders selected...
   + ['Loc1_NONCE_PAD', 'Loc2_NONCE_PAD', 'pSrpR', 'pHlyIIR', 'RiboJ53', 'P3', 'PhlF', 'ECK120033737', 'pBAD', 'RiboJ10', 'S4', 'SrpR', 'ECK120029600', 'pTet', 'RiboJ51', 'H1', 'HlyIIR', 'ECK120033736', 'Loc3_NONCE_PAD', 'pPhlF', 'YFP_cassette']
   + ['Loc1_NONCE_PAD', 'Loc2_NONCE_PAD', 'pSrpR', 'pHlyIIR', 'RiboJ53', 'P3', 'PhlF', 'ECK120033737', 'pBAD', 'RiboJ10', 'S4', 'SrpR', 'ECK120029600', 'pTet', 'RiboJ51', 'H1', 'HlyIIR', 'ECK120033736', 'pPhlF', 'YFP_cassette', 'Loc3_NONCE_PAD']
   + ['Loc1_NONCE_PAD', 'Loc2_NONCE_PAD', 'pSrpR', 'pHlyIIR', 'RiboJ53', 'P3', 'PhlF', 'ECK120033737', 'pBAD', 'RiboJ10', 'S4', 'SrpR', 'ECK120029600', 'pPhlF', 'YFP_cassette', 'pTet', 'RiboJ51', 'H1', 'HlyIIR', 'ECK120033736', 'Loc3_NONCE_PAD']
   + ['Loc1_NONCE_PAD', 'Loc2_NONCE_PAD', 'pSrpR', 'pHlyIIR', 'RiboJ53', 'P3', 'PhlF', 'ECK120033737', 'pPhlF', 'YFP_cassette', 'pBAD', 'RiboJ10', 'S4', 'SrpR', 'ECK120029600', 'pTet', 'RiboJ51', 'H1', 'HlyIIR', 'ECK120033736', 'Loc3_NONCE_PAD']
   + ['Loc1_NONCE_PAD', 'Loc2_NONCE_PAD', 'pPhlF', 'YFP_cassette', 'pSrpR', 'pHlyIIR', 'RiboJ53', 'P3', 'PhlF', 'ECK120033737', 'pBAD', 'RiboJ10', 'S4', 'SrpR', 'ECK120029600', 'pTet', 'RiboJ51', 'H1', 'HlyIIR', 'ECK120033736', 'Loc3_NONCE_PAD']

 - SBOL files being generated...
Component.....................37
Sequence......................33
---
Total: .........................70

SBOL XML and related files generated
 - Response plots generated



Thread count: 1
Completion Time: 6.9 seconds
Cello object deleted...

Archivo Verilog temporal eliminado: temp_6eb5d0fdc3b74ff595e0312dff6b2d0d.v
