
////////////////////////////////////////////////////////////////////////////////////////
                                       CELLO V2.1                                       
              temp_dc3ca5dac8554deaa9bf153c082a6775 + Eco1C1G1T1.UCF.json               
////////////////////////////////////////////////////////////////////////////////////////

new_out: /home/lexo/Desktop/Practica/App/temp_outputs/temp_dc3ca5dac8554deaa9bf153c082a6775
verilog: temp_dc3ca5dac8554deaa9bf153c082a6775.v
v_loc: /home/lexo/Desktop/Practica/App/library/verilogs/temp_dc3ca5dac8554deaa9bf153c082a6775.v
new_in: /home/lexo/Desktop/Practica/App/library/verilogs
new_out: /home/lexo/Desktop/Practica/App/temp_outputs/temp_dc3ca5dac8554deaa9bf153c082a6775



////////////////////////////////////////////////////////////////////////////////////////
                                 End of Logic Synthesis                                 
////////////////////////////////////////////////////////////////////////////////////////




////////////////////////////////////////////////////////////////////////////////////////
                            condition checks for valid input                            
////////////////////////////////////////////////////////////////////////////////////////


NETLIST:
isvalid: True

INPUTS (including the communication devices): 
num IN-SENSORS in Eco1C1G1T1.UCF.json in-UCF: 4
num IN-STRUCTURES in Eco1C1G1T1.UCF.json in-UCF: 4
num IN-MODELS in Eco1C1G1T1.UCF.json in-UCF: 4
num IN-PARTS in Eco1C1G1T1.UCF.json in-UCF: 4
num IN-NODES in temp_dc3ca5dac8554deaa9bf153c082a6775 netlist: 3
['LacI_sensor', 'TetR_sensor', 'AraC_sensor', 'LuxR_sensor']
Valid input match!

OUTPUTS: 
num OUT-SENSORS in Eco1C1G1T1.UCF.json out-UCF: 3
num OUT-STRUCTURES in Eco1C1G1T1.UCF.json out-UCF: 3
num OUT-MODELS in Eco1C1G1T1.UCF.json out-UCF: 3
num OUT-PARTS in Eco1C1G1T1.UCF.json out-UCF: 3
num OUT-NODES in temp_dc3ca5dac8554deaa9bf153c082a6775 netlist: 1
['YFP_reporter', 'YFP_reporter_2', 'YFP_reporter_3']
Valid output match!

GATES: 
num PARTS in Eco1C1G1T1.UCF.json UCF: 84
num STRUCTURES in Eco1C1G1T1.UCF.json UCF: 20
num MODELS in Eco1C1G1T1.UCF.json UCF: 20
num GATES in Eco1C1G1T1.UCF.json UCF: 20
num GATE USES: [12, True]
num GATES in temp_dc3ca5dac8554deaa9bf153c082a6775 netlist: 8
['AmeR', 'AmtR', 'BM3R1', 'BetI', 'HlyIIR', 'IcaRA', 'LitR', 'LmrA', 'PhlF', 'PsrA', 'QacR', 'SrpR']
['A1_AmtR', 'B1_BM3R1', 'B2_BM3R1', 'B3_BM3R1', 'E1_BetI', 'F1_AmeR', 'H1_HlyIIR', 'I1_IcaRA', 'L1_LitR', 'N1_LmrA', 'P1_PhlF', 'P2_PhlF', 'P3_PhlF', 'Q1_QacR', 'Q2_QacR', 'R1_PsrA', 'S1_SrpR', 'S2_SrpR', 'S3_SrpR', 'S4_SrpR']
Valid intermediate match!

#1,437,004,800 possible permutations for temp_dc3ca5dac8554deaa9bf153c082a6775.v+Eco1C1G1T1.UCF.json...
(#1,437,004,800.0 permutations of UCF gate groups confirmed.)

////////////////////////////////////////////////////////////////////////////////////////
                                End of condition checks                                 
////////////////////////////////////////////////////////////////////////////////////////


Condition check passed? True


////////////////////////////////////////////////////////////////////////////////////////
                               Beginning GATE ASSIGNMENT                                
////////////////////////////////////////////////////////////////////////////////////////


Listing available assignments from UCF: 
['LacI_sensor', 'TetR_sensor', 'AraC_sensor', 'LuxR_sensor']
['YFP_reporter', 'YFP_reporter_2', 'YFP_reporter_3']
['HlyIIR', 'AmeR', 'IcaRA', 'QacR', 'AmtR', 'BetI', 'SrpR', 'BM3R1', 'LitR', 'PsrA', 'LmrA', 'PhlF']

Netlist de-construction: 
[A, B, C]
[100, 101, 102, 95, 96, 97, 98, 99]
[D]

Netlist requirements: 
need 3 inputs
need 1 outputs
need 8 gates

////////////////////////////////////////////////////////////////////////////////////////
                Running SIMULATED ANNEALING gate-assignment algorithm...                
////////////////////////////////////////////////////////////////////////////////////////

__________________________________________________ #1/1,000 | Best Score: 0.35405909518215867 | Current Score: 0.35405909518215867
__________________________________________________ #2/1,000 | Best Score: 0.4237020288955625 | Current Score: 0.4237020288955625
__________________________________________________ #3/1,000 | Best Score: 2.0517350470251143 | Current Score: 2.0517350470251143
__________________________________________________ #12/1,000 | Best Score: 14.644830007052082 | Current Score: 14.644830007052082
__________________________________________________ #52/1,000 | Best Score: 15.311664302066069 | Current Score: 15.311664302066069██
__________________________________________________ #74/1,000 | Best Score: 17.732584820489098 | Current Score: 17.732584820489098███
__________________________________________________ #97/1,000 | Best Score: 28.950433962466956 | Current Score: 28.950433962466956█████
__________________________________________________ #99/1,000 | Best Score: 35.53903059478272 | Current Score: 35.53903059478272█████
__________________________________________________ #208/1,000 | Best Score: 38.02651964516197 | Current Score: 38.02651964516197██████████
__________________________________________________ #236/1,000 | Best Score: 57.190721442761976 | Current Score: 57.190721442761976████████████
__________________________________________________ #332/1,000 | Best Score: 116.36888390767264 | Current Score: 116.36888390767264████████████████
__________________________________________________ #333/1,000 | Best Score: 117.56321032015694 | Current Score: 117.56321032015694████████████████


DONE!
Completed: 1,000/1,000 iterations (out of 1,437,004,800 possible iterations)
Best Score: 117.56321032015694

////////////////////////////////////////////////////////////////////////////////////////
                                 End of GATE ASSIGNMENT                                 
////////////////////////////////////////////////////////////////////////////////////////





∫ *** DEBUG *** ∫ final result for temp_dc3ca5dac8554deaa9bf153c082a6775.v+Eco1C1G1T1.UCF.json: 117.56321032015694



∫ *** DEBUG *** ∫ Inputs: [AraC_sensor, TetR_sensor, LacI_sensor], Gates: [QacR, BM3R1, SrpR, AmeR, PhlF, IcaRA, PsrA, AmtR], Outputs: [YFP_reporter]


////////////////////////////////////////////////////////////////////////////////////////
                                        RESULTS                                         
              temp_dc3ca5dac8554deaa9bf153c082a6775 + Eco1C1G1T1.UCF.json               
////////////////////////////////////////////////////////////////////////////////////////

CIRCUIT DESIGN:
 - Best Design: Inputs: [AraC_sensor, TetR_sensor, LacI_sensor], Gates: [QacR, BM3R1, SrpR, AmeR, PhlF, IcaRA, PsrA, AmtR], Outputs: [YFP_reporter]
 - Best Circuit Score: 117.56321032015694

Inputs ( input response = STATE * (ymax - ymin) + ymin ):
 - ('A', 2) input AraC_sensor 2 with ymax: 2.5 and ymin: 0.0082 with max sensor output of [('high', 2.5), ('low', 0.0082)]
 - ('B', 3) input TetR_sensor 3 with ymax: 4.4 and ymin: 0.0013 with max sensor output of [('high', 4.4), ('low', 0.0013)]
 - ('C', 4) input LacI_sensor 4 with ymax: 2.8 and ymin: 0.0034 with max sensor output of [('high', 2.8), ('low', 0.0034)]

Gates ( response function = ymin + (ymax - ymin) / (1.0 + (x / K)**n);   input composition = x2 + x1 ):
 - 100 gate NOR QacR w/ inputs [3, 6] and output 7, and best_gate = Q2_QacR
 - 101 gate NOR BM3R1 w/ inputs [8, 9] and output 10, and best_gate = B3_BM3R1
 - 102 gate NOR SrpR w/ inputs [7, 10] and output 5, and best_gate = S4_SrpR
 - 95 gate NOT AmeR w/ inputs [4] and output 11, and best_gate = F1_AmeR
 - 96 gate NOT PhlF w/ inputs [2] and output 12, and best_gate = P3_PhlF
 - 97 gate NOT IcaRA w/ inputs [3] and output 8, and best_gate = I1_IcaRA
 - 98 gate NOR PsrA w/ inputs [11, 2] and output 6, and best_gate = R1_PsrA
 - 99 gate NOR AmtR w/ inputs [4, 12] and output 9, and best_gate = A1_AmtR

Outputs ( unit conversion and/or hill response... ):
 - ('D', 5) output YFP_reporter 5 with c * x: c = 0.0076


TRUTH TABLE/GATE SCORING:
+-----------------+-----------------+-----------------+-------------+-------------+-------------+----------+-----------+----------+----------+
| AraC_sensor_I/O | TetR_sensor_I/O | LacI_sensor_I/O | AraC_sensor | TetR_sensor | LacI_sensor | QacR_I/O | BM3R1_I/O | SrpR_I/O | AmeR_I/O |
+-----------------+-----------------+-----------------+-------------+-------------+-------------+----------+-----------+----------+----------+
| 0               | 0               | 0               | 0.0082      | 0.0013      | 0.0034      | 1        | 0         | 0        | 1        |
| 0               | 0               | 1               | 0.0082      | 0.0013      | 2.8         | 0        | 0         | 1        | 0        |
| 0               | 1               | 0               | 0.0082      | 4.4         | 0.0034      | 0        | 1         | 0        | 1        |
| 0               | 1               | 1               | 0.0082      | 4.4         | 2.8         | 0        | 1         | 0        | 0        |
| 1               | 0               | 0               | 2.5         | 0.0013      | 0.0034      | 1        | 0         | 0        | 1        |
| 1               | 0               | 1               | 2.5         | 0.0013      | 2.8         | 1        | 0         | 0        | 0        |
| 1               | 1               | 0               | 2.5         | 4.4         | 0.0034      | 0        | 0         | 1        | 1        |
| 1               | 1               | 1               | 2.5         | 4.4         | 2.8         | 0        | 1         | 0        | 0        |
+-----------------+-----------------+-----------------+-------------+-------------+-------------+----------+-----------+----------+----------+
+----------+-----------+----------+----------+----------------------+----------------------+----------------------+---------------------+----------------------+---------------------+
| PhlF_I/O | IcaRA_I/O | PsrA_I/O | AmtR_I/O | QacR                 | BM3R1                | SrpR                 | AmeR                | PhlF                 | IcaRA               |
+----------+-----------+----------+----------+----------------------+----------------------+----------------------+---------------------+----------------------+---------------------+
| 1        | 1         | 0        | 0        | 1.2825838412121384   | 0.01050797113434451  | 0.008613882854081297 | 3.763689615965023   | 6.7999943767084305   | 2.195159793664809   |
| 1        | 1         | 1        | 0        | 0.03731183102649037  | 0.010508770959155629 | 1.8645673563189276   | 0.22902054876211977 | 6.7999943767084305   | 2.195159793664809   |
| 1        | 0         | 0        | 0        | 0.03165582436747057  | 0.6881662957713058   | 0.015294956057085737 | 3.763689615965023   | 6.7999943767084305   | 0.09055200711832256 |
| 1        | 0         | 1        | 0        | 0.030637185332892728 | 0.6903846669240479   | 0.015256519825307239 | 0.22902054876211977 | 6.7999943767084305   | 0.09055200711832256 |
| 0        | 1         | 0        | 1        | 1.4005600844754056   | 0.010025663367765876 | 0.008265284034264731 | 3.763689615965023   | 0.020301383354980017 | 2.195159793664809   |
| 0        | 1         | 0        | 0        | 1.142235510266976    | 0.010502196002140607 | 0.009225675065399914 | 0.22902054876211977 | 0.020301383354980017 | 2.195159793664809   |
| 0        | 0         | 0        | 1        | 0.03166932788941272  | 0.010135751367857774 | 1.9325106247768686   | 3.763689615965023   | 0.020301383354980017 | 0.09055200711832256 |
| 0        | 0         | 0        | 0        | 0.03163833873719993  | 0.6713686234932871   | 0.01586012623542006  | 0.22902054876211977 | 0.020301383354980017 | 0.09055200711832256 |
+----------+-----------+----------+----------+----------------------+----------------------+----------------------+---------------------+----------------------+---------------------+
+---------------------+----------------------+------------------+------------------------+
| PsrA                | AmtR                 | YFP_reporter_I/O | YFP_reporter           |
+---------------------+----------------------+------------------+------------------------+
| 0.22617137506057156 | 0.06246820214543278  | 0                | 6.546550969101785e-05  |
| 2.4881114264935538  | 0.061423080994508016 | 1                | 0.01417071190802385    |
| 0.22617137506057156 | 0.06246820214543278  | 0                | 0.0001162416660338516  |
| 2.4881114264935538  | 0.061423080994508016 | 0                | 0.00011594955067233501 |
| 0.21053255380312036 | 3.2381114628137855   | 0                | 6.281615866041196e-05  |
| 0.24669246934056413 | 0.07007821817710481  | 0                | 7.011513049703935e-05  |
| 0.21053255380312036 | 3.2381114628137855   | 1                | 0.014687080748304202   |
| 0.24669246934056413 | 0.07007821817710481  | 0                | 0.00012053695938919247 |
+---------------------+----------------------+------------------+------------------------+


∫ *** DEBUG *** ∫ Truth Table (same as before, simpler format):

['AraC_sensor_I/O', 'TetR_sensor_I/O', 'LacI_sensor_I/O', 'AraC_sensor', 'TetR_sensor', 'LacI_sensor', 'QacR_I/O', 'BM3R1_I/O', 'SrpR_I/O', 'AmeR_I/O', 'PhlF_I/O', 'IcaRA_I/O', 'PsrA_I/O', 'AmtR_I/O', 'QacR', 'BM3R1', 'SrpR', 'AmeR', 'PhlF', 'IcaRA', 'PsrA', 'AmtR', 'YFP_reporter_I/O', 'YFP_reporter']
[0, 0, 0, 0.0082, 0.0013, 0.0034, 1, 0, 0, 1, 1, 1, 0, 0, 1.2825838412121384, 0.01050797113434451, 0.008613882854081297, 3.763689615965023, 6.7999943767084305, 2.195159793664809, 0.22617137506057156, 0.06246820214543278, 0, 6.546550969101785e-05]
[0, 0, 1, 0.0082, 0.0013, 2.8, 0, 0, 1, 0, 1, 1, 1, 0, 0.03731183102649037, 0.010508770959155629, 1.8645673563189276, 0.22902054876211977, 6.7999943767084305, 2.195159793664809, 2.4881114264935538, 0.061423080994508016, 1, 0.01417071190802385]
[0, 1, 0, 0.0082, 4.4, 0.0034, 0, 1, 0, 1, 1, 0, 0, 0, 0.03165582436747057, 0.6881662957713058, 0.015294956057085737, 3.763689615965023, 6.7999943767084305, 0.09055200711832256, 0.22617137506057156, 0.06246820214543278, 0, 0.0001162416660338516]
[0, 1, 1, 0.0082, 4.4, 2.8, 0, 1, 0, 0, 1, 0, 1, 0, 0.030637185332892728, 0.6903846669240479, 0.015256519825307239, 0.22902054876211977, 6.7999943767084305, 0.09055200711832256, 2.4881114264935538, 0.061423080994508016, 0, 0.00011594955067233501]
[1, 0, 0, 2.5, 0.0013, 0.0034, 1, 0, 0, 1, 0, 1, 0, 1, 1.4005600844754056, 0.010025663367765876, 0.008265284034264731, 3.763689615965023, 0.020301383354980017, 2.195159793664809, 0.21053255380312036, 3.2381114628137855, 0, 6.281615866041196e-05]
[1, 0, 1, 2.5, 0.0013, 2.8, 1, 0, 0, 0, 0, 1, 0, 0, 1.142235510266976, 0.010502196002140607, 0.009225675065399914, 0.22902054876211977, 0.020301383354980017, 2.195159793664809, 0.24669246934056413, 0.07007821817710481, 0, 7.011513049703935e-05]
[1, 1, 0, 2.5, 4.4, 0.0034, 0, 0, 1, 1, 0, 0, 0, 1, 0.03166932788941272, 0.010135751367857774, 1.9325106247768686, 3.763689615965023, 0.020301383354980017, 0.09055200711832256, 0.21053255380312036, 3.2381114628137855, 1, 0.014687080748304202]
[1, 1, 1, 2.5, 4.4, 2.8, 0, 1, 0, 0, 0, 0, 0, 0, 0.03163833873719993, 0.6713686234932871, 0.01586012623542006, 0.22902054876211977, 0.020301383354980017, 0.09055200711832256, 0.24669246934056413, 0.07007821817710481, 0, 0.00012053695938919247]


EUGENE FILES:
 - Eugene object and structs created...
 - Eugene cassettes created...
 - Eugene helpers created...
 - Eugene script written to /home/lexo/Desktop/Practica/App/temp_outputs/temp_dc3ca5dac8554deaa9bf153c082a6775/temp_dc3ca5dac8554deaa9bf153c082a6775_Eco1C1G1T1.UCF._eugene.eug

SBOL FILES:
 - Circuit orders selected...
   + ['Loc1_NONCE_PAD', 'Loc2_NONCE_PAD', 'pBAD', 'RiboJ53', 'P3', 'PhlF', 'ECK120033737', 'pQacR', 'pBM3R1', 'RiboJ10', 'S4', 'SrpR', 'ECK120029600', 'pIcaRA', 'pAmtR', 'SarJ', 'B3', 'BM3R1', 'L3S2P11', 'pTac', 'RiboJ54', 'F1', 'AmeR', 'L3S3P31', 'pTet', 'ElvJ', 'I1', 'IcaRA', 'ECK120016170', 'pTet', 'pPsrA', 'RiboJ60', 'Q2', 'QacR', 'ECK120010818', 'pAmeR', 'pBAD', 'ScmJ', 'R1', 'PsrA', 'ECK120015440', 'pTac', 'pPhlF', 'BydvJ', 'A1', 'AmtR', 'L3S2P55', 'Loc3_NONCE_PAD', 'pSrpR', 'YFP_cassette']

 - SBOL files being generated...
Component.....................63
Sequence......................59
---
Total: .........................122

SBOL XML and related files generated
 - Response plots generated



Thread count: 1
Completion Time: 10.8 seconds
Archivo Verilog temporal eliminado: temp_dc3ca5dac8554deaa9bf153c082a6775.v
