
////////////////////////////////////////////////////////////////////////////////////////
                                       CELLO V2.1                                       
              temp_84d74a0e1eb3416b8dcb811d4be52046 + Eco1C1G1T1.UCF.json               
////////////////////////////////////////////////////////////////////////////////////////

new_out: /home/lexo/Desktop/Practica/App/temp_outputs/temp_84d74a0e1eb3416b8dcb811d4be52046
verilog: temp_84d74a0e1eb3416b8dcb811d4be52046.v
v_loc: /home/lexo/Desktop/Practica/App/library/verilogs/temp_84d74a0e1eb3416b8dcb811d4be52046.v
new_in: /home/lexo/Desktop/Practica/App/library/verilogs
new_out: /home/lexo/Desktop/Practica/App/temp_outputs/temp_84d74a0e1eb3416b8dcb811d4be52046



////////////////////////////////////////////////////////////////////////////////////////
                                 End of Logic Synthesis                                 
////////////////////////////////////////////////////////////////////////////////////////




////////////////////////////////////////////////////////////////////////////////////////
                            condition checks for valid input                            
////////////////////////////////////////////////////////////////////////////////////////


NETLIST:
isvalid: True

INPUTS (including the communication devices): 
num IN-SENSORS in Eco1C1G1T1.UCF.json in-UCF: 4
num IN-STRUCTURES in Eco1C1G1T1.UCF.json in-UCF: 4
num IN-MODELS in Eco1C1G1T1.UCF.json in-UCF: 4
num IN-PARTS in Eco1C1G1T1.UCF.json in-UCF: 4
num IN-NODES in temp_84d74a0e1eb3416b8dcb811d4be52046 netlist: 2
['LacI_sensor', 'TetR_sensor', 'AraC_sensor', 'LuxR_sensor']
Valid input match!

OUTPUTS: 
num OUT-SENSORS in Eco1C1G1T1.UCF.json out-UCF: 3
num OUT-STRUCTURES in Eco1C1G1T1.UCF.json out-UCF: 3
num OUT-MODELS in Eco1C1G1T1.UCF.json out-UCF: 3
num OUT-PARTS in Eco1C1G1T1.UCF.json out-UCF: 3
num OUT-NODES in temp_84d74a0e1eb3416b8dcb811d4be52046 netlist: 1
['YFP_reporter', 'YFP_reporter_2', 'YFP_reporter_3']
Valid output match!

GATES: 
num PARTS in Eco1C1G1T1.UCF.json UCF: 84
num STRUCTURES in Eco1C1G1T1.UCF.json UCF: 20
num MODELS in Eco1C1G1T1.UCF.json UCF: 20
num GATES in Eco1C1G1T1.UCF.json UCF: 20
num GATE USES: [12, True]
num GATES in temp_84d74a0e1eb3416b8dcb811d4be52046 netlist: 3
['AmeR', 'AmtR', 'BM3R1', 'BetI', 'HlyIIR', 'IcaRA', 'LitR', 'LmrA', 'PhlF', 'PsrA', 'QacR', 'SrpR']
['A1_AmtR', 'B1_BM3R1', 'B2_BM3R1', 'B3_BM3R1', 'E1_BetI', 'F1_AmeR', 'H1_HlyIIR', 'I1_IcaRA', 'L1_LitR', 'N1_LmrA', 'P1_PhlF', 'P2_PhlF', 'P3_PhlF', 'Q1_QacR', 'Q2_QacR', 'R1_PsrA', 'S1_SrpR', 'S2_SrpR', 'S3_SrpR', 'S4_SrpR']
Valid intermediate match!

#47,520 possible permutations for temp_84d74a0e1eb3416b8dcb811d4be52046.v+Eco1C1G1T1.UCF.json...
(#47,520.0 permutations of UCF gate groups confirmed.)

////////////////////////////////////////////////////////////////////////////////////////
                                End of condition checks                                 
////////////////////////////////////////////////////////////////////////////////////////


Condition check passed? True


////////////////////////////////////////////////////////////////////////////////////////
                               Beginning GATE ASSIGNMENT                                
////////////////////////////////////////////////////////////////////////////////////////


Listing available assignments from UCF: 
['LacI_sensor', 'TetR_sensor', 'AraC_sensor', 'LuxR_sensor']
['YFP_reporter', 'YFP_reporter_2', 'YFP_reporter_3']
['LitR', 'PsrA', 'BM3R1', 'AmtR', 'HlyIIR', 'SrpR', 'LmrA', 'IcaRA', 'QacR', 'AmeR', 'PhlF', 'BetI']

Netlist de-construction: 
[A, B]
[81, 82, 83]
[C]

Netlist requirements: 
need 2 inputs
need 1 outputs
need 3 gates

////////////////////////////////////////////////////////////////////////////////////////
                Running SIMULATED ANNEALING gate-assignment algorithm...                
////////////////////////////////////////////////////////////////////////////////////////

__________________________________________________ #1/1,000 | Best Score: 1.5362035367219313 | Current Score: 1.5362035367219313
__________________________________________________ #3/1,000 | Best Score: 19.06036162501202 | Current Score: 19.06036162501202
__________________________________________________ #4/1,000 | Best Score: 27.000973816980846 | Current Score: 27.000973816980846
__________________________________________________ #38/1,000 | Best Score: 40.26938321786728 | Current Score: 40.26938321786728██
__________________________________________________ #58/1,000 | Best Score: 58.43803677741548 | Current Score: 58.43803677741548███
__________________________________________________ #71/1,000 | Best Score: 91.72749997330654 | Current Score: 91.72749997330654███
__________________________________________________ #73/1,000 | Best Score: 324.91857942797765 | Current Score: 324.91857942797765███
__________________________________________________ #377/1,000 | Best Score: 327.47338715200357 | Current Score: 327.47338715200357███████████████████


DONE!
Completed: 1,000/1,000 iterations (out of 47,520 possible iterations)
Best Score: 327.47338715200357

////////////////////////////////////////////////////////////////////////////////////////
                                 End of GATE ASSIGNMENT                                 
////////////////////////////////////////////////////////////////////////////////////////





∫ *** DEBUG *** ∫ final result for temp_84d74a0e1eb3416b8dcb811d4be52046.v+Eco1C1G1T1.UCF.json: 327.47338715200357



∫ *** DEBUG *** ∫ Inputs: [TetR_sensor, AraC_sensor], Gates: [HlyIIR, SrpR, PhlF], Outputs: [YFP_reporter_3]


////////////////////////////////////////////////////////////////////////////////////////
                                        RESULTS                                         
              temp_84d74a0e1eb3416b8dcb811d4be52046 + Eco1C1G1T1.UCF.json               
////////////////////////////////////////////////////////////////////////////////////////

CIRCUIT DESIGN:
 - Best Design: Inputs: [TetR_sensor, AraC_sensor], Gates: [HlyIIR, SrpR, PhlF], Outputs: [YFP_reporter_3]
 - Best Circuit Score: 327.47338715200357

Inputs ( input response = STATE * (ymax - ymin) + ymin ):
 - ('A', 2) input TetR_sensor 2 with ymax: 4.4 and ymin: 0.0013 with max sensor output of [('high', 4.4), ('low', 0.0013)]
 - ('B', 3) input AraC_sensor 3 with ymax: 2.5 and ymin: 0.0082 with max sensor output of [('high', 2.5), ('low', 0.0082)]

Gates ( response function = ymin + (ymax - ymin) / (1.0 + (x / K)**n);   input composition = x2 + x1 ):
 - 81 gate NOT HlyIIR w/ inputs [2] and output 5, and best_gate = H1_HlyIIR
 - 82 gate NOT SrpR w/ inputs [3] and output 6, and best_gate = S4_SrpR
 - 83 gate NOR PhlF w/ inputs [5, 6] and output 4, and best_gate = P3_PhlF

Outputs ( unit conversion and/or hill response... ):
 - ('C', 4) output YFP_reporter_3 4 with c * x: c = 0.0076


TRUTH TABLE/GATE SCORING:
+-----------------+-----------------+-------------+-------------+------------+----------+----------+--------------------+----------------------+----------------------+
| TetR_sensor_I/O | AraC_sensor_I/O | TetR_sensor | AraC_sensor | HlyIIR_I/O | SrpR_I/O | PhlF_I/O | HlyIIR             | SrpR                 | PhlF                 |
+-----------------+-----------------+-------------+-------------+------------+----------+----------+--------------------+----------------------+----------------------+
| 0               | 0               | 0.0013      | 0.0082      | 1          | 1        | 0        | 2.499994283915957  | 2.098098688319364    | 0.02002331624277015  |
| 0               | 1               | 0.0013      | 2.5         | 1          | 0        | 0        | 2.499994283915957  | 0.007254967188764109 | 0.020297740552392866 |
| 1               | 0               | 4.4         | 0.0082      | 0          | 1        | 0        | 0.0706874890580435 | 2.098098688319364    | 0.020547445944807244 |
| 1               | 1               | 4.4         | 2.5         | 0          | 0        | 1        | 0.0706874890580435 | 0.007254967188764109 | 6.728741720868729    |
+-----------------+-----------------+-------------+-------------+------------+----------+----------+--------------------+----------------------+----------------------+
+--------------------+------------------------+
| YFP_reporter_3_I/O | YFP_reporter_3         |
+--------------------+------------------------+
| 0                  | 0.00015217720344505315 |
| 0                  | 0.00015426282819818577 |
| 0                  | 0.00015616058918053506 |
| 1                  | 0.051138437078602335   |
+--------------------+------------------------+


∫ *** DEBUG *** ∫ Truth Table (same as before, simpler format):

['TetR_sensor_I/O', 'AraC_sensor_I/O', 'TetR_sensor', 'AraC_sensor', 'HlyIIR_I/O', 'SrpR_I/O', 'PhlF_I/O', 'HlyIIR', 'SrpR', 'PhlF', 'YFP_reporter_3_I/O', 'YFP_reporter_3']
[0, 0, 0.0013, 0.0082, 1, 1, 0, 2.499994283915957, 2.098098688319364, 0.02002331624277015, 0, 0.00015217720344505315]
[0, 1, 0.0013, 2.5, 1, 0, 0, 2.499994283915957, 0.007254967188764109, 0.020297740552392866, 0, 0.00015426282819818577]
[1, 0, 4.4, 0.0082, 0, 1, 0, 0.0706874890580435, 2.098098688319364, 0.020547445944807244, 0, 0.00015616058918053506]
[1, 1, 4.4, 2.5, 0, 0, 1, 0.0706874890580435, 0.007254967188764109, 6.728741720868729, 1, 0.051138437078602335]


EUGENE FILES:
 - Eugene object and structs created...
 - Eugene cassettes created...
 - Eugene helpers created...
 - Eugene script written to /home/lexo/Desktop/Practica/App/temp_outputs/temp_84d74a0e1eb3416b8dcb811d4be52046/temp_84d74a0e1eb3416b8dcb811d4be52046_Eco1C1G1T1.UCF._eugene.eug

SBOL FILES:
 - Circuit orders selected...
   + ['Loc1_NONCE_PAD', 'Loc2_NONCE_PAD', 'pHlyIIR', 'pSrpR', 'RiboJ53', 'P3', 'PhlF', 'ECK120033737', 'pBAD', 'RiboJ10', 'S4', 'SrpR', 'ECK120029600', 'pPhlF', 'YFP_cassette', 'pTet', 'RiboJ51', 'H1', 'HlyIIR', 'ECK120033736', 'Loc3_NONCE_PAD']
   + ['Loc1_NONCE_PAD', 'Loc2_NONCE_PAD', 'pHlyIIR', 'pSrpR', 'RiboJ53', 'P3', 'PhlF', 'ECK120033737', 'pBAD', 'RiboJ10', 'S4', 'SrpR', 'ECK120029600', 'pTet', 'RiboJ51', 'H1', 'HlyIIR', 'ECK120033736', 'Loc3_NONCE_PAD', 'pPhlF', 'YFP_cassette']
   + ['Loc1_NONCE_PAD', 'Loc2_NONCE_PAD', 'pHlyIIR', 'pSrpR', 'RiboJ53', 'P3', 'PhlF', 'ECK120033737', 'pBAD', 'RiboJ10', 'S4', 'SrpR', 'ECK120029600', 'pTet', 'RiboJ51', 'H1', 'HlyIIR', 'ECK120033736', 'pPhlF', 'YFP_cassette', 'Loc3_NONCE_PAD']
   + ['Loc1_NONCE_PAD', 'Loc2_NONCE_PAD', 'pHlyIIR', 'pSrpR', 'RiboJ53', 'P3', 'PhlF', 'ECK120033737', 'pPhlF', 'YFP_cassette', 'pBAD', 'RiboJ10', 'S4', 'SrpR', 'ECK120029600', 'pTet', 'RiboJ51', 'H1', 'HlyIIR', 'ECK120033736', 'Loc3_NONCE_PAD']
   + ['Loc1_NONCE_PAD', 'Loc2_NONCE_PAD', 'pPhlF', 'YFP_cassette', 'pHlyIIR', 'pSrpR', 'RiboJ53', 'P3', 'PhlF', 'ECK120033737', 'pBAD', 'RiboJ10', 'S4', 'SrpR', 'ECK120029600', 'pTet', 'RiboJ51', 'H1', 'HlyIIR', 'ECK120033736', 'Loc3_NONCE_PAD']

 - SBOL files being generated...
Component.....................37
Sequence......................33
---
Total: .........................70

SBOL XML and related files generated
 - Response plots generated



Thread count: 1
Completion Time: 5.9 seconds
Cello object deleted...

Archivo Verilog temporal eliminado: temp_84d74a0e1eb3416b8dcb811d4be52046.v
