
////////////////////////////////////////////////////////////////////////////////////////
                                       CELLO V2.1                                       
              temp_5a7b88eb31ed4d52b6ae0976c012d8ad + Bth1C1G1T1.UCF.json               
////////////////////////////////////////////////////////////////////////////////////////

new_out: /home/lexo/Desktop/Practica/App/temp_outputs/temp_5a7b88eb31ed4d52b6ae0976c012d8ad
verilog: temp_5a7b88eb31ed4d52b6ae0976c012d8ad.v
v_loc: /home/lexo/Desktop/Practica/App/library/verilogs/temp_5a7b88eb31ed4d52b6ae0976c012d8ad.v
new_in: /home/lexo/Desktop/Practica/App/library/verilogs
new_out: /home/lexo/Desktop/Practica/App/temp_outputs/temp_5a7b88eb31ed4d52b6ae0976c012d8ad



////////////////////////////////////////////////////////////////////////////////////////
                                 End of Logic Synthesis                                 
////////////////////////////////////////////////////////////////////////////////////////




////////////////////////////////////////////////////////////////////////////////////////
                            condition checks for valid input                            
////////////////////////////////////////////////////////////////////////////////////////


NETLIST:
isvalid: True

INPUTS (including the communication devices): 
num IN-SENSORS in Bth1C1G1T1.UCF.json in-UCF: 3
num IN-STRUCTURES in Bth1C1G1T1.UCF.json in-UCF: 3
num IN-MODELS in Bth1C1G1T1.UCF.json in-UCF: 3
num IN-PARTS in Bth1C1G1T1.UCF.json in-UCF: 3
num IN-NODES in temp_5a7b88eb31ed4d52b6ae0976c012d8ad netlist: 3
['BA_sensor', 'IPTG_sensor', 'aTc_sensor']
Valid input match!

OUTPUTS: 
num OUT-SENSORS in Bth1C1G1T1.UCF.json out-UCF: 2
num OUT-STRUCTURES in Bth1C1G1T1.UCF.json out-UCF: 2
num OUT-MODELS in Bth1C1G1T1.UCF.json out-UCF: 2
num OUT-PARTS in Bth1C1G1T1.UCF.json out-UCF: 2
num OUT-NODES in temp_5a7b88eb31ed4d52b6ae0976c012d8ad netlist: 2
['nanoluc_reporter', 'nanoluc_reporter_2']
Valid output match!

GATES: 
num PARTS in Bth1C1G1T1.UCF.json UCF: 36
num STRUCTURES in Bth1C1G1T1.UCF.json UCF: 7
num MODELS in Bth1C1G1T1.UCF.json UCF: 7
num GATES in Bth1C1G1T1.UCF.json UCF: 7
num GATE USES: [7, True]
num GATES in temp_5a7b88eb31ed4d52b6ae0976c012d8ad netlist: 7
['M1', 'M2', 'M3', 'M4', 'M5', 'M6', 'M7']
['Gate1', 'Gate2', 'Gate3', 'Gate4', 'Gate5', 'Gate6', 'Gate7']
Valid intermediate match!

#60,480 possible permutations for temp_5a7b88eb31ed4d52b6ae0976c012d8ad.v+Bth1C1G1T1.UCF.json...
(#60,480.0 permutations of UCF gate groups confirmed.)

////////////////////////////////////////////////////////////////////////////////////////
                                End of condition checks                                 
////////////////////////////////////////////////////////////////////////////////////////


Condition check passed? True


////////////////////////////////////////////////////////////////////////////////////////
                               Beginning GATE ASSIGNMENT                                
////////////////////////////////////////////////////////////////////////////////////////


Listing available assignments from UCF: 
['BA_sensor', 'IPTG_sensor', 'aTc_sensor']
['nanoluc_reporter', 'nanoluc_reporter_2']
['M7', 'M5', 'M6', 'M4', 'M3', 'M1', 'M2']

Netlist de-construction: 
[tetR, lacI, other_sensor]
[89, 90, 91, 92, 93, 94, 95]
[YFP, BFP]

Netlist requirements: 
need 3 inputs
need 2 outputs
need 7 gates

////////////////////////////////////////////////////////////////////////////////////////
                Running SIMULATED ANNEALING gate-assignment algorithm...                
////////////////////////////////////////////////////////////////////////////////////////

__________________________________________________ #1/1,000 | Best Score: 1.1527186564570893 | Current Score: 1.1527186564570893
__________________________________________________ #2/1,000 | Best Score: 1.2050029279138696 | Current Score: 1.2050029279138696
__________________________________________________ #12/1,000 | Best Score: 1.301243287115848 | Current Score: 1.301243287115848
__________________________________________________ #14/1,000 | Best Score: 1.4378198106095736 | Current Score: 1.4378198106095736
__________________________________________________ #246/1,000 | Best Score: 1.603023283963321 | Current Score: 1.603023283963321████████████
__________________________________________________ #320/1,000 | Best Score: 1.6110209839482983 | Current Score: 1.6110209839482983████████████████
__________________________________________________ #849/1,000 | Best Score: 1.650597668731603 | Current Score: 1.650597668731603██████████████████████████████████████████


DONE!
Completed: 1,000/1,000 iterations (out of 60,480 possible iterations)
Best Score: 1.650597668731603

////////////////////////////////////////////////////////////////////////////////////////
                                 End of GATE ASSIGNMENT                                 
////////////////////////////////////////////////////////////////////////////////////////





∫ *** DEBUG *** ∫ final result for temp_5a7b88eb31ed4d52b6ae0976c012d8ad.v+Bth1C1G1T1.UCF.json: 1.650597668731603



∫ *** DEBUG *** ∫ Inputs: [IPTG_sensor, aTc_sensor, BA_sensor], Gates: [M7, M1, M3, M4, M5, M2, M6], Outputs: [nanoluc_reporter_2, nanoluc_reporter]


////////////////////////////////////////////////////////////////////////////////////////
                                        RESULTS                                         
              temp_5a7b88eb31ed4d52b6ae0976c012d8ad + Bth1C1G1T1.UCF.json               
////////////////////////////////////////////////////////////////////////////////////////

CIRCUIT DESIGN:
 - Best Design: Inputs: [IPTG_sensor, aTc_sensor, BA_sensor], Gates: [M7, M1, M3, M4, M5, M2, M6], Outputs: [nanoluc_reporter_2, nanoluc_reporter]
 - Best Circuit Score: 1.650597668731603

Inputs ( input response = STATE * (ymax - ymin) + ymin ):
 - ('tetR', 2) input IPTG_sensor 2 with ymax: 4.29668167 and ymin: 0.02731338 with max sensor output of [('high', 4.29668167), ('low', 0.02731338)]
 - ('lacI', 3) input aTc_sensor 3 with ymax: 6.44789857 and ymin: 0.02857148 with max sensor output of [('high', 6.44789857), ('low', 0.02857148)]
 - ('other_sensor', 4) input BA_sensor 4 with ymax: 1.4801473 and ymin: 0.01346367 with max sensor output of [('high', 1.4801473), ('low', 0.01346367)]

Gates ( response function = ymin + (ymax - ymin) / (1.0 + (x / K)**n);   input composition = x2 + x1 ):
 - 89 gate NOT M7 w/ inputs [4] and output 7, and best_gate = Gate7
 - 90 gate NOT M1 w/ inputs [2] and output 8, and best_gate = Gate1
 - 91 gate NOT M3 w/ inputs [3] and output 9, and best_gate = Gate3
 - 92 gate NOR M4 w/ inputs [8, 9] and output 10, and best_gate = Gate4
 - 93 gate NOT M5 w/ inputs [10] and output 11, and best_gate = Gate5
 - 94 gate NOR M2 w/ inputs [4, 11] and output 5, and best_gate = Gate2
 - 95 gate NOR M6 w/ inputs [7, 11] and output 6, and best_gate = Gate6

Outputs ( unit conversion and/or hill response... ):
 - ('YFP', 5) output nanoluc_reporter_2 5 with c * x: c = 1.0
 - ('BFP', 6) output nanoluc_reporter 6 with c * x: c = 1.0


TRUTH TABLE/GATE SCORING:
+-----------------+----------------+---------------+-------------+------------+------------+--------+--------+--------+--------+
| IPTG_sensor_I/O | aTc_sensor_I/O | BA_sensor_I/O | IPTG_sensor | aTc_sensor | BA_sensor  | M7_I/O | M1_I/O | M3_I/O | M4_I/O |
+-----------------+----------------+---------------+-------------+------------+------------+--------+--------+--------+--------+
| 0               | 0              | 0             | 0.02731338  | 0.02857148 | 0.01346367 | 1      | 1      | 1      | 0      |
| 0               | 0              | 1             | 0.02731338  | 0.02857148 | 1.4801473  | 0      | 1      | 1      | 0      |
| 0               | 1              | 0             | 0.02731338  | 6.44789857 | 0.01346367 | 1      | 1      | 0      | 0      |
| 0               | 1              | 1             | 0.02731338  | 6.44789857 | 1.4801473  | 0      | 1      | 0      | 0      |
| 1               | 0              | 0             | 4.29668167  | 0.02857148 | 0.01346367 | 1      | 0      | 1      | 0      |
| 1               | 0              | 1             | 4.29668167  | 0.02857148 | 1.4801473  | 0      | 0      | 1      | 0      |
| 1               | 1              | 0             | 4.29668167  | 6.44789857 | 0.01346367 | 1      | 0      | 0      | 1      |
| 1               | 1              | 1             | 4.29668167  | 6.44789857 | 1.4801473  | 0      | 0      | 0      | 1      |
+-----------------+----------------+---------------+-------------+------------+------------+--------+--------+--------+--------+
+--------+--------+--------+---------------------+---------------------+----------------------+----------------------+---------------------+-----------------------+----------------------+
| M5_I/O | M2_I/O | M6_I/O | M7                  | M1                  | M3                   | M4                   | M5                  | M2                    | M6                   |
+--------+--------+--------+---------------------+---------------------+----------------------+----------------------+---------------------+-----------------------+----------------------+
| 1      | 0      | 0      | 0.15101812898247927 | 0.6491414876820948  | 0.31964495227186557  | 0.009345868787171946 | 0.3216083090951722  | 0.018564716429351244  | 0.017183608648631974 |
| 1      | 0      | 0      | 0.02082698287060619 | 0.6491414876820948  | 0.31964495227186557  | 0.009345868787171946 | 0.3216083090951722  | 0.003587685237149179  | 0.02352435581665616  |
| 1      | 0      | 0      | 0.15101812898247927 | 0.6491414876820948  | 0.003208112306557924 | 0.013718785193009175 | 0.31214365042286657 | 0.019072638186682367  | 0.017531992558509457 |
| 1      | 0      | 0      | 0.02082698287060619 | 0.6491414876820948  | 0.003208112306557924 | 0.013718785193009175 | 0.31214365042286657 | 0.0036043498424589877 | 0.024159277197428927 |
| 1      | 0      | 0      | 0.15101812898247927 | 0.01482580928049549 | 0.31964495227186557  | 0.025895068356346865 | 0.28537654886459357 | 0.02065698895193739   | 0.0185944085601267   |
| 1      | 0      | 0      | 0.02082698287060619 | 0.01482580928049549 | 0.31964495227186557  | 0.025895068356346865 | 0.28537654886459357 | 0.003652534574505308  | 0.026140645066341686 |
| 0      | 1      | 0      | 0.15101812898247927 | 0.01482580928049549 | 0.003208112306557924 | 0.12797973207925467  | 0.14282544300972158 | 0.03542995901096389   | 0.02716074550601262  |
| 0      | 0      | 1      | 0.02082698287060619 | 0.01482580928049549 | 0.003208112306557924 | 0.12797973207925467  | 0.14282544300972158 | 0.003938445692031424  | 0.0448314632132368   |
+--------+--------+--------+---------------------+---------------------+----------------------+----------------------+---------------------+-----------------------+----------------------+
+------------------------+----------------------+-----------------------+----------------------+
| nanoluc_reporter_2_I/O | nanoluc_reporter_I/O | nanoluc_reporter_2    | nanoluc_reporter     |
+------------------------+----------------------+-----------------------+----------------------+
| 0                      | 0                    | 0.018564716429351244  | 0.017183608648631974 |
| 0                      | 0                    | 0.003587685237149179  | 0.02352435581665616  |
| 0                      | 0                    | 0.019072638186682367  | 0.017531992558509457 |
| 0                      | 0                    | 0.0036043498424589877 | 0.024159277197428927 |
| 0                      | 0                    | 0.02065698895193739   | 0.0185944085601267   |
| 0                      | 0                    | 0.003652534574505308  | 0.026140645066341686 |
| 1                      | 0                    | 0.03542995901096389   | 0.02716074550601262  |
| 0                      | 1                    | 0.003938445692031424  | 0.0448314632132368   |
+------------------------+----------------------+-----------------------+----------------------+


∫ *** DEBUG *** ∫ Truth Table (same as before, simpler format):

['IPTG_sensor_I/O', 'aTc_sensor_I/O', 'BA_sensor_I/O', 'IPTG_sensor', 'aTc_sensor', 'BA_sensor', 'M7_I/O', 'M1_I/O', 'M3_I/O', 'M4_I/O', 'M5_I/O', 'M2_I/O', 'M6_I/O', 'M7', 'M1', 'M3', 'M4', 'M5', 'M2', 'M6', 'nanoluc_reporter_2_I/O', 'nanoluc_reporter_I/O', 'nanoluc_reporter_2', 'nanoluc_reporter']
[0, 0, 0, 0.02731338, 0.02857148, 0.01346367, 1, 1, 1, 0, 1, 0, 0, 0.15101812898247927, 0.6491414876820948, 0.31964495227186557, 0.009345868787171946, 0.3216083090951722, 0.018564716429351244, 0.017183608648631974, 0, 0, 0.018564716429351244, 0.017183608648631974]
[0, 0, 1, 0.02731338, 0.02857148, 1.4801473, 0, 1, 1, 0, 1, 0, 0, 0.02082698287060619, 0.6491414876820948, 0.31964495227186557, 0.009345868787171946, 0.3216083090951722, 0.003587685237149179, 0.02352435581665616, 0, 0, 0.003587685237149179, 0.02352435581665616]
[0, 1, 0, 0.02731338, 6.44789857, 0.01346367, 1, 1, 0, 0, 1, 0, 0, 0.15101812898247927, 0.6491414876820948, 0.003208112306557924, 0.013718785193009175, 0.31214365042286657, 0.019072638186682367, 0.017531992558509457, 0, 0, 0.019072638186682367, 0.017531992558509457]
[0, 1, 1, 0.02731338, 6.44789857, 1.4801473, 0, 1, 0, 0, 1, 0, 0, 0.02082698287060619, 0.6491414876820948, 0.003208112306557924, 0.013718785193009175, 0.31214365042286657, 0.0036043498424589877, 0.024159277197428927, 0, 0, 0.0036043498424589877, 0.024159277197428927]
[1, 0, 0, 4.29668167, 0.02857148, 0.01346367, 1, 0, 1, 0, 1, 0, 0, 0.15101812898247927, 0.01482580928049549, 0.31964495227186557, 0.025895068356346865, 0.28537654886459357, 0.02065698895193739, 0.0185944085601267, 0, 0, 0.02065698895193739, 0.0185944085601267]
[1, 0, 1, 4.29668167, 0.02857148, 1.4801473, 0, 0, 1, 0, 1, 0, 0, 0.02082698287060619, 0.01482580928049549, 0.31964495227186557, 0.025895068356346865, 0.28537654886459357, 0.003652534574505308, 0.026140645066341686, 0, 0, 0.003652534574505308, 0.026140645066341686]
[1, 1, 0, 4.29668167, 6.44789857, 0.01346367, 1, 0, 0, 1, 0, 1, 0, 0.15101812898247927, 0.01482580928049549, 0.003208112306557924, 0.12797973207925467, 0.14282544300972158, 0.03542995901096389, 0.02716074550601262, 1, 0, 0.03542995901096389, 0.02716074550601262]
[1, 1, 1, 4.29668167, 6.44789857, 1.4801473, 0, 0, 0, 1, 0, 0, 1, 0.02082698287060619, 0.01482580928049549, 0.003208112306557924, 0.12797973207925467, 0.14282544300972158, 0.003938445692031424, 0.0448314632132368, 0, 1, 0.003938445692031424, 0.0448314632132368]


EUGENE FILES:
 - Eugene object and structs created...
 - Eugene cassettes created...
 - Eugene helpers created...
 - Eugene script written to /home/lexo/Desktop/Practica/App/temp_outputs/temp_5a7b88eb31ed4d52b6ae0976c012d8ad/temp_5a7b88eb31ed4d52b6ae0976c012d8ad_Bth1C1G1T1.UCF._eugene.eug

SBOL FILES:
 - Circuit orders selected...
   + ['L1_NONCE_PAD', 'PM6', 'nanoluc_cassette', 'PM2', 'nanoluc_cassette', 'P_IPTG', 'M1', 'L3S3P41', 'PM5', 'M2', 'ECK120029600', 'PM3', 'M4', 'ECK120033736', 'P_BA', 'M2', 'ECK120029600', 'PM5', 'M6', 'L3S3P31', 'P_aTc', 'M3', 'ECK120034435', 'PM1', 'M4', 'ECK120033736', 'PM4', 'M5', 'ECK125109870', 'PM7', 'M6', 'L3S3P31', 'P_BA', 'M7', 'pheA_1', 'L2_NONCE_PAD']
   + ['L1_NONCE_PAD', 'PM6', 'nanoluc_cassette', 'PM2', 'nanoluc_cassette', 'P_IPTG', 'M1', 'L3S3P41', 'PM5', 'M2', 'ECK120029600', 'P_BA', 'M2', 'ECK120029600', 'P_aTc', 'M3', 'ECK120034435', 'PM1', 'M4', 'ECK120033736', 'PM3', 'M4', 'ECK120033736', 'PM4', 'M5', 'ECK125109870', 'PM5', 'M6', 'L3S3P31', 'PM7', 'M6', 'L3S3P31', 'P_BA', 'M7', 'pheA_1', 'L2_NONCE_PAD']
   + ['L1_NONCE_PAD', 'PM6', 'nanoluc_cassette', 'PM2', 'nanoluc_cassette', 'P_IPTG', 'M1', 'L3S3P41', 'P_BA', 'M2', 'ECK120029600', 'P_aTc', 'M3', 'ECK120034435', 'PM5', 'M2', 'ECK120029600', 'PM1', 'M4', 'ECK120033736', 'PM3', 'M4', 'ECK120033736', 'PM4', 'M5', 'ECK125109870', 'PM5', 'M6', 'L3S3P31', 'PM7', 'M6', 'L3S3P31', 'P_BA', 'M7', 'pheA_1', 'L2_NONCE_PAD']
   + ['L1_NONCE_PAD', 'PM6', 'nanoluc_cassette', 'PM2', 'nanoluc_cassette', 'P_IPTG', 'M1', 'L3S3P41', 'P_BA', 'M2', 'ECK120029600', 'P_aTc', 'M3', 'ECK120034435', 'PM1', 'M4', 'ECK120033736', 'PM4', 'M5', 'ECK125109870', 'PM5', 'M2', 'ECK120029600', 'PM3', 'M4', 'ECK120033736', 'PM5', 'M6', 'L3S3P31', 'PM7', 'M6', 'L3S3P31', 'P_BA', 'M7', 'pheA_1', 'L2_NONCE_PAD']
   + ['L1_NONCE_PAD', 'PM6', 'nanoluc_cassette', 'PM2', 'nanoluc_cassette', 'P_IPTG', 'M1', 'L3S3P41', 'P_BA', 'M2', 'ECK120029600', 'PM5', 'M2', 'ECK120029600', 'P_aTc', 'M3', 'ECK120034435', 'PM1', 'M4', 'ECK120033736', 'PM3', 'M4', 'ECK120033736', 'PM4', 'M5', 'ECK125109870', 'PM5', 'M6', 'L3S3P31', 'PM7', 'M6', 'L3S3P31', 'P_BA', 'M7', 'pheA_1', 'L2_NONCE_PAD']

 - SBOL files being generated...
Component.....................43
Sequence......................40
---
Total: .........................83

SBOL XML and related files generated
 - Response plots generated



Thread count: 1
Completion Time: 5.0 seconds
Archivo Verilog temporal eliminado: temp_5a7b88eb31ed4d52b6ae0976c012d8ad.v
Archivo Verilog temporal creado: temp_a349571e29834f3fa84c6f79dbf8e646.v
