
////////////////////////////////////////////////////////////////////////////////////////
                                       CELLO V2.1                                       
              temp_661b3e2a5f604b8b97fb6bc088fecd13 + Eco1C1G1T1.UCF.json               
////////////////////////////////////////////////////////////////////////////////////////

new_out: /home/lexo/Desktop/Practica/App/temp_outputs/temp_661b3e2a5f604b8b97fb6bc088fecd13
verilog: temp_661b3e2a5f604b8b97fb6bc088fecd13.v
v_loc: /home/lexo/Desktop/Practica/App/library/verilogs/temp_661b3e2a5f604b8b97fb6bc088fecd13.v
new_in: /home/lexo/Desktop/Practica/App/library/verilogs
new_out: /home/lexo/Desktop/Practica/App/temp_outputs/temp_661b3e2a5f604b8b97fb6bc088fecd13



////////////////////////////////////////////////////////////////////////////////////////
                                 End of Logic Synthesis                                 
////////////////////////////////////////////////////////////////////////////////////////

Cello object deleted...




////////////////////////////////////////////////////////////////////////////////////////
                            condition checks for valid input                            
////////////////////////////////////////////////////////////////////////////////////////


NETLIST:
isvalid: True

INPUTS (including the communication devices): 
num IN-SENSORS in Eco1C1G1T1.UCF.json in-UCF: 4
num IN-STRUCTURES in Eco1C1G1T1.UCF.json in-UCF: 4
num IN-MODELS in Eco1C1G1T1.UCF.json in-UCF: 4
num IN-PARTS in Eco1C1G1T1.UCF.json in-UCF: 4
num IN-NODES in temp_661b3e2a5f604b8b97fb6bc088fecd13 netlist: 2
['LacI_sensor', 'TetR_sensor', 'AraC_sensor', 'LuxR_sensor']
Valid input match!

OUTPUTS: 
num OUT-SENSORS in Eco1C1G1T1.UCF.json out-UCF: 3
num OUT-STRUCTURES in Eco1C1G1T1.UCF.json out-UCF: 3
num OUT-MODELS in Eco1C1G1T1.UCF.json out-UCF: 3
num OUT-PARTS in Eco1C1G1T1.UCF.json out-UCF: 3
num OUT-NODES in temp_661b3e2a5f604b8b97fb6bc088fecd13 netlist: 1
['YFP_reporter', 'YFP_reporter_2', 'YFP_reporter_3']
Valid output match!

GATES: 
num PARTS in Eco1C1G1T1.UCF.json UCF: 84
num STRUCTURES in Eco1C1G1T1.UCF.json UCF: 20
num MODELS in Eco1C1G1T1.UCF.json UCF: 20
num GATES in Eco1C1G1T1.UCF.json UCF: 20
num GATE USES: [12, True]
num GATES in temp_661b3e2a5f604b8b97fb6bc088fecd13 netlist: 3
['AmeR', 'AmtR', 'BM3R1', 'BetI', 'HlyIIR', 'IcaRA', 'LitR', 'LmrA', 'PhlF', 'PsrA', 'QacR', 'SrpR']
['A1_AmtR', 'B1_BM3R1', 'B2_BM3R1', 'B3_BM3R1', 'E1_BetI', 'F1_AmeR', 'H1_HlyIIR', 'I1_IcaRA', 'L1_LitR', 'N1_LmrA', 'P1_PhlF', 'P2_PhlF', 'P3_PhlF', 'Q1_QacR', 'Q2_QacR', 'R1_PsrA', 'S1_SrpR', 'S2_SrpR', 'S3_SrpR', 'S4_SrpR']
Valid intermediate match!

#47,520 possible permutations for temp_661b3e2a5f604b8b97fb6bc088fecd13.v+Eco1C1G1T1.UCF.json...
(#47,520.0 permutations of UCF gate groups confirmed.)

////////////////////////////////////////////////////////////////////////////////////////
                                End of condition checks                                 
////////////////////////////////////////////////////////////////////////////////////////


Condition check passed? True


////////////////////////////////////////////////////////////////////////////////////////
                               Beginning GATE ASSIGNMENT                                
////////////////////////////////////////////////////////////////////////////////////////


Listing available assignments from UCF: 
['LacI_sensor', 'TetR_sensor', 'AraC_sensor', 'LuxR_sensor']
['YFP_reporter', 'YFP_reporter_2', 'YFP_reporter_3']
['BetI', 'HlyIIR', 'BM3R1', 'QacR', 'PsrA', 'IcaRA', 'AmeR', 'PhlF', 'LitR', 'AmtR', 'LmrA', 'SrpR']

Netlist de-construction: 
[A, B]
[81, 82, 83]
[Y]

Netlist requirements: 
need 2 inputs
need 1 outputs
need 3 gates

////////////////////////////////////////////////////////////////////////////////////////
                Running SIMULATED ANNEALING gate-assignment algorithm...                
////////////////////////////////////////////////////////////////////////////////////////

__________________________________________________ #1/1,000 | Best Score: 15.94454726571197 | Current Score: 15.94454726571197
__________________________________________________ #3/1,000 | Best Score: 119.17154895974299 | Current Score: 119.17154895974299
__________________________________________________ #18/1,000 | Best Score: 316.11921361544904 | Current Score: 316.11921361544904█
__________________________________________________ #124/1,000 | Best Score: 317.9806584845574 | Current Score: 317.9806584845574██████
__________________________________________________ #145/1,000 | Best Score: 330.07519338804275 | Current Score: 330.07519338804275███████


DONE!
Completed: 1,000/1,000 iterations (out of 47,520 possible iterations)
Best Score: 330.07519338804275

////////////////////////////////////////////////////////////////////////////////////////
                                 End of GATE ASSIGNMENT                                 
////////////////////////////////////////////////////////////////////////////////////////





∫ *** DEBUG *** ∫ final result for temp_661b3e2a5f604b8b97fb6bc088fecd13.v+Eco1C1G1T1.UCF.json: 330.07519338804275



∫ *** DEBUG *** ∫ Inputs: [LacI_sensor, TetR_sensor], Gates: [QacR, SrpR, PhlF], Outputs: [YFP_reporter]


////////////////////////////////////////////////////////////////////////////////////////
                                        RESULTS                                         
              temp_661b3e2a5f604b8b97fb6bc088fecd13 + Eco1C1G1T1.UCF.json               
////////////////////////////////////////////////////////////////////////////////////////

CIRCUIT DESIGN:
 - Best Design: Inputs: [LacI_sensor, TetR_sensor], Gates: [QacR, SrpR, PhlF], Outputs: [YFP_reporter]
 - Best Circuit Score: 330.07519338804275

Inputs ( input response = STATE * (ymax - ymin) + ymin ):
 - ('A', 2) input LacI_sensor 2 with ymax: 2.8 and ymin: 0.0034 with max sensor output of [('high', 2.8), ('low', 0.0034)]
 - ('B', 3) input TetR_sensor 3 with ymax: 4.4 and ymin: 0.0013 with max sensor output of [('high', 4.4), ('low', 0.0013)]

Gates ( response function = ymin + (ymax - ymin) / (1.0 + (x / K)**n);   input composition = x2 + x1 ):
 - 81 gate NOT QacR w/ inputs [2] and output 5, and best_gate = Q2_QacR
 - 82 gate NOT SrpR w/ inputs [3] and output 6, and best_gate = S4_SrpR
 - 83 gate NOR PhlF w/ inputs [5, 6] and output 4, and best_gate = P3_PhlF

Outputs ( unit conversion and/or hill response... ):
 - ('Y', 4) output YFP_reporter 4 with c * x: c = 0.0076


TRUTH TABLE/GATE SCORING:
+-----------------+-----------------+-------------+-------------+----------+----------+----------+--------------------+----------------------+----------------------+
| LacI_sensor_I/O | TetR_sensor_I/O | LacI_sensor | TetR_sensor | QacR_I/O | SrpR_I/O | PhlF_I/O | QacR               | SrpR                 | PhlF                 |
+-----------------+-----------------+-------------+-------------+----------+----------+----------+--------------------+----------------------+----------------------+
| 0               | 0               | 0.0034      | 0.0013      | 1        | 1        | 0        | 2.799860465697698  | 2.099989040055861    | 0.02001785327719975  |
| 0               | 1               | 0.0034      | 4.4         | 1        | 0        | 0        | 2.799860465697698  | 0.007052371000060497 | 0.020185316138697753 |
| 1               | 0               | 2.8         | 0.0013      | 0        | 1        | 0        | 0.0355177350188727 | 2.099989040055861    | 0.020584177974748187 |
| 1               | 1               | 2.8         | 4.4         | 0        | 0        | 1        | 0.0355177350188727 | 0.007052371000060497 | 6.7943265257488985   |
+-----------------+-----------------+-------------+-------------+----------+----------+----------+--------------------+----------------------+----------------------+
+------------------+------------------------+
| YFP_reporter_I/O | YFP_reporter           |
+------------------+------------------------+
| 0                | 0.0001521356849067181  |
| 0                | 0.0001534084026541029  |
| 0                | 0.00015643975260808623 |
| 1                | 0.05163688159569163    |
+------------------+------------------------+


∫ *** DEBUG *** ∫ Truth Table (same as before, simpler format):

['LacI_sensor_I/O', 'TetR_sensor_I/O', 'LacI_sensor', 'TetR_sensor', 'QacR_I/O', 'SrpR_I/O', 'PhlF_I/O', 'QacR', 'SrpR', 'PhlF', 'YFP_reporter_I/O', 'YFP_reporter']
[0, 0, 0.0034, 0.0013, 1, 1, 0, 2.799860465697698, 2.099989040055861, 0.02001785327719975, 0, 0.0001521356849067181]
[0, 1, 0.0034, 4.4, 1, 0, 0, 2.799860465697698, 0.007052371000060497, 0.020185316138697753, 0, 0.0001534084026541029]
[1, 0, 2.8, 0.0013, 0, 1, 0, 0.0355177350188727, 2.099989040055861, 0.020584177974748187, 0, 0.00015643975260808623]
[1, 1, 2.8, 4.4, 0, 0, 1, 0.0355177350188727, 0.007052371000060497, 6.7943265257488985, 1, 0.05163688159569163]


EUGENE FILES:
 - Eugene object and structs created...
 - Eugene cassettes created...
 - Eugene helpers created...
 - Eugene script written to /home/lexo/Desktop/Practica/App/temp_outputs/temp_661b3e2a5f604b8b97fb6bc088fecd13/temp_661b3e2a5f604b8b97fb6bc088fecd13_Eco1C1G1T1.UCF._eugene.eug

SBOL FILES:
 - Circuit orders selected...
   + ['Loc1_NONCE_PAD', 'Loc2_NONCE_PAD', 'pQacR', 'pSrpR', 'RiboJ53', 'P3', 'PhlF', 'ECK120033737', 'pTet', 'RiboJ10', 'S4', 'SrpR', 'ECK120029600', 'pTac', 'RiboJ60', 'Q2', 'QacR', 'ECK120010818', 'Loc3_NONCE_PAD', 'pPhlF', 'YFP_cassette']

 - SBOL files being generated...
Component.....................37
Sequence......................33
---
Total: .........................70

SBOL XML and related files generated
 - Response plots generated



Thread count: 1
Completion Time: 4.0 seconds
Cello object deleted...

Archivo Verilog temporal eliminado: temp_661b3e2a5f604b8b97fb6bc088fecd13.v
Archivo Verilog temporal creado: temp_9ac736fd568b41ad8e3b768ad125342f.v
