
////////////////////////////////////////////////////////////////////////////////////////
                                       CELLO V2.1                                       
              temp_efb86ef0f1c84210b9866a9f8878ec2f + Eco1C1G1T1.UCF.json               
////////////////////////////////////////////////////////////////////////////////////////

new_out: /home/lexo/Desktop/Practica/App/temp_outputs/temp_efb86ef0f1c84210b9866a9f8878ec2f
verilog: temp_efb86ef0f1c84210b9866a9f8878ec2f.v
v_loc: /home/lexo/Desktop/Practica/App/library/verilogs/temp_efb86ef0f1c84210b9866a9f8878ec2f.v
new_in: /home/lexo/Desktop/Practica/App/library/verilogs
new_out: /home/lexo/Desktop/Practica/App/temp_outputs/temp_efb86ef0f1c84210b9866a9f8878ec2f



////////////////////////////////////////////////////////////////////////////////////////
                                 End of Logic Synthesis                                 
////////////////////////////////////////////////////////////////////////////////////////




////////////////////////////////////////////////////////////////////////////////////////
                            condition checks for valid input                            
////////////////////////////////////////////////////////////////////////////////////////


NETLIST:
isvalid: True

INPUTS (including the communication devices): 
num IN-SENSORS in Eco1C1G1T1.UCF.json in-UCF: 4
num IN-STRUCTURES in Eco1C1G1T1.UCF.json in-UCF: 4
num IN-MODELS in Eco1C1G1T1.UCF.json in-UCF: 4
num IN-PARTS in Eco1C1G1T1.UCF.json in-UCF: 4
num IN-NODES in temp_efb86ef0f1c84210b9866a9f8878ec2f netlist: 3
['LacI_sensor', 'TetR_sensor', 'AraC_sensor', 'LuxR_sensor']
Valid input match!

OUTPUTS: 
num OUT-SENSORS in Eco1C1G1T1.UCF.json out-UCF: 3
num OUT-STRUCTURES in Eco1C1G1T1.UCF.json out-UCF: 3
num OUT-MODELS in Eco1C1G1T1.UCF.json out-UCF: 3
num OUT-PARTS in Eco1C1G1T1.UCF.json out-UCF: 3
num OUT-NODES in temp_efb86ef0f1c84210b9866a9f8878ec2f netlist: 1
['YFP_reporter', 'YFP_reporter_2', 'YFP_reporter_3']
Valid output match!

GATES: 
num PARTS in Eco1C1G1T1.UCF.json UCF: 84
num STRUCTURES in Eco1C1G1T1.UCF.json UCF: 20
num MODELS in Eco1C1G1T1.UCF.json UCF: 20
num GATES in Eco1C1G1T1.UCF.json UCF: 20
num GATE USES: [12, True]
num GATES in temp_efb86ef0f1c84210b9866a9f8878ec2f netlist: 4
['AmeR', 'AmtR', 'BM3R1', 'BetI', 'HlyIIR', 'IcaRA', 'LitR', 'LmrA', 'PhlF', 'PsrA', 'QacR', 'SrpR']
['A1_AmtR', 'B1_BM3R1', 'B2_BM3R1', 'B3_BM3R1', 'E1_BetI', 'F1_AmeR', 'H1_HlyIIR', 'I1_IcaRA', 'L1_LitR', 'N1_LmrA', 'P1_PhlF', 'P2_PhlF', 'P3_PhlF', 'Q1_QacR', 'Q2_QacR', 'R1_PsrA', 'S1_SrpR', 'S2_SrpR', 'S3_SrpR', 'S4_SrpR']
Valid intermediate match!

#855,360 possible permutations for temp_efb86ef0f1c84210b9866a9f8878ec2f.v+Eco1C1G1T1.UCF.json...
(#855,360.0 permutations of UCF gate groups confirmed.)

////////////////////////////////////////////////////////////////////////////////////////
                                End of condition checks                                 
////////////////////////////////////////////////////////////////////////////////////////


Condition check passed? True


////////////////////////////////////////////////////////////////////////////////////////
                               Beginning GATE ASSIGNMENT                                
////////////////////////////////////////////////////////////////////////////////////////


Listing available assignments from UCF: 
['LacI_sensor', 'TetR_sensor', 'AraC_sensor', 'LuxR_sensor']
['YFP_reporter', 'YFP_reporter_2', 'YFP_reporter_3']
['AmtR', 'LitR', 'LmrA', 'PhlF', 'AmeR', 'QacR', 'IcaRA', 'SrpR', 'BetI', 'PsrA', 'BM3R1', 'HlyIIR']

Netlist de-construction: 
[A, B, C]
[83, 84, 85, 86]
[Y]

Netlist requirements: 
need 3 inputs
need 1 outputs
need 4 gates

////////////////////////////////////////////////////////////////////////////////////////
                Running SIMULATED ANNEALING gate-assignment algorithm...                
////////////////////////////////////////////////////////////////////////////////////////

__________________________________________________ #1/1,000 | Best Score: 1.3659858224799983 | Current Score: 1.3659858224799983
__________________________________________________ #3/1,000 | Best Score: 8.153077313725994 | Current Score: 8.153077313725994
__________________________________________________ #12/1,000 | Best Score: 9.311987499701656 | Current Score: 9.311987499701656
__________________________________________________ #14/1,000 | Best Score: 12.983674786447304 | Current Score: 12.983674786447304
__________________________________________________ #22/1,000 | Best Score: 33.27846604676494 | Current Score: 33.27846604676494█
__________________________________________________ #35/1,000 | Best Score: 330.6503990119512 | Current Score: 330.6503990119512██


DONE!
Completed: 1,000/1,000 iterations (out of 855,360 possible iterations)
Best Score: 330.6503990119512

////////////////////////////////////////////////////////////////////////////////////////
                                 End of GATE ASSIGNMENT                                 
////////////////////////////////////////////////////////////////////////////////////////





∫ *** DEBUG *** ∫ final result for temp_efb86ef0f1c84210b9866a9f8878ec2f.v+Eco1C1G1T1.UCF.json: 330.6503990119512



∫ *** DEBUG *** ∫ Inputs: [LuxR_sensor, AraC_sensor, LacI_sensor], Gates: [SrpR, IcaRA, QacR, PhlF], Outputs: [YFP_reporter]


////////////////////////////////////////////////////////////////////////////////////////
                                        RESULTS                                         
              temp_efb86ef0f1c84210b9866a9f8878ec2f + Eco1C1G1T1.UCF.json               
////////////////////////////////////////////////////////////////////////////////////////

CIRCUIT DESIGN:
 - Best Design: Inputs: [LuxR_sensor, AraC_sensor, LacI_sensor], Gates: [SrpR, IcaRA, QacR, PhlF], Outputs: [YFP_reporter]
 - Best Circuit Score: 330.6503990119512

Inputs ( input response = STATE * (ymax - ymin) + ymin ):
 - ('A', 2) input LuxR_sensor 2 with ymax: 0.31 and ymin: 0.025 with max sensor output of [('high', 0.31), ('low', 0.025)]
 - ('B', 3) input AraC_sensor 3 with ymax: 2.5 and ymin: 0.0082 with max sensor output of [('high', 2.5), ('low', 0.0082)]
 - ('C', 4) input LacI_sensor 4 with ymax: 2.8 and ymin: 0.0034 with max sensor output of [('high', 2.8), ('low', 0.0034)]

Gates ( response function = ymin + (ymax - ymin) / (1.0 + (x / K)**n);   input composition = x2 + x1 ):
 - 83 gate NOR SrpR w/ inputs [2, 3] and output 6, and best_gate = S4_SrpR
 - 84 gate NOT IcaRA w/ inputs [6] and output 7, and best_gate = I1_IcaRA
 - 85 gate NOR QacR w/ inputs [4, 7] and output 8, and best_gate = Q2_QacR
 - 86 gate NOT PhlF w/ inputs [8] and output 5, and best_gate = P3_PhlF

Outputs ( unit conversion and/or hill response... ):
 - ('Y', 5) output YFP_reporter 5 with c * x: c = 0.0076


TRUTH TABLE/GATE SCORING:
+-----------------+-----------------+-----------------+-------------+-------------+-------------+----------+-----------+----------+----------+
| LuxR_sensor_I/O | AraC_sensor_I/O | LacI_sensor_I/O | LuxR_sensor | AraC_sensor | LacI_sensor | SrpR_I/O | IcaRA_I/O | QacR_I/O | PhlF_I/O |
+-----------------+-----------------+-----------------+-------------+-------------+-------------+----------+-----------+----------+----------+
| 0               | 0               | 0               | 0.025       | 0.0082      | 0.0034      | 1        | 0         | 1        | 0        |
| 0               | 0               | 1               | 0.025       | 0.0082      | 2.8         | 1        | 0         | 0        | 1        |
| 0               | 1               | 0               | 0.025       | 2.5         | 0.0034      | 0        | 1         | 0        | 1        |
| 0               | 1               | 1               | 0.025       | 2.5         | 2.8         | 0        | 1         | 0        | 1        |
| 1               | 0               | 0               | 0.31        | 0.0082      | 0.0034      | 0        | 1         | 0        | 1        |
| 1               | 0               | 1               | 0.31        | 0.0082      | 2.8         | 0        | 1         | 0        | 1        |
| 1               | 1               | 0               | 0.31        | 2.5         | 0.0034      | 0        | 1         | 0        | 1        |
| 1               | 1               | 1               | 0.31        | 2.5         | 2.8         | 0        | 1         | 0        | 1        |
+-----------------+-----------------+-----------------+-------------+-------------+-------------+----------+-----------+----------+----------+
+----------------------+---------------------+----------------------+----------------------+------------------+------------------------+
| SrpR                 | IcaRA               | QacR                 | PhlF                 | YFP_reporter_I/O | YFP_reporter           |
+----------------------+---------------------+----------------------+----------------------+------------------+------------------------+
| 2.008676906776724    | 0.11131829719153022 | 2.274167502880107    | 0.020448542485821893 | 0                | 0.00015540892289224638 |
| 2.008676906776724    | 0.11131829719153022 | 0.03502576457155601  | 6.79749826948603     | 1                | 0.05166098684809383    |
| 0.007247962440755668 | 2.147548488090335   | 0.040372055163155784 | 6.795458269428525    | 1                | 0.05164548284765679    |
| 0.007247962440755668 | 2.147548488090335   | 0.031409447481520684 | 6.7984168407310746   | 1                | 0.05166796798955617    |
| 0.0858027734644323   | 1.2531811050238646  | 0.0673128957416737   | 6.761318732149845    | 1                | 0.05138602236433882    |
| 0.0858027734644323   | 1.2531811050238646  | 0.03227373067323216  | 6.798225705808416    | 1                | 0.05166651536414396    |
| 0.007183803337061457 | 2.1481814976401683  | 0.04036476040350304  | 6.7954617128043955   | 1                | 0.05164550901731341    |
| 0.007183803337061457 | 2.1481814976401683  | 0.03140901500262431  | 6.798416932261935    | 1                | 0.051667968685190704   |
+----------------------+---------------------+----------------------+----------------------+------------------+------------------------+


∫ *** DEBUG *** ∫ Truth Table (same as before, simpler format):

['LuxR_sensor_I/O', 'AraC_sensor_I/O', 'LacI_sensor_I/O', 'LuxR_sensor', 'AraC_sensor', 'LacI_sensor', 'SrpR_I/O', 'IcaRA_I/O', 'QacR_I/O', 'PhlF_I/O', 'SrpR', 'IcaRA', 'QacR', 'PhlF', 'YFP_reporter_I/O', 'YFP_reporter']
[0, 0, 0, 0.025, 0.0082, 0.0034, 1, 0, 1, 0, 2.008676906776724, 0.11131829719153022, 2.274167502880107, 0.020448542485821893, 0, 0.00015540892289224638]
[0, 0, 1, 0.025, 0.0082, 2.8, 1, 0, 0, 1, 2.008676906776724, 0.11131829719153022, 0.03502576457155601, 6.79749826948603, 1, 0.05166098684809383]
[0, 1, 0, 0.025, 2.5, 0.0034, 0, 1, 0, 1, 0.007247962440755668, 2.147548488090335, 0.040372055163155784, 6.795458269428525, 1, 0.05164548284765679]
[0, 1, 1, 0.025, 2.5, 2.8, 0, 1, 0, 1, 0.007247962440755668, 2.147548488090335, 0.031409447481520684, 6.7984168407310746, 1, 0.05166796798955617]
[1, 0, 0, 0.31, 0.0082, 0.0034, 0, 1, 0, 1, 0.0858027734644323, 1.2531811050238646, 0.0673128957416737, 6.761318732149845, 1, 0.05138602236433882]
[1, 0, 1, 0.31, 0.0082, 2.8, 0, 1, 0, 1, 0.0858027734644323, 1.2531811050238646, 0.03227373067323216, 6.798225705808416, 1, 0.05166651536414396]
[1, 1, 0, 0.31, 2.5, 0.0034, 0, 1, 0, 1, 0.007183803337061457, 2.1481814976401683, 0.04036476040350304, 6.7954617128043955, 1, 0.05164550901731341]
[1, 1, 1, 0.31, 2.5, 2.8, 0, 1, 0, 1, 0.007183803337061457, 2.1481814976401683, 0.03140901500262431, 6.798416932261935, 1, 0.051667968685190704]


EUGENE FILES:
 - Eugene object and structs created...
 - Eugene cassettes created...
 - Eugene helpers created...
 - Eugene script written to /home/lexo/Desktop/Practica/App/temp_outputs/temp_efb86ef0f1c84210b9866a9f8878ec2f/temp_efb86ef0f1c84210b9866a9f8878ec2f_Eco1C1G1T1.UCF._eugene.eug

SBOL FILES:
 - Circuit orders selected...
   + ['Loc1_NONCE_PAD', 'Loc2_NONCE_PAD', 'pQacR', 'RiboJ53', 'P3', 'PhlF', 'ECK120033737', 'pLuxStar', 'pBAD', 'RiboJ10', 'S4', 'SrpR', 'ECK120029600', 'pSrpR', 'ElvJ', 'I1', 'IcaRA', 'ECK120016170', 'pTac', 'pIcaRA', 'RiboJ60', 'Q2', 'QacR', 'ECK120010818', 'Loc3_NONCE_PAD', 'pPhlF', 'YFP_cassette']

 - SBOL files being generated...
Component.....................43
Sequence......................39
---
Total: .........................82

SBOL XML and related files generated
 - Response plots generated



Thread count: 1
Completion Time: 7.6 seconds
Cello object deleted...

Archivo Verilog temporal eliminado: temp_efb86ef0f1c84210b9866a9f8878ec2f.v
