
////////////////////////////////////////////////////////////////////////////////////////
                                       CELLO V2.1                                       
              temp_dcd368001cdb411591b61da4f8839741 + Eco1C1G1T1.UCF.json               
////////////////////////////////////////////////////////////////////////////////////////

new_out: /home/lexo/Desktop/Practica/App/temp_outputs/temp_dcd368001cdb411591b61da4f8839741
verilog: temp_dcd368001cdb411591b61da4f8839741.v
v_loc: /home/lexo/Desktop/Practica/App/library/verilogs/temp_dcd368001cdb411591b61da4f8839741.v
new_in: /home/lexo/Desktop/Practica/App/library/verilogs
new_out: /home/lexo/Desktop/Practica/App/temp_outputs/temp_dcd368001cdb411591b61da4f8839741



////////////////////////////////////////////////////////////////////////////////////////
                                 End of Logic Synthesis                                 
////////////////////////////////////////////////////////////////////////////////////////




////////////////////////////////////////////////////////////////////////////////////////
                            condition checks for valid input                            
////////////////////////////////////////////////////////////////////////////////////////


NETLIST:
isvalid: True

INPUTS (including the communication devices): 
num IN-SENSORS in Eco1C1G1T1.UCF.json in-UCF: 4
num IN-STRUCTURES in Eco1C1G1T1.UCF.json in-UCF: 4
num IN-MODELS in Eco1C1G1T1.UCF.json in-UCF: 4
num IN-PARTS in Eco1C1G1T1.UCF.json in-UCF: 4
num IN-NODES in temp_dcd368001cdb411591b61da4f8839741 netlist: 2
['LacI_sensor', 'TetR_sensor', 'AraC_sensor', 'LuxR_sensor']
Valid input match!

OUTPUTS: 
num OUT-SENSORS in Eco1C1G1T1.UCF.json out-UCF: 3
num OUT-STRUCTURES in Eco1C1G1T1.UCF.json out-UCF: 3
num OUT-MODELS in Eco1C1G1T1.UCF.json out-UCF: 3
num OUT-PARTS in Eco1C1G1T1.UCF.json out-UCF: 3
num OUT-NODES in temp_dcd368001cdb411591b61da4f8839741 netlist: 1
['YFP_reporter', 'YFP_reporter_2', 'YFP_reporter_3']
Valid output match!

GATES: 
num PARTS in Eco1C1G1T1.UCF.json UCF: 84
num STRUCTURES in Eco1C1G1T1.UCF.json UCF: 20
num MODELS in Eco1C1G1T1.UCF.json UCF: 20
num GATES in Eco1C1G1T1.UCF.json UCF: 20
num GATE USES: [12, True]
num GATES in temp_dcd368001cdb411591b61da4f8839741 netlist: 3
['AmeR', 'AmtR', 'BM3R1', 'BetI', 'HlyIIR', 'IcaRA', 'LitR', 'LmrA', 'PhlF', 'PsrA', 'QacR', 'SrpR']
['A1_AmtR', 'B1_BM3R1', 'B2_BM3R1', 'B3_BM3R1', 'E1_BetI', 'F1_AmeR', 'H1_HlyIIR', 'I1_IcaRA', 'L1_LitR', 'N1_LmrA', 'P1_PhlF', 'P2_PhlF', 'P3_PhlF', 'Q1_QacR', 'Q2_QacR', 'R1_PsrA', 'S1_SrpR', 'S2_SrpR', 'S3_SrpR', 'S4_SrpR']
Valid intermediate match!

#47,520 possible permutations for temp_dcd368001cdb411591b61da4f8839741.v+Eco1C1G1T1.UCF.json...
(#47,520.0 permutations of UCF gate groups confirmed.)

////////////////////////////////////////////////////////////////////////////////////////
                                End of condition checks                                 
////////////////////////////////////////////////////////////////////////////////////////


Condition check passed? True


////////////////////////////////////////////////////////////////////////////////////////
                               Beginning GATE ASSIGNMENT                                
////////////////////////////////////////////////////////////////////////////////////////


Listing available assignments from UCF: 
['LacI_sensor', 'TetR_sensor', 'AraC_sensor', 'LuxR_sensor']
['YFP_reporter', 'YFP_reporter_2', 'YFP_reporter_3']
['IcaRA', 'LitR', 'BM3R1', 'LmrA', 'BetI', 'SrpR', 'HlyIIR', 'PsrA', 'PhlF', 'AmtR', 'QacR', 'AmeR']

Netlist de-construction: 
[A, B]
[81, 82, 83]
[Y]

Netlist requirements: 
need 2 inputs
need 1 outputs
need 3 gates

////////////////////////////////////////////////////////////////////////////////////////
                Running SIMULATED ANNEALING gate-assignment algorithm...                
////////////////////////////////////////////////////////////////////////////////////////

__________________________________________________ #1/1,000 | Best Score: 6.017587566561861 | Current Score: 6.017587566561861
__________________________________________________ #2/1,000 | Best Score: 19.606680648563394 | Current Score: 19.606680648563394
__________________________________________________ #4/1,000 | Best Score: 26.745209851316062 | Current Score: 26.745209851316062
__________________________________________________ #5/1,000 | Best Score: 27.10319154022659 | Current Score: 27.10319154022659
__________________________________________________ #35/1,000 | Best Score: 51.52485626992722 | Current Score: 51.52485626992722██
__________________________________________________ #42/1,000 | Best Score: 62.93503690392844 | Current Score: 62.93503690392844██
__________________________________________________ #43/1,000 | Best Score: 63.46843311575617 | Current Score: 63.46843311575617██
__________________________________________________ #63/1,000 | Best Score: 71.584586934442 | Current Score: 71.584586934442███
__________________________________________________ #83/1,000 | Best Score: 77.22919029571834 | Current Score: 77.22919029571834████
__________________________________________________ #126/1,000 | Best Score: 326.6267795288889 | Current Score: 326.6267795288889██████
__________________________________________________ #127/1,000 | Best Score: 326.8502778045011 | Current Score: 326.8502778045011██████
__________________________________________________ #601/1,000 | Best Score: 330.03474683344587 | Current Score: 330.03474683344587██████████████████████████████


DONE!
Completed: 1,000/1,000 iterations (out of 47,520 possible iterations)
Best Score: 330.03474683344587

////////////////////////////////////////////////////////////////////////////////////////
                                 End of GATE ASSIGNMENT                                 
////////////////////////////////////////////////////////////////////////////////////////





∫ *** DEBUG *** ∫ final result for temp_dcd368001cdb411591b61da4f8839741.v+Eco1C1G1T1.UCF.json: 330.03474683344587



∫ *** DEBUG *** ∫ Inputs: [AraC_sensor, LacI_sensor], Gates: [SrpR, QacR, PhlF], Outputs: [YFP_reporter_2]


////////////////////////////////////////////////////////////////////////////////////////
                                        RESULTS                                         
              temp_dcd368001cdb411591b61da4f8839741 + Eco1C1G1T1.UCF.json               
////////////////////////////////////////////////////////////////////////////////////////

CIRCUIT DESIGN:
 - Best Design: Inputs: [AraC_sensor, LacI_sensor], Gates: [SrpR, QacR, PhlF], Outputs: [YFP_reporter_2]
 - Best Circuit Score: 330.03474683344587

Inputs ( input response = STATE * (ymax - ymin) + ymin ):
 - ('A', 2) input AraC_sensor 2 with ymax: 2.5 and ymin: 0.0082 with max sensor output of [('high', 2.5), ('low', 0.0082)]
 - ('B', 3) input LacI_sensor 3 with ymax: 2.8 and ymin: 0.0034 with max sensor output of [('high', 2.8), ('low', 0.0034)]

Gates ( response function = ymin + (ymax - ymin) / (1.0 + (x / K)**n);   input composition = x2 + x1 ):
 - 81 gate NOT SrpR w/ inputs [2] and output 5, and best_gate = S4_SrpR
 - 82 gate NOT QacR w/ inputs [3] and output 6, and best_gate = Q2_QacR
 - 83 gate NOR PhlF w/ inputs [5, 6] and output 4, and best_gate = P3_PhlF

Outputs ( unit conversion and/or hill response... ):
 - ('Y', 4) output YFP_reporter_2 4 with c * x: c = 0.0076


TRUTH TABLE/GATE SCORING:
+-----------------+-----------------+-------------+-------------+----------+----------+----------+----------------------+--------------------+----------------------+
| AraC_sensor_I/O | LacI_sensor_I/O | AraC_sensor | LacI_sensor | SrpR_I/O | QacR_I/O | PhlF_I/O | SrpR                 | QacR               | PhlF                 |
+-----------------+-----------------+-------------+-------------+----------+----------+----------+----------------------+--------------------+----------------------+
| 0               | 0               | 0.0082      | 0.0034      | 1        | 1        | 0        | 2.098098688319364    | 2.799860465697698  | 0.02001788223474416  |
| 0               | 1               | 0.0082      | 2.8         | 1        | 0        | 0        | 2.098098688319364    | 0.0355177350188727 | 0.020586354675825785 |
| 1               | 0               | 2.5         | 0.0034      | 0        | 1        | 0        | 0.007254967188764109 | 2.799860465697698  | 0.02018525997295399  |
| 1               | 1               | 2.5         | 2.8         | 0        | 0        | 1        | 0.007254967188764109 | 0.0355177350188727 | 6.794212353659688    |
+-----------------+-----------------+-------------+-------------+----------+----------+----------+----------------------+--------------------+----------------------+
+--------------------+------------------------+
| YFP_reporter_2_I/O | YFP_reporter_2         |
+--------------------+------------------------+
| 0                  | 0.0001521359049840556  |
| 0                  | 0.00015645629553627597 |
| 0                  | 0.0001534079757944503  |
| 1                  | 0.05163601388781363    |
+--------------------+------------------------+


∫ *** DEBUG *** ∫ Truth Table (same as before, simpler format):

['AraC_sensor_I/O', 'LacI_sensor_I/O', 'AraC_sensor', 'LacI_sensor', 'SrpR_I/O', 'QacR_I/O', 'PhlF_I/O', 'SrpR', 'QacR', 'PhlF', 'YFP_reporter_2_I/O', 'YFP_reporter_2']
[0, 0, 0.0082, 0.0034, 1, 1, 0, 2.098098688319364, 2.799860465697698, 0.02001788223474416, 0, 0.0001521359049840556]
[0, 1, 0.0082, 2.8, 1, 0, 0, 2.098098688319364, 0.0355177350188727, 0.020586354675825785, 0, 0.00015645629553627597]
[1, 0, 2.5, 0.0034, 0, 1, 0, 0.007254967188764109, 2.799860465697698, 0.02018525997295399, 0, 0.0001534079757944503]
[1, 1, 2.5, 2.8, 0, 0, 1, 0.007254967188764109, 0.0355177350188727, 6.794212353659688, 1, 0.05163601388781363]


EUGENE FILES:
 - Eugene object and structs created...
 - Eugene cassettes created...
 - Eugene helpers created...
 - Eugene script written to /home/lexo/Desktop/Practica/App/temp_outputs/temp_dcd368001cdb411591b61da4f8839741/temp_dcd368001cdb411591b61da4f8839741_Eco1C1G1T1.UCF._eugene.eug

SBOL FILES:
 - Circuit orders selected...
   + ['Loc1_NONCE_PAD', 'Loc2_NONCE_PAD', 'pSrpR', 'pQacR', 'RiboJ53', 'P3', 'PhlF', 'ECK120033737', 'pPhlF', 'YFP_cassette', 'pBAD', 'RiboJ10', 'S4', 'SrpR', 'ECK120029600', 'pTac', 'RiboJ60', 'Q2', 'QacR', 'ECK120010818', 'Loc3_NONCE_PAD']
   + ['Loc1_NONCE_PAD', 'Loc2_NONCE_PAD', 'pSrpR', 'pQacR', 'RiboJ53', 'P3', 'PhlF', 'ECK120033737', 'pBAD', 'RiboJ10', 'S4', 'SrpR', 'ECK120029600', 'pPhlF', 'YFP_cassette', 'pTac', 'RiboJ60', 'Q2', 'QacR', 'ECK120010818', 'Loc3_NONCE_PAD']
   + ['Loc1_NONCE_PAD', 'Loc2_NONCE_PAD', 'pSrpR', 'pQacR', 'RiboJ53', 'P3', 'PhlF', 'ECK120033737', 'pBAD', 'RiboJ10', 'S4', 'SrpR', 'ECK120029600', 'pTac', 'RiboJ60', 'Q2', 'QacR', 'ECK120010818', 'pPhlF', 'YFP_cassette', 'Loc3_NONCE_PAD']
   + ['Loc1_NONCE_PAD', 'Loc2_NONCE_PAD', 'pSrpR', 'pQacR', 'RiboJ53', 'P3', 'PhlF', 'ECK120033737', 'pBAD', 'RiboJ10', 'S4', 'SrpR', 'ECK120029600', 'pTac', 'RiboJ60', 'Q2', 'QacR', 'ECK120010818', 'Loc3_NONCE_PAD', 'pPhlF', 'YFP_cassette']
   + ['Loc1_NONCE_PAD', 'Loc2_NONCE_PAD', 'pPhlF', 'YFP_cassette', 'pSrpR', 'pQacR', 'RiboJ53', 'P3', 'PhlF', 'ECK120033737', 'pBAD', 'RiboJ10', 'S4', 'SrpR', 'ECK120029600', 'pTac', 'RiboJ60', 'Q2', 'QacR', 'ECK120010818', 'Loc3_NONCE_PAD']

 - SBOL files being generated...
Component.....................37
Sequence......................33
---
Total: .........................70

Cello object deleted...

SBOL XML and related files generated
 - Response plots generated



Thread count: 1
Completion Time: 5.5 seconds
Archivo Verilog temporal eliminado: temp_dcd368001cdb411591b61da4f8839741.v
